Log file open, 11/05/18 16:56:08
LogWindows: Failed to load 'aqProf.dll' (GetLastError=126)
LogWindows: File 'aqProf.dll' does not exist
LogWindows: Failed to load 'VtuneApi.dll' (GetLastError=126)
LogWindows: File 'VtuneApi.dll' does not exist
LogWindows: Failed to load 'VtuneApi32e.dll' (GetLastError=126)
LogWindows: File 'VtuneApi32e.dll' does not exist
LogInit: Display: Running engine for game: Blockout_1890
LogPlatformFile: Not using cached read wrapper
LogTaskGraph: Started task graph with 5 named threads and 11 total threads with 3 sets of task threads.
LogStats: Stats thread started at 0.196257
LogD3D11RHI: Loaded GFSDK_Aftermath_Lib.x64.dll
LogICUInternationalization: Display: ICU TimeZone Detection - Raw Offset: +1:00, Platform Override: ''
LogPluginManager: Mounting plugin Paper2D
LogPluginManager: Mounting plugin AISupport
LogPluginManager: Mounting plugin LightPropagationVolume
LogPluginManager: Mounting plugin CLionSourceCodeAccess
LogPluginManager: Mounting plugin CodeLiteSourceCodeAccess
LogPluginManager: Mounting plugin GitSourceControl
LogPluginManager: Mounting plugin KDevelopSourceCodeAccess
LogPluginManager: Mounting plugin NullSourceCodeAccess
LogPluginManager: Mounting plugin PerforceSourceControl
LogPluginManager: Mounting plugin SubversionSourceControl
LogPluginManager: Mounting plugin UObjectPlugin
LogPluginManager: Mounting plugin VisualStudioCodeSourceCodeAccess
LogPluginManager: Mounting plugin VisualStudioSourceCodeAccess
LogPluginManager: Mounting plugin XCodeSourceCodeAccess
LogPluginManager: Mounting plugin AssetManagerEditor
LogPluginManager: Mounting plugin CryptoKeys
LogPluginManager: Mounting plugin DataValidation
LogPluginManager: Mounting plugin FacialAnimation
LogPluginManager: Mounting plugin GameplayTagsEditor
LogPluginManager: Mounting plugin MacGraphicsSwitching
LogPluginManager: Mounting plugin MeshEditor
LogPluginManager: Mounting plugin MobileLauncherProfileWizard
LogPluginManager: Mounting plugin PluginBrowser
LogPluginManager: Mounting plugin SpeedTreeImporter
LogPluginManager: Mounting plugin DatasmithContent
LogPluginManager: Mounting plugin AlembicImporter
LogPluginManager: Mounting plugin AppleImageUtils
LogPluginManager: Mounting plugin AppleVision
LogPluginManager: Mounting plugin BackChannel
LogPluginManager: Mounting plugin CharacterAI
LogPluginManager: Mounting plugin GeometryCache
LogPluginManager: Mounting plugin HTML5Networking
LogPluginManager: Mounting plugin ProxyLODPlugin
LogPluginManager: Mounting plugin MagicLeap
LogPluginManager: Mounting plugin MagicLeapEmulator
LogPluginManager: Mounting plugin MagicLeapMedia
LogPluginManager: Mounting plugin AndroidMedia
LogPluginManager: Mounting plugin AvfMedia
LogPluginManager: Mounting plugin ImgMedia
LogPluginManager: Mounting plugin LinearTimecode
LogPluginManager: Mounting plugin MediaCompositing
LogPluginManager: Mounting plugin MediaPlayerEditor
LogPluginManager: Mounting plugin WmfMedia
LogPluginManager: Mounting plugin TcpMessaging
LogPluginManager: Mounting plugin UdpMessaging
LogPluginManager: Mounting plugin ActorSequence
LogPluginManager: Mounting plugin LevelSequenceEditor
LogPluginManager: Mounting plugin MatineeToLevelSequence
LogPluginManager: Mounting plugin NetcodeUnitTest
LogPluginManager: Mounting plugin NUTUnrealEngine4
LogPluginManager: Mounting plugin OnlineSubsystemGooglePlay
LogPluginManager: Mounting plugin OnlineSubsystemIOS
LogPluginManager: Mounting plugin OnlineSubsystem
LogPluginManager: Mounting plugin OnlineSubsystemNull
LogPluginManager: Mounting plugin OnlineSubsystemUtils
LogPluginManager: Mounting plugin LauncherChunkInstaller
LogPluginManager: Mounting plugin AndroidDeviceProfileSelector
LogPluginManager: Mounting plugin AndroidMoviePlayer
LogPluginManager: Mounting plugin AndroidPermission
LogPluginManager: Mounting plugin AppleMoviePlayer
LogPluginManager: Mounting plugin ArchVisCharacter
LogPluginManager: Mounting plugin AudioCapture
LogPluginManager: Mounting plugin CableComponent
LogPluginManager: Mounting plugin CustomMeshComponent
LogPluginManager: Mounting plugin EditableMesh
LogPluginManager: Mounting plugin ExampleDeviceProfileSelector
LogPluginManager: Mounting plugin GoogleCloudMessaging
LogPluginManager: Mounting plugin ImmediatePhysics
LogPluginManager: Mounting plugin IOSDeviceProfileSelector
LogPluginManager: Mounting plugin LinuxDeviceProfileSelector
LogPluginManager: Mounting plugin LocationServicesBPLibrary
LogPluginManager: Mounting plugin MobilePatchingUtils
LogPluginManager: Mounting plugin OculusVR
LogPluginManager: Plugin shader directory ../../../Engine/Plugins/Runtime/Oculus/OculusVR/Shaders found
LogPluginManager: Mapping shader source directory ../../../Engine/Plugins/Runtime/Oculus/OculusVR/Shaders to virtual directory /Plugin/OculusVR
LogPluginManager: Mounting plugin PhysXVehicles
LogPluginManager: Mounting plugin ProceduralMeshComponent
LogPluginManager: Mounting plugin RuntimePhysXCooking
LogPluginManager: Mounting plugin SteamVR
LogPluginManager: Mounting plugin WindowsMoviePlayer
LogStreaming: Display: Took  0.134s to configure plugins.
LogInit: Using libcurl 7.55.1-DEV
LogInit:  - built for x86_64-pc-win32
LogInit:  - supports SSL with OpenSSL/1.0.2h
LogInit:  - supports HTTP deflate (compression) using libz 1.2.8
LogInit:  - other features:
LogInit:      CURL_VERSION_SSL
LogInit:      CURL_VERSION_LIBZ
LogInit:      CURL_VERSION_IPV6
LogInit:      CURL_VERSION_ASYNCHDNS
LogInit:      CURL_VERSION_LARGEFILE
LogInit:      CURL_VERSION_IDN
LogInit:  CurlRequestOptions (configurable via config and command line):
LogInit:  - bVerifyPeer = false  - Libcurl will NOT verify peer certificate
LogInit:  - bUseHttpProxy = false  - Libcurl will NOT use HTTP proxy
LogInit:  - bDontReuseConnections = false  - Libcurl will reuse connections
LogInit:  - CertBundlePath = nullptr  - Libcurl will use whatever was configured at build time.
LogInit:  - MaxHostConnections = 16  - Libcurl will limit the number of connections to a host
LogInit:  - LocalHostAddr = Default
LogInit:  - BufferSize = 65536
LogInit: WinSock: version 1.1 (2.2), MaxSocks=32767, MaxUdp=65467
LogInit: Build: ++UE4+Release-4.20-CL-4369336
LogInit: Engine Version: 4.20.3-4369336+++UE4+Release-4.20
LogInit: Compatible Engine Version: 4.20.0-4212847+++UE4+Release-4.20
LogInit: Net CL: 4212847
LogInit: OS: Windows 10 (), CPU: Intel(R) Core(TM) i7-6500U CPU @ 2.50GHz, GPU: Intel(R) HD Graphics 520
LogInit: Compiled (64-bit): Sep 17 2018 12:26:19
LogInit: Compiled with Visual C++: 19.13.26129.00
LogInit: Build Configuration: Development
LogInit: Branch Name: ++UE4+Release-4.20
LogInit: Command Line:  
LogInit: Base Directory: D:/UE_4.20/Engine/Binaries/Win64/
LogInit: Installed Engine Build: 1
LogDevObjectVersion: Number of dev versions registered: 20
LogDevObjectVersion:   Dev-Blueprints (B0D832E4-1F89-4F0D-ACCF-7EB736FD4AA2): 10
LogDevObjectVersion:   Dev-Build (E1C64328-A22C-4D53-A36C-8E866417BD8C): 0
LogDevObjectVersion:   Dev-Core (375EC13C-06E4-48FB-B500-84F0262A717E): 2
LogDevObjectVersion:   Dev-Editor (E4B068ED-F494-42E9-A231-DA0B2E46BB41): 24
LogDevObjectVersion:   Dev-Framework (CFFC743F-43B0-4480-9391-14DF171D2073): 34
LogDevObjectVersion:   Dev-Mobile (B02B49B5-BB20-44E9-A304-32B752E40360): 2
LogDevObjectVersion:   Dev-Networking (A4E4105C-59A1-49B5-A7C5-40C4547EDFEE): 0
LogDevObjectVersion:   Dev-Online (39C831C9-5AE6-47DC-9A44-9C173E1C8E7C): 0
LogDevObjectVersion:   Dev-Physics (78F01B33-EBEA-4F98-B9B4-84EACCB95AA2): 0
LogDevObjectVersion:   Dev-Platform (6631380F-2D4D-43E0-8009-CF276956A95A): 0
LogDevObjectVersion:   Dev-Rendering (12F88B9F-8875-4AFC-A67C-D90C383ABD29): 26
LogDevObjectVersion:   Dev-Sequencer (7B5AE74C-D270-4C10-A958-57980B212A5A): 9
LogDevObjectVersion:   Dev-VR (D7296918-1DD6-4BDD-9DE2-64A83CC13884): 2
LogDevObjectVersion:   Dev-LoadTimes (C2A15278-BFE7-4AFE-6C17-90FF531DF755): 1
LogDevObjectVersion:   Private-Geometry (6EACA3D4-40EC-4CC1-B786-8BED09428FC5): 3
LogDevObjectVersion:   Dev-AnimPhys (29E575DD-E0A3-4627-9D10-D276232CDCEA): 17
LogDevObjectVersion:   Dev-ReflectionCapture (6B266CEC-1EC7-4B8F-A30B-E4D90942FC07): 1
LogDevObjectVersion:   Dev-Automation (0DF73D61-A23F-47EA-B727-89E90C41499A): 1
LogDevObjectVersion:   FortniteMain (601D1886-AC64-4F84-AA16-D3DE0DEAC7D6): 12
LogDevObjectVersion:   Dev-Enterprise (9DFFBCD6-494F-0158-E221-12823C92A888): 1
LogStreaming: Display: Took  0.003s to delete old logs.
LogInit: Presizing for max 8388607 objects, including 0 objects not considered by GC, pre-allocating 0 bytes for permanent pool.
LogInit: Object subsystem initialized
[2018.11.05-15.56.08:547][  0]LogInit: Selected Device Profile: [Windows]
[2018.11.05-15.56.08:547][  0]LogInit: Applying CVar settings loaded from the selected device profile: [Windows]
[2018.11.05-15.56.08:557][  0]LogHAL: Display: Platform has ~ 16 GB [17037352960 / 17179869184 / 16], which maps to Larger [LargestMinGB=32, LargerMinGB=12, DefaultMinGB=8, SmallerMinGB=6, SmallestMinGB=0)
[2018.11.05-15.56.08:557][  0]LogInit: Setting Device Profile CVar: [[r.Vulkan.UseRealUBs:1]]
[2018.11.05-15.56.08:557][  0]LogInit: Going up to parent DeviceProfile []
[2018.11.05-15.56.08:558][  0]LogInit: Computer: DESKTOP-2930BI6
[2018.11.05-15.56.08:558][  0]LogInit: User: batti
[2018.11.05-15.56.08:558][  0]LogInit: CPU Page size=4096, Cores=2
[2018.11.05-15.56.08:558][  0]LogInit: High frequency timer resolution =2.531253 MHz
[2018.11.05-15.56.08:558][  0]LogMemory: Memory total: Physical=15.9GB (16GB approx)
[2018.11.05-15.56.08:558][  0]LogMemory: Platform Memory Stats for Windows
[2018.11.05-15.56.08:558][  0]LogMemory: Process Physical Memory: 100.09 MB used, 100.09 MB peak
[2018.11.05-15.56.08:558][  0]LogMemory: Process Virtual Memory: 84.38 MB used, 84.38 MB peak
[2018.11.05-15.56.08:558][  0]LogMemory: Physical Memory: 4324.09 MB used,  11924.00 MB free, 16248.09 MB total
[2018.11.05-15.56.08:558][  0]LogMemory: Virtual Memory: 4607.11 MB used,  11924.00 MB free, 134217728.00 MB total
[2018.11.05-15.56.08:590][  0]LogInit: Using OS detected language (fr-FR).
[2018.11.05-15.56.08:591][  0]LogInit: Using OS detected locale (fr-CH).
[2018.11.05-15.56.08:594][  0]LogTextLocalizationManager: No specific localization for 'fr-FR' exists, so the 'fr' localization will be used.
[2018.11.05-15.56.08:602][  0]LogStreaming: Display: Took  0.011s to InitEngineTextLocalization.
[2018.11.05-15.56.08:602][  0]LogInit: Setting process to per monitor DPI aware
[2018.11.05-15.56.08:651][  0]LogSlate: New Slate User Created.  User Index 0, Is Virtual User: 0
[2018.11.05-15.56.08:651][  0]LogSlate: Slate User Registered.  User Index 0, Is Virtual User: 0
[2018.11.05-15.56.09:343][  0]LogHMD: Failed to initialize OpenVR with code 110
[2018.11.05-15.56.09:343][  0]LogD3D11RHI: D3D11 adapters:
[2018.11.05-15.56.09:385][  0]LogD3D11RHI:    0. 'NVIDIA GeForce 940MX' (Feature Level 11_0)
[2018.11.05-15.56.09:385][  0]LogD3D11RHI:       2019/0/8124 MB DedicatedVideo/DedicatedSystem/SharedSystem, Outputs:1, VendorId:0x10de
[2018.11.05-15.56.09:396][  0]LogD3D11RHI:    1. 'Intel(R) HD Graphics 520' (Feature Level 11_0)
[2018.11.05-15.56.09:396][  0]LogD3D11RHI:       128/0/8124 MB DedicatedVideo/DedicatedSystem/SharedSystem, Outputs:0, VendorId:0x8086
[2018.11.05-15.56.09:400][  0]LogD3D11RHI:    2. 'Microsoft Basic Render Driver' (Feature Level 11_0)
[2018.11.05-15.56.09:400][  0]LogD3D11RHI:       0/0/8124 MB DedicatedVideo/DedicatedSystem/SharedSystem, Outputs:0, VendorId:0x1414
[2018.11.05-15.56.09:400][  0]LogD3D11RHI: Chosen D3D11 Adapter: 0
[2018.11.05-15.56.09:454][  0]LogD3D11RHI: Creating new Direct3DDevice
[2018.11.05-15.56.09:455][  0]LogD3D11RHI:     GPU DeviceId: 0x179c (for the marketing name, search the web for "GPU Device Id")
[2018.11.05-15.56.09:455][  0]LogWindows: EnumDisplayDevices:
[2018.11.05-15.56.09:455][  0]LogWindows:    0. 'Intel(R) HD Graphics 520' (P:1 D:1)
[2018.11.05-15.56.09:456][  0]LogWindows:    1. 'Intel(R) HD Graphics 520' (P:0 D:0)
[2018.11.05-15.56.09:456][  0]LogWindows:    2. 'Intel(R) HD Graphics 520' (P:0 D:0)
[2018.11.05-15.56.09:457][  0]LogWindows: DebugString: PrimaryIsNotTheChoosenAdapter PrimaryIsNotTheChoosenAdapter PrimaryIsNotTheChoosenAdapter FoundDriverCount:0 
[2018.11.05-15.56.09:457][  0]LogD3D11RHI:     Adapter Name: NVIDIA GeForce 940MX
[2018.11.05-15.56.09:457][  0]LogD3D11RHI:   Driver Version: Unknown (internal:Unknown, unified:Unknown)
[2018.11.05-15.56.09:457][  0]LogD3D11RHI:      Driver Date: Unknown
[2018.11.05-15.56.09:457][  0]LogRHI: Texture pool is 1413 MB (70% of 2019 MB)
[2018.11.05-15.56.09:482][  0]LogD3D11RHI: Async texture creation enabled
[2018.11.05-15.56.09:502][  0]LogD3D11RHI: GPU Timing Frequency: 1000.000000 (Debug: 2 2)
[2018.11.05-15.56.09:503][  0]LogShaderCompilers: Guid format shader working directory is 11 characters bigger than the processId version (C:/Users/batti/Desktop/Blockout_1890/Intermediate/Shaders/WorkingDirectory/312/).
[2018.11.05-15.56.09:503][  0]LogShaderCompilers: Cleaned the shader compiler working directory 'C:/Users/batti/AppData/Local/Temp/UnrealShaderWorkingDir/19A7F3F548C3FA7A287CA0A2D86088E7/'.
[2018.11.05-15.56.10:020][  0]LogTemp: Display: Loaded TP AllDesktopTargetPlatform
[2018.11.05-15.56.10:048][  0]LogTemp: Display: Loaded TP MacClientTargetPlatform
[2018.11.05-15.56.10:070][  0]LogTemp: Display: Loaded TP MacNoEditorTargetPlatform
[2018.11.05-15.56.10:092][  0]LogTemp: Display: Loaded TP MacServerTargetPlatform
[2018.11.05-15.56.10:115][  0]LogTemp: Display: Loaded TP MacTargetPlatform
[2018.11.05-15.56.10:137][  0]LogTemp: Display: Loaded TP WindowsClientTargetPlatform
[2018.11.05-15.56.10:162][  0]LogTemp: Display: Loaded TP WindowsNoEditorTargetPlatform
[2018.11.05-15.56.10:189][  0]LogTemp: Display: Loaded TP WindowsServerTargetPlatform
[2018.11.05-15.56.10:199][  0]LogTemp: Display: Loaded TP WindowsTargetPlatform
[2018.11.05-15.56.10:364][  0]LogTemp: Display: Loaded TP AndroidTargetPlatform
[2018.11.05-15.56.10:364][  0]LogTemp: Display: Loaded TP AndroidTargetPlatform
[2018.11.05-15.56.10:364][  0]LogTemp: Display: Loaded TP AndroidTargetPlatform
[2018.11.05-15.56.10:364][  0]LogTemp: Display: Loaded TP AndroidTargetPlatform
[2018.11.05-15.56.10:365][  0]LogTemp: Display: Loaded TP AndroidTargetPlatform
[2018.11.05-15.56.10:365][  0]LogTemp: Display: Loaded TP AndroidTargetPlatform
[2018.11.05-15.56.10:365][  0]LogTemp: Display: Loaded TP AndroidTargetPlatform
[2018.11.05-15.56.10:365][  0]LogTemp: Display: Loaded TP AndroidTargetPlatform
[2018.11.05-15.56.10:365][  0]LogTemp: Display: Loaded TP AndroidTargetPlatform
[2018.11.05-15.56.10:365][  0]LogTemp: Display: Loaded TP AndroidTargetPlatform
[2018.11.05-15.56.10:365][  0]LogTemp: Display: Loaded TP AndroidTargetPlatform
[2018.11.05-15.56.10:365][  0]LogTemp: Display: Loaded TP AndroidTargetPlatform
[2018.11.05-15.56.10:365][  0]LogTemp: Display: Loaded TP AndroidTargetPlatform
[2018.11.05-15.56.10:365][  0]LogTemp: Display: Loaded TP AndroidTargetPlatform
[2018.11.05-15.56.10:365][  0]LogTemp: Display: Loaded TP AndroidTargetPlatform
[2018.11.05-15.56.10:365][  0]LogTemp: Display: Loaded TP AndroidTargetPlatform
[2018.11.05-15.56.10:365][  0]LogTemp: Display: Loaded TP AndroidTargetPlatform
[2018.11.05-15.56.10:365][  0]LogTemp: Display: Loaded TP AndroidTargetPlatform
[2018.11.05-15.56.10:368][  0]LogTemp: Display: Loaded TP HTML5TargetPlatform
[2018.11.05-15.56.10:454][  0]LogTemp: Display: Loaded TP IOSTargetPlatform
[2018.11.05-15.56.10:454][  0]LogTemp: Display: Loaded TP IOSTargetPlatform
[2018.11.05-15.56.10:500][  0]LogTemp: Display: Loaded TP TVOSTargetPlatform
[2018.11.05-15.56.10:500][  0]LogTemp: Display: Loaded TP TVOSTargetPlatform
[2018.11.05-15.56.10:522][  0]LogTemp: Display: Loaded TP LinuxClientTargetPlatform
[2018.11.05-15.56.10:546][  0]LogTemp: Display: Loaded TP LinuxNoEditorTargetPlatform
[2018.11.05-15.56.10:566][  0]LogTemp: Display: Loaded TP LinuxServerTargetPlatform
[2018.11.05-15.56.10:592][  0]LogTemp: Display: Loaded TP LinuxTargetPlatform
[2018.11.05-15.56.10:606][  0]LogTemp: Display: Loaded TP LuminTargetPlatform
[2018.11.05-15.56.10:606][  0]LogTargetPlatformManager: Display: Building Assets For Windows
[2018.11.05-15.56.10:717][  0]LogXGEController: Cleaning working directory: C:/Users/batti/AppData/Local/Temp/UnrealXGEWorkingDir/
[2018.11.05-15.56.10:717][  0]LogXGEController: Cannot use XGE Controller as Incredibuild is not installed on this machine.
[2018.11.05-15.56.10:717][  0]LogShaderCompilers: Cannot use XGE Shader Compiler as Incredibuild is not installed on this machine.
[2018.11.05-15.56.10:717][  0]LogShaderCompilers: Display: Using Local Shader Compiler.
[2018.11.05-15.56.11:686][  0]LogDerivedDataCache: Display: Max Cache Size: 512 MB
[2018.11.05-15.56.11:753][  0]LogDerivedDataCache: Loaded boot cache 0.07s 71MB C:/Users/batti/AppData/Local/UnrealEngine/4.20/DerivedDataCache/Boot.ddc.
[2018.11.05-15.56.11:754][  0]LogDerivedDataCache: Display: Loaded Boot cache: C:/Users/batti/AppData/Local/UnrealEngine/4.20/DerivedDataCache/Boot.ddc
[2018.11.05-15.56.11:754][  0]LogDerivedDataCache: FDerivedDataBackendGraph:  Pak pak cache file C:/Users/batti/Desktop/Blockout_1890/DerivedDataCache/DDC.ddp not found, will not use a pak cache.
[2018.11.05-15.56.11:754][  0]LogDerivedDataCache: Unable to find inner node Pak for hierarchical cache Hierarchy.
[2018.11.05-15.56.11:754][  0]LogDerivedDataCache: FDerivedDataBackendGraph:  CompressedPak pak cache file C:/Users/batti/Desktop/Blockout_1890/DerivedDataCache/Compressed.ddp not found, will not use a pak cache.
[2018.11.05-15.56.11:754][  0]LogDerivedDataCache: Unable to find inner node CompressedPak for hierarchical cache Hierarchy.
[2018.11.05-15.56.11:773][  0]LogDerivedDataCache: Display: Pak cache opened for reading ../../../Engine/DerivedDataCache/Compressed.ddp.
[2018.11.05-15.56.11:787][  0]LogDerivedDataCache: Using Local data cache path C:/Users/batti/AppData/Local/UnrealEngine/Common/DerivedDataCache: Writable
[2018.11.05-15.56.11:787][  0]LogDerivedDataCache: Shared data cache path not found in *engine.ini, will not use an Shared cache.
[2018.11.05-15.56.11:787][  0]LogDerivedDataCache: Unable to find inner node Shared for hierarchical cache Hierarchy.
[2018.11.05-15.56.11:812][  0]LogMaterial: Verifying Global Shaders for PCD3D_SM5
[2018.11.05-15.56.11:814][  0]LogSlate: Using FreeType 2.6.0
[2018.11.05-15.56.11:816][  0]LogSlate: SlateFontServices - WITH_FREETYPE: 1, WITH_HARFBUZZ: 1
[2018.11.05-15.56.11:936][  0]LogAssetRegistry: FAssetRegistry took 0.0274 seconds to start up
[2018.11.05-15.56.12:380][  0]LogInit: Selected Device Profile: [Windows]
[2018.11.05-15.56.12:568][  0]LogSimplygon: Simplygon DLL not present - disabling.
[2018.11.05-15.56.12:575][  0]LogMeshReduction: Using SimplygonSwarm for distributed automatic mesh merging
[2018.11.05-15.56.12:575][  0]LogMeshReduction: Using ProxyLODMeshReduction for automatic mesh merging
[2018.11.05-15.56.12:575][  0]LogMeshReduction: Using QuadricMeshReduction for automatic static mesh reduction
[2018.11.05-15.56.12:575][  0]LogMeshReduction: No automatic skeletal mesh reduction module available
[2018.11.05-15.56.12:593][  0]LogNetVersion: Blockout_1890 1.0.0, NetCL: 4212847, EngineNetVer: 5, GameNetVer: 0 (Checksum: 179647709)
[2018.11.05-15.56.13:308][  0]LogPackageLocalizationCache: Processed 11 localized package path(s) for 2 prioritized culture(s) in 0.117295 seconds
[2018.11.05-15.56.13:315][  0]LogUObjectArray: 38425 objects as part of root set at end of initial load.
[2018.11.05-15.56.13:315][  0]LogUObjectAllocator: 6690864 out of 0 bytes used by permanent object pool.
[2018.11.05-15.56.13:315][  0]LogUObjectArray: CloseDisregardForGC: 0/0 objects in disregard for GC pool
[2018.11.05-15.56.14:851][  0]LogTcpMessaging: Initializing TcpMessaging bridge
[2018.11.05-15.56.14:871][  0]LogUdpMessaging: Initializing bridge on interface 0.0.0.0:0 to multicast group 230.0.0.1:6666.
[2018.11.05-15.56.15:055][  0]SourceControl: Source control is disabled
[2018.11.05-15.56.15:055][  0]SourceControl: Source control is disabled
[2018.11.05-15.56.15:057][  0]SourceControl: Source control is disabled
[2018.11.05-15.56.15:059][  0]SourceControl: Source control is disabled
[2018.11.05-15.56.15:254][  0]LogAndroidPermission: UAndroidPermissionCallbackProxy::GetInstance
[2018.11.05-15.56.15:349][  0]LogOcInput: OculusInput pre-init called
[2018.11.05-15.56.15:431][  0]LogEngine: Initializing Engine...
[2018.11.05-15.56.15:432][  0]LogHMD: Failed to initialize OpenVR with code 110
[2018.11.05-15.56.15:433][  0]LogStats: UGameplayTagsManager::ConstructGameplayTagTree: ImportINI prefixes -  0.000 s
[2018.11.05-15.56.15:433][  0]LogStats: UGameplayTagsManager::ConstructGameplayTagTree: Construct from data asset -  0.000 s
[2018.11.05-15.56.15:433][  0]LogStats: UGameplayTagsManager::ConstructGameplayTagTree: ImportINI -  0.000 s
[2018.11.05-15.56.15:433][  0]LogStats: UGameplayTagsManager::ConstructGameplayTagTree: GameplayTagTreeChangedEvent.Broadcast -  0.000 s
[2018.11.05-15.56.15:714][  0]LogInit: Initializing FReadOnlyCVARCache
[2018.11.05-15.56.15:739][  0]LogAIModule: Creating AISystem for world Untitled
[2018.11.05-15.56.15:763][  0]LogInit: XAudio2 using 'Speakers (Conexant SmartAudio HD)' : 2 channels at 48 kHz using 32 bits per sample (channel mask 0x3)
[2018.11.05-15.56.15:895][  0]LogInit: FAudioDevice initialized.
[2018.11.05-15.56.15:895][  0]LogNetVersion: Set ProjectVersion to 1.0.0.0. Version Checksum will be recalculated on next use.
[2018.11.05-15.56.15:986][  0]LogDerivedDataCache: Saved boot cache 0.09s 71MB C:/Users/batti/AppData/Local/UnrealEngine/4.20/DerivedDataCache/Boot.ddc.
[2018.11.05-15.56.15:997][  0]LogInit: Texture streaming: Enabled
[2018.11.05-15.56.16:025][  0]LogEngineSessionManager: EngineSessionManager initialized
[2018.11.05-15.56.16:045][  0]LogInit: Transaction tracking system initialized
[2018.11.05-15.56.16:087][  0]BlueprintLog: New page: Editor Load
[2018.11.05-15.56.16:204][  0]LocalizationService: Localization service is disabled
[2018.11.05-15.56.16:622][  0]LogCook: Display: Max memory allowance for cook 16384mb min free memory 0mb
[2018.11.05-15.56.16:622][  0]LogCook: Display: Mobile HDR setting 1
[2018.11.05-15.56.16:622][  0]LogGameplayTags: Display: UGameplayTagsManager::DoneAddingNativeTags. DelegateIsBound: 0
[2018.11.05-15.56.16:622][  0]LogStats: UGameplayTagsManager::ConstructGameplayTagTree: ImportINI prefixes -  0.000 s
[2018.11.05-15.56.16:622][  0]LogStats: UGameplayTagsManager::ConstructGameplayTagTree: Construct from data asset -  0.000 s
[2018.11.05-15.56.16:622][  0]LogStats: UGameplayTagsManager::ConstructGameplayTagTree: ImportINI -  0.000 s
[2018.11.05-15.56.16:622][  0]LogStats: UGameplayTagsManager::ConstructGameplayTagTree: GameplayTagTreeChangedEvent.Broadcast -  0.000 s
[2018.11.05-15.56.16:854][  0]LogFileCache: Scanning file cache for directory 'C:/Users/batti/Desktop/Blockout_1890/Content/' took 0.02s
[2018.11.05-15.56.16:854][  0]SourceControl: Source control is disabled
[2018.11.05-15.56.16:854][  0]Cmd: MAP LOAD FILE="C:/Users/batti/Desktop/Blockout_1890/Content/StarterContent/Maps/Minimal_Default.umap" TEMPLATE=0 SHOWPROGRESS=1 FEATURELEVEL=3
[2018.11.05-15.56.16:855][  0]LightingResults: New page: Lighting Build
[2018.11.05-15.56.16:859][  0]MapCheck: New page: Map Check
[2018.11.05-15.56.16:859][  0]LightingResults: New page: Lighting Build
[2018.11.05-15.56.17:121][  0]LogLinker: Warning: Can't find file '/Game/StarterContent/Textures/T_Wood_Floor_Walnut_M'
[2018.11.05-15.56.17:121][  0]LogLinker: Warning: Can't find file for asset '/Game/StarterContent/Textures/T_Wood_Floor_Walnut_M' while loading C:/Users/batti/Desktop/Blockout_1890/Content/StarterContent/Materials/M_Wood_Floor_Walnut_Polished.uasset.
[2018.11.05-15.56.17:121][  0]LoadErrors: Error: /Game/StarterContent/Materials/M_Wood_Floor_Walnut_Polished : Can't find file for asset. /Game/StarterContent/Textures/T_Wood_Floor_Walnut_M
[2018.11.05-15.56.17:124][  0]LogLinker: Warning: Can't find file '/Game/StarterContent/Textures/T_Wood_Floor_Walnut_M'
[2018.11.05-15.56.17:125][  0]LogLinker: Warning: Can't find file for asset '/Game/StarterContent/Textures/T_Wood_Floor_Walnut_M' while loading C:/Users/batti/Desktop/Blockout_1890/Content/StarterContent/Materials/M_Wood_Floor_Walnut_Polished.uasset.
[2018.11.05-15.56.17:125][  0]LoadErrors: Error: /Game/StarterContent/Materials/M_Wood_Floor_Walnut_Polished : Can't find file for asset. /Game/StarterContent/Textures/T_Wood_Floor_Walnut_M
[2018.11.05-15.56.17:313][  0]LogLinker: Warning: Can't find file '/Game/StarterContent/Textures/T_Wood_Floor_Walnut_M'
[2018.11.05-15.56.17:313][  0]LoadErrors: Failed to load /Game/StarterContent/Textures/T_Wood_Floor_Walnut_M.T_Wood_Floor_Walnut_M Referenced by MaterialExpressionTextureSample_2
[2018.11.05-15.56.17:313][  0]LogLinker: Warning: Can't find file for asset '/Game/StarterContent/Textures/T_Wood_Floor_Walnut_M' while loading NULL.
[2018.11.05-15.56.17:313][  0]LoadErrors: Failed to load /Game/StarterContent/Textures/T_Wood_Floor_Walnut_M.T_Wood_Floor_Walnut_M Referenced by MaterialExpressionTextureSample_2
[2018.11.05-15.56.17:429][  0]LogMaterial: Display: Missing cached shader map for material M_Wood_Floor_Walnut_Polished, compiling. 
[2018.11.05-15.56.17:430][  0]LogMaterial: Warning: C:\Users\batti\Desktop\Blockout_1890\Content\StarterContent\Materials\M_Wood_Floor_Walnut_Polished.uasset: Failed to compile Material for platform PCD3D_SM5, Default Material will be used in game.
[2018.11.05-15.56.17:430][  0]LogMaterial: 	(Node TextureSample) Alpha is AO> Missing input texture
[2018.11.05-15.56.17:570][  0]LogAIModule: Creating AISystem for world Minimal_Default
[2018.11.05-15.56.17:594][  0]LogEditorServer: Finished looking for orphan Actors (0.000 secs)
[2018.11.05-15.56.17:654][  0]Cmd: MAP CHECKDEP NOCLEARLOG
[2018.11.05-15.56.17:834][  0]MapCheck: Map check complete: 0 Error(s), 0 Warning(s), took 178.89ms to complete.
[2018.11.05-15.56.17:834][  0]LogFileHelpers: Loading map 'Minimal_Default' took 0.980
[2018.11.05-15.56.17:962][  0]LogSlate: Updating window title bar state: overlay mode, drag disabled, window buttons hidden, title bar hidden
[2018.11.05-15.56.17:973][  0]LogSlate: Updating window title bar state: overlay mode, drag disabled, window buttons hidden, title bar hidden
[2018.11.05-15.56.17:982][  0]LogSlate: Updating window title bar state: overlay mode, drag disabled, window buttons hidden, title bar hidden
[2018.11.05-15.56.17:992][  0]LogSlate: Updating window title bar state: overlay mode, drag disabled, window buttons hidden, title bar hidden
[2018.11.05-15.56.18:004][  0]LogCollectionManager: Loaded 0 collections in 0.003437 seconds
[2018.11.05-15.56.18:056][  0]LogFileCache: Scanning file cache for directory 'C:/Users/batti/Desktop/Blockout_1890/Saved/Collections/' took 0.01s
[2018.11.05-15.56.18:056][  0]LogFileCache: Scanning file cache for directory 'C:/Users/batti/Desktop/Blockout_1890/Content/Developers/batti/Collections/' took 0.01s
[2018.11.05-15.56.18:056][  0]LogFileCache: Scanning file cache for directory 'C:/Users/batti/Desktop/Blockout_1890/Content/Collections/' took 0.01s
[2018.11.05-15.56.18:056][  0]LogCollectionManager: Rebuilt the GUID cache for 0 collections in 0.000000 seconds
[2018.11.05-15.56.18:067][  0]LogContentBrowser: Native class hierarchy populated in 0.0105 seconds. Added 2572 classes and 603 folders.
[2018.11.05-15.56.18:077][  0]LogContentBrowser: Native class hierarchy updated for 'WidgetCarousel' in 0.0003 seconds. Added 0 classes and 0 folders.
[2018.11.05-15.56.18:241][  0]LogContentBrowser: Native class hierarchy updated for 'AddContentDialog' in 0.0003 seconds. Added 0 classes and 0 folders.
[2018.11.05-15.56.18:248][  0]LogContentBrowser: Native class hierarchy updated for 'SceneOutliner' in 0.0004 seconds. Added 1 classes and 2 folders.
[2018.11.05-15.56.18:268][  0]LogSlate: Took 0.000379 seconds to synchronously load lazily loaded font '../../../Engine/Content/Slate/Fonts/Roboto-Regular.ttf' (155K)
[2018.11.05-15.56.18:272][  0]LogSlate: Took 0.000520 seconds to synchronously load lazily loaded font '../../../Engine/Content/Slate/Fonts/Roboto-Bold.ttf' (160K)
[2018.11.05-15.56.18:280][  0]LogSlate: Took 0.000472 seconds to synchronously load lazily loaded font '../../../Engine/Content/Editor/Slate/Fonts/FontAwesome.ttf' (139K)
[2018.11.05-15.56.18:399][  0]LogRenderer: Reallocating scene render targets to support 1208x552 Format 10 NumSamples 1 (Frame:1).
[2018.11.05-15.56.18:601][  0]LogContentBrowser: Native class hierarchy updated for 'HierarchicalLODOutliner' in 0.0003 seconds. Added 0 classes and 0 folders.
[2018.11.05-15.56.18:601][  0]LogLoad: (Engine Initialization) Total time: 13.54 seconds
[2018.11.05-15.56.18:601][  0]LogLoad: (Engine Initialization) Total Blueprint compile time: 0.00 seconds
[2018.11.05-15.56.18:620][  0]LogWindowsTextInputMethodSystem: Display: IME system now deactivated.
[2018.11.05-15.56.18:640][  0]LogContentStreaming: Texture pool size now 1000 MB
[2018.11.05-15.56.18:646][  0]LogSlate: FSceneViewport::OnFocusLost() reason 2
[2018.11.05-15.56.18:670][  0]LogSlate: Took 0.000381 seconds to synchronously load lazily loaded font '../../../Engine/Content/Slate/Fonts/Roboto-Light.ttf' (167K)
[2018.11.05-15.56.18:701][  1]LogAssetRegistry: Asset discovery search completed in 6.7880 seconds
[2018.11.05-15.56.18:705][  1]LogCollectionManager: Rebuilt the object cache for 0 collections in 0.000000 seconds (found 0 objects)
[2018.11.05-15.56.18:705][  1]LogCollectionManager: Fixed up redirectors for 0 collections in 0.000100 seconds (updated 0 objects)
[2018.11.05-15.56.24:520][302]LogSlate: Window 'Message Log' being destroyed
[2018.11.05-15.56.24:523][302]LogSlate: Window 'Message Log' being destroyed
[2018.11.05-15.56.40:549][160]LogSlate: FSceneViewport::OnFocusLost() reason 0
[2018.11.05-15.57.16:907][ 62]LogSlate: FSceneViewport::OnFocusLost() reason 0
[2018.11.05-15.57.16:987][ 66]LogTemp: Repeating last play command: Selected Viewport
[2018.11.05-15.57.17:049][ 66]LogBlueprintUserMessages: Early PlayInEditor Detection: Level '/Game/StarterContent/Maps/Minimal_Default.Minimal_Default:PersistentLevel' has LevelScriptBlueprint '/Game/StarterContent/Maps/Minimal_Default.Minimal_Default:PersistentLevel.Minimal_Default' with GeneratedClass '/Game/StarterContent/Maps/Minimal_Default.Minimal_Default_C' with ClassGeneratedBy '/Game/StarterContent/Maps/Minimal_Default.Minimal_Default:PersistentLevel.Minimal_Default'
[2018.11.05-15.57.17:049][ 66]LogPlayLevel: PlayLevel: No blueprints needed recompiling
[2018.11.05-15.57.17:086][ 66]PIE: New page: PIE session: Minimal_Default (5 nov. 2018 17:57:17)
[2018.11.05-15.57.17:086][ 66]LogPlayLevel: Creating play world package: /Game/StarterContent/Maps/UEDPIE_0_Minimal_Default
[2018.11.05-15.57.17:165][ 66]LogPlayLevel: PIE: StaticDuplicateObject took: (0.078176s)
[2018.11.05-15.57.17:165][ 66]LogAIModule: Creating AISystem for world Minimal_Default
[2018.11.05-15.57.17:166][ 66]LogPlayLevel: PIE: World Init took: (0.000928s)
[2018.11.05-15.57.17:166][ 66]LogPlayLevel: PIE: Created PIE world by copying editor world from /Game/StarterContent/Maps/Minimal_Default.Minimal_Default to /Game/StarterContent/Maps/UEDPIE_0_Minimal_Default.Minimal_Default (0.079396s)
[2018.11.05-15.57.17:197][ 66]LogInit: XAudio2 using 'Speakers (Conexant SmartAudio HD)' : 2 channels at 48 kHz using 32 bits per sample (channel mask 0x3)
[2018.11.05-15.57.17:244][ 66]LogInit: FAudioDevice initialized.
[2018.11.05-15.57.17:293][ 66]LogLoad: Game class is 'GameModeBase'
[2018.11.05-15.57.17:316][ 66]LogWorld: Bringing World /Game/StarterContent/Maps/UEDPIE_0_Minimal_Default.Minimal_Default up for play (max tick rate 60) at 2018.11.05-16.57.17
[2018.11.05-15.57.17:317][ 66]LogWorld: Bringing up level for play took: 0.011422
[2018.11.05-15.57.17:413][ 66]LogContentBrowser: Native class hierarchy updated for 'MovieSceneCapture' in 0.0008 seconds. Added 10 classes and 0 folders.
[2018.11.05-15.57.17:415][ 66]PIE: Play in editor start time for /Game/StarterContent/Maps/UEDPIE_0_Minimal_Default -0.596
[2018.11.05-15.57.17:415][ 66]LogBlueprintUserMessages: Late PlayInEditor Detection: Level '/Game/StarterContent/Maps/Minimal_Default.Minimal_Default:PersistentLevel' has LevelScriptBlueprint '/Game/StarterContent/Maps/Minimal_Default.Minimal_Default:PersistentLevel.Minimal_Default' with GeneratedClass '/Game/StarterContent/Maps/Minimal_Default.Minimal_Default_C' with ClassGeneratedBy '/Game/StarterContent/Maps/Minimal_Default.Minimal_Default:PersistentLevel.Minimal_Default'
[2018.11.05-15.57.20:484][244]LogBlueprintUserMessages: Early EndPlayMap Detection: Level '/Game/StarterContent/Maps/Minimal_Default.Minimal_Default:PersistentLevel' has LevelScriptBlueprint '/Game/StarterContent/Maps/Minimal_Default.Minimal_Default:PersistentLevel.Minimal_Default' with GeneratedClass '/Game/StarterContent/Maps/Minimal_Default.Minimal_Default_C' with ClassGeneratedBy '/Game/StarterContent/Maps/Minimal_Default.Minimal_Default:PersistentLevel.Minimal_Default'
[2018.11.05-15.57.20:484][244]LogSlate: Updating window title bar state: overlay mode, drag disabled, window buttons hidden, title bar hidden
[2018.11.05-15.57.20:518][244]LogPlayLevel: Display: Shutting down PIE online subsystems
[2018.11.05-15.57.20:518][244]LogBlueprintUserMessages: Late EndPlayMap Detection: Level '/Game/StarterContent/Maps/Minimal_Default.Minimal_Default:PersistentLevel' has LevelScriptBlueprint '/Game/StarterContent/Maps/Minimal_Default.Minimal_Default:PersistentLevel.Minimal_Default' with GeneratedClass '/Game/StarterContent/Maps/Minimal_Default.Minimal_Default_C' with ClassGeneratedBy '/Game/StarterContent/Maps/Minimal_Default.Minimal_Default:PersistentLevel.Minimal_Default'
[2018.11.05-15.57.20:544][244]LogSlate: Updating window title bar state: overlay mode, drag disabled, window buttons hidden, title bar hidden
[2018.11.05-15.57.20:593][247]LogPlayLevel: Display: Destroying online subsystem :Context_4
[2018.11.05-15.58.31:966][ 83]LogEditorViewport: Clicking on Actor (LMB): SkeletalMeshActor (SK_Mannequin)
[2018.11.05-16.00.26:724][ 70]LogSlate: FSceneViewport::OnFocusLost() reason 0
[2018.11.05-16.01.01:281][814]LogSlate: Took 0.000534 seconds to synchronously load lazily loaded font '../../../Engine/Content/Slate/Fonts/Roboto-Light.ttf' (167K)
[2018.11.05-16.01.04:753][  8]LogSlate: Prevented a slow task dialog from being summoned while a context menu was open
[2018.11.05-16.01.34:778][ 26]LogSlate: Took 0.051320 seconds to synchronously load lazily loaded font '../../../Engine/Content/Slate/Fonts/Roboto-Italic.ttf' (157K)
[2018.11.05-16.02.04:680][483]LogSlate: FSceneViewport::OnFocusLost() reason 2
[2018.11.05-16.02.08:405][698]LogSlate: FSceneViewport::OnFocusLost() reason 2
[2018.11.05-16.02.13:001][968]LogSlate: FSceneViewport::OnFocusLost() reason 2
[2018.11.05-16.02.24:044][526]LogSlate: FSceneViewport::OnFocusLost() reason 2
[2018.11.05-16.02.32:727][977]LogSlate: FSceneViewport::OnFocusLost() reason 2
[2018.11.05-16.02.40:807][423]LogSlate: FSceneViewport::OnFocusLost() reason 0
[2018.11.05-16.06.23:506][ 14]LogSavePackage: Moving 'C:/Users/batti/Desktop/Blockout_1890/Saved/Minimal_Default_Auto197147B07467E1B0E57B92AA4EA746F18.tmp' to 'C:/Users/batti/Desktop/Blockout_1890/Saved/Autosaves/Game/StarterContent/Maps/Minimal_Default_Auto1.umap'
[2018.11.05-16.06.23:512][ 14]LogFileHelpers: Editor autosave (incl. sublevels) for '/Game/StarterContent/Maps/Minimal_Default' took 1.053
[2018.11.05-16.06.23:512][ 14]LogFileHelpers: Editor autosave (incl. sublevels) for all levels took 1.053
[2018.11.05-16.06.27:766][ 39]LogSlate: Window 'Save Content' being destroyed
[2018.11.05-16.06.28:511][ 39]LogSavePackage: Moving 'C:/Users/batti/Desktop/Blockout_1890/Saved/Minimal_DefaultC7A940494A8FBF4B6E60B182EE458CD7.tmp' to 'C:/Users/batti/Desktop/Blockout_1890/Content/StarterContent/Maps/Minimal_Default.umap'
[2018.11.05-16.06.28:583][ 39]LogFileHelpers: Saving map 'Minimal_Default' took 0.786
[2018.11.05-16.06.28:626][ 39]LogSlate: Window 'Blockout_1890 - Unreal Editor' being destroyed
[2018.11.05-16.06.28:819][ 40]Cmd: QUIT_EDITOR
[2018.11.05-16.06.29:657][ 40]LogWindowsTextInputMethodSystem: Display: IME system now deactivated.
[2018.11.05-16.06.29:669][ 40]LogExit: Preparing to exit.
[2018.11.05-16.06.31:337][ 40]LogExit: Editor shut down
[2018.11.05-16.06.31:337][ 40]LogExit: Transaction tracking system shut down
[2018.11.05-16.06.31:846][ 40]LogExit: Object subsystem successfully closed.
[2018.11.05-16.06.31:866][ 40]LogShaderCompilers: Display: Shaders left to compile 0
[2018.11.05-16.06.31:869][ 40]LogD3D11RHI: Shutdown
[2018.11.05-16.06.31:869][ 40]LogD3D11RHI: CleanupD3DDevice
[2018.11.05-16.06.31:872][ 40]LogD3D11RHI: ~FD3D11DynamicRHI
[2018.11.05-16.06.31:883][ 40]LogModuleManager: Shutting down and abandoning module MovieSceneCapture (614)
[2018.11.05-16.06.31:883][ 40]LogModuleManager: Shutting down and abandoning module Voice (612)
[2018.11.05-16.06.31:883][ 40]LogModuleManager: Shutting down and abandoning module HierarchicalLODOutliner (610)
[2018.11.05-16.06.31:883][ 40]LogModuleManager: Shutting down and abandoning module SceneOutliner (608)
[2018.11.05-16.06.31:884][ 40]LogModuleManager: Shutting down and abandoning module AddContentDialog (606)
[2018.11.05-16.06.31:884][ 40]LogModuleManager: Shutting down and abandoning module WidgetCarousel (605)
[2018.11.05-16.06.31:884][ 40]LogModuleManager: Shutting down and abandoning module EditorWidgets (602)
[2018.11.05-16.06.31:884][ 40]LogModuleManager: Shutting down and abandoning module CollectionManager (600)
[2018.11.05-16.06.31:884][ 40]LogModuleManager: Shutting down and abandoning module StatsViewer (598)
[2018.11.05-16.06.31:884][ 40]LogModuleManager: Shutting down and abandoning module FoliageEdit (596)
[2018.11.05-16.06.31:884][ 40]LogModuleManager: Shutting down and abandoning module LandscapeEditor (594)
[2018.11.05-16.06.31:884][ 40]LogModuleManager: Shutting down and abandoning module MeshPaintMode (592)
[2018.11.05-16.06.31:884][ 40]LogModuleManager: Shutting down and abandoning module SceneDepthPickerMode (590)
[2018.11.05-16.06.31:884][ 40]LogModuleManager: Shutting down and abandoning module ActorPickerMode (588)
[2018.11.05-16.06.31:884][ 40]LogModuleManager: Shutting down and abandoning module GeometryMode (586)
[2018.11.05-16.06.31:884][ 40]LogModuleManager: Shutting down and abandoning module TextureAlignMode (584)
[2018.11.05-16.06.31:884][ 40]LogModuleManager: Shutting down and abandoning module BspMode (582)
[2018.11.05-16.06.31:884][ 40]LogModuleManager: Shutting down and abandoning module PIEPreviewDeviceProfileSelector (580)
[2018.11.05-16.06.31:884][ 40]LogModuleManager: Shutting down and abandoning module SequenceRecorderSections (578)
[2018.11.05-16.06.31:884][ 40]LogModuleManager: Shutting down and abandoning module AutomationWorker (576)
[2018.11.05-16.06.31:884][ 40]LogModuleManager: Shutting down and abandoning module AudioCaptureEditor (574)
[2018.11.05-16.06.31:884][ 40]LogModuleManager: Shutting down and abandoning module SequenceRecorder (573)
[2018.11.05-16.06.31:885][ 40]LogModuleManager: Shutting down and abandoning module MatineeToLevelSequence (570)
[2018.11.05-16.06.31:885][ 40]LogModuleManager: Shutting down and abandoning module LevelSequenceEditor (568)
[2018.11.05-16.06.31:885][ 40]LogModuleManager: Shutting down and abandoning module PlacementMode (567)
[2018.11.05-16.06.31:885][ 40]LogModuleManager: Shutting down and abandoning module MaterialEditor (566)
[2018.11.05-16.06.31:885][ 40]LogModuleManager: Shutting down and abandoning module WmfMediaFactory (562)
[2018.11.05-16.06.31:885][ 40]LogModuleManager: Shutting down and abandoning module WmfMediaEditor (560)
[2018.11.05-16.06.31:885][ 40]LogModuleManager: Shutting down and abandoning module MediaPlayerEditor (558)
[2018.11.05-16.06.31:885][ 40]LogModuleManager: Shutting down and abandoning module OpenExrWrapper (556)
[2018.11.05-16.06.31:885][ 40]LogModuleManager: Shutting down and abandoning module ImgMediaFactory (554)
[2018.11.05-16.06.31:885][ 40]LogModuleManager: Shutting down and abandoning module ImgMediaEditor (552)
[2018.11.05-16.06.31:885][ 40]LogModuleManager: Shutting down and abandoning module AvfMediaFactory (550)
[2018.11.05-16.06.31:885][ 40]LogModuleManager: Shutting down and abandoning module AvfMediaEditor (548)
[2018.11.05-16.06.31:885][ 40]LogModuleManager: Shutting down and abandoning module AndroidMediaFactory (546)
[2018.11.05-16.06.31:885][ 40]LogModuleManager: Shutting down and abandoning module AndroidMediaEditor (544)
[2018.11.05-16.06.31:885][ 40]LogModuleManager: Shutting down and abandoning module MagicLeapCameraPreviewFactory (542)
[2018.11.05-16.06.31:885][ 40]LogModuleManager: Shutting down and abandoning module MagicLeapMediaFactory (540)
[2018.11.05-16.06.31:885][ 40]LogModuleManager: Shutting down and abandoning module MagicLeapMediaEditor (538)
[2018.11.05-16.06.31:885][ 40]LogModuleManager: Shutting down and abandoning module CharacterAI (536)
[2018.11.05-16.06.31:885][ 40]LogModuleManager: Shutting down and abandoning module SmartSnapping (534)
[2018.11.05-16.06.31:885][ 40]LogModuleManager: Shutting down and abandoning module SessionServices (532)
[2018.11.05-16.06.31:885][ 40]LogModuleManager: Shutting down and abandoning module ViewportSnapping (530)
[2018.11.05-16.06.31:885][ 40]LogModuleManager: Shutting down and abandoning module ViewportInteraction (528)
[2018.11.05-16.06.31:885][ 40]LogModuleManager: Shutting down and abandoning module ClothPainter (526)
[2018.11.05-16.06.31:885][ 40]LogModuleManager: Shutting down and abandoning module SkeletalMeshEditor (525)
[2018.11.05-16.06.31:885][ 40]LogModuleManager: Shutting down and abandoning module LogVisualizer (522)
[2018.11.05-16.06.31:885][ 40]LogModuleManager: Shutting down and abandoning module IntroTutorials (520)
[2018.11.05-16.06.31:885][ 40]LogModuleManager: Shutting down and abandoning module GameProjectGeneration (519)
[2018.11.05-16.06.31:885][ 40]LogModuleManager: Shutting down and abandoning module LuminPlatformEditor (516)
[2018.11.05-16.06.31:885][ 40]LogModuleManager: Shutting down and abandoning module IOSPlatformEditor (514)
[2018.11.05-16.06.31:885][ 40]LogModuleManager: Shutting down and abandoning module HTML5PlatformEditor (512)
[2018.11.05-16.06.31:885][ 40]LogModuleManager: Shutting down and abandoning module AndroidPlatformEditor (510)
[2018.11.05-16.06.31:885][ 40]LogModuleManager: Shutting down and abandoning module AndroidDeviceDetection (509)
[2018.11.05-16.06.32:600][ 40]LogModuleManager: Shutting down and abandoning module WindowsPlatformEditor (506)
[2018.11.05-16.06.32:601][ 40]LogModuleManager: Shutting down and abandoning module LuminRuntimeSettings (504)
[2018.11.05-16.06.32:601][ 40]LogModuleManager: Shutting down and abandoning module IOSRuntimeSettings (502)
[2018.11.05-16.06.32:601][ 40]LogModuleManager: Shutting down and abandoning module AndroidRuntimeSettings (500)
[2018.11.05-16.06.32:601][ 40]LogModuleManager: Shutting down and abandoning module InputBindingEditor (498)
[2018.11.05-16.06.32:601][ 40]LogModuleManager: Shutting down and abandoning module MergeActors (496)
[2018.11.05-16.06.32:601][ 40]LogModuleManager: Shutting down and abandoning module LocalizationDashboard (494)
[2018.11.05-16.06.32:601][ 40]LogModuleManager: Shutting down and abandoning module LocalizationService (493)
[2018.11.05-16.06.32:603][ 40]LogModuleManager: Shutting down and abandoning module HardwareTargeting (490)
[2018.11.05-16.06.32:603][ 40]LogModuleManager: Shutting down and abandoning module DeviceProfileEditor (488)
[2018.11.05-16.06.32:603][ 40]LogModuleManager: Shutting down and abandoning module UndoHistory (486)
[2018.11.05-16.06.32:603][ 40]LogModuleManager: Shutting down and abandoning module XmlParser (484)
[2018.11.05-16.06.32:603][ 40]LogModuleManager: Shutting down and abandoning module Blutility (482)
[2018.11.05-16.06.32:603][ 40]LogModuleManager: Shutting down and abandoning module ProjectSettingsViewer (480)
[2018.11.05-16.06.32:603][ 40]LogModuleManager: Shutting down and abandoning module ProjectTargetPlatformEditor (479)
[2018.11.05-16.06.32:603][ 40]LogModuleManager: Shutting down and abandoning module EditorSettingsViewer (476)
[2018.11.05-16.06.32:604][ 40]LogModuleManager: Shutting down and abandoning module SettingsEditor (474)
[2018.11.05-16.06.32:604][ 40]LogModuleManager: Shutting down and abandoning module ProjectLauncher (472)
[2018.11.05-16.06.32:604][ 40]LogModuleManager: Shutting down and abandoning module SessionFrontend (470)
[2018.11.05-16.06.32:604][ 40]LogModuleManager: Shutting down and abandoning module ProfilerClient (468)
[2018.11.05-16.06.32:604][ 40]LogModuleManager: Shutting down and abandoning module DeviceManager (466)
[2018.11.05-16.06.32:604][ 40]LogModuleManager: Shutting down and abandoning module TargetDeviceServices (465)
[2018.11.05-16.06.32:694][ 40]LogModuleManager: Shutting down and abandoning module AutomationController (462)
[2018.11.05-16.06.32:694][ 40]LogModuleManager: Shutting down and abandoning module AutomationWindow (460)
[2018.11.05-16.06.32:695][ 40]LogModuleManager: Shutting down and abandoning module Layers (458)
[2018.11.05-16.06.32:699][ 40]LogModuleManager: Shutting down and abandoning module ComponentVisualizers (456)
[2018.11.05-16.06.32:699][ 40]LogModuleManager: Shutting down and abandoning module DetailCustomizations (454)
[2018.11.05-16.06.32:699][ 40]LogModuleManager: Shutting down and abandoning module PackagesDialog (452)
[2018.11.05-16.06.32:701][ 40]LogModuleManager: Shutting down and abandoning module Persona (450)
[2018.11.05-16.06.32:701][ 40]LogModuleManager: Shutting down and abandoning module AdvancedPreviewScene (449)
[2018.11.05-16.06.32:702][ 40]LogModuleManager: Shutting down and abandoning module AnimGraph (447)
[2018.11.05-16.06.32:702][ 40]LogModuleManager: Shutting down and abandoning module Kismet (444)
[2018.11.05-16.06.32:705][ 40]LogModuleManager: Shutting down and abandoning module GraphEditor (442)
[2018.11.05-16.06.32:726][ 40]LogModuleManager: Shutting down and abandoning module ClassViewer (440)
[2018.11.05-16.06.32:730][ 40]LogModuleManager: Shutting down and abandoning module Toolbox (438)
[2018.11.05-16.06.32:730][ 40]LogModuleManager: Shutting down and abandoning module ModuleUI (436)
[2018.11.05-16.06.32:730][ 40]LogModuleManager: Shutting down and abandoning module MovieSceneTools (434)
[2018.11.05-16.06.32:730][ 40]LogModuleManager: Shutting down and abandoning module OutputLog (432)
[2018.11.05-16.06.32:730][ 40]LogModuleManager: Shutting down and abandoning module GammaUI (430)
[2018.11.05-16.06.32:731][ 40]LogModuleManager: Shutting down and abandoning module Documentation (428)
[2018.11.05-16.06.32:731][ 40]LogModuleManager: Shutting down and abandoning module MovieSceneTracks (426)
[2018.11.05-16.06.32:731][ 40]LogModuleManager: Shutting down and abandoning module MovieScene (424)
[2018.11.05-16.06.32:731][ 40]LogModuleManager: Shutting down and abandoning module StreamingPauseRendering (422)
[2018.11.05-16.06.32:731][ 40]LogModuleManager: Shutting down and abandoning module LauncherPlatform (420)
[2018.11.05-16.06.32:731][ 40]LogModuleManager: Shutting down and abandoning module AnalyticsET (418)
[2018.11.05-16.06.32:731][ 40]LogModuleManager: Shutting down and abandoning module PortalServices (416)
[2018.11.05-16.06.32:731][ 40]LogModuleManager: Shutting down and abandoning module PortalRpc (414)
[2018.11.05-16.06.32:731][ 40]LogModuleManager: Shutting down and abandoning module MessagingRpc (412)
[2018.11.05-16.06.32:731][ 40]LogModuleManager: Shutting down and abandoning module AIModule (410)
[2018.11.05-16.06.32:731][ 40]LogModuleManager: Shutting down and abandoning module GameplayDebugger (409)
[2018.11.05-16.06.32:734][ 40]LogModuleManager: Shutting down and abandoning module AITestSuite (407)
[2018.11.05-16.06.32:734][ 40]LogModuleManager: Shutting down and abandoning module NavigationSystem (405)
[2018.11.05-16.06.32:734][ 40]LogModuleManager: Shutting down and abandoning module DesktopPlatform (402)
[2018.11.05-16.06.32:734][ 40]LogModuleManager: Shutting down and abandoning module ProfilerService (400)
[2018.11.05-16.06.32:944][ 40]LogModuleManager: Shutting down and abandoning module TaskGraph (398)
[2018.11.05-16.06.32:945][ 40]LogModuleManager: Shutting down and abandoning module SteamVRController (396)
[2018.11.05-16.06.32:945][ 40]LogModuleManager: Shutting down and abandoning module ProceduralMeshComponentEditor (394)
[2018.11.05-16.06.32:945][ 40]LogModuleManager: Shutting down and abandoning module ProceduralMeshComponent (392)
[2018.11.05-16.06.32:945][ 40]LogModuleManager: Shutting down and abandoning module OculusInput (390)
[2018.11.05-16.06.32:945][ 40]LogModuleManager: Shutting down and abandoning module MobilePatchingUtils (388)
[2018.11.05-16.06.32:945][ 40]LogModuleManager: Shutting down and abandoning module EditableMesh (386)
[2018.11.05-16.06.32:945][ 40]LogModuleManager: Shutting down and abandoning module CustomMeshComponent (384)
[2018.11.05-16.06.32:945][ 40]LogModuleManager: Shutting down and abandoning module CableComponent (382)
[2018.11.05-16.06.32:945][ 40]LogModuleManager: Shutting down and abandoning module AudioCapture (380)
[2018.11.05-16.06.32:945][ 40]LogModuleManager: Shutting down and abandoning module ArchVisCharacter (378)
[2018.11.05-16.06.32:945][ 40]LogModuleManager: Shutting down and abandoning module AndroidPermission (376)
[2018.11.05-16.06.32:945][ 40]LogModuleManager: Shutting down and abandoning module NUTUnrealEngine4 (374)
[2018.11.05-16.06.32:945][ 40]LogModuleManager: Shutting down and abandoning module NetcodeUnitTest (372)
[2018.11.05-16.06.32:945][ 40]LogModuleManager: Shutting down and abandoning module MediaCompositingEditor (370)
[2018.11.05-16.06.32:945][ 40]LogModuleManager: Shutting down and abandoning module MediaCompositing (368)
[2018.11.05-16.06.32:945][ 40]LogModuleManager: Shutting down and abandoning module LinearTimecode (366)
[2018.11.05-16.06.32:945][ 40]LogModuleManager: Shutting down and abandoning module ImgMedia (364)
[2018.11.05-16.06.32:951][ 40]LogModuleManager: Shutting down and abandoning module HTML5Networking (362)
[2018.11.05-16.06.32:951][ 40]LogModuleManager: Shutting down and abandoning module GeometryCacheTracks (360)
[2018.11.05-16.06.32:951][ 40]LogModuleManager: Shutting down and abandoning module GeometryCacheSequencer (358)
[2018.11.05-16.06.32:951][ 40]LogModuleManager: Shutting down and abandoning module BackChannel (356)
[2018.11.05-16.06.32:951][ 40]LogModuleManager: Shutting down and abandoning module AppleVision (354)
[2018.11.05-16.06.32:951][ 40]LogModuleManager: Shutting down and abandoning module AppleImageUtils (352)
[2018.11.05-16.06.32:951][ 40]LogModuleManager: Shutting down and abandoning module AlembicImporter (350)
[2018.11.05-16.06.32:951][ 40]LogModuleManager: Shutting down and abandoning module AlembicLibrary (349)
[2018.11.05-16.06.32:952][ 40]LogModuleManager: Shutting down and abandoning module GeometryCache (348)
[2018.11.05-16.06.32:952][ 40]LogModuleManager: Shutting down and abandoning module GeometryCacheEd (347)
[2018.11.05-16.06.32:952][ 40]LogModuleManager: Shutting down and abandoning module DatasmithContentEditor (342)
[2018.11.05-16.06.32:952][ 40]LogModuleManager: Shutting down and abandoning module DatasmithContent (340)
[2018.11.05-16.06.32:953][ 40]LogModuleManager: Shutting down and abandoning module SpeedTreeImporter (338)
[2018.11.05-16.06.32:953][ 40]LogModuleManager: Shutting down and abandoning module PluginBrowser (336)
[2018.11.05-16.06.32:953][ 40]LogModuleManager: Shutting down and abandoning module MobileLauncherProfileWizard (334)
[2018.11.05-16.06.32:953][ 40]LogModuleManager: Shutting down and abandoning module PolygonModeling (332)
[2018.11.05-16.06.32:953][ 40]LogModuleManager: Shutting down and abandoning module MeshEditor (330)
[2018.11.05-16.06.32:953][ 40]LogModuleManager: Shutting down and abandoning module CryptoKeysOpenSSL (328)
[2018.11.05-16.06.32:953][ 40]LogModuleManager: Shutting down and abandoning module CryptoKeys (326)
[2018.11.05-16.06.32:953][ 40]LogModuleManager: Shutting down and abandoning module VisualStudioSourceCodeAccess (324)
[2018.11.05-16.06.32:953][ 40]LogModuleManager: Shutting down and abandoning module VisualStudioCodeSourceCodeAccess (322)
[2018.11.05-16.06.32:953][ 40]LogModuleManager: Shutting down and abandoning module UObjectPlugin (320)
[2018.11.05-16.06.32:953][ 40]LogModuleManager: Shutting down and abandoning module SubversionSourceControl (318)
[2018.11.05-16.06.32:953][ 40]LogModuleManager: Shutting down and abandoning module PerforceSourceControl (316)
[2018.11.05-16.06.32:953][ 40]LogModuleManager: Shutting down and abandoning module GitSourceControl (314)
[2018.11.05-16.06.32:953][ 40]LogModuleManager: Shutting down and abandoning module SourceControl (313)
[2018.11.05-16.06.32:954][ 40]LogModuleManager: Shutting down and abandoning module CLionSourceCodeAccess (310)
[2018.11.05-16.06.32:954][ 40]LogModuleManager: Shutting down and abandoning module LightPropagationVolumeEditor (308)
[2018.11.05-16.06.32:954][ 40]LogModuleManager: Shutting down and abandoning module PaperTiledImporter (306)
[2018.11.05-16.06.32:954][ 40]LogModuleManager: Shutting down and abandoning module PaperSpriteSheetImporter (304)
[2018.11.05-16.06.32:954][ 40]LogModuleManager: Shutting down and abandoning module Paper2DEditor (302)
[2018.11.05-16.06.32:954][ 40]LogModuleManager: Shutting down and abandoning module MeshPaint (301)
[2018.11.05-16.06.32:954][ 40]LogModuleManager: Shutting down and abandoning module RuntimePhysXCooking (298)
[2018.11.05-16.06.32:954][ 40]LogModuleManager: Shutting down and abandoning module PhysXVehiclesEditor (296)
[2018.11.05-16.06.32:954][ 40]LogModuleManager: Shutting down and abandoning module PhysXVehicles (294)
[2018.11.05-16.06.32:954][ 40]LogModuleManager: Shutting down and abandoning module OculusEditor (292)
[2018.11.05-16.06.32:954][ 40]LogModuleManager: Shutting down and abandoning module LocationServicesBPLibrary (290)
[2018.11.05-16.06.32:954][ 40]LogModuleManager: Shutting down and abandoning module ImmediatePhysicsEditor (288)
[2018.11.05-16.06.32:954][ 40]LogModuleManager: Shutting down and abandoning module ImmediatePhysics (286)
[2018.11.05-16.06.32:954][ 40]LogModuleManager: Shutting down and abandoning module ActorSequence (284)
[2018.11.05-16.06.32:954][ 40]LogModuleManager: Shutting down and abandoning module UdpMessaging (282)
[2018.11.05-16.06.33:056][ 40]LogModuleManager: Shutting down and abandoning module TcpMessaging (280)
[2018.11.05-16.06.33:157][ 40]LogModuleManager: Shutting down and abandoning module MagicLeapAudio (278)
[2018.11.05-16.06.33:157][ 40]LogModuleManager: Shutting down and abandoning module GameplayTagsEditor (276)
[2018.11.05-16.06.33:157][ 40]LogModuleManager: Shutting down and abandoning module FacialAnimationEditor (274)
[2018.11.05-16.06.33:157][ 40]LogModuleManager: Shutting down and abandoning module FacialAnimation (272)
[2018.11.05-16.06.33:158][ 40]LogModuleManager: Shutting down and abandoning module DataValidation (270)
[2018.11.05-16.06.33:158][ 40]LogModuleManager: Shutting down and abandoning module AssetManagerEditor (268)
[2018.11.05-16.06.33:158][ 40]LogModuleManager: Shutting down and abandoning module LevelEditor (267)
[2018.11.05-16.06.33:161][ 40]LogModuleManager: Shutting down and abandoning module PixelInspectorModule (266)
[2018.11.05-16.06.33:162][ 40]LogModuleManager: Shutting down and abandoning module CommonMenuExtensions (264)
[2018.11.05-16.06.33:162][ 40]LogModuleManager: Shutting down and abandoning module MainFrame (262)
[2018.11.05-16.06.33:163][ 40]LogModuleManager: Shutting down and abandoning module HotReload (261)
[2018.11.05-16.06.33:165][ 40]LogModuleManager: Shutting down and abandoning module ContentBrowser (257)
[2018.11.05-16.06.33:169][ 40]LogModuleManager: Shutting down and abandoning module TreeMap (255)
[2018.11.05-16.06.33:170][ 40]LogModuleManager: Shutting down and abandoning module LightPropagationVolumeRuntime (252)
[2018.11.05-16.06.33:170][ 40]LogModuleManager: Shutting down and abandoning module AISupportModule (250)
[2018.11.05-16.06.33:170][ 40]LogModuleManager: Shutting down and abandoning module Paper2D (248)
[2018.11.05-16.06.33:170][ 40]LogModuleManager: Shutting down and abandoning module WindowsMoviePlayer (246)
[2018.11.05-16.06.33:170][ 40]LogModuleManager: Shutting down and abandoning module WmfMedia (244)
[2018.11.05-16.06.33:174][ 40]LogModuleManager: Shutting down and abandoning module Media (243)
[2018.11.05-16.06.33:181][ 40]LogModuleManager: Shutting down and abandoning module PacketHandler (240)
[2018.11.05-16.06.33:181][ 40]LogModuleManager: Shutting down and abandoning module ClothingSystemEditor (238)
[2018.11.05-16.06.33:181][ 40]LogModuleManager: Shutting down and abandoning module ClothingSystemRuntime (236)
[2018.11.05-16.06.33:181][ 40]LogModuleManager: Shutting down and abandoning module MediaAssets (234)
[2018.11.05-16.06.33:181][ 40]LogModuleManager: Shutting down and abandoning module Overlay (232)
[2018.11.05-16.06.33:181][ 40]LogModuleManager: Shutting down and abandoning module OverlayEditor (231)
[2018.11.05-16.06.33:181][ 40]LogModuleManager: Shutting down and abandoning module VREditor (228)
[2018.11.05-16.06.33:181][ 40]LogModuleManager: Shutting down and abandoning module StringTableEditor (226)
[2018.11.05-16.06.33:181][ 40]LogModuleManager: Shutting down and abandoning module GameplayTasksEditor (224)
[2018.11.05-16.06.33:181][ 40]LogModuleManager: Shutting down and abandoning module BehaviorTreeEditor (222)
[2018.11.05-16.06.33:181][ 40]LogModuleManager: Shutting down and abandoning module FunctionalTesting (220)
[2018.11.05-16.06.33:182][ 40]LogModuleManager: Shutting down and abandoning module CollisionAnalyzer (218)
[2018.11.05-16.06.33:182][ 40]LogModuleManager: Shutting down and abandoning module WorkspaceMenuStructure (217)
[2018.11.05-16.06.33:182][ 40]LogModuleManager: Shutting down and abandoning module UMG (214)
[2018.11.05-16.06.33:182][ 40]LogModuleManager: Shutting down and abandoning module UMGEditor (213)
[2018.11.05-16.06.33:182][ 40]LogModuleManager: Shutting down and abandoning module Sequencer (212)
[2018.11.05-16.06.33:182][ 40]LogModuleManager: Shutting down and abandoning module MessageLog (209)
[2018.11.05-16.06.33:182][ 40]LogModuleManager: Shutting down and abandoning module SlateReflector (204)
[2018.11.05-16.06.33:182][ 40]LogModuleManager: Shutting down and abandoning module Slate (202)
[2018.11.05-16.06.33:182][ 40]LogModuleManager: Shutting down and abandoning module EditorStyle (200)
[2018.11.05-16.06.33:185][ 40]LogModuleManager: Shutting down and abandoning module MRMesh (198)
[2018.11.05-16.06.33:185][ 40]LogModuleManager: Shutting down and abandoning module SourceCodeAccess (196)
[2018.11.05-16.06.33:185][ 40]LogModuleManager: Shutting down and abandoning module HeadMountedDisplay (194)
[2018.11.05-16.06.33:185][ 40]LogModuleManager: Shutting down and abandoning module XAudio2 (192)
[2018.11.05-16.06.33:185][ 40]LogModuleManager: Shutting down and abandoning module Networking (190)
[2018.11.05-16.06.33:185][ 40]LogModuleManager: Shutting down and abandoning module Core (188)
[2018.11.05-16.06.33:185][ 40]LogModuleManager: Shutting down and abandoning module LevelSequence (186)
[2018.11.05-16.06.33:185][ 40]LogModuleManager: Shutting down and abandoning module KismetCompiler (184)
[2018.11.05-16.06.33:185][ 40]LogModuleManager: Shutting down and abandoning module MeshUtilities (182)
[2018.11.05-16.06.33:185][ 40]LogModuleManager: Shutting down and abandoning module MeshMergeUtilities (181)
[2018.11.05-16.06.33:185][ 40]LogModuleManager: Shutting down and abandoning module MeshReductionInterface (180)
[2018.11.05-16.06.33:185][ 40]LogModuleManager: Shutting down and abandoning module SimplygonSwarm (179)
[2018.11.05-16.06.33:185][ 40]LogModuleManager: Shutting down and abandoning module ProxyLODMeshReduction (177)
[2018.11.05-16.06.33:185][ 40]LogModuleManager: Shutting down and abandoning module SimplygonMeshReduction (175)
[2018.11.05-16.06.33:185][ 40]LogModuleManager: Shutting down and abandoning module QuadricMeshReduction (173)
[2018.11.05-16.06.33:185][ 40]LogModuleManager: Shutting down and abandoning module MaterialBaking (169)
[2018.11.05-16.06.33:185][ 40]LogModuleManager: Shutting down and abandoning module DirectoryWatcher (165)
[2018.11.05-16.06.33:185][ 40]LogModuleManager: Shutting down and abandoning module DerivedDataCache (162)
[2018.11.05-16.06.33:264][ 40]LogDerivedDataCache: Shutdown
[2018.11.05-16.06.33:264][ 40]LogModuleManager: Shutting down and abandoning module XGEController (160)
[2018.11.05-16.06.33:264][ 40]LogXGEController: Cleaning working directory: C:/Users/batti/AppData/Local/Temp/UnrealXGEWorkingDir/
[2018.11.05-16.06.33:265][ 40]LogModuleManager: Shutting down and abandoning module TargetPlatform (158)
[2018.11.05-16.06.33:265][ 40]LogModuleManager: Shutting down and abandoning module VulkanShaderFormat (157)
[2018.11.05-16.06.33:265][ 40]LogModuleManager: Shutting down and abandoning module ShaderFormatVectorVM (155)
[2018.11.05-16.06.33:265][ 40]LogModuleManager: Shutting down and abandoning module ShaderFormatOpenGL (153)
[2018.11.05-16.06.33:265][ 40]LogModuleManager: Shutting down and abandoning module ShaderFormatD3D (151)
[2018.11.05-16.06.33:265][ 40]LogModuleManager: Shutting down and abandoning module MetalShaderFormat (149)
[2018.11.05-16.06.33:265][ 40]LogModuleManager: Shutting down and abandoning module TextureFormatUncompressed (147)
[2018.11.05-16.06.33:265][ 40]LogModuleManager: Shutting down and abandoning module TextureFormatPVR (145)
[2018.11.05-16.06.33:266][ 40]LogModuleManager: Shutting down and abandoning module TextureFormatDXT (143)
[2018.11.05-16.06.33:266][ 40]LogModuleManager: Shutting down and abandoning module TextureFormatIntelISPCTexComp (141)
[2018.11.05-16.06.33:266][ 40]LogModuleManager: Shutting down and abandoning module TextureFormatASTC (139)
[2018.11.05-16.06.33:266][ 40]LogModuleManager: Shutting down and abandoning module ImageWrapper (138)
[2018.11.05-16.06.33:266][ 40]LogModuleManager: Shutting down and abandoning module TextureFormatAndroid (135)
[2018.11.05-16.06.33:266][ 40]LogModuleManager: Shutting down and abandoning module AudioFormatOpus (133)
[2018.11.05-16.06.33:267][ 40]LogModuleManager: Shutting down and abandoning module AudioFormatOgg (131)
[2018.11.05-16.06.33:267][ 40]LogModuleManager: Shutting down and abandoning module AudioFormatADPCM (129)
[2018.11.05-16.06.33:267][ 40]LogModuleManager: Shutting down and abandoning module LuminTargetPlatform (127)
[2018.11.05-16.06.33:267][ 40]LogModuleManager: Shutting down and abandoning module LinuxTargetPlatform (125)
[2018.11.05-16.06.33:267][ 40]LogModuleManager: Shutting down and abandoning module LinuxServerTargetPlatform (123)
[2018.11.05-16.06.33:267][ 40]LogModuleManager: Shutting down and abandoning module LinuxNoEditorTargetPlatform (121)
[2018.11.05-16.06.33:267][ 40]LogModuleManager: Shutting down and abandoning module LinuxClientTargetPlatform (119)
[2018.11.05-16.06.33:267][ 40]LogModuleManager: Shutting down and abandoning module TVOSTargetPlatform (117)
[2018.11.05-16.06.33:269][ 40]LogModuleManager: Shutting down and abandoning module Messaging (115)
[2018.11.05-16.06.33:269][ 40]LogModuleManager: Shutting down and abandoning module IOSTargetPlatform (113)
[2018.11.05-16.06.33:271][ 40]LogModuleManager: Shutting down and abandoning module HTML5TargetPlatform (111)
[2018.11.05-16.06.33:271][ 40]LogModuleManager: Shutting down and abandoning module AndroidTargetPlatform (109)
[2018.11.05-16.06.33:279][ 40]LogModuleManager: Shutting down and abandoning module WindowsTargetPlatform (107)
[2018.11.05-16.06.33:279][ 40]LogModuleManager: Shutting down and abandoning module WindowsServerTargetPlatform (105)
[2018.11.05-16.06.33:279][ 40]LogModuleManager: Shutting down and abandoning module WindowsNoEditorTargetPlatform (103)
[2018.11.05-16.06.33:279][ 40]LogModuleManager: Shutting down and abandoning module WindowsClientTargetPlatform (101)
[2018.11.05-16.06.33:279][ 40]LogModuleManager: Shutting down and abandoning module MacTargetPlatform (99)
[2018.11.05-16.06.33:279][ 40]LogModuleManager: Shutting down and abandoning module MacServerTargetPlatform (97)
[2018.11.05-16.06.33:279][ 40]LogModuleManager: Shutting down and abandoning module MacNoEditorTargetPlatform (95)
[2018.11.05-16.06.33:279][ 40]LogModuleManager: Shutting down and abandoning module MacClientTargetPlatform (93)
[2018.11.05-16.06.33:279][ 40]LogModuleManager: Shutting down and abandoning module AllDesktopTargetPlatform (91)
[2018.11.05-16.06.33:279][ 40]LogModuleManager: Shutting down and abandoning module InputCore (88)
[2018.11.05-16.06.33:280][ 40]LogModuleManager: Shutting down and abandoning module Settings (86)
[2018.11.05-16.06.33:280][ 40]LogModuleManager: Shutting down and abandoning module PhysXCooking (84)
[2018.11.05-16.06.33:280][ 40]LogModuleManager: Shutting down and abandoning module SteamVR (82)
[2018.11.05-16.06.33:280][ 40]LogModuleManager: Shutting down and abandoning module OculusHMD (80)
[2018.11.05-16.06.33:280][ 40]LogModuleManager: Shutting down and abandoning module ExampleDeviceProfileSelector (78)
[2018.11.05-16.06.33:280][ 40]LogModuleManager: Shutting down and abandoning module LauncherChunkInstaller (76)
[2018.11.05-16.06.33:280][ 40]LogModuleManager: Shutting down and abandoning module OnlineBlueprintSupport (74)
[2018.11.05-16.06.33:280][ 40]LogModuleManager: Shutting down and abandoning module OnlineSubsystem (70)
[2018.11.05-16.06.33:281][ 40]LogModuleManager: Shutting down and abandoning module XMPP (65)
[2018.11.05-16.06.33:281][ 40]LogModuleManager: Shutting down and abandoning module WebSockets (64)
[2018.11.05-16.06.33:304][ 40]LogModuleManager: Shutting down and abandoning module HTTP (61)
[2018.11.05-16.06.33:304][ 40]LogHttp: Display: Http module shutting down, but needs to wait on 1 outstanding Http requests:
[2018.11.05-16.06.33:304][ 40]LogHttp: Display: 	verb=[POST] url=[https://datarouter.ol.epicgames.com/datarouter/api/v1/public/data?SessionID=%7BB7716DD8-4CF3-74C5-01E1-27B732579887%7D&AppID=UEEditor.Rocket.Release&AppVersion=4.20.3-4369336%2B%2B%2BUE4%2BRelease-4.20&UserID=bf9090af46f16e8ac733f2a0d3414a98%7Cb450ce11abb74634b2b3b857ae209a78%7C729d849b-b9f3-42f0-8d90-8b6a2dbb6bf8&AppEnvironment=datacollector-binary&UploadType=eteventstream] status=Processing
[2018.11.05-16.06.33:331][ 40]LogModuleManager: Shutting down and abandoning module SSL (60)
[2018.11.05-16.06.33:333][ 40]LogModuleManager: Shutting down and abandoning module MagicLeapEmulator (56)
[2018.11.05-16.06.33:333][ 40]LogModuleManager: Shutting down and abandoning module MagicLeapPrivileges (54)
[2018.11.05-16.06.33:333][ 40]LogModuleManager: Shutting down and abandoning module MagicLeapIdentity (52)
[2018.11.05-16.06.33:333][ 40]LogModuleManager: Shutting down and abandoning module MagicLeapHelperVulkan (50)
[2018.11.05-16.06.33:333][ 40]LogModuleManager: Shutting down and abandoning module MagicLeapHelperOpenGL (48)
[2018.11.05-16.06.33:333][ 40]LogModuleManager: Shutting down and abandoning module MagicLeapSecureStorage (46)
[2018.11.05-16.06.33:333][ 40]LogModuleManager: Shutting down and abandoning module MagicLeapGestures (44)
[2018.11.05-16.06.33:333][ 40]LogModuleManager: Shutting down and abandoning module MagicLeapEyeTracker (42)
[2018.11.05-16.06.33:333][ 40]LogModuleManager: Shutting down and abandoning module MagicLeapController (40)
[2018.11.05-16.06.33:333][ 40]LogSlate: Slate User Destroyed.  User Index 0, Is Virtual User: 0
[2018.11.05-16.06.33:333][ 40]LogModuleManager: Shutting down and abandoning module MagicLeap (38)
[2018.11.05-16.06.33:333][ 40]LogModuleManager: Shutting down and abandoning module AnimationModifiers (36)
[2018.11.05-16.06.33:334][ 40]LogModuleManager: Shutting down and abandoning module PropertyEditor (35)
[2018.11.05-16.06.33:334][ 40]LogModuleManager: Shutting down and abandoning module AudioEditor (32)
[2018.11.05-16.06.33:334][ 40]LogModuleManager: Shutting down and abandoning module TextureCompressor (30)
[2018.11.05-16.06.33:334][ 40]LogModuleManager: Shutting down and abandoning module ShaderCore (28)
[2018.11.05-16.06.33:334][ 40]LogModuleManager: Shutting down and abandoning module Landscape (26)
[2018.11.05-16.06.33:334][ 40]LogModuleManager: Shutting down and abandoning module SlateRHIRenderer (24)
[2018.11.05-16.06.33:334][ 40]LogModuleManager: Shutting down and abandoning module OpenGLDrv (22)
[2018.11.05-16.06.33:335][ 40]LogModuleManager: Shutting down and abandoning module D3D11RHI (20)
[2018.11.05-16.06.33:335][ 40]LogModuleManager: Shutting down and abandoning module AnimGraphRuntime (18)
[2018.11.05-16.06.33:335][ 40]LogModuleManager: Shutting down and abandoning module Renderer (16)
[2018.11.05-16.06.33:335][ 40]LogModuleManager: Shutting down and abandoning module Engine (14)
[2018.11.05-16.06.33:335][ 40]LogModuleManager: Shutting down and abandoning module CoreUObject (12)
[2018.11.05-16.06.33:335][ 40]LogModuleManager: Shutting down and abandoning module NetworkFile (10)
[2018.11.05-16.06.33:335][ 40]LogModuleManager: Shutting down and abandoning module CookedIterativeFile (8)
[2018.11.05-16.06.33:335][ 40]LogModuleManager: Shutting down and abandoning module StreamingFile (6)
[2018.11.05-16.06.33:335][ 40]LogModuleManager: Shutting down and abandoning module SandboxFile (4)
[2018.11.05-16.06.33:335][ 40]LogModuleManager: Shutting down and abandoning module PakFile (2)
[2018.11.05-16.06.33:339][ 40]LogExit: Exiting.
[2018.11.05-16.06.33:352][ 40]Log file closed, 11/05/18 17:06:33
