Log file open, 11/05/18 16:23:43
LogWindows: Failed to load 'aqProf.dll' (GetLastError=126)
LogWindows: File 'aqProf.dll' does not exist
LogWindows: Failed to load 'VtuneApi.dll' (GetLastError=126)
LogWindows: File 'VtuneApi.dll' does not exist
LogWindows: Failed to load 'VtuneApi32e.dll' (GetLastError=126)
LogWindows: File 'VtuneApi32e.dll' does not exist
LogInit: Display: Running engine for game: Blockout_1890
LogPlatformFile: Not using cached read wrapper
LogTaskGraph: Started task graph with 5 named threads and 11 total threads with 3 sets of task threads.
LogStats: Stats thread started at 0.212558
LogD3D11RHI: Loaded GFSDK_Aftermath_Lib.x64.dll
LogICUInternationalization: Display: ICU TimeZone Detection - Raw Offset: +1:00, Platform Override: ''
LogPluginManager: Mounting plugin Paper2D
LogPluginManager: Mounting plugin AISupport
LogPluginManager: Mounting plugin LightPropagationVolume
LogPluginManager: Mounting plugin CLionSourceCodeAccess
LogPluginManager: Mounting plugin CodeLiteSourceCodeAccess
LogPluginManager: Mounting plugin GitSourceControl
LogPluginManager: Mounting plugin KDevelopSourceCodeAccess
LogPluginManager: Mounting plugin NullSourceCodeAccess
LogPluginManager: Mounting plugin PerforceSourceControl
LogPluginManager: Mounting plugin SubversionSourceControl
LogPluginManager: Mounting plugin UObjectPlugin
LogPluginManager: Mounting plugin VisualStudioCodeSourceCodeAccess
LogPluginManager: Mounting plugin VisualStudioSourceCodeAccess
LogPluginManager: Mounting plugin XCodeSourceCodeAccess
LogPluginManager: Mounting plugin AssetManagerEditor
LogPluginManager: Mounting plugin CryptoKeys
LogPluginManager: Mounting plugin DataValidation
LogPluginManager: Mounting plugin FacialAnimation
LogPluginManager: Mounting plugin GameplayTagsEditor
LogPluginManager: Mounting plugin MacGraphicsSwitching
LogPluginManager: Mounting plugin MeshEditor
LogPluginManager: Mounting plugin MobileLauncherProfileWizard
LogPluginManager: Mounting plugin PluginBrowser
LogPluginManager: Mounting plugin SpeedTreeImporter
LogPluginManager: Mounting plugin DatasmithContent
LogPluginManager: Mounting plugin AlembicImporter
LogPluginManager: Mounting plugin AppleImageUtils
LogPluginManager: Mounting plugin AppleVision
LogPluginManager: Mounting plugin BackChannel
LogPluginManager: Mounting plugin CharacterAI
LogPluginManager: Mounting plugin GeometryCache
LogPluginManager: Mounting plugin HTML5Networking
LogPluginManager: Mounting plugin ProxyLODPlugin
LogPluginManager: Mounting plugin MagicLeap
LogPluginManager: Mounting plugin MagicLeapEmulator
LogPluginManager: Mounting plugin MagicLeapMedia
LogPluginManager: Mounting plugin AndroidMedia
LogPluginManager: Mounting plugin AvfMedia
LogPluginManager: Mounting plugin ImgMedia
LogPluginManager: Mounting plugin LinearTimecode
LogPluginManager: Mounting plugin MediaCompositing
LogPluginManager: Mounting plugin MediaPlayerEditor
LogPluginManager: Mounting plugin WmfMedia
LogPluginManager: Mounting plugin TcpMessaging
LogPluginManager: Mounting plugin UdpMessaging
LogPluginManager: Mounting plugin ActorSequence
LogPluginManager: Mounting plugin LevelSequenceEditor
LogPluginManager: Mounting plugin MatineeToLevelSequence
LogPluginManager: Mounting plugin NetcodeUnitTest
LogPluginManager: Mounting plugin NUTUnrealEngine4
LogPluginManager: Mounting plugin OnlineSubsystemGooglePlay
LogPluginManager: Mounting plugin OnlineSubsystemIOS
LogPluginManager: Mounting plugin OnlineSubsystem
LogPluginManager: Mounting plugin OnlineSubsystemNull
LogPluginManager: Mounting plugin OnlineSubsystemUtils
LogPluginManager: Mounting plugin LauncherChunkInstaller
LogPluginManager: Mounting plugin AndroidDeviceProfileSelector
LogPluginManager: Mounting plugin AndroidMoviePlayer
LogPluginManager: Mounting plugin AndroidPermission
LogPluginManager: Mounting plugin AppleMoviePlayer
LogPluginManager: Mounting plugin ArchVisCharacter
LogPluginManager: Mounting plugin AudioCapture
LogPluginManager: Mounting plugin CableComponent
LogPluginManager: Mounting plugin CustomMeshComponent
LogPluginManager: Mounting plugin EditableMesh
LogPluginManager: Mounting plugin ExampleDeviceProfileSelector
LogPluginManager: Mounting plugin GoogleCloudMessaging
LogPluginManager: Mounting plugin ImmediatePhysics
LogPluginManager: Mounting plugin IOSDeviceProfileSelector
LogPluginManager: Mounting plugin LinuxDeviceProfileSelector
LogPluginManager: Mounting plugin LocationServicesBPLibrary
LogPluginManager: Mounting plugin MobilePatchingUtils
LogPluginManager: Mounting plugin OculusVR
LogPluginManager: Plugin shader directory ../../../Engine/Plugins/Runtime/Oculus/OculusVR/Shaders found
LogPluginManager: Mapping shader source directory ../../../Engine/Plugins/Runtime/Oculus/OculusVR/Shaders to virtual directory /Plugin/OculusVR
LogPluginManager: Mounting plugin PhysXVehicles
LogPluginManager: Mounting plugin ProceduralMeshComponent
LogPluginManager: Mounting plugin RuntimePhysXCooking
LogPluginManager: Mounting plugin SteamVR
LogPluginManager: Mounting plugin WindowsMoviePlayer
LogStreaming: Display: Took  0.154s to configure plugins.
LogInit: Using libcurl 7.55.1-DEV
LogInit:  - built for x86_64-pc-win32
LogInit:  - supports SSL with OpenSSL/1.0.2h
LogInit:  - supports HTTP deflate (compression) using libz 1.2.8
LogInit:  - other features:
LogInit:      CURL_VERSION_SSL
LogInit:      CURL_VERSION_LIBZ
LogInit:      CURL_VERSION_IPV6
LogInit:      CURL_VERSION_ASYNCHDNS
LogInit:      CURL_VERSION_LARGEFILE
LogInit:      CURL_VERSION_IDN
LogInit:  CurlRequestOptions (configurable via config and command line):
LogInit:  - bVerifyPeer = false  - Libcurl will NOT verify peer certificate
LogInit:  - bUseHttpProxy = false  - Libcurl will NOT use HTTP proxy
LogInit:  - bDontReuseConnections = false  - Libcurl will reuse connections
LogInit:  - CertBundlePath = nullptr  - Libcurl will use whatever was configured at build time.
LogInit:  - MaxHostConnections = 16  - Libcurl will limit the number of connections to a host
LogInit:  - LocalHostAddr = Default
LogInit:  - BufferSize = 65536
LogInit: WinSock: version 1.1 (2.2), MaxSocks=32767, MaxUdp=65467
LogInit: Build: ++UE4+Release-4.20-CL-4369336
LogInit: Engine Version: 4.20.3-4369336+++UE4+Release-4.20
LogInit: Compatible Engine Version: 4.20.0-4212847+++UE4+Release-4.20
LogInit: Net CL: 4212847
LogInit: OS: Windows 10 (), CPU: Intel(R) Core(TM) i7-6500U CPU @ 2.50GHz, GPU: Intel(R) HD Graphics 520
LogInit: Compiled (64-bit): Sep 17 2018 12:26:19
LogInit: Compiled with Visual C++: 19.13.26129.00
LogInit: Build Configuration: Development
LogInit: Branch Name: ++UE4+Release-4.20
LogInit: Command Line: 
LogInit: Base Directory: D:/UE_4.20/Engine/Binaries/Win64/
LogInit: Installed Engine Build: 1
LogDevObjectVersion: Number of dev versions registered: 20
LogDevObjectVersion:   Dev-Blueprints (B0D832E4-1F89-4F0D-ACCF-7EB736FD4AA2): 10
LogDevObjectVersion:   Dev-Build (E1C64328-A22C-4D53-A36C-8E866417BD8C): 0
LogDevObjectVersion:   Dev-Core (375EC13C-06E4-48FB-B500-84F0262A717E): 2
LogDevObjectVersion:   Dev-Editor (E4B068ED-F494-42E9-A231-DA0B2E46BB41): 24
LogDevObjectVersion:   Dev-Framework (CFFC743F-43B0-4480-9391-14DF171D2073): 34
LogDevObjectVersion:   Dev-Mobile (B02B49B5-BB20-44E9-A304-32B752E40360): 2
LogDevObjectVersion:   Dev-Networking (A4E4105C-59A1-49B5-A7C5-40C4547EDFEE): 0
LogDevObjectVersion:   Dev-Online (39C831C9-5AE6-47DC-9A44-9C173E1C8E7C): 0
LogDevObjectVersion:   Dev-Physics (78F01B33-EBEA-4F98-B9B4-84EACCB95AA2): 0
LogDevObjectVersion:   Dev-Platform (6631380F-2D4D-43E0-8009-CF276956A95A): 0
LogDevObjectVersion:   Dev-Rendering (12F88B9F-8875-4AFC-A67C-D90C383ABD29): 26
LogDevObjectVersion:   Dev-Sequencer (7B5AE74C-D270-4C10-A958-57980B212A5A): 9
LogDevObjectVersion:   Dev-VR (D7296918-1DD6-4BDD-9DE2-64A83CC13884): 2
LogDevObjectVersion:   Dev-LoadTimes (C2A15278-BFE7-4AFE-6C17-90FF531DF755): 1
LogDevObjectVersion:   Private-Geometry (6EACA3D4-40EC-4CC1-B786-8BED09428FC5): 3
LogDevObjectVersion:   Dev-AnimPhys (29E575DD-E0A3-4627-9D10-D276232CDCEA): 17
LogDevObjectVersion:   Dev-ReflectionCapture (6B266CEC-1EC7-4B8F-A30B-E4D90942FC07): 1
LogDevObjectVersion:   Dev-Automation (0DF73D61-A23F-47EA-B727-89E90C41499A): 1
LogDevObjectVersion:   FortniteMain (601D1886-AC64-4F84-AA16-D3DE0DEAC7D6): 12
LogDevObjectVersion:   Dev-Enterprise (9DFFBCD6-494F-0158-E221-12823C92A888): 1
LogStreaming: Display: Took  0.002s to delete old logs.
LogInit: Presizing for max 8388607 objects, including 0 objects not considered by GC, pre-allocating 0 bytes for permanent pool.
LogInit: Object subsystem initialized
[2018.11.05-15.23.44:181][  0]LogInit: Selected Device Profile: [Windows]
[2018.11.05-15.23.44:181][  0]LogInit: Applying CVar settings loaded from the selected device profile: [Windows]
[2018.11.05-15.23.44:230][  0]LogHAL: Display: Platform has ~ 16 GB [17037352960 / 17179869184 / 16], which maps to Larger [LargestMinGB=32, LargerMinGB=12, DefaultMinGB=8, SmallerMinGB=6, SmallestMinGB=0)
[2018.11.05-15.23.44:230][  0]LogInit: Setting Device Profile CVar: [[r.Vulkan.UseRealUBs:1]]
[2018.11.05-15.23.44:230][  0]LogInit: Going up to parent DeviceProfile []
[2018.11.05-15.23.44:238][  0]LogInit: Computer: DESKTOP-2930BI6
[2018.11.05-15.23.44:238][  0]LogInit: User: batti
[2018.11.05-15.23.44:238][  0]LogInit: CPU Page size=4096, Cores=2
[2018.11.05-15.23.44:238][  0]LogInit: High frequency timer resolution =2.531249 MHz
[2018.11.05-15.23.44:239][  0]LogMemory: Memory total: Physical=15.9GB (16GB approx)
[2018.11.05-15.23.44:239][  0]LogMemory: Platform Memory Stats for Windows
[2018.11.05-15.23.44:239][  0]LogMemory: Process Physical Memory: 100.83 MB used, 100.83 MB peak
[2018.11.05-15.23.44:239][  0]LogMemory: Process Virtual Memory: 84.63 MB used, 84.63 MB peak
[2018.11.05-15.23.44:239][  0]LogMemory: Physical Memory: 4225.21 MB used,  12022.88 MB free, 16248.09 MB total
[2018.11.05-15.23.44:239][  0]LogMemory: Virtual Memory: 4607.17 MB used,  12022.88 MB free, 134217728.00 MB total
[2018.11.05-15.23.44:652][  0]LogInit: Using OS detected language (fr-FR).
[2018.11.05-15.23.44:652][  0]LogInit: Using OS detected locale (fr-CH).
[2018.11.05-15.23.44:718][  0]LogTextLocalizationManager: No specific localization for 'fr-FR' exists, so the 'fr' localization will be used.
[2018.11.05-15.23.44:773][  0]LogStreaming: Display: Took  0.121s to InitEngineTextLocalization.
[2018.11.05-15.23.44:773][  0]LogInit: Setting process to per monitor DPI aware
[2018.11.05-15.23.44:857][  0]LogSlate: New Slate User Created.  User Index 0, Is Virtual User: 0
[2018.11.05-15.23.44:857][  0]LogSlate: Slate User Registered.  User Index 0, Is Virtual User: 0
[2018.11.05-15.23.46:457][  0]LogHMD: Failed to initialize OpenVR with code 110
[2018.11.05-15.23.46:457][  0]LogD3D11RHI: D3D11 adapters:
[2018.11.05-15.23.46:584][  0]LogD3D11RHI:    0. 'NVIDIA GeForce 940MX' (Feature Level 11_0)
[2018.11.05-15.23.46:584][  0]LogD3D11RHI:       2019/0/8124 MB DedicatedVideo/DedicatedSystem/SharedSystem, Outputs:1, VendorId:0x10de
[2018.11.05-15.23.46:595][  0]LogD3D11RHI:    1. 'Intel(R) HD Graphics 520' (Feature Level 11_0)
[2018.11.05-15.23.46:595][  0]LogD3D11RHI:       128/0/8124 MB DedicatedVideo/DedicatedSystem/SharedSystem, Outputs:0, VendorId:0x8086
[2018.11.05-15.23.46:599][  0]LogD3D11RHI:    2. 'Microsoft Basic Render Driver' (Feature Level 11_0)
[2018.11.05-15.23.46:599][  0]LogD3D11RHI:       0/0/8124 MB DedicatedVideo/DedicatedSystem/SharedSystem, Outputs:0, VendorId:0x1414
[2018.11.05-15.23.46:599][  0]LogD3D11RHI: Chosen D3D11 Adapter: 0
[2018.11.05-15.23.46:642][  0]LogD3D11RHI: Creating new Direct3DDevice
[2018.11.05-15.23.46:642][  0]LogD3D11RHI:     GPU DeviceId: 0x179c (for the marketing name, search the web for "GPU Device Id")
[2018.11.05-15.23.46:642][  0]LogWindows: EnumDisplayDevices:
[2018.11.05-15.23.46:642][  0]LogWindows:    0. 'Intel(R) HD Graphics 520' (P:1 D:1)
[2018.11.05-15.23.46:642][  0]LogWindows:    1. 'Intel(R) HD Graphics 520' (P:0 D:0)
[2018.11.05-15.23.46:642][  0]LogWindows:    2. 'Intel(R) HD Graphics 520' (P:0 D:0)
[2018.11.05-15.23.46:643][  0]LogWindows: DebugString: PrimaryIsNotTheChoosenAdapter PrimaryIsNotTheChoosenAdapter PrimaryIsNotTheChoosenAdapter FoundDriverCount:0 
[2018.11.05-15.23.46:643][  0]LogD3D11RHI:     Adapter Name: NVIDIA GeForce 940MX
[2018.11.05-15.23.46:643][  0]LogD3D11RHI:   Driver Version: Unknown (internal:Unknown, unified:Unknown)
[2018.11.05-15.23.46:643][  0]LogD3D11RHI:      Driver Date: Unknown
[2018.11.05-15.23.46:643][  0]LogRHI: Texture pool is 1413 MB (70% of 2019 MB)
[2018.11.05-15.23.46:663][  0]LogD3D11RHI: Async texture creation enabled
[2018.11.05-15.23.46:682][  0]LogD3D11RHI: GPU Timing Frequency: 1000.000000 (Debug: 2 2)
[2018.11.05-15.23.46:683][  0]LogShaderCompilers: Guid format shader working directory is 9 characters bigger than the processId version (C:/Users/batti/Desktop/Blockout_1890/Intermediate/Shaders/WorkingDirectory/17244/).
[2018.11.05-15.23.46:684][  0]LogShaderCompilers: Cleaned the shader compiler working directory 'C:/Users/batti/AppData/Local/Temp/UnrealShaderWorkingDir/00F323D840F76620B12BAE87993A400F/'.
[2018.11.05-15.23.47:296][  0]LogTemp: Display: Loaded TP AllDesktopTargetPlatform
[2018.11.05-15.23.47:314][  0]LogTemp: Display: Loaded TP MacClientTargetPlatform
[2018.11.05-15.23.47:334][  0]LogTemp: Display: Loaded TP MacNoEditorTargetPlatform
[2018.11.05-15.23.47:354][  0]LogTemp: Display: Loaded TP MacServerTargetPlatform
[2018.11.05-15.23.47:443][  0]LogTemp: Display: Loaded TP MacTargetPlatform
[2018.11.05-15.23.47:482][  0]LogTemp: Display: Loaded TP WindowsClientTargetPlatform
[2018.11.05-15.23.47:538][  0]LogTemp: Display: Loaded TP WindowsNoEditorTargetPlatform
[2018.11.05-15.23.47:613][  0]LogTemp: Display: Loaded TP WindowsServerTargetPlatform
[2018.11.05-15.23.47:624][  0]LogTemp: Display: Loaded TP WindowsTargetPlatform
[2018.11.05-15.23.47:830][  0]LogTemp: Display: Loaded TP AndroidTargetPlatform
[2018.11.05-15.23.47:830][  0]LogTemp: Display: Loaded TP AndroidTargetPlatform
[2018.11.05-15.23.47:830][  0]LogTemp: Display: Loaded TP AndroidTargetPlatform
[2018.11.05-15.23.47:830][  0]LogTemp: Display: Loaded TP AndroidTargetPlatform
[2018.11.05-15.23.47:830][  0]LogTemp: Display: Loaded TP AndroidTargetPlatform
[2018.11.05-15.23.47:830][  0]LogTemp: Display: Loaded TP AndroidTargetPlatform
[2018.11.05-15.23.47:830][  0]LogTemp: Display: Loaded TP AndroidTargetPlatform
[2018.11.05-15.23.47:830][  0]LogTemp: Display: Loaded TP AndroidTargetPlatform
[2018.11.05-15.23.47:830][  0]LogTemp: Display: Loaded TP AndroidTargetPlatform
[2018.11.05-15.23.47:830][  0]LogTemp: Display: Loaded TP AndroidTargetPlatform
[2018.11.05-15.23.47:830][  0]LogTemp: Display: Loaded TP AndroidTargetPlatform
[2018.11.05-15.23.47:830][  0]LogTemp: Display: Loaded TP AndroidTargetPlatform
[2018.11.05-15.23.47:830][  0]LogTemp: Display: Loaded TP AndroidTargetPlatform
[2018.11.05-15.23.47:830][  0]LogTemp: Display: Loaded TP AndroidTargetPlatform
[2018.11.05-15.23.47:830][  0]LogTemp: Display: Loaded TP AndroidTargetPlatform
[2018.11.05-15.23.47:830][  0]LogTemp: Display: Loaded TP AndroidTargetPlatform
[2018.11.05-15.23.47:830][  0]LogTemp: Display: Loaded TP AndroidTargetPlatform
[2018.11.05-15.23.47:830][  0]LogTemp: Display: Loaded TP AndroidTargetPlatform
[2018.11.05-15.23.47:848][  0]LogTemp: Display: Loaded TP HTML5TargetPlatform
[2018.11.05-15.23.47:948][  0]LogTemp: Display: Loaded TP IOSTargetPlatform
[2018.11.05-15.23.47:948][  0]LogTemp: Display: Loaded TP IOSTargetPlatform
[2018.11.05-15.23.47:977][  0]LogTemp: Display: Loaded TP TVOSTargetPlatform
[2018.11.05-15.23.47:977][  0]LogTemp: Display: Loaded TP TVOSTargetPlatform
[2018.11.05-15.23.47:992][  0]LogTemp: Display: Loaded TP LinuxClientTargetPlatform
[2018.11.05-15.23.48:014][  0]LogTemp: Display: Loaded TP LinuxNoEditorTargetPlatform
[2018.11.05-15.23.48:049][  0]LogTemp: Display: Loaded TP LinuxServerTargetPlatform
[2018.11.05-15.23.48:073][  0]LogTemp: Display: Loaded TP LinuxTargetPlatform
[2018.11.05-15.23.48:083][  0]LogTemp: Display: Loaded TP LuminTargetPlatform
[2018.11.05-15.23.48:083][  0]LogTargetPlatformManager: Display: Building Assets For Windows
[2018.11.05-15.23.48:347][  0]LogXGEController: Cleaning working directory: C:/Users/batti/AppData/Local/Temp/UnrealXGEWorkingDir/
[2018.11.05-15.23.48:348][  0]LogXGEController: Cannot use XGE Controller as Incredibuild is not installed on this machine.
[2018.11.05-15.23.48:348][  0]LogShaderCompilers: Cannot use XGE Shader Compiler as Incredibuild is not installed on this machine.
[2018.11.05-15.23.48:348][  0]LogShaderCompilers: Display: Using Local Shader Compiler.
[2018.11.05-15.23.49:440][  0]LogDerivedDataCache: Display: Max Cache Size: 512 MB
[2018.11.05-15.23.49:808][  0]LogDerivedDataCache: Loaded boot cache 0.37s 71MB C:/Users/batti/AppData/Local/UnrealEngine/4.20/DerivedDataCache/Boot.ddc.
[2018.11.05-15.23.49:809][  0]LogDerivedDataCache: Display: Loaded Boot cache: C:/Users/batti/AppData/Local/UnrealEngine/4.20/DerivedDataCache/Boot.ddc
[2018.11.05-15.23.49:809][  0]LogDerivedDataCache: FDerivedDataBackendGraph:  Pak pak cache file C:/Users/batti/Desktop/Blockout_1890/DerivedDataCache/DDC.ddp not found, will not use a pak cache.
[2018.11.05-15.23.49:809][  0]LogDerivedDataCache: Unable to find inner node Pak for hierarchical cache Hierarchy.
[2018.11.05-15.23.49:809][  0]LogDerivedDataCache: FDerivedDataBackendGraph:  CompressedPak pak cache file C:/Users/batti/Desktop/Blockout_1890/DerivedDataCache/Compressed.ddp not found, will not use a pak cache.
[2018.11.05-15.23.49:809][  0]LogDerivedDataCache: Unable to find inner node CompressedPak for hierarchical cache Hierarchy.
[2018.11.05-15.23.49:934][  0]LogDerivedDataCache: Display: Pak cache opened for reading ../../../Engine/DerivedDataCache/Compressed.ddp.
[2018.11.05-15.23.49:946][  0]LogDerivedDataCache: Using Local data cache path C:/Users/batti/AppData/Local/UnrealEngine/Common/DerivedDataCache: Writable
[2018.11.05-15.23.49:946][  0]LogDerivedDataCache: Shared data cache path not found in *engine.ini, will not use an Shared cache.
[2018.11.05-15.23.49:946][  0]LogDerivedDataCache: Unable to find inner node Shared for hierarchical cache Hierarchy.
[2018.11.05-15.23.49:979][  0]LogMaterial: Verifying Global Shaders for PCD3D_SM5
[2018.11.05-15.23.49:982][  0]LogSlate: Using FreeType 2.6.0
[2018.11.05-15.23.49:984][  0]LogSlate: SlateFontServices - WITH_FREETYPE: 1, WITH_HARFBUZZ: 1
[2018.11.05-15.23.50:145][  0]LogAssetRegistry: FAssetRegistry took 0.0301 seconds to start up
[2018.11.05-15.23.50:626][  0]LogInit: Selected Device Profile: [Windows]
[2018.11.05-15.23.51:148][  0]LogSimplygon: Simplygon DLL not present - disabling.
[2018.11.05-15.23.51:251][  0]LogMeshReduction: Using SimplygonSwarm for distributed automatic mesh merging
[2018.11.05-15.23.51:251][  0]LogMeshReduction: Using ProxyLODMeshReduction for automatic mesh merging
[2018.11.05-15.23.51:251][  0]LogMeshReduction: Using QuadricMeshReduction for automatic static mesh reduction
[2018.11.05-15.23.51:251][  0]LogMeshReduction: No automatic skeletal mesh reduction module available
[2018.11.05-15.23.51:272][  0]LogNetVersion: Blockout_1890 1.0.0, NetCL: 4212847, EngineNetVer: 5, GameNetVer: 0 (Checksum: 179647709)
[2018.11.05-15.23.52:021][  0]LogPackageLocalizationCache: Processed 11 localized package path(s) for 2 prioritized culture(s) in 0.110714 seconds
[2018.11.05-15.23.52:029][  0]LogUObjectArray: 38425 objects as part of root set at end of initial load.
[2018.11.05-15.23.52:029][  0]LogUObjectAllocator: 6690864 out of 0 bytes used by permanent object pool.
[2018.11.05-15.23.52:029][  0]LogUObjectArray: CloseDisregardForGC: 0/0 objects in disregard for GC pool
[2018.11.05-15.23.59:701][  0]LogTcpMessaging: Initializing TcpMessaging bridge
[2018.11.05-15.23.59:730][  0]LogUdpMessaging: Initializing bridge on interface 0.0.0.0:0 to multicast group 230.0.0.1:6666.
[2018.11.05-15.24.00:079][  0]SourceControl: Source control is disabled
[2018.11.05-15.24.00:080][  0]SourceControl: Source control is disabled
[2018.11.05-15.24.00:110][  0]SourceControl: Source control is disabled
[2018.11.05-15.24.00:126][  0]SourceControl: Source control is disabled
[2018.11.05-15.24.00:752][  0]LogAndroidPermission: UAndroidPermissionCallbackProxy::GetInstance
[2018.11.05-15.24.00:912][  0]LogOcInput: OculusInput pre-init called
[2018.11.05-15.24.01:077][  0]LogEngine: Initializing Engine...
[2018.11.05-15.24.01:078][  0]LogHMD: Failed to initialize OpenVR with code 110
[2018.11.05-15.24.01:079][  0]LogStats: UGameplayTagsManager::ConstructGameplayTagTree: ImportINI prefixes -  0.000 s
[2018.11.05-15.24.01:079][  0]LogStats: UGameplayTagsManager::ConstructGameplayTagTree: Construct from data asset -  0.000 s
[2018.11.05-15.24.01:080][  0]LogStats: UGameplayTagsManager::ConstructGameplayTagTree: ImportINI -  0.000 s
[2018.11.05-15.24.01:080][  0]LogStats: UGameplayTagsManager::ConstructGameplayTagTree: GameplayTagTreeChangedEvent.Broadcast -  0.000 s
[2018.11.05-15.24.01:376][  0]LogInit: Initializing FReadOnlyCVARCache
[2018.11.05-15.24.01:483][  0]LogAIModule: Creating AISystem for world Untitled
[2018.11.05-15.24.01:507][  0]LogInit: XAudio2 using 'Speakers (Conexant SmartAudio HD)' : 2 channels at 48 kHz using 32 bits per sample (channel mask 0x3)
[2018.11.05-15.24.01:643][  0]LogInit: FAudioDevice initialized.
[2018.11.05-15.24.01:643][  0]LogNetVersion: Set ProjectVersion to 1.0.0.0. Version Checksum will be recalculated on next use.
[2018.11.05-15.24.01:737][  0]LogDerivedDataCache: Saved boot cache 0.09s 71MB C:/Users/batti/AppData/Local/UnrealEngine/4.20/DerivedDataCache/Boot.ddc.
[2018.11.05-15.24.01:746][  0]LogInit: Texture streaming: Enabled
[2018.11.05-15.24.01:808][  0]LogEngineSessionManager: EngineSessionManager initialized
[2018.11.05-15.24.01:808][  0]LogEngineSessionManager: EngineSessionManager sent abnormal shutdown report. Type=Crashed, SessionId={E07F1B91-4918-1DB4-A402-A89041C89B8A}
[2018.11.05-15.24.02:266][  0]LogInit: Transaction tracking system initialized
[2018.11.05-15.24.02:417][  0]BlueprintLog: New page: Editor Load
[2018.11.05-15.24.02:854][  0]LocalizationService: Localization service is disabled
[2018.11.05-15.24.03:744][  0]LogCook: Display: Max memory allowance for cook 16384mb min free memory 0mb
[2018.11.05-15.24.03:744][  0]LogCook: Display: Mobile HDR setting 1
[2018.11.05-15.24.03:745][  0]LogGameplayTags: Display: UGameplayTagsManager::DoneAddingNativeTags. DelegateIsBound: 0
[2018.11.05-15.24.03:745][  0]LogStats: UGameplayTagsManager::ConstructGameplayTagTree: ImportINI prefixes -  0.000 s
[2018.11.05-15.24.03:745][  0]LogStats: UGameplayTagsManager::ConstructGameplayTagTree: Construct from data asset -  0.000 s
[2018.11.05-15.24.03:745][  0]LogStats: UGameplayTagsManager::ConstructGameplayTagTree: ImportINI -  0.000 s
[2018.11.05-15.24.03:745][  0]LogStats: UGameplayTagsManager::ConstructGameplayTagTree: GameplayTagTreeChangedEvent.Broadcast -  0.000 s
[2018.11.05-15.24.04:893][  0]LogFileCache: Scanning file cache for directory 'C:/Users/batti/Desktop/Blockout_1890/Content/' took 0.05s
[2018.11.05-15.24.04:921][  0]SourceControl: Source control is disabled
[2018.11.05-15.24.05:008][  0]LogSlate: Took 0.000455 seconds to synchronously load lazily loaded font '../../../Engine/Content/Slate/Fonts/Roboto-Regular.ttf' (155K)
[2018.11.05-15.24.07:708][  0]LogSlate: Window 'Restore Packages' being destroyed
[2018.11.05-15.24.07:709][  0]LogWindowsTextInputMethodSystem: Display: IME system now deactivated.
[2018.11.05-15.24.07:719][  0]LogWindowsTextInputMethodSystem: Display: IME system now deactivated.
[2018.11.05-15.24.07:720][  0]Cmd: MAP LOAD FILE="C:/Users/batti/Desktop/Blockout_1890/Content/StarterContent/Maps/Minimal_Default.umap" TEMPLATE=0 SHOWPROGRESS=1 FEATURELEVEL=3
[2018.11.05-15.24.07:721][  0]LightingResults: New page: Lighting Build
[2018.11.05-15.24.07:776][  0]MapCheck: New page: Map Check
[2018.11.05-15.24.07:776][  0]LightingResults: New page: Lighting Build
[2018.11.05-15.24.08:064][  0]LogLinker: Warning: Can't find file '/Game/StarterContent/Textures/T_Wood_Floor_Walnut_M'
[2018.11.05-15.24.08:065][  0]LogLinker: Warning: Can't find file for asset '/Game/StarterContent/Textures/T_Wood_Floor_Walnut_M' while loading C:/Users/batti/Desktop/Blockout_1890/Content/StarterContent/Materials/M_Wood_Floor_Walnut_Polished.uasset.
[2018.11.05-15.24.08:065][  0]LoadErrors: Error: /Game/StarterContent/Materials/M_Wood_Floor_Walnut_Polished : Can't find file for asset. /Game/StarterContent/Textures/T_Wood_Floor_Walnut_M
[2018.11.05-15.24.08:068][  0]LogLinker: Warning: Can't find file '/Game/StarterContent/Textures/T_Wood_Floor_Walnut_M'
[2018.11.05-15.24.08:068][  0]LogLinker: Warning: Can't find file for asset '/Game/StarterContent/Textures/T_Wood_Floor_Walnut_M' while loading C:/Users/batti/Desktop/Blockout_1890/Content/StarterContent/Materials/M_Wood_Floor_Walnut_Polished.uasset.
[2018.11.05-15.24.08:068][  0]LoadErrors: Error: /Game/StarterContent/Materials/M_Wood_Floor_Walnut_Polished : Can't find file for asset. /Game/StarterContent/Textures/T_Wood_Floor_Walnut_M
[2018.11.05-15.24.08:255][  0]LogLinker: Warning: Can't find file '/Game/StarterContent/Textures/T_Wood_Floor_Walnut_M'
[2018.11.05-15.24.08:255][  0]LoadErrors: Failed to load /Game/StarterContent/Textures/T_Wood_Floor_Walnut_M.T_Wood_Floor_Walnut_M Referenced by MaterialExpressionTextureSample_2
[2018.11.05-15.24.08:255][  0]LogLinker: Warning: Can't find file for asset '/Game/StarterContent/Textures/T_Wood_Floor_Walnut_M' while loading NULL.
[2018.11.05-15.24.08:256][  0]LoadErrors: Failed to load /Game/StarterContent/Textures/T_Wood_Floor_Walnut_M.T_Wood_Floor_Walnut_M Referenced by MaterialExpressionTextureSample_2
[2018.11.05-15.24.08:508][  0]LogMaterial: Display: Missing cached shader map for material M_Wood_Floor_Walnut_Polished, compiling. 
[2018.11.05-15.24.08:509][  0]LogMaterial: Warning: C:\Users\batti\Desktop\Blockout_1890\Content\StarterContent\Materials\M_Wood_Floor_Walnut_Polished.uasset: Failed to compile Material for platform PCD3D_SM5, Default Material will be used in game.
[2018.11.05-15.24.08:509][  0]LogMaterial: 	(Node TextureSample) Alpha is AO> Missing input texture
[2018.11.05-15.24.08:627][  0]LogAIModule: Creating AISystem for world Minimal_Default
[2018.11.05-15.24.08:650][  0]LogEditorServer: Finished looking for orphan Actors (0.000 secs)
[2018.11.05-15.24.08:681][  0]Cmd: MAP CHECKDEP NOCLEARLOG
[2018.11.05-15.24.08:833][  0]MapCheck: Map check complete: 0 Error(s), 0 Warning(s), took 151.174ms to complete.
[2018.11.05-15.24.08:833][  0]LogFileHelpers: Loading map 'Minimal_Default' took 1.113
[2018.11.05-15.24.08:912][  0]LogSlate: Updating window title bar state: overlay mode, drag disabled, window buttons hidden, title bar hidden
[2018.11.05-15.24.08:922][  0]LogSlate: Updating window title bar state: overlay mode, drag disabled, window buttons hidden, title bar hidden
[2018.11.05-15.24.08:934][  0]LogSlate: Updating window title bar state: overlay mode, drag disabled, window buttons hidden, title bar hidden
[2018.11.05-15.24.08:944][  0]LogSlate: Updating window title bar state: overlay mode, drag disabled, window buttons hidden, title bar hidden
[2018.11.05-15.24.08:965][  0]LogCollectionManager: Loaded 0 collections in 0.003991 seconds
[2018.11.05-15.24.09:020][  0]LogFileCache: Scanning file cache for directory 'C:/Users/batti/Desktop/Blockout_1890/Saved/Collections/' took 0.01s
[2018.11.05-15.24.09:020][  0]LogFileCache: Scanning file cache for directory 'C:/Users/batti/Desktop/Blockout_1890/Content/Developers/batti/Collections/' took 0.01s
[2018.11.05-15.24.09:020][  0]LogFileCache: Scanning file cache for directory 'C:/Users/batti/Desktop/Blockout_1890/Content/Collections/' took 0.01s
[2018.11.05-15.24.09:020][  0]LogCollectionManager: Rebuilt the GUID cache for 0 collections in 0.000000 seconds
[2018.11.05-15.24.09:036][  0]LogContentBrowser: Native class hierarchy populated in 0.0162 seconds. Added 2572 classes and 603 folders.
[2018.11.05-15.24.09:073][  0]LogContentBrowser: Native class hierarchy updated for 'WidgetCarousel' in 0.0004 seconds. Added 0 classes and 0 folders.
[2018.11.05-15.24.10:044][  0]LogContentBrowser: Native class hierarchy updated for 'AddContentDialog' in 0.0003 seconds. Added 0 classes and 0 folders.
[2018.11.05-15.24.10:065][  0]LogContentBrowser: Native class hierarchy updated for 'SceneOutliner' in 0.0003 seconds. Added 1 classes and 2 folders.
[2018.11.05-15.24.10:082][  0]LogSlate: Took 0.000472 seconds to synchronously load lazily loaded font '../../../Engine/Content/Slate/Fonts/Roboto-Bold.ttf' (160K)
[2018.11.05-15.24.10:112][  0]LogSlate: Took 0.021779 seconds to synchronously load lazily loaded font '../../../Engine/Content/Editor/Slate/Fonts/FontAwesome.ttf' (139K)
[2018.11.05-15.24.10:206][  0]LogRenderer: Reallocating scene render targets to support 1208x552 Format 10 NumSamples 1 (Frame:1).
[2018.11.05-15.24.10:350][  0]LogContentBrowser: Native class hierarchy updated for 'HierarchicalLODOutliner' in 0.0003 seconds. Added 0 classes and 0 folders.
[2018.11.05-15.24.10:350][  0]LogLoad: (Engine Initialization) Total time: 36.15 seconds
[2018.11.05-15.24.10:350][  0]LogLoad: (Engine Initialization) Total Blueprint compile time: 0.00 seconds
[2018.11.05-15.24.10:397][  0]LogContentStreaming: Texture pool size now 1000 MB
[2018.11.05-15.24.10:402][  0]LogSlate: FSceneViewport::OnFocusLost() reason 2
[2018.11.05-15.24.10:452][  0]LogSlate: Took 0.015416 seconds to synchronously load lazily loaded font '../../../Engine/Content/Slate/Fonts/Roboto-Light.ttf' (167K)
[2018.11.05-15.24.11:166][  2]LogAssetRegistry: Asset discovery search completed in 21.0435 seconds
[2018.11.05-15.24.11:168][  2]LogCollectionManager: Rebuilt the object cache for 0 collections in 0.000000 seconds (found 0 objects)
[2018.11.05-15.24.11:168][  2]LogCollectionManager: Fixed up redirectors for 0 collections in 0.000062 seconds (updated 0 objects)
[2018.11.05-15.42.13:223][935]LogSlate: Window 'Message Log' being destroyed
[2018.11.05-15.42.13:227][935]LogSlate: Window 'Message Log' being destroyed
[2018.11.05-15.42.15:429][ 30]LogSlate: Window 'Blockout_1890 - Unreal Editor' being destroyed
[2018.11.05-15.42.15:430][ 30]LogWindowsTextInputMethodSystem: Display: IME system now deactivated.
[2018.11.05-15.42.15:816][ 31]Cmd: QUIT_EDITOR
[2018.11.05-15.42.16:178][ 31]LogExit: Preparing to exit.
[2018.11.05-15.42.17:413][ 31]LogExit: Editor shut down
[2018.11.05-15.42.17:413][ 31]LogExit: Transaction tracking system shut down
[2018.11.05-15.42.18:720][ 31]LogExit: Object subsystem successfully closed.
[2018.11.05-15.42.18:741][ 31]LogShaderCompilers: Display: Shaders left to compile 0
[2018.11.05-15.42.18:763][ 31]LogD3D11RHI: Shutdown
[2018.11.05-15.42.18:763][ 31]LogD3D11RHI: CleanupD3DDevice
[2018.11.05-15.42.18:810][ 31]LogD3D11RHI: ~FD3D11DynamicRHI
[2018.11.05-15.42.19:844][ 31]LogModuleManager: Shutting down and abandoning module HierarchicalLODOutliner (610)
[2018.11.05-15.42.19:844][ 31]LogModuleManager: Shutting down and abandoning module SceneOutliner (608)
[2018.11.05-15.42.19:844][ 31]LogModuleManager: Shutting down and abandoning module AddContentDialog (606)
[2018.11.05-15.42.19:867][ 31]LogModuleManager: Shutting down and abandoning module WidgetCarousel (605)
[2018.11.05-15.42.19:867][ 31]LogModuleManager: Shutting down and abandoning module EditorWidgets (602)
[2018.11.05-15.42.19:867][ 31]LogModuleManager: Shutting down and abandoning module CollectionManager (600)
[2018.11.05-15.42.19:896][ 31]LogModuleManager: Shutting down and abandoning module StatsViewer (598)
[2018.11.05-15.42.19:907][ 31]LogModuleManager: Shutting down and abandoning module FoliageEdit (596)
[2018.11.05-15.42.19:921][ 31]LogModuleManager: Shutting down and abandoning module LandscapeEditor (594)
[2018.11.05-15.42.19:939][ 31]LogModuleManager: Shutting down and abandoning module MeshPaintMode (592)
[2018.11.05-15.42.19:951][ 31]LogModuleManager: Shutting down and abandoning module SceneDepthPickerMode (590)
[2018.11.05-15.42.19:951][ 31]LogModuleManager: Shutting down and abandoning module ActorPickerMode (588)
[2018.11.05-15.42.19:951][ 31]LogModuleManager: Shutting down and abandoning module GeometryMode (586)
[2018.11.05-15.42.19:951][ 31]LogModuleManager: Shutting down and abandoning module TextureAlignMode (584)
[2018.11.05-15.42.19:951][ 31]LogModuleManager: Shutting down and abandoning module BspMode (582)
[2018.11.05-15.42.19:951][ 31]LogModuleManager: Shutting down and abandoning module PIEPreviewDeviceProfileSelector (580)
[2018.11.05-15.42.19:960][ 31]LogModuleManager: Shutting down and abandoning module SequenceRecorderSections (578)
[2018.11.05-15.42.19:960][ 31]LogModuleManager: Shutting down and abandoning module AutomationWorker (576)
[2018.11.05-15.42.19:960][ 31]LogModuleManager: Shutting down and abandoning module AudioCaptureEditor (574)
[2018.11.05-15.42.19:960][ 31]LogModuleManager: Shutting down and abandoning module SequenceRecorder (573)
[2018.11.05-15.42.19:970][ 31]LogModuleManager: Shutting down and abandoning module MatineeToLevelSequence (570)
[2018.11.05-15.42.19:981][ 31]LogModuleManager: Shutting down and abandoning module LevelSequenceEditor (568)
[2018.11.05-15.42.19:989][ 31]LogModuleManager: Shutting down and abandoning module PlacementMode (567)
[2018.11.05-15.42.19:990][ 31]LogModuleManager: Shutting down and abandoning module MaterialEditor (566)
[2018.11.05-15.42.20:019][ 31]LogModuleManager: Shutting down and abandoning module WmfMediaFactory (562)
[2018.11.05-15.42.20:019][ 31]LogModuleManager: Shutting down and abandoning module WmfMediaEditor (560)
[2018.11.05-15.42.20:019][ 31]LogModuleManager: Shutting down and abandoning module MediaPlayerEditor (558)
[2018.11.05-15.42.20:039][ 31]LogModuleManager: Shutting down and abandoning module OpenExrWrapper (556)
[2018.11.05-15.42.20:040][ 31]LogModuleManager: Shutting down and abandoning module ImgMediaFactory (554)
[2018.11.05-15.42.20:040][ 31]LogModuleManager: Shutting down and abandoning module ImgMediaEditor (552)
[2018.11.05-15.42.20:040][ 31]LogModuleManager: Shutting down and abandoning module AvfMediaFactory (550)
[2018.11.05-15.42.20:040][ 31]LogModuleManager: Shutting down and abandoning module AvfMediaEditor (548)
[2018.11.05-15.42.20:040][ 31]LogModuleManager: Shutting down and abandoning module AndroidMediaFactory (546)
[2018.11.05-15.42.20:040][ 31]LogModuleManager: Shutting down and abandoning module AndroidMediaEditor (544)
[2018.11.05-15.42.20:040][ 31]LogModuleManager: Shutting down and abandoning module MagicLeapCameraPreviewFactory (542)
[2018.11.05-15.42.20:040][ 31]LogModuleManager: Shutting down and abandoning module MagicLeapMediaFactory (540)
[2018.11.05-15.42.20:040][ 31]LogModuleManager: Shutting down and abandoning module MagicLeapMediaEditor (538)
[2018.11.05-15.42.20:040][ 31]LogModuleManager: Shutting down and abandoning module CharacterAI (536)
[2018.11.05-15.42.20:040][ 31]LogModuleManager: Shutting down and abandoning module SmartSnapping (534)
[2018.11.05-15.42.20:040][ 31]LogModuleManager: Shutting down and abandoning module SessionServices (532)
[2018.11.05-15.42.20:040][ 31]LogModuleManager: Shutting down and abandoning module ViewportSnapping (530)
[2018.11.05-15.42.20:040][ 31]LogModuleManager: Shutting down and abandoning module ViewportInteraction (528)
[2018.11.05-15.42.20:040][ 31]LogModuleManager: Shutting down and abandoning module ClothPainter (526)
[2018.11.05-15.42.20:063][ 31]LogModuleManager: Shutting down and abandoning module SkeletalMeshEditor (525)
[2018.11.05-15.42.20:077][ 31]LogModuleManager: Shutting down and abandoning module LogVisualizer (522)
[2018.11.05-15.42.20:087][ 31]LogModuleManager: Shutting down and abandoning module IntroTutorials (520)
[2018.11.05-15.42.20:104][ 31]LogModuleManager: Shutting down and abandoning module GameProjectGeneration (519)
[2018.11.05-15.42.20:124][ 31]LogModuleManager: Shutting down and abandoning module LuminPlatformEditor (516)
[2018.11.05-15.42.20:124][ 31]LogModuleManager: Shutting down and abandoning module IOSPlatformEditor (514)
[2018.11.05-15.42.20:138][ 31]LogModuleManager: Shutting down and abandoning module HTML5PlatformEditor (512)
[2018.11.05-15.42.20:139][ 31]LogModuleManager: Shutting down and abandoning module AndroidPlatformEditor (510)
[2018.11.05-15.42.20:139][ 31]LogModuleManager: Shutting down and abandoning module AndroidDeviceDetection (509)
[2018.11.05-15.42.20:599][ 31]LogModuleManager: Shutting down and abandoning module WindowsPlatformEditor (506)
[2018.11.05-15.42.20:599][ 31]LogModuleManager: Shutting down and abandoning module LuminRuntimeSettings (504)
[2018.11.05-15.42.20:599][ 31]LogModuleManager: Shutting down and abandoning module IOSRuntimeSettings (502)
[2018.11.05-15.42.20:599][ 31]LogModuleManager: Shutting down and abandoning module AndroidRuntimeSettings (500)
[2018.11.05-15.42.20:599][ 31]LogModuleManager: Shutting down and abandoning module InputBindingEditor (498)
[2018.11.05-15.42.20:663][ 31]LogModuleManager: Shutting down and abandoning module MergeActors (496)
[2018.11.05-15.42.20:673][ 31]LogModuleManager: Shutting down and abandoning module LocalizationDashboard (494)
[2018.11.05-15.42.20:688][ 31]LogModuleManager: Shutting down and abandoning module LocalizationService (493)
[2018.11.05-15.42.20:697][ 31]LogModuleManager: Shutting down and abandoning module HardwareTargeting (490)
[2018.11.05-15.42.20:698][ 31]LogModuleManager: Shutting down and abandoning module DeviceProfileEditor (488)
[2018.11.05-15.42.20:698][ 31]LogModuleManager: Shutting down and abandoning module UndoHistory (486)
[2018.11.05-15.42.20:702][ 31]LogModuleManager: Shutting down and abandoning module XmlParser (484)
[2018.11.05-15.42.20:703][ 31]LogModuleManager: Shutting down and abandoning module Blutility (482)
[2018.11.05-15.42.20:711][ 31]LogModuleManager: Shutting down and abandoning module ProjectSettingsViewer (480)
[2018.11.05-15.42.20:711][ 31]LogModuleManager: Shutting down and abandoning module ProjectTargetPlatformEditor (479)
[2018.11.05-15.42.20:711][ 31]LogModuleManager: Shutting down and abandoning module EditorSettingsViewer (476)
[2018.11.05-15.42.20:712][ 31]LogModuleManager: Shutting down and abandoning module SettingsEditor (474)
[2018.11.05-15.42.20:737][ 31]LogModuleManager: Shutting down and abandoning module ProjectLauncher (472)
[2018.11.05-15.42.20:756][ 31]LogModuleManager: Shutting down and abandoning module SessionFrontend (470)
[2018.11.05-15.42.20:768][ 31]LogModuleManager: Shutting down and abandoning module ProfilerClient (468)
[2018.11.05-15.42.20:778][ 31]LogModuleManager: Shutting down and abandoning module DeviceManager (466)
[2018.11.05-15.42.20:786][ 31]LogModuleManager: Shutting down and abandoning module TargetDeviceServices (465)
[2018.11.05-15.42.20:848][ 31]LogModuleManager: Shutting down and abandoning module AutomationController (462)
[2018.11.05-15.42.20:868][ 31]LogModuleManager: Shutting down and abandoning module AutomationWindow (460)
[2018.11.05-15.42.20:884][ 31]LogModuleManager: Shutting down and abandoning module Layers (458)
[2018.11.05-15.42.20:903][ 31]LogModuleManager: Shutting down and abandoning module ComponentVisualizers (456)
[2018.11.05-15.42.20:903][ 31]LogModuleManager: Shutting down and abandoning module DetailCustomizations (454)
[2018.11.05-15.42.20:943][ 31]LogModuleManager: Shutting down and abandoning module PackagesDialog (452)
[2018.11.05-15.42.20:958][ 31]LogModuleManager: Shutting down and abandoning module Persona (450)
[2018.11.05-15.42.20:986][ 31]LogModuleManager: Shutting down and abandoning module AdvancedPreviewScene (449)
[2018.11.05-15.42.20:986][ 31]LogModuleManager: Shutting down and abandoning module AnimGraph (447)
[2018.11.05-15.42.20:997][ 31]LogModuleManager: Shutting down and abandoning module Kismet (444)
[2018.11.05-15.42.20:999][ 31]LogModuleManager: Shutting down and abandoning module GraphEditor (442)
[2018.11.05-15.42.20:999][ 31]LogModuleManager: Shutting down and abandoning module ClassViewer (440)
[2018.11.05-15.42.20:999][ 31]LogModuleManager: Shutting down and abandoning module Toolbox (438)
[2018.11.05-15.42.20:999][ 31]LogModuleManager: Shutting down and abandoning module ModuleUI (436)
[2018.11.05-15.42.21:009][ 31]LogModuleManager: Shutting down and abandoning module MovieSceneTools (434)
[2018.11.05-15.42.21:027][ 31]LogModuleManager: Shutting down and abandoning module OutputLog (432)
[2018.11.05-15.42.21:028][ 31]LogModuleManager: Shutting down and abandoning module GammaUI (430)
[2018.11.05-15.42.21:034][ 31]LogModuleManager: Shutting down and abandoning module Documentation (428)
[2018.11.05-15.42.21:034][ 31]LogModuleManager: Shutting down and abandoning module MovieSceneTracks (426)
[2018.11.05-15.42.21:034][ 31]LogModuleManager: Shutting down and abandoning module MovieScene (424)
[2018.11.05-15.42.21:042][ 31]LogModuleManager: Shutting down and abandoning module StreamingPauseRendering (422)
[2018.11.05-15.42.21:043][ 31]LogModuleManager: Shutting down and abandoning module LauncherPlatform (420)
[2018.11.05-15.42.21:043][ 31]LogModuleManager: Shutting down and abandoning module AnalyticsET (418)
[2018.11.05-15.42.21:043][ 31]LogModuleManager: Shutting down and abandoning module PortalServices (416)
[2018.11.05-15.42.21:043][ 31]LogModuleManager: Shutting down and abandoning module PortalRpc (414)
[2018.11.05-15.42.21:043][ 31]LogModuleManager: Shutting down and abandoning module MessagingRpc (412)
[2018.11.05-15.42.21:043][ 31]LogModuleManager: Shutting down and abandoning module AIModule (410)
[2018.11.05-15.42.21:061][ 31]LogModuleManager: Shutting down and abandoning module GameplayDebugger (409)
[2018.11.05-15.42.21:072][ 31]LogModuleManager: Shutting down and abandoning module AITestSuite (407)
[2018.11.05-15.42.21:085][ 31]LogModuleManager: Shutting down and abandoning module NavigationSystem (405)
[2018.11.05-15.42.21:085][ 31]LogModuleManager: Shutting down and abandoning module DesktopPlatform (402)
[2018.11.05-15.42.21:085][ 31]LogModuleManager: Shutting down and abandoning module ProfilerService (400)
[2018.11.05-15.42.21:108][ 31]LogModuleManager: Shutting down and abandoning module TaskGraph (398)
[2018.11.05-15.42.21:118][ 31]LogModuleManager: Shutting down and abandoning module SteamVRController (396)
[2018.11.05-15.42.21:118][ 31]LogModuleManager: Shutting down and abandoning module ProceduralMeshComponentEditor (394)
[2018.11.05-15.42.21:119][ 31]LogModuleManager: Shutting down and abandoning module ProceduralMeshComponent (392)
[2018.11.05-15.42.21:126][ 31]LogModuleManager: Shutting down and abandoning module OculusInput (390)
[2018.11.05-15.42.21:126][ 31]LogModuleManager: Shutting down and abandoning module MobilePatchingUtils (388)
[2018.11.05-15.42.21:126][ 31]LogModuleManager: Shutting down and abandoning module EditableMesh (386)
[2018.11.05-15.42.21:133][ 31]LogModuleManager: Shutting down and abandoning module CustomMeshComponent (384)
[2018.11.05-15.42.21:133][ 31]LogModuleManager: Shutting down and abandoning module CableComponent (382)
[2018.11.05-15.42.21:133][ 31]LogModuleManager: Shutting down and abandoning module AudioCapture (380)
[2018.11.05-15.42.21:134][ 31]LogModuleManager: Shutting down and abandoning module ArchVisCharacter (378)
[2018.11.05-15.42.21:134][ 31]LogModuleManager: Shutting down and abandoning module AndroidPermission (376)
[2018.11.05-15.42.21:134][ 31]LogModuleManager: Shutting down and abandoning module NUTUnrealEngine4 (374)
[2018.11.05-15.42.21:134][ 31]LogModuleManager: Shutting down and abandoning module NetcodeUnitTest (372)
[2018.11.05-15.42.21:157][ 31]LogModuleManager: Shutting down and abandoning module MediaCompositingEditor (370)
[2018.11.05-15.42.21:157][ 31]LogModuleManager: Shutting down and abandoning module MediaCompositing (368)
[2018.11.05-15.42.21:157][ 31]LogModuleManager: Shutting down and abandoning module LinearTimecode (366)
[2018.11.05-15.42.21:157][ 31]LogModuleManager: Shutting down and abandoning module ImgMedia (364)
[2018.11.05-15.42.21:178][ 31]LogModuleManager: Shutting down and abandoning module HTML5Networking (362)
[2018.11.05-15.42.21:178][ 31]LogModuleManager: Shutting down and abandoning module GeometryCacheTracks (360)
[2018.11.05-15.42.21:178][ 31]LogModuleManager: Shutting down and abandoning module GeometryCacheSequencer (358)
[2018.11.05-15.42.21:178][ 31]LogModuleManager: Shutting down and abandoning module BackChannel (356)
[2018.11.05-15.42.21:192][ 31]LogModuleManager: Shutting down and abandoning module AppleVision (354)
[2018.11.05-15.42.21:192][ 31]LogModuleManager: Shutting down and abandoning module AppleImageUtils (352)
[2018.11.05-15.42.21:192][ 31]LogModuleManager: Shutting down and abandoning module AlembicImporter (350)
[2018.11.05-15.42.21:192][ 31]LogModuleManager: Shutting down and abandoning module AlembicLibrary (349)
[2018.11.05-15.42.21:192][ 31]LogModuleManager: Shutting down and abandoning module GeometryCache (348)
[2018.11.05-15.42.21:192][ 31]LogModuleManager: Shutting down and abandoning module GeometryCacheEd (347)
[2018.11.05-15.42.21:192][ 31]LogModuleManager: Shutting down and abandoning module DatasmithContentEditor (342)
[2018.11.05-15.42.21:192][ 31]LogModuleManager: Shutting down and abandoning module DatasmithContent (340)
[2018.11.05-15.42.21:193][ 31]LogModuleManager: Shutting down and abandoning module SpeedTreeImporter (338)
[2018.11.05-15.42.21:193][ 31]LogModuleManager: Shutting down and abandoning module PluginBrowser (336)
[2018.11.05-15.42.21:227][ 31]LogModuleManager: Shutting down and abandoning module MobileLauncherProfileWizard (334)
[2018.11.05-15.42.21:235][ 31]LogModuleManager: Shutting down and abandoning module PolygonModeling (332)
[2018.11.05-15.42.21:236][ 31]LogModuleManager: Shutting down and abandoning module MeshEditor (330)
[2018.11.05-15.42.21:243][ 31]LogModuleManager: Shutting down and abandoning module CryptoKeysOpenSSL (328)
[2018.11.05-15.42.21:253][ 31]LogModuleManager: Shutting down and abandoning module CryptoKeys (326)
[2018.11.05-15.42.21:253][ 31]LogModuleManager: Shutting down and abandoning module VisualStudioSourceCodeAccess (324)
[2018.11.05-15.42.21:253][ 31]LogModuleManager: Shutting down and abandoning module VisualStudioCodeSourceCodeAccess (322)
[2018.11.05-15.42.21:253][ 31]LogModuleManager: Shutting down and abandoning module UObjectPlugin (320)
[2018.11.05-15.42.21:253][ 31]LogModuleManager: Shutting down and abandoning module SubversionSourceControl (318)
[2018.11.05-15.42.21:268][ 31]LogModuleManager: Shutting down and abandoning module PerforceSourceControl (316)
[2018.11.05-15.42.21:284][ 31]LogModuleManager: Shutting down and abandoning module GitSourceControl (314)
[2018.11.05-15.42.21:295][ 31]LogModuleManager: Shutting down and abandoning module SourceControl (313)
[2018.11.05-15.42.21:308][ 31]LogModuleManager: Shutting down and abandoning module CLionSourceCodeAccess (310)
[2018.11.05-15.42.21:308][ 31]LogModuleManager: Shutting down and abandoning module LightPropagationVolumeEditor (308)
[2018.11.05-15.42.21:308][ 31]LogModuleManager: Shutting down and abandoning module PaperTiledImporter (306)
[2018.11.05-15.42.21:308][ 31]LogModuleManager: Shutting down and abandoning module PaperSpriteSheetImporter (304)
[2018.11.05-15.42.21:308][ 31]LogModuleManager: Shutting down and abandoning module Paper2DEditor (302)
[2018.11.05-15.42.21:334][ 31]LogModuleManager: Shutting down and abandoning module MeshPaint (301)
[2018.11.05-15.42.21:349][ 31]LogModuleManager: Shutting down and abandoning module RuntimePhysXCooking (298)
[2018.11.05-15.42.21:349][ 31]LogModuleManager: Shutting down and abandoning module PhysXVehiclesEditor (296)
[2018.11.05-15.42.21:349][ 31]LogModuleManager: Shutting down and abandoning module PhysXVehicles (294)
[2018.11.05-15.42.21:349][ 31]LogModuleManager: Shutting down and abandoning module OculusEditor (292)
[2018.11.05-15.42.21:360][ 31]LogModuleManager: Shutting down and abandoning module LocationServicesBPLibrary (290)
[2018.11.05-15.42.21:360][ 31]LogModuleManager: Shutting down and abandoning module ImmediatePhysicsEditor (288)
[2018.11.05-15.42.21:360][ 31]LogModuleManager: Shutting down and abandoning module ImmediatePhysics (286)
[2018.11.05-15.42.21:367][ 31]LogModuleManager: Shutting down and abandoning module ActorSequence (284)
[2018.11.05-15.42.21:367][ 31]LogModuleManager: Shutting down and abandoning module UdpMessaging (282)
[2018.11.05-15.42.21:468][ 31]LogModuleManager: Shutting down and abandoning module TcpMessaging (280)
