Log file open, 11/05/18 12:29:43
LogWindows: Failed to load 'aqProf.dll' (GetLastError=126)
LogWindows: File 'aqProf.dll' does not exist
LogWindows: Failed to load 'VtuneApi.dll' (GetLastError=126)
LogWindows: File 'VtuneApi.dll' does not exist
LogWindows: Failed to load 'VtuneApi32e.dll' (GetLastError=126)
LogWindows: File 'VtuneApi32e.dll' does not exist
LogInit: Display: Running engine for game: Blockout_1890
LogPlatformFile: Not using cached read wrapper
LogTaskGraph: Started task graph with 5 named threads and 11 total threads with 3 sets of task threads.
LogStats: Stats thread started at 4.153597
LogD3D11RHI: Loaded GFSDK_Aftermath_Lib.x64.dll
LogICUInternationalization: Display: ICU TimeZone Detection - Raw Offset: +1:00, Platform Override: ''
LogPluginManager: Mounting plugin Paper2D
LogPluginManager: Mounting plugin AISupport
LogPluginManager: Mounting plugin LightPropagationVolume
LogPluginManager: Mounting plugin CLionSourceCodeAccess
LogPluginManager: Mounting plugin CodeLiteSourceCodeAccess
LogPluginManager: Mounting plugin GitSourceControl
LogPluginManager: Mounting plugin KDevelopSourceCodeAccess
LogPluginManager: Mounting plugin NullSourceCodeAccess
LogPluginManager: Mounting plugin PerforceSourceControl
LogPluginManager: Mounting plugin SubversionSourceControl
LogPluginManager: Mounting plugin UObjectPlugin
LogPluginManager: Mounting plugin VisualStudioCodeSourceCodeAccess
LogPluginManager: Mounting plugin VisualStudioSourceCodeAccess
LogPluginManager: Mounting plugin XCodeSourceCodeAccess
LogPluginManager: Mounting plugin AssetManagerEditor
LogPluginManager: Mounting plugin CryptoKeys
LogPluginManager: Mounting plugin DataValidation
LogPluginManager: Mounting plugin FacialAnimation
LogPluginManager: Mounting plugin GameplayTagsEditor
LogPluginManager: Mounting plugin MacGraphicsSwitching
LogPluginManager: Mounting plugin MeshEditor
LogPluginManager: Mounting plugin MobileLauncherProfileWizard
LogPluginManager: Mounting plugin PluginBrowser
LogPluginManager: Mounting plugin SpeedTreeImporter
LogPluginManager: Mounting plugin DatasmithContent
LogPluginManager: Mounting plugin AlembicImporter
LogPluginManager: Mounting plugin AppleImageUtils
LogPluginManager: Mounting plugin AppleVision
LogPluginManager: Mounting plugin BackChannel
LogPluginManager: Mounting plugin CharacterAI
LogPluginManager: Mounting plugin GeometryCache
LogPluginManager: Mounting plugin HTML5Networking
LogPluginManager: Mounting plugin ProxyLODPlugin
LogPluginManager: Mounting plugin MagicLeap
LogPluginManager: Mounting plugin MagicLeapEmulator
LogPluginManager: Mounting plugin MagicLeapMedia
LogPluginManager: Mounting plugin AndroidMedia
LogPluginManager: Mounting plugin AvfMedia
LogPluginManager: Mounting plugin ImgMedia
LogPluginManager: Mounting plugin LinearTimecode
LogPluginManager: Mounting plugin MediaCompositing
LogPluginManager: Mounting plugin MediaPlayerEditor
LogPluginManager: Mounting plugin WmfMedia
LogPluginManager: Mounting plugin TcpMessaging
LogPluginManager: Mounting plugin UdpMessaging
LogPluginManager: Mounting plugin ActorSequence
LogPluginManager: Mounting plugin LevelSequenceEditor
LogPluginManager: Mounting plugin MatineeToLevelSequence
LogPluginManager: Mounting plugin NetcodeUnitTest
LogPluginManager: Mounting plugin NUTUnrealEngine4
LogPluginManager: Mounting plugin OnlineSubsystemGooglePlay
LogPluginManager: Mounting plugin OnlineSubsystemIOS
LogPluginManager: Mounting plugin OnlineSubsystem
LogPluginManager: Mounting plugin OnlineSubsystemNull
LogPluginManager: Mounting plugin OnlineSubsystemUtils
LogPluginManager: Mounting plugin LauncherChunkInstaller
LogPluginManager: Mounting plugin AndroidDeviceProfileSelector
LogPluginManager: Mounting plugin AndroidMoviePlayer
LogPluginManager: Mounting plugin AndroidPermission
LogPluginManager: Mounting plugin AppleMoviePlayer
LogPluginManager: Mounting plugin ArchVisCharacter
LogPluginManager: Mounting plugin AudioCapture
LogPluginManager: Mounting plugin CableComponent
LogPluginManager: Mounting plugin CustomMeshComponent
LogPluginManager: Mounting plugin EditableMesh
LogPluginManager: Mounting plugin ExampleDeviceProfileSelector
LogPluginManager: Mounting plugin GoogleCloudMessaging
LogPluginManager: Mounting plugin ImmediatePhysics
LogPluginManager: Mounting plugin IOSDeviceProfileSelector
LogPluginManager: Mounting plugin LinuxDeviceProfileSelector
LogPluginManager: Mounting plugin LocationServicesBPLibrary
LogPluginManager: Mounting plugin MobilePatchingUtils
LogPluginManager: Mounting plugin OculusVR
LogPluginManager: Plugin shader directory ../../../Engine/Plugins/Runtime/Oculus/OculusVR/Shaders found
LogPluginManager: Mapping shader source directory ../../../Engine/Plugins/Runtime/Oculus/OculusVR/Shaders to virtual directory /Plugin/OculusVR
LogPluginManager: Mounting plugin PhysXVehicles
LogPluginManager: Mounting plugin ProceduralMeshComponent
LogPluginManager: Mounting plugin RuntimePhysXCooking
LogPluginManager: Mounting plugin SteamVR
LogPluginManager: Mounting plugin WindowsMoviePlayer
LogStreaming: Display: Took  0.422s to configure plugins.
LogInit: Using libcurl 7.55.1-DEV
LogInit:  - built for x86_64-pc-win32
LogInit:  - supports SSL with OpenSSL/1.0.2h
LogInit:  - supports HTTP deflate (compression) using libz 1.2.8
LogInit:  - other features:
LogInit:      CURL_VERSION_SSL
LogInit:      CURL_VERSION_LIBZ
LogInit:      CURL_VERSION_IPV6
LogInit:      CURL_VERSION_ASYNCHDNS
LogInit:      CURL_VERSION_LARGEFILE
LogInit:      CURL_VERSION_IDN
LogInit:  CurlRequestOptions (configurable via config and command line):
LogInit:  - bVerifyPeer = false  - Libcurl will NOT verify peer certificate
LogInit:  - bUseHttpProxy = false  - Libcurl will NOT use HTTP proxy
LogInit:  - bDontReuseConnections = false  - Libcurl will reuse connections
LogInit:  - CertBundlePath = nullptr  - Libcurl will use whatever was configured at build time.
LogInit:  - MaxHostConnections = 16  - Libcurl will limit the number of connections to a host
LogInit:  - LocalHostAddr = Default
LogInit:  - BufferSize = 65536
LogInit: WinSock: version 1.1 (2.2), MaxSocks=32767, MaxUdp=65467
LogInit: Build: ++UE4+Release-4.20-CL-4369336
LogInit: Engine Version: 4.20.3-4369336+++UE4+Release-4.20
LogInit: Compatible Engine Version: 4.20.0-4212847+++UE4+Release-4.20
LogInit: Net CL: 4212847
LogInit: OS: Windows 10 (), CPU: Intel(R) Core(TM) i7-6500U CPU @ 2.50GHz, GPU: Intel(R) HD Graphics 520
LogInit: Compiled (64-bit): Sep 17 2018 12:26:19
LogInit: Compiled with Visual C++: 19.13.26129.00
LogInit: Build Configuration: Development
LogInit: Branch Name: ++UE4+Release-4.20
LogInit: Command Line:  
LogInit: Base Directory: D:/UE_4.20/Engine/Binaries/Win64/
LogInit: Installed Engine Build: 1
LogDevObjectVersion: Number of dev versions registered: 20
LogDevObjectVersion:   Dev-Blueprints (B0D832E4-1F89-4F0D-ACCF-7EB736FD4AA2): 10
LogDevObjectVersion:   Dev-Build (E1C64328-A22C-4D53-A36C-8E866417BD8C): 0
LogDevObjectVersion:   Dev-Core (375EC13C-06E4-48FB-B500-84F0262A717E): 2
LogDevObjectVersion:   Dev-Editor (E4B068ED-F494-42E9-A231-DA0B2E46BB41): 24
LogDevObjectVersion:   Dev-Framework (CFFC743F-43B0-4480-9391-14DF171D2073): 34
LogDevObjectVersion:   Dev-Mobile (B02B49B5-BB20-44E9-A304-32B752E40360): 2
LogDevObjectVersion:   Dev-Networking (A4E4105C-59A1-49B5-A7C5-40C4547EDFEE): 0
LogDevObjectVersion:   Dev-Online (39C831C9-5AE6-47DC-9A44-9C173E1C8E7C): 0
LogDevObjectVersion:   Dev-Physics (78F01B33-EBEA-4F98-B9B4-84EACCB95AA2): 0
LogDevObjectVersion:   Dev-Platform (6631380F-2D4D-43E0-8009-CF276956A95A): 0
LogDevObjectVersion:   Dev-Rendering (12F88B9F-8875-4AFC-A67C-D90C383ABD29): 26
LogDevObjectVersion:   Dev-Sequencer (7B5AE74C-D270-4C10-A958-57980B212A5A): 9
LogDevObjectVersion:   Dev-VR (D7296918-1DD6-4BDD-9DE2-64A83CC13884): 2
LogDevObjectVersion:   Dev-LoadTimes (C2A15278-BFE7-4AFE-6C17-90FF531DF755): 1
LogDevObjectVersion:   Private-Geometry (6EACA3D4-40EC-4CC1-B786-8BED09428FC5): 3
LogDevObjectVersion:   Dev-AnimPhys (29E575DD-E0A3-4627-9D10-D276232CDCEA): 17
LogDevObjectVersion:   Dev-ReflectionCapture (6B266CEC-1EC7-4B8F-A30B-E4D90942FC07): 1
LogDevObjectVersion:   Dev-Automation (0DF73D61-A23F-47EA-B727-89E90C41499A): 1
LogDevObjectVersion:   FortniteMain (601D1886-AC64-4F84-AA16-D3DE0DEAC7D6): 12
LogDevObjectVersion:   Dev-Enterprise (9DFFBCD6-494F-0158-E221-12823C92A888): 1
LogStreaming: Display: Took  0.001s to delete old logs.
LogInit: Presizing for max 8388607 objects, including 0 objects not considered by GC, pre-allocating 0 bytes for permanent pool.
LogInit: Object subsystem initialized
[2018.11.05-11.29.46:744][  0]LogInit: Selected Device Profile: [Windows]
[2018.11.05-11.29.46:745][  0]LogInit: Applying CVar settings loaded from the selected device profile: [Windows]
[2018.11.05-11.29.46:787][  0]LogHAL: Display: Platform has ~ 16 GB [17037352960 / 17179869184 / 16], which maps to Larger [LargestMinGB=32, LargerMinGB=12, DefaultMinGB=8, SmallerMinGB=6, SmallestMinGB=0)
[2018.11.05-11.29.46:794][  0]LogInit: Setting Device Profile CVar: [[r.Vulkan.UseRealUBs:1]]
[2018.11.05-11.29.46:802][  0]LogInit: Going up to parent DeviceProfile []
[2018.11.05-11.29.46:836][  0]LogInit: Computer: DESKTOP-2930BI6
[2018.11.05-11.29.46:836][  0]LogInit: User: batti
[2018.11.05-11.29.46:836][  0]LogInit: CPU Page size=4096, Cores=2
[2018.11.05-11.29.46:836][  0]LogInit: High frequency timer resolution =2.531249 MHz
[2018.11.05-11.29.46:837][  0]LogMemory: Memory total: Physical=15.9GB (16GB approx)
[2018.11.05-11.29.46:837][  0]LogMemory: Platform Memory Stats for Windows
[2018.11.05-11.29.46:837][  0]LogMemory: Process Physical Memory: 98.99 MB used, 98.99 MB peak
[2018.11.05-11.29.46:837][  0]LogMemory: Process Virtual Memory: 82.52 MB used, 82.52 MB peak
[2018.11.05-11.29.46:837][  0]LogMemory: Physical Memory: 3876.14 MB used,  12371.95 MB free, 16248.09 MB total
[2018.11.05-11.29.46:837][  0]LogMemory: Virtual Memory: 4605.11 MB used,  12371.95 MB free, 134217728.00 MB total
[2018.11.05-11.29.48:057][  0]LogInit: Using OS detected language (fr-FR).
[2018.11.05-11.29.48:057][  0]LogInit: Using OS detected locale (fr-CH).
[2018.11.05-11.29.48:121][  0]LogTextLocalizationManager: No specific localization for 'fr-FR' exists, so the 'fr' localization will be used.
[2018.11.05-11.29.48:248][  0]LogStreaming: Display: Took  0.162s to InitEngineTextLocalization.
[2018.11.05-11.29.48:249][  0]LogInit: Setting process to per monitor DPI aware
[2018.11.05-11.29.48:581][  0]LogSlate: New Slate User Created.  User Index 0, Is Virtual User: 0
[2018.11.05-11.29.48:581][  0]LogSlate: Slate User Registered.  User Index 0, Is Virtual User: 0
[2018.11.05-11.29.50:668][  0]LogHMD: Failed to initialize OpenVR with code 110
[2018.11.05-11.29.50:668][  0]LogD3D11RHI: D3D11 adapters:
[2018.11.05-11.29.50:788][  0]LogD3D11RHI:    0. 'NVIDIA GeForce 940MX' (Feature Level 11_0)
[2018.11.05-11.29.50:788][  0]LogD3D11RHI:       2019/0/8124 MB DedicatedVideo/DedicatedSystem/SharedSystem, Outputs:1, VendorId:0x10de
[2018.11.05-11.29.50:839][  0]LogD3D11RHI:    1. 'Intel(R) HD Graphics 520' (Feature Level 11_0)
[2018.11.05-11.29.50:839][  0]LogD3D11RHI:       128/0/8124 MB DedicatedVideo/DedicatedSystem/SharedSystem, Outputs:0, VendorId:0x8086
[2018.11.05-11.29.50:842][  0]LogD3D11RHI:    2. 'Microsoft Basic Render Driver' (Feature Level 11_0)
[2018.11.05-11.29.50:842][  0]LogD3D11RHI:       0/0/8124 MB DedicatedVideo/DedicatedSystem/SharedSystem, Outputs:0, VendorId:0x1414
[2018.11.05-11.29.50:842][  0]LogD3D11RHI: Chosen D3D11 Adapter: 0
[2018.11.05-11.29.50:887][  0]LogD3D11RHI: Creating new Direct3DDevice
[2018.11.05-11.29.50:887][  0]LogD3D11RHI:     GPU DeviceId: 0x179c (for the marketing name, search the web for "GPU Device Id")
[2018.11.05-11.29.50:901][  0]LogWindows: EnumDisplayDevices:
[2018.11.05-11.29.50:901][  0]LogWindows:    0. 'Intel(R) HD Graphics 520' (P:1 D:1)
[2018.11.05-11.29.50:901][  0]LogWindows:    1. 'Intel(R) HD Graphics 520' (P:0 D:0)
[2018.11.05-11.29.50:902][  0]LogWindows:    2. 'Intel(R) HD Graphics 520' (P:0 D:0)
[2018.11.05-11.29.50:902][  0]LogWindows: DebugString: PrimaryIsNotTheChoosenAdapter PrimaryIsNotTheChoosenAdapter PrimaryIsNotTheChoosenAdapter FoundDriverCount:0 
[2018.11.05-11.29.50:902][  0]LogD3D11RHI:     Adapter Name: NVIDIA GeForce 940MX
[2018.11.05-11.29.50:902][  0]LogD3D11RHI:   Driver Version: Unknown (internal:Unknown, unified:Unknown)
[2018.11.05-11.29.50:902][  0]LogD3D11RHI:      Driver Date: Unknown
[2018.11.05-11.29.50:902][  0]LogRHI: Texture pool is 1413 MB (70% of 2019 MB)
[2018.11.05-11.29.50:943][  0]LogD3D11RHI: Async texture creation enabled
[2018.11.05-11.29.51:176][  0]LogD3D11RHI: GPU Timing Frequency: 1000.000000 (Debug: 2 1)
[2018.11.05-11.29.51:228][  0]LogShaderCompilers: Guid format shader working directory is 8 characters bigger than the processId version (../../../../Resilio/1890/Blockout_1890/Intermediate/Shaders/WorkingDirectory/8648/).
[2018.11.05-11.29.51:228][  0]LogShaderCompilers: Cleaned the shader compiler working directory 'C:/Users/batti/AppData/Local/Temp/UnrealShaderWorkingDir/2B4B2AD2422BAF167E5020A151E55956/'.
[2018.11.05-11.29.52:964][  0]LogTemp: Display: Loaded TP AllDesktopTargetPlatform
[2018.11.05-11.29.52:995][  0]LogTemp: Display: Loaded TP MacClientTargetPlatform
[2018.11.05-11.29.53:021][  0]LogTemp: Display: Loaded TP MacNoEditorTargetPlatform
[2018.11.05-11.29.53:042][  0]LogTemp: Display: Loaded TP MacServerTargetPlatform
[2018.11.05-11.29.53:071][  0]LogTemp: Display: Loaded TP MacTargetPlatform
[2018.11.05-11.29.53:132][  0]LogTemp: Display: Loaded TP WindowsClientTargetPlatform
[2018.11.05-11.29.53:163][  0]LogTemp: Display: Loaded TP WindowsNoEditorTargetPlatform
[2018.11.05-11.29.53:199][  0]LogTemp: Display: Loaded TP WindowsServerTargetPlatform
[2018.11.05-11.29.53:214][  0]LogTemp: Display: Loaded TP WindowsTargetPlatform
[2018.11.05-11.29.53:331][  0]LogTemp: Display: Loaded TP AndroidTargetPlatform
[2018.11.05-11.29.53:331][  0]LogTemp: Display: Loaded TP AndroidTargetPlatform
[2018.11.05-11.29.53:331][  0]LogTemp: Display: Loaded TP AndroidTargetPlatform
[2018.11.05-11.29.53:331][  0]LogTemp: Display: Loaded TP AndroidTargetPlatform
[2018.11.05-11.29.53:331][  0]LogTemp: Display: Loaded TP AndroidTargetPlatform
[2018.11.05-11.29.53:331][  0]LogTemp: Display: Loaded TP AndroidTargetPlatform
[2018.11.05-11.29.53:331][  0]LogTemp: Display: Loaded TP AndroidTargetPlatform
[2018.11.05-11.29.53:331][  0]LogTemp: Display: Loaded TP AndroidTargetPlatform
[2018.11.05-11.29.53:331][  0]LogTemp: Display: Loaded TP AndroidTargetPlatform
[2018.11.05-11.29.53:331][  0]LogTemp: Display: Loaded TP AndroidTargetPlatform
[2018.11.05-11.29.53:331][  0]LogTemp: Display: Loaded TP AndroidTargetPlatform
[2018.11.05-11.29.53:331][  0]LogTemp: Display: Loaded TP AndroidTargetPlatform
[2018.11.05-11.29.53:331][  0]LogTemp: Display: Loaded TP AndroidTargetPlatform
[2018.11.05-11.29.53:331][  0]LogTemp: Display: Loaded TP AndroidTargetPlatform
[2018.11.05-11.29.53:331][  0]LogTemp: Display: Loaded TP AndroidTargetPlatform
[2018.11.05-11.29.53:331][  0]LogTemp: Display: Loaded TP AndroidTargetPlatform
[2018.11.05-11.29.53:331][  0]LogTemp: Display: Loaded TP AndroidTargetPlatform
[2018.11.05-11.29.53:332][  0]LogTemp: Display: Loaded TP AndroidTargetPlatform
[2018.11.05-11.29.53:338][  0]LogTemp: Display: Loaded TP HTML5TargetPlatform
[2018.11.05-11.29.53:492][  0]LogTemp: Display: Loaded TP IOSTargetPlatform
[2018.11.05-11.29.53:492][  0]LogTemp: Display: Loaded TP IOSTargetPlatform
[2018.11.05-11.29.53:525][  0]LogTemp: Display: Loaded TP TVOSTargetPlatform
[2018.11.05-11.29.53:525][  0]LogTemp: Display: Loaded TP TVOSTargetPlatform
[2018.11.05-11.29.53:547][  0]LogTemp: Display: Loaded TP LinuxClientTargetPlatform
[2018.11.05-11.29.53:579][  0]LogTemp: Display: Loaded TP LinuxNoEditorTargetPlatform
[2018.11.05-11.29.53:616][  0]LogTemp: Display: Loaded TP LinuxServerTargetPlatform
[2018.11.05-11.29.53:651][  0]LogTemp: Display: Loaded TP LinuxTargetPlatform
[2018.11.05-11.29.53:673][  0]LogTemp: Display: Loaded TP LuminTargetPlatform
[2018.11.05-11.29.53:673][  0]LogTargetPlatformManager: Display: Building Assets For Windows
[2018.11.05-11.29.54:397][  0]LogXGEController: Cleaning working directory: C:/Users/batti/AppData/Local/Temp/UnrealXGEWorkingDir/
[2018.11.05-11.29.54:397][  0]LogXGEController: Cannot use XGE Controller as Incredibuild is not installed on this machine.
[2018.11.05-11.29.54:397][  0]LogShaderCompilers: Cannot use XGE Shader Compiler as Incredibuild is not installed on this machine.
[2018.11.05-11.29.54:397][  0]LogShaderCompilers: Display: Using Local Shader Compiler.
[2018.11.05-11.29.56:521][  0]LogDerivedDataCache: Display: Max Cache Size: 512 MB
[2018.11.05-11.29.56:521][  0]LogDerivedDataCache: Display: Starting with empty Boot cache
[2018.11.05-11.29.56:522][  0]LogDerivedDataCache: FDerivedDataBackendGraph:  Pak pak cache file ../../../../Resilio/1890/Blockout_1890/DerivedDataCache/DDC.ddp not found, will not use a pak cache.
[2018.11.05-11.29.56:522][  0]LogDerivedDataCache: Unable to find inner node Pak for hierarchical cache Hierarchy.
[2018.11.05-11.29.56:523][  0]LogDerivedDataCache: FDerivedDataBackendGraph:  CompressedPak pak cache file ../../../../Resilio/1890/Blockout_1890/DerivedDataCache/Compressed.ddp not found, will not use a pak cache.
[2018.11.05-11.29.56:523][  0]LogDerivedDataCache: Unable to find inner node CompressedPak for hierarchical cache Hierarchy.
[2018.11.05-11.29.56:593][  0]LogDerivedDataCache: Display: Pak cache opened for reading ../../../Engine/DerivedDataCache/Compressed.ddp.
[2018.11.05-11.29.56:606][  0]LogDerivedDataCache: Using Local data cache path C:/Users/batti/AppData/Local/UnrealEngine/Common/DerivedDataCache: Writable
[2018.11.05-11.29.56:606][  0]LogDerivedDataCache: Shared data cache path not found in *engine.ini, will not use an Shared cache.
[2018.11.05-11.29.56:606][  0]LogDerivedDataCache: Unable to find inner node Shared for hierarchical cache Hierarchy.
[2018.11.05-11.29.56:719][  0]LogMaterial: Verifying Global Shaders for PCD3D_SM5
[2018.11.05-11.29.56:753][  0]LogSlate: Using FreeType 2.6.0
[2018.11.05-11.29.56:815][  0]LogSlate: SlateFontServices - WITH_FREETYPE: 1, WITH_HARFBUZZ: 1
[2018.11.05-11.29.57:582][  0]LogAssetRegistry: FAssetRegistry took 0.0293 seconds to start up
[2018.11.05-11.30.00:290][  0]LogInit: Selected Device Profile: [Windows]
[2018.11.05-11.30.02:553][  0]LogSimplygon: Simplygon DLL not present - disabling.
[2018.11.05-11.30.02:798][  0]LogMeshReduction: Using SimplygonSwarm for distributed automatic mesh merging
[2018.11.05-11.30.02:808][  0]LogMeshReduction: Using ProxyLODMeshReduction for automatic mesh merging
[2018.11.05-11.30.02:814][  0]LogMeshReduction: Using QuadricMeshReduction for automatic static mesh reduction
[2018.11.05-11.30.02:814][  0]LogMeshReduction: No automatic skeletal mesh reduction module available
[2018.11.05-11.30.04:066][  0]LogNetVersion: Blockout_1890 1.0.0, NetCL: 4212847, EngineNetVer: 5, GameNetVer: 0 (Checksum: 179647709)
[2018.11.05-11.30.11:619][  0]LogPackageLocalizationCache: Processed 11 localized package path(s) for 2 prioritized culture(s) in 0.213523 seconds
[2018.11.05-11.30.11:659][  0]LogUObjectArray: 38447 objects as part of root set at end of initial load.
[2018.11.05-11.30.11:659][  0]LogUObjectAllocator: 6692632 out of 0 bytes used by permanent object pool.
[2018.11.05-11.30.11:659][  0]LogUObjectArray: CloseDisregardForGC: 0/0 objects in disregard for GC pool
[2018.11.05-11.30.23:873][  0]LogTcpMessaging: Initializing TcpMessaging bridge
[2018.11.05-11.30.23:937][  0]LogUdpMessaging: Initializing bridge on interface 0.0.0.0:0 to multicast group 230.0.0.1:6666.
[2018.11.05-11.30.25:356][  0]SourceControl: Source control is disabled
[2018.11.05-11.30.25:357][  0]SourceControl: Source control is disabled
[2018.11.05-11.30.25:478][  0]SourceControl: Source control is disabled
[2018.11.05-11.30.25:517][  0]SourceControl: Source control is disabled
[2018.11.05-11.30.26:930][  0]LogAndroidPermission: UAndroidPermissionCallbackProxy::GetInstance
[2018.11.05-11.30.27:150][  0]LogOcInput: OculusInput pre-init called
[2018.11.05-11.30.27:637][  0]LogEngine: Initializing Engine...
[2018.11.05-11.30.27:663][  0]LogHMD: Failed to initialize OpenVR with code 110
[2018.11.05-11.30.27:672][  0]LogStats: UGameplayTagsManager::ConstructGameplayTagTree: ImportINI prefixes -  0.000 s
[2018.11.05-11.30.27:672][  0]LogStats: UGameplayTagsManager::ConstructGameplayTagTree: Construct from data asset -  0.000 s
[2018.11.05-11.30.27:672][  0]LogStats: UGameplayTagsManager::ConstructGameplayTagTree: ImportINI -  0.001 s
[2018.11.05-11.30.27:672][  0]LogStats: UGameplayTagsManager::ConstructGameplayTagTree: GameplayTagTreeChangedEvent.Broadcast -  0.000 s
[2018.11.05-11.30.28:538][  0]LogInit: Initializing FReadOnlyCVARCache
[2018.11.05-11.30.28:808][  0]LogAIModule: Creating AISystem for world Untitled
[2018.11.05-11.30.28:992][  0]LogInit: XAudio2 using 'Speakers (Conexant SmartAudio HD)' : 2 channels at 48 kHz using 32 bits per sample (channel mask 0x3)
[2018.11.05-11.30.29:226][  0]LogInit: FAudioDevice initialized.
[2018.11.05-11.30.29:227][  0]LogNetVersion: Set ProjectVersion to 1.0.0.0. Version Checksum will be recalculated on next use.
[2018.11.05-11.30.29:319][  0]LogDerivedDataCache: Saved boot cache 0.09s 87MB C:/Users/batti/AppData/Local/UnrealEngine/4.20/DerivedDataCache/Boot.ddc.
[2018.11.05-11.30.29:332][  0]LogInit: Texture streaming: Enabled
[2018.11.05-11.30.29:447][  0]LogEngineSessionManager: EngineSessionManager initialized
[2018.11.05-11.30.29:661][  0]LogInit: Transaction tracking system initialized
[2018.11.05-11.30.29:995][  0]BlueprintLog: New page: Editor Load
[2018.11.05-11.30.31:060][  0]LocalizationService: Localization service is disabled
[2018.11.05-11.30.33:323][  0]LogFileCache: Scanning file cache for directory 'D:/Resilio/1890/Blockout_1890/Content/' took 0.02s
[2018.11.05-11.30.33:323][  0]LogCook: Display: Max memory allowance for cook 16384mb min free memory 0mb
[2018.11.05-11.30.33:333][  0]LogCook: Display: Mobile HDR setting 1
[2018.11.05-11.30.33:334][  0]LogGameplayTags: Display: UGameplayTagsManager::DoneAddingNativeTags. DelegateIsBound: 0
[2018.11.05-11.30.33:334][  0]LogStats: UGameplayTagsManager::ConstructGameplayTagTree: ImportINI prefixes -  0.000 s
[2018.11.05-11.30.33:334][  0]LogStats: UGameplayTagsManager::ConstructGameplayTagTree: Construct from data asset -  0.000 s
[2018.11.05-11.30.33:334][  0]LogStats: UGameplayTagsManager::ConstructGameplayTagTree: ImportINI -  0.000 s
[2018.11.05-11.30.33:334][  0]LogStats: UGameplayTagsManager::ConstructGameplayTagTree: GameplayTagTreeChangedEvent.Broadcast -  0.000 s
[2018.11.05-11.30.35:651][  0]SourceControl: Source control is disabled
[2018.11.05-11.30.35:669][  0]Cmd: MAP LOAD FILE="../../../../Resilio/1890/Blockout_1890/Content/StarterContent/Maps/Minimal_Default.umap" TEMPLATE=0 SHOWPROGRESS=1 FEATURELEVEL=3
[2018.11.05-11.30.35:679][  0]LightingResults: New page: Lighting Build
[2018.11.05-11.30.35:768][  0]MapCheck: New page: Map Check
[2018.11.05-11.30.35:768][  0]LightingResults: New page: Lighting Build
[2018.11.05-11.30.36:620][  0]LogLinker: Warning: Can't find file '/Game/StarterContent/Textures/T_Wood_Floor_Walnut_M'
[2018.11.05-11.30.36:621][  0]LogLinker: Warning: Can't find file for asset '/Game/StarterContent/Textures/T_Wood_Floor_Walnut_M' while loading ../../../../Resilio/1890/Blockout_1890/Content/StarterContent/Materials/M_Wood_Floor_Walnut_Polished.uasset.
[2018.11.05-11.30.36:621][  0]LoadErrors: Error: /Game/StarterContent/Materials/M_Wood_Floor_Walnut_Polished : Can't find file for asset. /Game/StarterContent/Textures/T_Wood_Floor_Walnut_M
[2018.11.05-11.30.36:624][  0]LogLinker: Warning: Can't find file '/Game/StarterContent/Textures/T_Wood_Floor_Walnut_M'
[2018.11.05-11.30.36:624][  0]LogLinker: Warning: Can't find file for asset '/Game/StarterContent/Textures/T_Wood_Floor_Walnut_M' while loading ../../../../Resilio/1890/Blockout_1890/Content/StarterContent/Materials/M_Wood_Floor_Walnut_Polished.uasset.
[2018.11.05-11.30.36:624][  0]LoadErrors: Error: /Game/StarterContent/Materials/M_Wood_Floor_Walnut_Polished : Can't find file for asset. /Game/StarterContent/Textures/T_Wood_Floor_Walnut_M
[2018.11.05-11.30.36:875][  0]LogTexture: Display: Building textures: HQ_Lightmap0_2 (AutoDXT, 128X128)
[2018.11.05-11.30.36:875][  0]LogTexture: Display: Building textures: HQ_Lightmap0_1 (AutoDXT, 1024X1024)
[2018.11.05-11.30.36:875][  0]LogTexture: Display: Building textures: HQ_Lightmap1_3 (AutoDXT, 64X64)
[2018.11.05-11.30.36:875][  0]LogTexture: Display: Building textures: LQ_Lightmap_0_1 (DXT1, 1024X1024)
[2018.11.05-11.30.36:875][  0]LogLinker: Warning: Can't find file '/Game/StarterContent/Textures/T_Wood_Floor_Walnut_M'
[2018.11.05-11.30.36:876][  0]LoadErrors: Failed to load /Game/StarterContent/Textures/T_Wood_Floor_Walnut_M.T_Wood_Floor_Walnut_M Referenced by MaterialExpressionTextureSample_2
[2018.11.05-11.30.36:876][  0]LogLinker: Warning: Can't find file for asset '/Game/StarterContent/Textures/T_Wood_Floor_Walnut_M' while loading NULL.
[2018.11.05-11.30.36:876][  0]LoadErrors: Failed to load /Game/StarterContent/Textures/T_Wood_Floor_Walnut_M.T_Wood_Floor_Walnut_M Referenced by MaterialExpressionTextureSample_2
[2018.11.05-11.30.37:898][  0]LogTexture: Display: Building textures: LQ_Lightmap_0_2 (DXT1, 128X128)
[2018.11.05-11.30.37:900][  0]LogTexture: Display: Building textures: LQ_Lightmap_1_3 (DXT1, 64X64)
[2018.11.05-11.30.37:900][  0]LogTexture: Display: Building textures: SkyOcclusion0_1 (AutoDXT, 1024X512)
[2018.11.05-11.30.37:900][  0]LogTexture: Display: Building textures: SkyOcclusion0_2 (AutoDXT, 128X64)
[2018.11.05-11.30.37:900][  0]LogTexture: Display: Building textures: SkyOcclusion1_3 (AutoDXT, 64X32)
[2018.11.05-11.30.37:900][  0]LogTexture: Display: Building textures: ShadowMapTexture2D_0 (G8, 1024X512)
[2018.11.05-11.30.38:529][  0]LogTexture: Display: Building textures: ShadowMapTexture2D_1 (G8, 64X64)
[2018.11.05-11.30.38:529][  0]LogTexture: Display: Building textures: ShadowMapTexture2D_2 (G8, 32X32)
[2018.11.05-11.30.38:570][  0]LogMaterial: Display: Missing cached shader map for material T_Wood_Oak_D_Mat, compiling. 
[2018.11.05-11.30.38:735][  0]LogShaderCompilers: Display: Shaders left to compile 31
[2018.11.05-11.30.38:735][  0]LogShaderCompilers: Display: Shaders left to compile 21
[2018.11.05-11.30.38:735][  0]LogShaderCompilers: Display: Shaders left to compile 11
[2018.11.05-11.30.38:735][  0]LogMaterial: Display: Missing cached shader map for material M_Wood_Floor_Walnut_Polished, compiling. 
[2018.11.05-11.30.38:750][  0]LogMaterial: Warning: D:\Resilio\1890\Blockout_1890\Content\StarterContent\Materials\M_Wood_Floor_Walnut_Polished.uasset: Failed to compile Material for platform PCD3D_SM5, Default Material will be used in game.
[2018.11.05-11.30.38:750][  0]LogMaterial: 	(Node TextureSample) Alpha is AO> Missing input texture
[2018.11.05-11.30.38:791][  0]LogAIModule: Creating AISystem for world Minimal_Default
[2018.11.05-11.30.39:270][  0]LogEditorServer: Finished looking for orphan Actors (0.000 secs)
[2018.11.05-11.30.39:396][  0]Cmd: MAP CHECKDEP NOCLEARLOG
[2018.11.05-11.30.39:540][  0]MapCheck: Map check complete: 0 Error(s), 0 Warning(s), took 143.88ms to complete.
[2018.11.05-11.30.39:540][  0]LogFileHelpers: Loading map 'Minimal_Default' took 3.884
[2018.11.05-11.30.40:931][  0]LogSlate: Updating window title bar state: overlay mode, drag disabled, window buttons hidden, title bar hidden
[2018.11.05-11.30.40:973][  0]LogSlate: Updating window title bar state: overlay mode, drag disabled, window buttons hidden, title bar hidden
[2018.11.05-11.30.40:985][  0]LogSlate: Updating window title bar state: overlay mode, drag disabled, window buttons hidden, title bar hidden
[2018.11.05-11.30.41:000][  0]LogSlate: Updating window title bar state: overlay mode, drag disabled, window buttons hidden, title bar hidden
[2018.11.05-11.30.41:066][  0]LogCollectionManager: Loaded 0 collections in 0.004318 seconds
[2018.11.05-11.30.41:180][  0]LogFileCache: Scanning file cache for directory 'D:/Resilio/1890/Blockout_1890/Saved/Collections/' took 0.01s
[2018.11.05-11.30.41:181][  0]LogFileCache: Scanning file cache for directory 'D:/Resilio/1890/Blockout_1890/Content/Developers/batti/Collections/' took 0.01s
[2018.11.05-11.30.41:181][  0]LogFileCache: Scanning file cache for directory 'D:/Resilio/1890/Blockout_1890/Content/Collections/' took 0.01s
[2018.11.05-11.30.41:181][  0]LogCollectionManager: Rebuilt the GUID cache for 0 collections in 0.000000 seconds
[2018.11.05-11.30.41:196][  0]LogContentBrowser: Native class hierarchy populated in 0.0146 seconds. Added 2572 classes and 603 folders.
[2018.11.05-11.30.41:303][  0]LogContentBrowser: Native class hierarchy updated for 'WidgetCarousel' in 0.0005 seconds. Added 0 classes and 0 folders.
[2018.11.05-11.30.42:451][  0]LogContentBrowser: Native class hierarchy updated for 'AddContentDialog' in 0.0006 seconds. Added 0 classes and 0 folders.
[2018.11.05-11.30.42:546][  0]LogContentBrowser: Native class hierarchy updated for 'SceneOutliner' in 0.0006 seconds. Added 1 classes and 2 folders.
[2018.11.05-11.30.43:017][  0]LogSlate: Took 0.008627 seconds to synchronously load lazily loaded font '../../../Engine/Content/Slate/Fonts/Roboto-Regular.ttf' (155K)
[2018.11.05-11.30.43:041][  0]LogSlate: Took 0.020969 seconds to synchronously load lazily loaded font '../../../Engine/Content/Slate/Fonts/Roboto-Bold.ttf' (160K)
[2018.11.05-11.30.43:118][  0]LogSlate: Took 0.015619 seconds to synchronously load lazily loaded font '../../../Engine/Content/Editor/Slate/Fonts/FontAwesome.ttf' (139K)
[2018.11.05-11.30.43:524][  0]LogRenderer: Reallocating scene render targets to support 1208x552 Format 10 NumSamples 1 (Frame:1).
[2018.11.05-11.30.44:481][  0]LogShaderCompilers: Display: Shaders left to compile 1
[2018.11.05-11.30.44:552][  0]LogContentBrowser: Native class hierarchy updated for 'HierarchicalLODOutliner' in 0.0006 seconds. Added 0 classes and 0 folders.
[2018.11.05-11.30.44:552][  0]LogLoad: (Engine Initialization) Total time: 78.88 seconds
[2018.11.05-11.30.44:552][  0]LogLoad: (Engine Initialization) Total Blueprint compile time: 0.00 seconds
[2018.11.05-11.30.44:639][  0]LogContentStreaming: Texture pool size now 1000 MB
[2018.11.05-11.30.44:662][  0]LogSlate: FSceneViewport::OnFocusLost() reason 2
[2018.11.05-11.30.44:789][  0]LogSlate: Took 0.014576 seconds to synchronously load lazily loaded font '../../../Engine/Content/Slate/Fonts/Roboto-Light.ttf' (167K)
[2018.11.05-11.30.45:017][  3]LogAssetRegistry: Asset discovery search completed in 47.4573 seconds
[2018.11.05-11.30.45:021][  3]LogCollectionManager: Rebuilt the object cache for 0 collections in 0.000000 seconds (found 0 objects)
[2018.11.05-11.30.45:021][  3]LogCollectionManager: Fixed up redirectors for 0 collections in 0.000090 seconds (updated 0 objects)
[2018.11.05-11.31.08:220][ 37]LogSlate: Window 'Message Log' being destroyed
[2018.11.05-11.31.08:232][ 37]LogSlate: Window 'Message Log' being destroyed
[2018.11.05-11.33.26:636][406]LogSlate: FSceneViewport::OnFocusLost() reason 2
[2018.11.05-11.33.58:665][ 85]LogSlate: FSceneViewport::OnFocusLost() reason 0
[2018.11.05-11.34.02:868][307]LogSlate: FSceneViewport::OnFocusLost() reason 0
[2018.11.05-11.35.04:061][587]LogSlate: Took 0.338660 seconds to synchronously load lazily loaded font '../../../Engine/Content/Slate/Fonts/Roboto-Italic.ttf' (157K)
[2018.11.05-11.35.05:867][678]LogSlate: FSceneViewport::OnFocusLost() reason 0
[2018.11.05-11.36.59:418][615]Cmd: TRANSACTION UNDO
[2018.11.05-11.36.59:418][615]LogEditorTransaction: Undo Create Actors
[2018.11.05-11.36.59:866][615]LogSlate: Took 0.000424 seconds to synchronously load lazily loaded font '../../../Engine/Content/Slate/Fonts/Roboto-Light.ttf' (167K)
[2018.11.05-11.37.00:051][617]Cmd: TRANSACTION UNDO
[2018.11.05-11.37.00:051][617]LogEditorTransaction: Undo Select Brush Surface
[2018.11.05-11.37.58:639][758]LogEditorViewport: Clicking on Actor (LMB): Pawn (Pawn)
[2018.11.05-11.37.59:063][760]LogEditorViewport: Clicking on Component (LMB): SceneComponent (DefaultSceneRoot)
[2018.11.05-11.37.59:366][765]LogEditorViewport: Clicking on Component (LMB): SceneComponent (DefaultSceneRoot)
[2018.11.05-11.38.10:033][349]LogSlate: FSceneViewport::OnFocusLost() reason 0
[2018.11.05-11.40.36:294][396]LogEditorViewport: Clicking on Component (LMB): SceneComponent (DefaultSceneRoot)
[2018.11.05-11.40.40:071][599]LogSlate: FSceneViewport::OnFocusLost() reason 0
[2018.11.05-11.41.16:472][393]LogSavePackage: Moving '../../../../Resilio/1890/Blockout_1890/Saved/Minimal_Default_Auto153B442264ECBF6A1FF15808CCFE66CF4.tmp' to '../../../../Resilio/1890/Blockout_1890/Saved/Autosaves/Game/StarterContent/Maps/Minimal_Default_Auto1.umap'
[2018.11.05-11.41.16:507][393]LogFileHelpers: Editor autosave (incl. sublevels) for '/Game/StarterContent/Maps/Minimal_Default' took 1.221
[2018.11.05-11.41.16:508][393]LogFileHelpers: Editor autosave (incl. sublevels) for all levels took 1.221
[2018.11.05-11.41.43:272][766]LogSlate: FSceneViewport::OnFocusLost() reason 0
[2018.11.05-11.48.34:306][895]LogEditorViewport: Clicking on Component (LMB): SceneComponent (DefaultSceneRoot)
[2018.11.05-11.48.39:407][171]Cmd: TRANSACTION UNDO
[2018.11.05-11.48.39:407][171]LogEditorTransaction: Undo Clicking on Components
[2018.11.05-11.48.39:681][184]Cmd: TRANSACTION UNDO
[2018.11.05-11.48.39:681][184]LogEditorTransaction: Undo Move Components
[2018.11.05-11.48.39:949][196]Cmd: TRANSACTION UNDO
[2018.11.05-11.48.39:949][196]LogEditorTransaction: Undo Clicking on Components
[2018.11.05-11.48.40:193][208]Cmd: TRANSACTION UNDO
[2018.11.05-11.48.40:193][208]LogEditorTransaction: Undo Clicking on Component (tree view)
[2018.11.05-11.48.40:529][225]Cmd: TRANSACTION UNDO
[2018.11.05-11.48.40:529][225]LogEditorTransaction: Undo Clicking on Components
[2018.11.05-11.48.40:817][240]Cmd: TRANSACTION UNDO
[2018.11.05-11.48.40:817][240]LogEditorTransaction: Undo Clicking on Components
[2018.11.05-11.48.41:170][259]Cmd: TRANSACTION UNDO
[2018.11.05-11.48.41:170][259]LogEditorTransaction: Undo Clicking on Actors
[2018.11.05-11.48.41:489][276]Cmd: TRANSACTION UNDO
[2018.11.05-11.48.41:489][276]LogEditorTransaction: Undo Move Actors
[2018.11.05-11.48.41:939][300]Cmd: TRANSACTION UNDO
[2018.11.05-11.48.41:939][300]LogEditorTransaction: Undo Create Actors
[2018.11.05-11.48.47:420][570]LogSlate: FSceneViewport::OnFocusLost() reason 0
[2018.11.05-11.51.17:409][970]LogSavePackage: Moving '../../../../Resilio/1890/Blockout_1890/Saved/Minimal_Default_Auto21FF35834460C4A5EE4FD5581FC2A6F1D.tmp' to '../../../../Resilio/1890/Blockout_1890/Saved/Autosaves/Game/StarterContent/Maps/Minimal_Default_Auto2.umap'
[2018.11.05-11.51.17:420][970]LogFileHelpers: Editor autosave (incl. sublevels) for '/Game/StarterContent/Maps/Minimal_Default' took 0.747
[2018.11.05-11.51.17:420][970]LogFileHelpers: Editor autosave (incl. sublevels) for all levels took 0.747
[2018.11.05-12.11.57:619][637]LogD3D11RHI: Timed out while waiting for GPU to catch up. (0.5 s)
[2018.11.05-12.11.58:302][639]LogD3D11RHI: Timed out while waiting for GPU to catch up. (0.5 s)
[2018.11.05-12.11.58:805][640]LogD3D11RHI: Timed out while waiting for GPU to catch up. (0.5 s)
[2018.11.05-12.11.59:832][643]LogD3D11RHI: Timed out while waiting for GPU to catch up. (0.5 s)
[2018.11.05-12.12.00:335][644]LogD3D11RHI: Timed out while waiting for GPU to catch up. (0.5 s)
[2018.11.05-12.12.01:364][647]LogD3D11RHI: Timed out while waiting for GPU to catch up. (0.5 s)
[2018.11.05-12.12.01:868][648]LogD3D11RHI: Timed out while waiting for GPU to catch up. (0.5 s)
[2018.11.05-12.12.02:370][649]LogD3D11RHI: Timed out while waiting for GPU to catch up. (0.5 s)
[2018.11.05-12.12.03:411][652]LogD3D11RHI: Timed out while waiting for GPU to catch up. (0.5 s)
[2018.11.05-12.12.03:916][653]LogD3D11RHI: Timed out while waiting for GPU to catch up. (0.5 s)
[2018.11.05-12.12.04:417][654]LogD3D11RHI: Timed out while waiting for GPU to catch up. (0.5 s)
[2018.11.05-12.12.05:457][657]LogD3D11RHI: Timed out while waiting for GPU to catch up. (0.5 s)
[2018.11.05-12.12.05:958][658]LogD3D11RHI: Timed out while waiting for GPU to catch up. (0.5 s)
[2018.11.05-12.12.06:460][659]LogD3D11RHI: Timed out while waiting for GPU to catch up. (0.5 s)
[2018.11.05-12.12.12:136][676]LogD3D11RHI: Timed out while waiting for GPU to catch up. (0.5 s)
[2018.11.05-12.12.12:638][677]LogD3D11RHI: Timed out while waiting for GPU to catch up. (0.5 s)
[2018.11.05-12.12.13:139][678]LogD3D11RHI: Timed out while waiting for GPU to catch up. (0.5 s)
[2018.11.05-12.12.18:754][695]LogD3D11RHI: Timed out while waiting for GPU to catch up. (0.5 s)
[2018.11.05-12.12.19:256][696]LogD3D11RHI: Timed out while waiting for GPU to catch up. (0.5 s)
[2018.11.05-12.12.20:287][699]LogD3D11RHI: Timed out while waiting for GPU to catch up. (0.5 s)
[2018.11.05-12.12.22:340][705]LogD3D11RHI: Timed out while waiting for GPU to catch up. (0.5 s)
[2018.11.05-12.12.22:841][706]LogD3D11RHI: Timed out while waiting for GPU to catch up. (0.5 s)
[2018.11.05-12.12.23:343][707]LogD3D11RHI: Timed out while waiting for GPU to catch up. (0.5 s)
[2018.11.05-12.12.29:007][724]LogD3D11RHI: Timed out while waiting for GPU to catch up. (0.5 s)
[2018.11.05-12.12.29:508][725]LogD3D11RHI: Timed out while waiting for GPU to catch up. (0.5 s)
[2018.11.05-12.12.30:010][726]LogD3D11RHI: Timed out while waiting for GPU to catch up. (0.5 s)
[2018.11.05-12.12.38:245][751]LogD3D11RHI: Timed out while waiting for GPU to catch up. (0.5 s)
[2018.11.05-12.12.38:748][752]LogD3D11RHI: Timed out while waiting for GPU to catch up. (0.5 s)
[2018.11.05-12.12.39:777][755]LogD3D11RHI: Timed out while waiting for GPU to catch up. (0.5 s)
[2018.11.05-12.12.40:281][756]LogD3D11RHI: Timed out while waiting for GPU to catch up. (0.5 s)
[2018.11.05-12.12.40:784][757]LogD3D11RHI: Timed out while waiting for GPU to catch up. (0.5 s)
[2018.11.05-12.12.49:010][782]LogD3D11RHI: Timed out while waiting for GPU to catch up. (0.5 s)
[2018.11.05-12.12.49:513][783]LogD3D11RHI: Timed out while waiting for GPU to catch up. (0.5 s)
[2018.11.05-12.12.50:019][784]LogD3D11RHI: Timed out while waiting for GPU to catch up. (0.5 s)
[2018.11.05-12.12.56:712][804]LogD3D11RHI: Timed out while waiting for GPU to catch up. (0.5 s)
[2018.11.05-12.12.57:214][805]LogD3D11RHI: Timed out while waiting for GPU to catch up. (0.5 s)
[2018.11.05-12.12.58:240][808]LogD3D11RHI: Timed out while waiting for GPU to catch up. (0.5 s)
[2018.11.05-12.12.58:747][809]LogD3D11RHI: Timed out while waiting for GPU to catch up. (0.5 s)
[2018.11.05-12.12.59:249][810]LogD3D11RHI: Timed out while waiting for GPU to catch up. (0.5 s)
[2018.11.05-12.13.00:287][813]LogD3D11RHI: Timed out while waiting for GPU to catch up. (0.5 s)
[2018.11.05-12.13.00:792][814]LogD3D11RHI: Timed out while waiting for GPU to catch up. (0.5 s)
[2018.11.05-12.13.01:293][815]LogD3D11RHI: Timed out while waiting for GPU to catch up. (0.5 s)
[2018.11.05-12.13.02:336][818]LogD3D11RHI: Timed out while waiting for GPU to catch up. (0.5 s)
[2018.11.05-12.13.04:385][824]LogD3D11RHI: Timed out while waiting for GPU to catch up. (0.5 s)
[2018.11.05-12.13.04:887][825]LogD3D11RHI: Timed out while waiting for GPU to catch up. (0.5 s)
[2018.11.05-12.13.05:389][826]LogD3D11RHI: Timed out while waiting for GPU to catch up. (0.5 s)
[2018.11.05-12.13.06:429][829]LogD3D11RHI: Timed out while waiting for GPU to catch up. (0.5 s)
[2018.11.05-12.13.06:932][830]LogD3D11RHI: Timed out while waiting for GPU to catch up. (0.5 s)
[2018.11.05-12.13.07:434][831]LogD3D11RHI: Timed out while waiting for GPU to catch up. (0.5 s)
[2018.11.05-12.13.08:476][834]LogD3D11RHI: Timed out while waiting for GPU to catch up. (0.5 s)
[2018.11.05-12.13.13:690][850]LogD3D11RHI: Timed out while waiting for GPU to catch up. (0.5 s)
[2018.11.05-12.13.14:191][851]LogD3D11RHI: Timed out while waiting for GPU to catch up. (0.5 s)
[2018.11.05-12.13.14:693][852]LogD3D11RHI: Timed out while waiting for GPU to catch up. (0.5 s)
[2018.11.05-12.13.21:902][874]LogD3D11RHI: Timed out while waiting for GPU to catch up. (0.5 s)
[2018.11.05-12.13.22:405][875]LogD3D11RHI: Timed out while waiting for GPU to catch up. (0.5 s)
[2018.11.05-12.13.22:906][876]LogD3D11RHI: Timed out while waiting for GPU to catch up. (0.5 s)
[2018.11.05-12.13.29:605][896]LogD3D11RHI: Timed out while waiting for GPU to catch up. (0.5 s)
[2018.11.05-12.13.30:107][897]LogD3D11RHI: Timed out while waiting for GPU to catch up. (0.5 s)
[2018.11.05-12.13.31:133][900]LogD3D11RHI: Timed out while waiting for GPU to catch up. (0.5 s)
[2018.11.05-12.13.31:637][901]LogD3D11RHI: Timed out while waiting for GPU to catch up. (0.5 s)
[2018.11.05-12.13.32:139][902]LogD3D11RHI: Timed out while waiting for GPU to catch up. (0.5 s)
[2018.11.05-12.13.40:839][928]LogD3D11RHI: Timed out while waiting for GPU to catch up. (0.5 s)
[2018.11.05-12.13.41:341][929]LogD3D11RHI: Timed out while waiting for GPU to catch up. (0.5 s)
[2018.11.05-12.13.42:367][932]LogD3D11RHI: Timed out while waiting for GPU to catch up. (0.5 s)
[2018.11.05-12.13.42:871][933]LogD3D11RHI: Timed out while waiting for GPU to catch up. (0.5 s)
[2018.11.05-12.13.43:374][934]LogD3D11RHI: Timed out while waiting for GPU to catch up. (0.5 s)
[2018.11.05-12.13.44:412][937]LogD3D11RHI: Timed out while waiting for GPU to catch up. (0.5 s)
[2018.11.05-12.13.44:918][938]LogD3D11RHI: Timed out while waiting for GPU to catch up. (0.5 s)
[2018.11.05-12.13.45:420][939]LogD3D11RHI: Timed out while waiting for GPU to catch up. (0.5 s)
[2018.11.05-12.13.46:459][942]LogD3D11RHI: Timed out while waiting for GPU to catch up. (0.5 s)
[2018.11.05-12.13.46:962][943]LogD3D11RHI: Timed out while waiting for GPU to catch up. (0.5 s)
[2018.11.05-12.13.47:991][946]LogD3D11RHI: Timed out while waiting for GPU to catch up. (0.5 s)
[2018.11.05-12.13.48:495][947]LogD3D11RHI: Timed out while waiting for GPU to catch up. (0.5 s)
[2018.11.05-12.13.49:002][948]LogD3D11RHI: Timed out while waiting for GPU to catch up. (0.5 s)
[2018.11.05-12.13.50:039][951]LogD3D11RHI: Timed out while waiting for GPU to catch up. (0.5 s)
[2018.11.05-12.13.50:542][952]LogD3D11RHI: Timed out while waiting for GPU to catch up. (0.5 s)
[2018.11.05-12.13.51:045][953]LogD3D11RHI: Timed out while waiting for GPU to catch up. (0.5 s)
[2018.11.05-12.13.52:087][956]LogD3D11RHI: Timed out while waiting for GPU to catch up. (0.5 s)
[2018.11.05-12.13.52:590][957]LogD3D11RHI: Timed out while waiting for GPU to catch up. (0.5 s)
[2018.11.05-12.13.53:092][958]LogD3D11RHI: Timed out while waiting for GPU to catch up. (0.5 s)
[2018.11.05-12.13.54:133][961]LogD3D11RHI: Timed out while waiting for GPU to catch up. (0.5 s)
[2018.11.05-12.13.54:635][962]LogD3D11RHI: Timed out while waiting for GPU to catch up. (0.5 s)
[2018.11.05-12.13.55:137][963]LogD3D11RHI: Timed out while waiting for GPU to catch up. (0.5 s)
[2018.11.05-12.13.56:178][966]LogD3D11RHI: Timed out while waiting for GPU to catch up. (0.5 s)
[2018.11.05-12.13.56:680][967]LogD3D11RHI: Timed out while waiting for GPU to catch up. (0.5 s)
[2018.11.05-12.13.57:182][968]LogD3D11RHI: Timed out while waiting for GPU to catch up. (0.5 s)
[2018.11.05-12.14.10:085][  7]LogD3D11RHI: Timed out while waiting for GPU to catch up. (0.5 s)
[2018.11.05-12.14.10:588][  8]LogD3D11RHI: Timed out while waiting for GPU to catch up. (0.5 s)
[2018.11.05-12.14.11:089][  9]LogD3D11RHI: Timed out while waiting for GPU to catch up. (0.5 s)
[2018.11.05-12.14.11:591][ 10]LogD3D11RHI: Timed out while waiting for GPU to catch up. (0.5 s)
[2018.11.05-12.14.12:629][ 13]LogD3D11RHI: Timed out while waiting for GPU to catch up. (0.5 s)
[2018.11.05-12.14.13:684][ 16]LogD3D11RHI: Timed out while waiting for GPU to catch up. (0.5 s)
[2018.11.05-12.14.14:185][ 17]LogD3D11RHI: Timed out while waiting for GPU to catch up. (0.5 s)
[2018.11.05-12.14.14:686][ 18]LogD3D11RHI: Timed out while waiting for GPU to catch up. (0.5 s)
[2018.11.05-12.14.15:724][ 21]LogD3D11RHI: Timed out while waiting for GPU to catch up. (0.5 s)
[2018.11.05-12.14.16:226][ 22]LogD3D11RHI: Timed out while waiting for GPU to catch up. (0.5 s)
[2018.11.05-12.14.16:728][ 23]LogD3D11RHI: Timed out while waiting for GPU to catch up. (0.5 s)
[2018.11.05-12.14.23:992][ 45]LogD3D11RHI: Timed out while waiting for GPU to catch up. (0.5 s)
[2018.11.05-12.14.24:493][ 46]LogD3D11RHI: Timed out while waiting for GPU to catch up. (0.5 s)
[2018.11.05-12.14.25:520][ 49]LogD3D11RHI: Timed out while waiting for GPU to catch up. (0.5 s)
[2018.11.05-12.14.26:024][ 50]LogD3D11RHI: Timed out while waiting for GPU to catch up. (0.5 s)
[2018.11.05-12.14.26:526][ 51]LogD3D11RHI: Timed out while waiting for GPU to catch up. (0.5 s)
[2018.11.05-12.14.27:566][ 54]LogD3D11RHI: Timed out while waiting for GPU to catch up. (0.5 s)
[2018.11.05-12.14.28:070][ 55]LogD3D11RHI: Timed out while waiting for GPU to catch up. (0.5 s)
[2018.11.05-12.14.29:099][ 58]LogD3D11RHI: Timed out while waiting for GPU to catch up. (0.5 s)
[2018.11.05-12.14.29:603][ 59]LogD3D11RHI: Timed out while waiting for GPU to catch up. (0.5 s)
[2018.11.05-12.14.30:106][ 60]LogD3D11RHI: Timed out while waiting for GPU to catch up. (0.5 s)
[2018.11.05-12.14.31:144][ 63]LogD3D11RHI: Timed out while waiting for GPU to catch up. (0.5 s)
[2018.11.05-12.14.31:650][ 64]LogD3D11RHI: Timed out while waiting for GPU to catch up. (0.5 s)
[2018.11.05-12.14.32:152][ 65]LogD3D11RHI: Timed out while waiting for GPU to catch up. (0.5 s)
[2018.11.05-12.14.33:193][ 68]LogD3D11RHI: Timed out while waiting for GPU to catch up. (0.5 s)
[2018.11.05-12.14.33:697][ 69]LogD3D11RHI: Timed out while waiting for GPU to catch up. (0.5 s)
[2018.11.05-12.14.34:201][ 70]LogD3D11RHI: Timed out while waiting for GPU to catch up. (0.5 s)
[2018.11.05-12.14.35:240][ 73]LogD3D11RHI: Timed out while waiting for GPU to catch up. (0.5 s)
[2018.11.05-12.14.35:746][ 74]LogD3D11RHI: Timed out while waiting for GPU to catch up. (0.5 s)
[2018.11.05-12.14.36:772][ 77]LogD3D11RHI: Timed out while waiting for GPU to catch up. (0.5 s)
[2018.11.05-12.14.37:276][ 78]LogD3D11RHI: Timed out while waiting for GPU to catch up. (0.5 s)
[2018.11.05-12.14.37:779][ 79]LogD3D11RHI: Timed out while waiting for GPU to catch up. (0.5 s)
[2018.11.05-12.14.38:819][ 82]LogD3D11RHI: Timed out while waiting for GPU to catch up. (0.5 s)
[2018.11.05-12.14.39:322][ 83]LogD3D11RHI: Timed out while waiting for GPU to catch up. (0.5 s)
[2018.11.05-12.14.39:825][ 84]LogD3D11RHI: Timed out while waiting for GPU to catch up. (0.5 s)
[2018.11.05-12.14.40:867][ 87]LogD3D11RHI: Timed out while waiting for GPU to catch up. (0.5 s)
[2018.11.05-12.14.41:370][ 88]LogD3D11RHI: Timed out while waiting for GPU to catch up. (0.5 s)
[2018.11.05-12.14.41:873][ 89]LogD3D11RHI: Timed out while waiting for GPU to catch up. (0.5 s)
[2018.11.05-12.14.42:914][ 92]LogD3D11RHI: Timed out while waiting for GPU to catch up. (0.5 s)
[2018.11.05-12.14.43:418][ 93]LogD3D11RHI: Timed out while waiting for GPU to catch up. (0.5 s)
[2018.11.05-12.14.43:920][ 94]LogD3D11RHI: Timed out while waiting for GPU to catch up. (0.5 s)
[2018.11.05-12.14.50:153][113]LogD3D11RHI: Timed out while waiting for GPU to catch up. (0.5 s)
[2018.11.05-12.14.50:655][114]LogD3D11RHI: Timed out while waiting for GPU to catch up. (0.5 s)
[2018.11.05-12.14.51:156][115]LogD3D11RHI: Timed out while waiting for GPU to catch up. (0.5 s)
[2018.11.05-12.14.56:823][132]LogD3D11RHI: Timed out while waiting for GPU to catch up. (0.5 s)
[2018.11.05-12.14.57:326][133]LogD3D11RHI: Timed out while waiting for GPU to catch up. (0.5 s)
[2018.11.05-12.14.57:828][134]LogD3D11RHI: Timed out while waiting for GPU to catch up. (0.5 s)
[2018.11.05-12.14.58:329][135]LogD3D11RHI: Timed out while waiting for GPU to catch up. (0.5 s)
[2018.11.05-12.14.58:831][136]LogD3D11RHI: Timed out while waiting for GPU to catch up. (0.5 s)
[2018.11.05-12.14.59:332][137]LogD3D11RHI: Timed out while waiting for GPU to catch up. (0.5 s)
[2018.11.05-12.14.59:834][138]LogD3D11RHI: Timed out while waiting for GPU to catch up. (0.5 s)
[2018.11.05-12.15.00:336][139]LogD3D11RHI: Timed out while waiting for GPU to catch up. (0.5 s)
[2018.11.05-12.15.01:427][142]LogD3D11RHI: Timed out while waiting for GPU to catch up. (0.5 s)
[2018.11.05-12.15.01:928][143]LogD3D11RHI: Timed out while waiting for GPU to catch up. (0.5 s)
[2018.11.05-12.15.03:480][148]LogD3D11RHI: Timed out while waiting for GPU to catch up. (0.5 s)
[2018.11.05-12.15.03:982][149]LogD3D11RHI: Timed out while waiting for GPU to catch up. (0.5 s)
[2018.11.05-12.15.05:007][152]LogD3D11RHI: Timed out while waiting for GPU to catch up. (0.5 s)
[2018.11.05-12.15.05:509][153]LogD3D11RHI: Timed out while waiting for GPU to catch up. (0.5 s)
[2018.11.05-12.15.06:010][154]LogD3D11RHI: Timed out while waiting for GPU to catch up. (0.5 s)
[2018.11.05-12.15.06:511][155]LogD3D11RHI: Timed out while waiting for GPU to catch up. (0.5 s)
[2018.11.05-12.15.07:014][156]LogD3D11RHI: Timed out while waiting for GPU to catch up. (0.5 s)
[2018.11.05-12.15.07:516][157]LogD3D11RHI: Timed out while waiting for GPU to catch up. (0.5 s)
[2018.11.05-12.15.08:018][158]LogD3D11RHI: Timed out while waiting for GPU to catch up. (0.5 s)
[2018.11.05-12.15.08:640][160]LogD3D11RHI: Timed out while waiting for GPU to catch up. (0.5 s)
[2018.11.05-12.15.09:665][163]LogD3D11RHI: Timed out while waiting for GPU to catch up. (0.5 s)
[2018.11.05-12.15.10:167][164]LogD3D11RHI: Timed out while waiting for GPU to catch up. (0.5 s)
[2018.11.05-12.15.10:670][165]LogD3D11RHI: Timed out while waiting for GPU to catch up. (0.5 s)
[2018.11.05-12.15.11:171][166]LogD3D11RHI: Timed out while waiting for GPU to catch up. (0.5 s)
[2018.11.05-12.15.11:673][167]LogD3D11RHI: Timed out while waiting for GPU to catch up. (0.5 s)
[2018.11.05-12.15.12:174][168]LogD3D11RHI: Timed out while waiting for GPU to catch up. (0.5 s)
[2018.11.05-12.15.12:676][169]LogD3D11RHI: Timed out while waiting for GPU to catch up. (0.5 s)
[2018.11.05-12.15.13:755][172]LogD3D11RHI: Timed out while waiting for GPU to catch up. (0.5 s)
[2018.11.05-12.15.14:257][173]LogD3D11RHI: Timed out while waiting for GPU to catch up. (0.5 s)
[2018.11.05-12.15.21:504][195]LogD3D11RHI: Timed out while waiting for GPU to catch up. (0.5 s)
[2018.11.05-12.15.22:006][196]LogD3D11RHI: Timed out while waiting for GPU to catch up. (0.5 s)
[2018.11.05-12.15.26:649][210]LogD3D11RHI: Timed out while waiting for GPU to catch up. (0.5 s)
[2018.11.05-12.15.27:152][211]LogD3D11RHI: Timed out while waiting for GPU to catch up. (0.5 s)
[2018.11.05-12.15.28:179][214]LogD3D11RHI: Timed out while waiting for GPU to catch up. (0.5 s)
[2018.11.05-12.15.28:681][215]LogD3D11RHI: Timed out while waiting for GPU to catch up. (0.5 s)
[2018.11.05-12.15.29:183][216]LogD3D11RHI: Timed out while waiting for GPU to catch up. (0.5 s)
[2018.11.05-12.15.30:224][219]LogD3D11RHI: Timed out while waiting for GPU to catch up. (0.5 s)
[2018.11.05-12.15.30:726][220]LogD3D11RHI: Timed out while waiting for GPU to catch up. (0.5 s)
[2018.11.05-12.15.31:754][223]LogD3D11RHI: Timed out while waiting for GPU to catch up. (0.5 s)
[2018.11.05-12.15.32:257][224]LogD3D11RHI: Timed out while waiting for GPU to catch up. (0.5 s)
[2018.11.05-12.15.38:947][244]LogD3D11RHI: Timed out while waiting for GPU to catch up. (0.5 s)
[2018.11.05-12.15.39:449][245]LogD3D11RHI: Timed out while waiting for GPU to catch up. (0.5 s)
[2018.11.05-12.15.39:951][246]LogD3D11RHI: Timed out while waiting for GPU to catch up. (0.5 s)
[2018.11.05-12.15.40:996][249]LogD3D11RHI: Timed out while waiting for GPU to catch up. (0.5 s)
[2018.11.05-12.15.41:495][250]LogD3D11RHI: Timed out while waiting for GPU to catch up. (0.5 s)
[2018.11.05-12.15.41:997][251]LogD3D11RHI: Timed out while waiting for GPU to catch up. (0.5 s)
[2018.11.05-12.15.45:573][262]LogD3D11RHI: Timed out while waiting for GPU to catch up. (0.5 s)
[2018.11.05-12.15.46:075][263]LogD3D11RHI: Timed out while waiting for GPU to catch up. (0.5 s)
[2018.11.05-12.15.46:577][264]LogD3D11RHI: Timed out while waiting for GPU to catch up. (0.5 s)
[2018.11.05-12.15.53:884][286]LogD3D11RHI: Timed out while waiting for GPU to catch up. (0.5 s)
[2018.11.05-12.15.54:385][287]LogD3D11RHI: Timed out while waiting for GPU to catch up. (0.5 s)
[2018.11.05-12.15.55:409][290]LogD3D11RHI: Timed out while waiting for GPU to catch up. (0.5 s)
[2018.11.05-12.15.55:914][291]LogD3D11RHI: Timed out while waiting for GPU to catch up. (0.5 s)
[2018.11.05-12.15.56:942][294]LogD3D11RHI: Timed out while waiting for GPU to catch up. (0.5 s)
[2018.11.05-12.15.57:443][295]LogD3D11RHI: Timed out while waiting for GPU to catch up. (0.5 s)
[2018.11.05-12.15.57:945][296]LogD3D11RHI: Timed out while waiting for GPU to catch up. (0.5 s)
[2018.11.05-12.16.05:666][319]LogD3D11RHI: Timed out while waiting for GPU to catch up. (0.5 s)
[2018.11.05-12.16.06:167][320]LogD3D11RHI: Timed out while waiting for GPU to catch up. (0.5 s)
[2018.11.05-12.16.07:191][323]LogD3D11RHI: Timed out while waiting for GPU to catch up. (0.5 s)
[2018.11.05-12.16.07:693][324]LogD3D11RHI: Timed out while waiting for GPU to catch up. (0.5 s)
[2018.11.05-12.16.08:194][325]LogD3D11RHI: Timed out while waiting for GPU to catch up. (0.5 s)
[2018.11.05-12.16.09:238][328]LogD3D11RHI: Timed out while waiting for GPU to catch up. (0.5 s)
[2018.11.05-12.16.09:740][329]LogD3D11RHI: Timed out while waiting for GPU to catch up. (0.5 s)
[2018.11.05-12.16.11:292][334]LogD3D11RHI: Timed out while waiting for GPU to catch up. (0.5 s)
[2018.11.05-12.16.11:794][335]LogD3D11RHI: Timed out while waiting for GPU to catch up. (0.5 s)
[2018.11.05-12.16.12:817][338]LogD3D11RHI: Timed out while waiting for GPU to catch up. (0.5 s)
[2018.11.05-12.16.13:320][339]LogD3D11RHI: Timed out while waiting for GPU to catch up. (0.5 s)
[2018.11.05-12.16.13:822][340]LogD3D11RHI: Timed out while waiting for GPU to catch up. (0.5 s)
[2018.11.05-12.16.14:861][343]LogD3D11RHI: Timed out while waiting for GPU to catch up. (0.5 s)
[2018.11.05-12.16.15:363][344]LogD3D11RHI: Timed out while waiting for GPU to catch up. (0.5 s)
[2018.11.05-12.16.16:396][347]LogD3D11RHI: Timed out while waiting for GPU to catch up. (0.5 s)
[2018.11.05-12.16.16:899][348]LogD3D11RHI: Timed out while waiting for GPU to catch up. (0.5 s)
[2018.11.05-12.16.17:400][349]LogD3D11RHI: Timed out while waiting for GPU to catch up. (0.5 s)
[2018.11.05-12.16.18:442][352]LogD3D11RHI: Timed out while waiting for GPU to catch up. (0.5 s)
[2018.11.05-12.16.18:944][353]LogD3D11RHI: Timed out while waiting for GPU to catch up. (0.5 s)
[2018.11.05-12.16.19:444][354]LogD3D11RHI: Timed out while waiting for GPU to catch up. (0.5 s)
[2018.11.05-12.16.20:493][357]LogD3D11RHI: Timed out while waiting for GPU to catch up. (0.5 s)
[2018.11.05-12.16.20:993][358]LogD3D11RHI: Timed out while waiting for GPU to catch up. (0.5 s)
[2018.11.05-12.16.21:495][359]LogD3D11RHI: Timed out while waiting for GPU to catch up. (0.5 s)
[2018.11.05-12.16.22:535][362]LogD3D11RHI: Timed out while waiting for GPU to catch up. (0.5 s)
[2018.11.05-12.16.23:037][363]LogD3D11RHI: Timed out while waiting for GPU to catch up. (0.5 s)
[2018.11.05-12.16.23:539][364]LogD3D11RHI: Timed out while waiting for GPU to catch up. (0.5 s)
[2018.11.05-12.16.29:823][383]LogD3D11RHI: Timed out while waiting for GPU to catch up. (0.5 s)
[2018.11.05-12.16.30:326][384]LogD3D11RHI: Timed out while waiting for GPU to catch up. (0.5 s)
[2018.11.05-12.16.30:827][385]LogD3D11RHI: Timed out while waiting for GPU to catch up. (0.5 s)
[2018.11.05-12.16.31:329][386]LogD3D11RHI: Timed out while waiting for GPU to catch up. (0.5 s)
[2018.11.05-12.16.32:382][389]LogD3D11RHI: Timed out while waiting for GPU to catch up. (0.5 s)
[2018.11.05-12.16.32:885][390]LogD3D11RHI: Timed out while waiting for GPU to catch up. (0.5 s)
[2018.11.05-12.16.33:387][391]LogD3D11RHI: Timed out while waiting for GPU to catch up. (0.5 s)
[2018.11.05-12.16.34:427][394]LogD3D11RHI: Timed out while waiting for GPU to catch up. (0.5 s)
[2018.11.05-12.16.34:930][395]LogD3D11RHI: Timed out while waiting for GPU to catch up. (0.5 s)
[2018.11.05-12.16.35:958][398]LogD3D11RHI: Timed out while waiting for GPU to catch up. (0.5 s)
[2018.11.05-12.16.36:461][399]LogD3D11RHI: Timed out while waiting for GPU to catch up. (0.5 s)
[2018.11.05-12.16.36:963][400]LogD3D11RHI: Timed out while waiting for GPU to catch up. (0.5 s)
[2018.11.05-12.16.38:008][403]LogD3D11RHI: Timed out while waiting for GPU to catch up. (0.5 s)
[2018.11.05-12.16.38:512][404]LogD3D11RHI: Timed out while waiting for GPU to catch up. (0.5 s)
[2018.11.05-12.16.39:017][405]LogD3D11RHI: Timed out while waiting for GPU to catch up. (0.5 s)
[2018.11.05-12.16.39:518][406]LogD3D11RHI: Timed out while waiting for GPU to catch up. (0.5 s)
[2018.11.05-12.16.40:021][407]LogD3D11RHI: Timed out while waiting for GPU to catch up. (0.5 s)
[2018.11.05-12.16.40:523][408]LogD3D11RHI: Timed out while waiting for GPU to catch up. (0.5 s)
[2018.11.05-12.16.41:026][409]LogD3D11RHI: Timed out while waiting for GPU to catch up. (0.5 s)
[2018.11.05-12.16.42:098][412]LogD3D11RHI: Timed out while waiting for GPU to catch up. (0.5 s)
[2018.11.05-12.16.42:602][413]LogD3D11RHI: Timed out while waiting for GPU to catch up. (0.5 s)
[2018.11.05-12.16.43:630][416]LogD3D11RHI: Timed out while waiting for GPU to catch up. (0.5 s)
[2018.11.05-12.16.44:131][417]LogD3D11RHI: Timed out while waiting for GPU to catch up. (0.5 s)
[2018.11.05-12.16.44:633][418]LogD3D11RHI: Timed out while waiting for GPU to catch up. (0.5 s)
[2018.11.05-12.16.45:679][421]LogD3D11RHI: Timed out while waiting for GPU to catch up. (0.5 s)
[2018.11.05-12.16.46:181][422]LogD3D11RHI: Timed out while waiting for GPU to catch up. (0.5 s)
[2018.11.05-12.16.46:683][423]LogD3D11RHI: Timed out while waiting for GPU to catch up. (0.5 s)
[2018.11.05-12.16.47:722][426]LogD3D11RHI: Timed out while waiting for GPU to catch up. (0.5 s)
[2018.11.05-12.16.48:223][427]LogD3D11RHI: Timed out while waiting for GPU to catch up. (0.5 s)
[2018.11.05-12.16.49:255][430]LogD3D11RHI: Timed out while waiting for GPU to catch up. (0.5 s)
[2018.11.05-12.16.49:761][431]LogD3D11RHI: Timed out while waiting for GPU to catch up. (0.5 s)
[2018.11.05-12.16.50:262][432]LogD3D11RHI: Timed out while waiting for GPU to catch up. (0.5 s)
[2018.11.05-12.16.51:302][435]LogD3D11RHI: Timed out while waiting for GPU to catch up. (0.5 s)
[2018.11.05-12.16.53:352][441]LogD3D11RHI: Timed out while waiting for GPU to catch up. (0.5 s)
[2018.11.05-12.16.53:855][442]LogD3D11RHI: Timed out while waiting for GPU to catch up. (0.5 s)
[2018.11.05-12.16.54:359][443]LogD3D11RHI: Timed out while waiting for GPU to catch up. (0.5 s)
[2018.11.05-12.16.55:396][446]LogD3D11RHI: Timed out while waiting for GPU to catch up. (0.5 s)
[2018.11.05-12.16.55:899][447]LogD3D11RHI: Timed out while waiting for GPU to catch up. (0.5 s)
[2018.11.05-12.16.56:403][448]LogD3D11RHI: Timed out while waiting for GPU to catch up. (0.5 s)
[2018.11.05-12.16.57:439][451]LogD3D11RHI: Timed out while waiting for GPU to catch up. (0.5 s)
[2018.11.05-12.16.57:941][452]LogD3D11RHI: Timed out while waiting for GPU to catch up. (0.5 s)
[2018.11.05-12.17.03:606][469]LogD3D11RHI: Timed out while waiting for GPU to catch up. (0.5 s)
[2018.11.05-12.17.04:108][470]LogD3D11RHI: Timed out while waiting for GPU to catch up. (0.5 s)
[2018.11.05-12.17.04:609][471]LogD3D11RHI: Timed out while waiting for GPU to catch up. (0.5 s)
[2018.11.05-12.17.05:111][472]LogD3D11RHI: Timed out while waiting for GPU to catch up. (0.5 s)
[2018.11.05-12.17.05:614][473]LogD3D11RHI: Timed out while waiting for GPU to catch up. (0.5 s)
[2018.11.05-12.17.06:115][474]LogD3D11RHI: Timed out while waiting for GPU to catch up. (0.5 s)
[2018.11.05-12.17.06:618][475]LogD3D11RHI: Timed out while waiting for GPU to catch up. (0.5 s)
[2018.11.05-12.17.07:119][476]LogD3D11RHI: Timed out while waiting for GPU to catch up. (0.5 s)
[2018.11.05-12.17.08:205][479]LogD3D11RHI: Timed out while waiting for GPU to catch up. (0.5 s)
[2018.11.05-12.17.08:707][480]LogD3D11RHI: Timed out while waiting for GPU to catch up. (0.5 s)
[2018.11.05-12.17.09:740][483]LogD3D11RHI: Timed out while waiting for GPU to catch up. (0.5 s)
[2018.11.05-12.17.10:241][484]LogD3D11RHI: Timed out while waiting for GPU to catch up. (0.5 s)
[2018.11.05-12.17.16:930][504]LogD3D11RHI: Timed out while waiting for GPU to catch up. (0.5 s)
[2018.11.05-12.17.17:433][505]LogD3D11RHI: Timed out while waiting for GPU to catch up. (0.5 s)
[2018.11.05-12.17.18:000][507]LogD3D11RHI: Timed out while waiting for GPU to catch up. (0.5 s)
[2018.11.05-12.17.18:504][508]LogD3D11RHI: Timed out while waiting for GPU to catch up. (0.5 s)
[2018.11.05-12.17.19:004][509]LogD3D11RHI: Timed out while waiting for GPU to catch up. (0.5 s)
[2018.11.05-12.17.19:505][510]LogD3D11RHI: Timed out while waiting for GPU to catch up. (0.5 s)
[2018.11.05-12.17.20:007][511]LogD3D11RHI: Timed out while waiting for GPU to catch up. (0.5 s)
[2018.11.05-12.17.21:069][514]LogD3D11RHI: Timed out while waiting for GPU to catch up. (0.5 s)
[2018.11.05-12.17.21:573][515]LogD3D11RHI: Timed out while waiting for GPU to catch up. (0.5 s)
[2018.11.05-12.17.22:076][516]LogD3D11RHI: Timed out while waiting for GPU to catch up. (0.5 s)
[2018.11.05-12.17.23:115][519]LogD3D11RHI: Timed out while waiting for GPU to catch up. (0.5 s)
[2018.11.05-12.17.23:618][520]LogD3D11RHI: Timed out while waiting for GPU to catch up. (0.5 s)
[2018.11.05-12.17.24:647][523]LogD3D11RHI: Timed out while waiting for GPU to catch up. (0.5 s)
[2018.11.05-12.17.25:149][524]LogD3D11RHI: Timed out while waiting for GPU to catch up. (0.5 s)
[2018.11.05-12.17.25:650][525]LogD3D11RHI: Timed out while waiting for GPU to catch up. (0.5 s)
[2018.11.05-12.17.26:696][528]LogD3D11RHI: Timed out while waiting for GPU to catch up. (0.5 s)
[2018.11.05-12.17.27:199][529]LogD3D11RHI: Timed out while waiting for GPU to catch up. (0.5 s)
[2018.11.05-12.17.27:702][530]LogD3D11RHI: Timed out while waiting for GPU to catch up. (0.5 s)
[2018.11.05-12.17.28:740][533]LogD3D11RHI: Timed out while waiting for GPU to catch up. (0.5 s)
[2018.11.05-12.17.29:244][534]LogD3D11RHI: Timed out while waiting for GPU to catch up. (0.5 s)
[2018.11.05-12.17.29:747][535]LogD3D11RHI: Timed out while waiting for GPU to catch up. (0.5 s)
[2018.11.05-12.17.30:788][538]LogD3D11RHI: Timed out while waiting for GPU to catch up. (0.5 s)
[2018.11.05-12.17.31:288][539]LogD3D11RHI: Timed out while waiting for GPU to catch up. (0.5 s)
[2018.11.05-12.17.39:583][564]LogD3D11RHI: Timed out while waiting for GPU to catch up. (0.5 s)
[2018.11.05-12.17.40:085][565]LogD3D11RHI: Timed out while waiting for GPU to catch up. (0.5 s)
[2018.11.05-12.17.46:775][585]LogD3D11RHI: Timed out while waiting for GPU to catch up. (0.5 s)
[2018.11.05-12.17.47:280][586]LogD3D11RHI: Timed out while waiting for GPU to catch up. (0.5 s)
[2018.11.05-12.17.47:781][587]LogD3D11RHI: Timed out while waiting for GPU to catch up. (0.5 s)
[2018.11.05-12.17.51:353][598]LogD3D11RHI: Timed out while waiting for GPU to catch up. (0.5 s)
[2018.11.05-12.17.51:855][599]LogD3D11RHI: Timed out while waiting for GPU to catch up. (0.5 s)
[2018.11.05-12.17.52:357][600]LogD3D11RHI: Timed out while waiting for GPU to catch up. (0.5 s)
[2018.11.05-12.17.58:990][620]LogD3D11RHI: Timed out while waiting for GPU to catch up. (0.5 s)
[2018.11.05-12.17.59:491][621]LogD3D11RHI: Timed out while waiting for GPU to catch up. (0.5 s)
[2018.11.05-12.18.04:701][637]LogD3D11RHI: Timed out while waiting for GPU to catch up. (0.5 s)
[2018.11.05-12.18.05:204][638]LogD3D11RHI: Timed out while waiting for GPU to catch up. (0.5 s)
[2018.11.05-12.18.05:706][639]LogD3D11RHI: Timed out while waiting for GPU to catch up. (0.5 s)
[2018.11.05-12.18.06:281][641]LogD3D11RHI: Timed out while waiting for GPU to catch up. (0.5 s)
[2018.11.05-12.18.06:783][642]LogD3D11RHI: Timed out while waiting for GPU to catch up. (0.5 s)
[2018.11.05-12.18.07:286][643]LogD3D11RHI: Timed out while waiting for GPU to catch up. (0.5 s)
[2018.11.05-12.18.07:787][644]LogD3D11RHI: Timed out while waiting for GPU to catch up. (0.5 s)
[2018.11.05-12.18.08:289][645]LogD3D11RHI: Timed out while waiting for GPU to catch up. (0.5 s)
[2018.11.05-12.18.09:348][648]LogD3D11RHI: Timed out while waiting for GPU to catch up. (0.5 s)
[2018.11.05-12.18.09:850][649]LogD3D11RHI: Timed out while waiting for GPU to catch up. (0.5 s)
[2018.11.05-12.18.15:459][666]LogD3D11RHI: Timed out while waiting for GPU to catch up. (0.5 s)
[2018.11.05-12.18.15:962][667]LogD3D11RHI: Timed out while waiting for GPU to catch up. (0.5 s)
[2018.11.05-12.18.16:990][670]LogD3D11RHI: Timed out while waiting for GPU to catch up. (0.5 s)
[2018.11.05-12.18.17:493][671]LogD3D11RHI: Timed out while waiting for GPU to catch up. (0.5 s)
[2018.11.05-12.18.17:995][672]LogD3D11RHI: Timed out while waiting for GPU to catch up. (0.5 s)
[2018.11.05-12.18.19:036][675]LogD3D11RHI: Timed out while waiting for GPU to catch up. (0.5 s)
[2018.11.05-12.18.19:539][676]LogD3D11RHI: Timed out while waiting for GPU to catch up. (0.5 s)
[2018.11.05-12.18.20:568][679]LogD3D11RHI: Timed out while waiting for GPU to catch up. (0.5 s)
[2018.11.05-12.18.21:070][680]LogD3D11RHI: Timed out while waiting for GPU to catch up. (0.5 s)
[2018.11.05-12.18.21:571][681]LogD3D11RHI: Timed out while waiting for GPU to catch up. (0.5 s)
[2018.11.05-12.18.22:617][684]LogD3D11RHI: Timed out while waiting for GPU to catch up. (0.5 s)
[2018.11.05-12.18.23:121][685]LogD3D11RHI: Timed out while waiting for GPU to catch up. (0.5 s)
[2018.11.05-12.18.23:625][686]LogD3D11RHI: Timed out while waiting for GPU to catch up. (0.5 s)
[2018.11.05-12.18.30:880][708]LogD3D11RHI: Timed out while waiting for GPU to catch up. (0.5 s)
[2018.11.05-12.18.31:382][709]LogD3D11RHI: Timed out while waiting for GPU to catch up. (0.5 s)
[2018.11.05-12.18.31:883][710]LogD3D11RHI: Timed out while waiting for GPU to catch up. (0.5 s)
[2018.11.05-12.18.32:385][711]LogD3D11RHI: Timed out while waiting for GPU to catch up. (0.5 s)
[2018.11.05-12.18.32:887][712]LogD3D11RHI: Timed out while waiting for GPU to catch up. (0.5 s)
[2018.11.05-12.18.33:390][713]LogD3D11RHI: Timed out while waiting for GPU to catch up. (0.5 s)
[2018.11.05-12.18.33:891][714]LogD3D11RHI: Timed out while waiting for GPU to catch up. (0.5 s)
[2018.11.05-12.18.34:393][715]LogD3D11RHI: Timed out while waiting for GPU to catch up. (0.5 s)
[2018.11.05-12.18.35:017][717]LogD3D11RHI: Timed out while waiting for GPU to catch up. (0.5 s)
[2018.11.05-12.18.36:607][722]LogD3D11RHI: Timed out while waiting for GPU to catch up. (0.5 s)
[2018.11.05-12.18.37:109][723]LogD3D11RHI: Timed out while waiting for GPU to catch up. (0.5 s)
[2018.11.05-12.18.37:611][724]LogD3D11RHI: Timed out while waiting for GPU to catch up. (0.5 s)
[2018.11.05-12.18.38:112][725]LogD3D11RHI: Timed out while waiting for GPU to catch up. (0.5 s)
[2018.11.05-12.18.38:614][726]LogD3D11RHI: Timed out while waiting for GPU to catch up. (0.5 s)
[2018.11.05-12.18.39:675][729]LogD3D11RHI: Timed out while waiting for GPU to catch up. (0.5 s)
[2018.11.05-12.18.40:183][730]LogD3D11RHI: Timed out while waiting for GPU to catch up. (0.5 s)
[2018.11.05-12.18.40:685][731]LogD3D11RHI: Timed out while waiting for GPU to catch up. (0.5 s)
[2018.11.05-12.18.41:724][734]LogD3D11RHI: Timed out while waiting for GPU to catch up. (0.5 s)
[2018.11.05-12.18.42:228][735]LogD3D11RHI: Timed out while waiting for GPU to catch up. (0.5 s)
[2018.11.05-12.18.43:254][738]LogD3D11RHI: Timed out while waiting for GPU to catch up. (0.5 s)
[2018.11.05-12.18.43:756][739]LogD3D11RHI: Timed out while waiting for GPU to catch up. (0.5 s)
[2018.11.05-12.18.44:257][740]LogD3D11RHI: Timed out while waiting for GPU to catch up. (0.5 s)
[2018.11.05-12.18.54:588][771]LogD3D11RHI: Timed out while waiting for GPU to catch up. (0.5 s)
[2018.11.05-12.18.55:089][772]LogD3D11RHI: Timed out while waiting for GPU to catch up. (0.5 s)
[2018.11.05-12.18.56:114][775]LogD3D11RHI: Timed out while waiting for GPU to catch up. (0.5 s)
[2018.11.05-12.18.56:618][776]LogD3D11RHI: Timed out while waiting for GPU to catch up. (0.5 s)
[2018.11.05-12.18.57:645][779]LogD3D11RHI: Timed out while waiting for GPU to catch up. (0.5 s)
[2018.11.05-12.18.58:147][780]LogD3D11RHI: Timed out while waiting for GPU to catch up. (0.5 s)
[2018.11.05-12.18.58:649][781]LogD3D11RHI: Timed out while waiting for GPU to catch up. (0.5 s)
[2018.11.05-12.19.04:882][800]LogD3D11RHI: Timed out while waiting for GPU to catch up. (0.5 s)
[2018.11.05-12.19.05:383][801]LogD3D11RHI: Timed out while waiting for GPU to catch up. (0.5 s)
[2018.11.05-12.19.05:885][802]LogD3D11RHI: Timed out while waiting for GPU to catch up. (0.5 s)
[2018.11.05-12.19.06:386][803]LogD3D11RHI: Timed out while waiting for GPU to catch up. (0.5 s)
[2018.11.05-12.19.07:446][806]LogD3D11RHI: Timed out while waiting for GPU to catch up. (0.5 s)
[2018.11.05-12.19.07:950][807]LogD3D11RHI: Timed out while waiting for GPU to catch up. (0.5 s)
[2018.11.05-12.19.08:449][808]LogD3D11RHI: Timed out while waiting for GPU to catch up. (0.5 s)
[2018.11.05-12.19.09:489][811]LogD3D11RHI: Timed out while waiting for GPU to catch up. (0.5 s)
[2018.11.05-12.19.09:993][812]LogD3D11RHI: Timed out while waiting for GPU to catch up. (0.5 s)
[2018.11.05-12.19.11:020][815]LogD3D11RHI: Timed out while waiting for GPU to catch up. (0.5 s)
[2018.11.05-12.19.11:522][816]LogD3D11RHI: Timed out while waiting for GPU to catch up. (0.5 s)
[2018.11.05-12.19.12:023][817]LogD3D11RHI: Timed out while waiting for GPU to catch up. (0.5 s)
[2018.11.05-12.19.13:070][820]LogD3D11RHI: Timed out while waiting for GPU to catch up. (0.5 s)
[2018.11.05-12.19.13:573][821]LogD3D11RHI: Timed out while waiting for GPU to catch up. (0.5 s)
[2018.11.05-12.19.14:075][822]LogD3D11RHI: Timed out while waiting for GPU to catch up. (0.5 s)
[2018.11.05-12.19.19:696][839]LogD3D11RHI: Timed out while waiting for GPU to catch up. (0.5 s)
[2018.11.05-12.19.20:198][840]LogD3D11RHI: Timed out while waiting for GPU to catch up. (0.5 s)
[2018.11.05-12.19.21:222][843]LogD3D11RHI: Timed out while waiting for GPU to catch up. (0.5 s)
[2018.11.05-12.19.21:723][844]LogD3D11RHI: Timed out while waiting for GPU to catch up. (0.5 s)
[2018.11.05-12.19.22:755][847]LogD3D11RHI: Timed out while waiting for GPU to catch up. (0.5 s)
[2018.11.05-12.19.23:257][848]LogD3D11RHI: Timed out while waiting for GPU to catch up. (0.5 s)
[2018.11.05-12.19.23:759][849]LogD3D11RHI: Timed out while waiting for GPU to catch up. (0.5 s)
[2018.11.05-12.19.24:803][852]LogD3D11RHI: Timed out while waiting for GPU to catch up. (0.5 s)
[2018.11.05-12.19.25:308][853]LogD3D11RHI: Timed out while waiting for GPU to catch up. (0.5 s)
[2018.11.05-12.19.25:810][854]LogD3D11RHI: Timed out while waiting for GPU to catch up. (0.5 s)
[2018.11.05-12.19.26:849][857]LogD3D11RHI: Timed out while waiting for GPU to catch up. (0.5 s)
[2018.11.05-12.19.27:351][858]LogD3D11RHI: Timed out while waiting for GPU to catch up. (0.5 s)
[2018.11.05-12.19.31:996][872]LogD3D11RHI: Timed out while waiting for GPU to catch up. (0.5 s)
[2018.11.05-12.19.32:499][873]LogD3D11RHI: Timed out while waiting for GPU to catch up. (0.5 s)
[2018.11.05-12.19.33:524][876]LogD3D11RHI: Timed out while waiting for GPU to catch up. (0.5 s)
[2018.11.05-12.19.34:031][877]LogD3D11RHI: Timed out while waiting for GPU to catch up. (0.5 s)
[2018.11.05-12.19.34:530][878]LogD3D11RHI: Timed out while waiting for GPU to catch up. (0.5 s)
[2018.11.05-12.19.35:569][881]LogD3D11RHI: Timed out while waiting for GPU to catch up. (0.5 s)
[2018.11.05-12.19.36:595][884]LogD3D11RHI: Timed out while waiting for GPU to catch up. (0.5 s)
[2018.11.05-12.19.37:099][885]LogD3D11RHI: Timed out while waiting for GPU to catch up. (0.5 s)
[2018.11.05-12.19.37:600][886]LogD3D11RHI: Timed out while waiting for GPU to catch up. (0.5 s)
[2018.11.05-12.19.38:102][887]LogD3D11RHI: Timed out while waiting for GPU to catch up. (0.5 s)
[2018.11.05-12.19.38:604][888]LogD3D11RHI: Timed out while waiting for GPU to catch up. (0.5 s)
[2018.11.05-12.19.39:662][891]LogD3D11RHI: Timed out while waiting for GPU to catch up. (0.5 s)
[2018.11.05-12.19.40:164][892]LogD3D11RHI: Timed out while waiting for GPU to catch up. (0.5 s)
[2018.11.05-12.19.45:819][909]LogD3D11RHI: Timed out while waiting for GPU to catch up. (0.5 s)
[2018.11.05-12.19.47:867][915]LogD3D11RHI: Timed out while waiting for GPU to catch up. (0.5 s)
[2018.11.05-12.19.48:369][916]LogD3D11RHI: Timed out while waiting for GPU to catch up. (0.5 s)
[2018.11.05-12.19.48:872][917]LogD3D11RHI: Timed out while waiting for GPU to catch up. (0.5 s)
[2018.11.05-12.19.49:911][920]LogD3D11RHI: Timed out while waiting for GPU to catch up. (0.5 s)
[2018.11.05-12.19.50:414][921]LogD3D11RHI: Timed out while waiting for GPU to catch up. (0.5 s)
[2018.11.05-12.19.50:915][922]LogD3D11RHI: Timed out while waiting for GPU to catch up. (0.5 s)
[2018.11.05-12.19.51:955][925]LogD3D11RHI: Timed out while waiting for GPU to catch up. (0.5 s)
[2018.11.05-12.19.52:457][926]LogD3D11RHI: Timed out while waiting for GPU to catch up. (0.5 s)
[2018.11.05-12.19.57:666][942]LogD3D11RHI: Timed out while waiting for GPU to catch up. (0.5 s)
[2018.11.05-12.19.58:167][943]LogD3D11RHI: Timed out while waiting for GPU to catch up. (0.5 s)
[2018.11.05-12.19.59:191][946]LogD3D11RHI: Timed out while waiting for GPU to catch up. (0.5 s)
[2018.11.05-12.19.59:694][947]LogD3D11RHI: Timed out while waiting for GPU to catch up. (0.5 s)
[2018.11.05-12.20.00:196][948]LogD3D11RHI: Timed out while waiting for GPU to catch up. (0.5 s)
[2018.11.05-12.20.01:239][951]LogD3D11RHI: Timed out while waiting for GPU to catch up. (0.5 s)
[2018.11.05-12.20.01:742][952]LogD3D11RHI: Timed out while waiting for GPU to catch up. (0.5 s)
[2018.11.05-12.20.02:771][955]LogD3D11RHI: Timed out while waiting for GPU to catch up. (0.5 s)
[2018.11.05-12.20.03:272][956]LogD3D11RHI: Timed out while waiting for GPU to catch up. (0.5 s)
[2018.11.05-12.20.03:775][957]LogD3D11RHI: Timed out while waiting for GPU to catch up. (0.5 s)
[2018.11.05-12.20.04:819][960]LogD3D11RHI: Timed out while waiting for GPU to catch up. (0.5 s)
[2018.11.05-12.20.05:321][961]LogD3D11RHI: Timed out while waiting for GPU to catch up. (0.5 s)
[2018.11.05-12.20.05:823][962]LogD3D11RHI: Timed out while waiting for GPU to catch up. (0.5 s)
[2018.11.05-12.20.10:426][976]LogD3D11RHI: Timed out while waiting for GPU to catch up. (0.5 s)
[2018.11.05-12.20.10:928][977]LogD3D11RHI: Timed out while waiting for GPU to catch up. (0.5 s)
[2018.11.05-12.20.11:430][978]LogD3D11RHI: Timed out while waiting for GPU to catch up. (0.5 s)
[2018.11.05-12.20.11:932][979]LogD3D11RHI: Timed out while waiting for GPU to catch up. (0.5 s)
[2018.11.05-12.20.12:434][980]LogD3D11RHI: Timed out while waiting for GPU to catch up. (0.5 s)
[2018.11.05-12.20.12:936][981]LogD3D11RHI: Timed out while waiting for GPU to catch up. (0.5 s)
[2018.11.05-12.20.13:438][982]LogD3D11RHI: Timed out while waiting for GPU to catch up. (0.5 s)
[2018.11.05-12.20.13:940][983]LogD3D11RHI: Timed out while waiting for GPU to catch up. (0.5 s)
[2018.11.05-12.20.14:442][984]LogD3D11RHI: Timed out while waiting for GPU to catch up. (0.5 s)
[2018.11.05-12.20.14:943][985]LogD3D11RHI: Timed out while waiting for GPU to catch up. (0.5 s)
[2018.11.05-12.20.15:445][986]LogD3D11RHI: Timed out while waiting for GPU to catch up. (0.5 s)
[2018.11.05-12.20.15:947][987]LogD3D11RHI: Timed out while waiting for GPU to catch up. (0.5 s)
[2018.11.05-12.20.17:066][990]LogD3D11RHI: Timed out while waiting for GPU to catch up. (0.5 s)
[2018.11.05-12.20.17:567][991]LogD3D11RHI: Timed out while waiting for GPU to catch up. (0.5 s)
[2018.11.05-12.20.18:070][992]LogD3D11RHI: Timed out while waiting for GPU to catch up. (0.5 s)
[2018.11.05-12.20.19:114][995]LogD3D11RHI: Timed out while waiting for GPU to catch up. (0.5 s)
[2018.11.05-12.20.19:617][996]LogD3D11RHI: Timed out while waiting for GPU to catch up. (0.5 s)
[2018.11.05-12.20.20:643][999]LogD3D11RHI: Timed out while waiting for GPU to catch up. (0.5 s)
[2018.11.05-12.20.21:144][  0]LogD3D11RHI: Timed out while waiting for GPU to catch up. (0.5 s)
[2018.11.05-12.20.21:646][  1]LogD3D11RHI: Timed out while waiting for GPU to catch up. (0.5 s)
[2018.11.05-12.20.22:692][  4]LogD3D11RHI: Timed out while waiting for GPU to catch up. (0.5 s)
[2018.11.05-12.20.23:196][  5]LogD3D11RHI: Timed out while waiting for GPU to catch up. (0.5 s)
[2018.11.05-12.20.24:224][  8]LogD3D11RHI: Timed out while waiting for GPU to catch up. (0.5 s)
[2018.11.05-12.20.24:728][  9]LogD3D11RHI: Timed out while waiting for GPU to catch up. (0.5 s)
[2018.11.05-12.20.25:231][ 10]LogD3D11RHI: Timed out while waiting for GPU to catch up. (0.5 s)
[2018.11.05-12.20.26:271][ 13]LogD3D11RHI: Timed out while waiting for GPU to catch up. (0.5 s)
[2018.11.05-12.20.26:775][ 14]LogD3D11RHI: Timed out while waiting for GPU to catch up. (0.5 s)
[2018.11.05-12.20.27:276][ 15]LogD3D11RHI: Timed out while waiting for GPU to catch up. (0.5 s)
[2018.11.05-12.20.28:314][ 18]LogD3D11RHI: Timed out while waiting for GPU to catch up. (0.5 s)
[2018.11.05-12.20.28:819][ 19]LogD3D11RHI: Timed out while waiting for GPU to catch up. (0.5 s)
[2018.11.05-12.20.29:848][ 22]LogD3D11RHI: Timed out while waiting for GPU to catch up. (0.5 s)
[2018.11.05-12.20.30:350][ 23]LogD3D11RHI: Timed out while waiting for GPU to catch up. (0.5 s)
[2018.11.05-12.20.30:851][ 24]LogD3D11RHI: Timed out while waiting for GPU to catch up. (0.5 s)
[2018.11.05-12.20.31:899][ 27]LogD3D11RHI: Timed out while waiting for GPU to catch up. (0.5 s)
[2018.11.05-12.20.32:402][ 28]LogD3D11RHI: Timed out while waiting for GPU to catch up. (0.5 s)
[2018.11.05-12.20.32:906][ 29]LogD3D11RHI: Timed out while waiting for GPU to catch up. (0.5 s)
[2018.11.05-12.20.38:566][ 46]LogD3D11RHI: Timed out while waiting for GPU to catch up. (0.5 s)
[2018.11.05-12.20.39:068][ 47]LogD3D11RHI: Timed out while waiting for GPU to catch up. (0.5 s)
[2018.11.05-12.20.39:570][ 48]LogD3D11RHI: Timed out while waiting for GPU to catch up. (0.5 s)
[2018.11.05-12.20.40:615][ 51]LogD3D11RHI: Timed out while waiting for GPU to catch up. (0.5 s)
[2018.11.05-12.20.41:119][ 52]LogD3D11RHI: Timed out while waiting for GPU to catch up. (0.5 s)
[2018.11.05-12.20.42:148][ 55]LogD3D11RHI: Timed out while waiting for GPU to catch up. (0.5 s)
[2018.11.05-12.20.42:651][ 56]LogD3D11RHI: Timed out while waiting for GPU to catch up. (0.5 s)
[2018.11.05-12.20.43:153][ 57]LogD3D11RHI: Timed out while waiting for GPU to catch up. (0.5 s)
[2018.11.05-12.20.44:194][ 60]LogD3D11RHI: Timed out while waiting for GPU to catch up. (0.5 s)
[2018.11.05-12.20.44:697][ 61]LogD3D11RHI: Timed out while waiting for GPU to catch up. (0.5 s)
[2018.11.05-12.20.45:198][ 62]LogD3D11RHI: Timed out while waiting for GPU to catch up. (0.5 s)
[2018.11.05-12.20.46:239][ 65]LogD3D11RHI: Timed out while waiting for GPU to catch up. (0.5 s)
[2018.11.05-12.20.48:318][ 71]LogD3D11RHI: Timed out while waiting for GPU to catch up. (0.5 s)
[2018.11.05-12.20.48:820][ 72]LogD3D11RHI: Timed out while waiting for GPU to catch up. (0.5 s)
[2018.11.05-12.20.49:847][ 75]LogD3D11RHI: Timed out while waiting for GPU to catch up. (0.5 s)
[2018.11.05-12.20.50:351][ 76]LogD3D11RHI: Timed out while waiting for GPU to catch up. (0.5 s)
[2018.11.05-12.20.51:379][ 79]LogD3D11RHI: Timed out while waiting for GPU to catch up. (0.5 s)
[2018.11.05-12.20.51:883][ 80]LogD3D11RHI: Timed out while waiting for GPU to catch up. (0.5 s)
[2018.11.05-12.20.52:384][ 81]LogD3D11RHI: Timed out while waiting for GPU to catch up. (0.5 s)
[2018.11.05-12.20.53:425][ 84]LogD3D11RHI: Timed out while waiting for GPU to catch up. (0.5 s)
[2018.11.05-12.20.53:930][ 85]LogD3D11RHI: Timed out while waiting for GPU to catch up. (0.5 s)
[2018.11.05-12.20.54:432][ 86]LogD3D11RHI: Timed out while waiting for GPU to catch up. (0.5 s)
[2018.11.05-12.20.55:470][ 89]LogD3D11RHI: Timed out while waiting for GPU to catch up. (0.5 s)
[2018.11.05-12.20.55:971][ 90]LogD3D11RHI: Timed out while waiting for GPU to catch up. (0.5 s)
[2018.11.05-12.20.57:005][ 93]LogD3D11RHI: Timed out while waiting for GPU to catch up. (0.5 s)
[2018.11.05-12.20.57:509][ 94]LogD3D11RHI: Timed out while waiting for GPU to catch up. (0.5 s)
[2018.11.05-12.20.58:010][ 95]LogD3D11RHI: Timed out while waiting for GPU to catch up. (0.5 s)
[2018.11.05-12.20.59:047][ 98]LogD3D11RHI: Timed out while waiting for GPU to catch up. (0.5 s)
[2018.11.05-12.20.59:549][ 99]LogD3D11RHI: Timed out while waiting for GPU to catch up. (0.5 s)
[2018.11.05-12.21.00:584][102]LogD3D11RHI: Timed out while waiting for GPU to catch up. (0.5 s)
[2018.11.05-12.21.01:086][103]LogD3D11RHI: Timed out while waiting for GPU to catch up. (0.5 s)
[2018.11.05-12.21.01:587][104]LogD3D11RHI: Timed out while waiting for GPU to catch up. (0.5 s)
[2018.11.05-12.21.02:632][107]LogD3D11RHI: Timed out while waiting for GPU to catch up. (0.5 s)
[2018.11.05-12.21.03:134][108]LogD3D11RHI: Timed out while waiting for GPU to catch up. (0.5 s)
[2018.11.05-12.21.03:637][109]LogD3D11RHI: Timed out while waiting for GPU to catch up. (0.5 s)
[2018.11.05-12.21.04:676][112]LogD3D11RHI: Timed out while waiting for GPU to catch up. (0.5 s)
[2018.11.05-12.21.05:178][113]LogD3D11RHI: Timed out while waiting for GPU to catch up. (0.5 s)
[2018.11.05-12.21.11:868][133]LogD3D11RHI: Timed out while waiting for GPU to catch up. (0.5 s)
[2018.11.05-12.21.12:369][134]LogD3D11RHI: Timed out while waiting for GPU to catch up. (0.5 s)
[2018.11.05-12.21.13:396][137]LogD3D11RHI: Timed out while waiting for GPU to catch up. (0.5 s)
[2018.11.05-12.21.13:902][138]LogD3D11RHI: Timed out while waiting for GPU to catch up. (0.5 s)
[2018.11.05-12.21.14:401][139]LogD3D11RHI: Timed out while waiting for GPU to catch up. (0.5 s)
[2018.11.05-12.21.15:441][142]LogD3D11RHI: Timed out while waiting for GPU to catch up. (0.5 s)
[2018.11.05-12.21.15:945][143]LogD3D11RHI: Timed out while waiting for GPU to catch up. (0.5 s)
[2018.11.05-12.21.16:448][144]LogD3D11RHI: Timed out while waiting for GPU to catch up. (0.5 s)
[2018.11.05-12.21.17:488][147]LogD3D11RHI: Timed out while waiting for GPU to catch up. (0.5 s)
[2018.11.05-12.21.17:993][148]LogD3D11RHI: Timed out while waiting for GPU to catch up. (0.5 s)
[2018.11.05-12.21.18:495][149]LogD3D11RHI: Timed out while waiting for GPU to catch up. (0.5 s)
[2018.11.05-12.21.19:534][152]LogD3D11RHI: Timed out while waiting for GPU to catch up. (0.5 s)
[2018.11.05-12.21.20:042][153]LogD3D11RHI: Timed out while waiting for GPU to catch up. (0.5 s)
[2018.11.05-12.21.21:068][156]LogD3D11RHI: Timed out while waiting for GPU to catch up. (0.5 s)
[2018.11.05-12.21.21:571][157]LogD3D11RHI: Timed out while waiting for GPU to catch up. (0.5 s)
[2018.11.05-12.21.22:073][158]LogD3D11RHI: Timed out while waiting for GPU to catch up. (0.5 s)
[2018.11.05-12.21.23:112][161]LogD3D11RHI: Timed out while waiting for GPU to catch up. (0.5 s)
[2018.11.05-12.21.23:615][162]LogD3D11RHI: Timed out while waiting for GPU to catch up. (0.5 s)
[2018.11.05-12.21.24:645][165]LogD3D11RHI: Timed out while waiting for GPU to catch up. (0.5 s)
[2018.11.05-12.21.25:147][166]LogD3D11RHI: Timed out while waiting for GPU to catch up. (0.5 s)
[2018.11.05-12.21.29:741][180]LogD3D11RHI: Timed out while waiting for GPU to catch up. (0.5 s)
[2018.11.05-12.21.30:244][181]LogD3D11RHI: Timed out while waiting for GPU to catch up. (0.5 s)
[2018.11.05-12.21.31:270][184]LogD3D11RHI: Timed out while waiting for GPU to catch up. (0.5 s)
[2018.11.05-12.21.31:772][185]LogD3D11RHI: Timed out while waiting for GPU to catch up. (0.5 s)
[2018.11.05-12.21.32:274][186]LogD3D11RHI: Timed out while waiting for GPU to catch up. (0.5 s)
[2018.11.05-12.21.47:181][231]LogD3D11RHI: Timed out while waiting for GPU to catch up. (0.5 s)
[2018.11.05-12.21.47:684][232]LogD3D11RHI: Timed out while waiting for GPU to catch up. (0.5 s)
[2018.11.05-12.21.48:185][233]LogD3D11RHI: Timed out while waiting for GPU to catch up. (0.5 s)
[2018.11.05-12.21.49:222][236]LogD3D11RHI: Timed out while waiting for GPU to catch up. (0.5 s)
[2018.11.05-12.21.49:724][237]LogD3D11RHI: Timed out while waiting for GPU to catch up. (0.5 s)
[2018.11.05-12.21.50:227][238]LogD3D11RHI: Timed out while waiting for GPU to catch up. (0.5 s)
[2018.11.05-12.21.51:270][241]LogD3D11RHI: Timed out while waiting for GPU to catch up. (0.5 s)
[2018.11.05-12.21.51:773][242]LogD3D11RHI: Timed out while waiting for GPU to catch up. (0.5 s)
[2018.11.05-12.21.52:800][245]LogD3D11RHI: Timed out while waiting for GPU to catch up. (0.5 s)
[2018.11.05-12.21.53:302][246]LogD3D11RHI: Timed out while waiting for GPU to catch up. (0.5 s)
[2018.11.05-12.21.53:805][247]LogD3D11RHI: Timed out while waiting for GPU to catch up. (0.5 s)
[2018.11.05-12.21.59:475][264]LogD3D11RHI: Timed out while waiting for GPU to catch up. (0.5 s)
[2018.11.05-12.21.59:978][265]LogD3D11RHI: Timed out while waiting for GPU to catch up. (0.5 s)
[2018.11.05-12.22.01:003][268]LogD3D11RHI: Timed out while waiting for GPU to catch up. (0.5 s)
[2018.11.05-12.22.01:504][269]LogD3D11RHI: Timed out while waiting for GPU to catch up. (0.5 s)
[2018.11.05-12.22.02:537][272]LogD3D11RHI: Timed out while waiting for GPU to catch up. (0.5 s)
[2018.11.05-12.22.42:181][878]LogSlate: FSceneViewport::OnFocusLost() reason 0
[2018.11.05-12.22.54:503][184]LogSlate: FSceneViewport::OnFocusLost() reason 0
[2018.11.05-12.24.01:389][521]LogSkeletalMesh: Building Skeletal Mesh Sparrow...
[2018.11.05-12.24.01:914][521]LogTexture: Display: Building textures: T_Whool01_D (AutoDXT, 2048X2048)
[2018.11.05-12.24.01:914][521]LogSkeletalMesh: Built Skeletal Mesh [0.53s] /Game/ParagonSparrow/Characters/Heroes/Sparrow/Meshes/Sparrow.Sparrow
[2018.11.05-12.24.02:475][521]LogTexture: Display: Building textures: T_TestML_Mask (AutoDXT, 512X512)
[2018.11.05-12.24.02:716][521]LogTexture: Display: Building textures: T_Whool01_N (BC5, 2048X2048)
[2018.11.05-12.24.02:716][521]LogTexture: Display: Building textures: T_AtmosphericCloudNoise03 (BGRA8, 2048X2048)
[2018.11.05-12.24.03:407][521]LogTexture: Display: Building textures: T_AtmosphericCloudNoise01_N (BC5, 2048X2048)
[2018.11.05-12.24.04:658][521]LogTexture: Display: Building textures: T_Black_Linear (AutoDXT, 32X32)
[2018.11.05-12.24.04:659][521]LogTexture: Display: Building textures: T_Sparrow_Head_Arrow_Spec (AutoDXT, 4096X4096)
[2018.11.05-12.24.04:659][521]LogTexture: Display: Building textures: T_AtmosphericCloudNoise01 (AutoDXT, 2048X2048)
[2018.11.05-12.24.11:821][521]LogTexture: Display: Building textures: T_Sparrow_ChestandBag_MASK (AutoDXT, 4096X4096)
[2018.11.05-12.24.11:821][521]LogTexture: Display: Building textures: T_Blue_Metal02 (AutoDXT, 2048X2048)
[2018.11.05-12.24.24:787][521]LogTexture: Display: Building textures: T_Sparrow_Head_Arrow_Alpha (AutoDXT, 4096X4096)
[2018.11.05-12.24.24:787][521]LogTexture: Display: Building textures: T_Rubber_2_N (BC5, 2048X2048)
[2018.11.05-12.24.24:787][521]LogTexture: Display: Building textures: T_ML_FineLeather01_N (BC5, 2048X2048)
[2018.11.05-12.24.24:787][521]LogTexture: Display: Building textures: T_ML_FineLeather01_Brown (AutoDXT, 2048X2048)
[2018.11.05-12.24.24:787][521]LogTexture: Display: Building textures: T_GoldFabric01_N (BC5, 2048X2048)
[2018.11.05-12.24.24:787][521]LogTexture: Display: Building textures: T_TeethAndTongue_N (BC5, 1024X1024)
[2018.11.05-12.24.24:787][521]LogTexture: Display: Building textures: T_TeethAndTongue_D (AutoDXT, 1024X1024)
[2018.11.05-12.24.24:788][521]LogTexture: Display: Building textures: T_Sparrow_Torso_Arms_RGB (AutoDXT, 4096X4096)
[2018.11.05-12.24.24:788][521]LogTexture: Display: Building textures: T_Blank_N (BC5, 128X128)
[2018.11.05-12.24.24:811][521]LogTexture: Display: Building textures: T_SmokeRend_N (BC5, 512X512)
[2018.11.05-12.24.25:133][521]LogTexture: Display: Building textures: T_Sparrow_Head_Arrow_Mask (AutoDXT, 4096X4096)
[2018.11.05-12.24.29:026][521]LogTexture: Display: Building textures: T_Sparrow_Torso_Arms_N (BC5, 4096X4096)
[2018.11.05-12.24.29:026][521]LogTexture: Display: Building textures: T_GradientLaserSoft_M (AutoDXT, 1024X32)
[2018.11.05-12.24.29:498][521]LogTexture: Display: Building textures: T_FluidTile01_DA (AutoDXT, 2048X2048)
[2018.11.05-12.24.39:001][521]LogTexture: Display: Building textures: T_Sparrow_Torso_Arms_Mask (AutoDXT, 4096X4096)
[2018.11.05-12.24.39:002][521]LogTexture: Display: Building textures: T_Sparrow_ChestandBag_MASK2 (AutoDXT, 4096X4096)
[2018.11.05-12.24.39:002][521]LogMaterial: Display: Missing cached shader map for material M_ArrowString3, compiling. 
[2018.11.05-12.24.39:698][521]LogShaderCompilers: Display: Shaders left to compile 101
[2018.11.05-12.24.39:698][521]LogShaderCompilers: Display: Shaders left to compile 91
[2018.11.05-12.24.39:698][521]LogShaderCompilers: Display: Shaders left to compile 81
[2018.11.05-12.24.39:698][521]LogTexture: Display: Building textures: T_LightMetal02 (AutoDXT, 2048X2048)
[2018.11.05-12.24.54:853][521]LogTexture: Display: Building textures: T_Fuzz_MASK (AutoDXT, 2048X2048)
[2018.11.05-12.24.54:853][521]LogTexture: Display: Building textures: T_Sparrow_ChestandBag_RGB (AutoDXT, 4096X4096)
[2018.11.05-12.24.54:853][521]LogTexture: Display: Building textures: T_Pore_Specular (AutoDXT, 1024X1024)
[2018.11.05-12.24.58:145][521]LogTexture: Display: Building textures: T_Pore_Normals2 (BC5, 1024X1024)
[2018.11.05-12.24.59:383][521]LogTexture: Display: Building textures: T_Sparrow_head_N (BC5, 4096X4096)
[2018.11.05-12.25.06:598][521]LogTexture: Display: Building textures: T_Sparrow_Poster_Tendrils_v2_Seamless (G8, 4096X4096)
[2018.11.05-12.25.06:598][521]LogTexture: Display: Building textures: T_Sparrow_Head_Arrow_RGB (AutoDXT, 4096X4096)
[2018.11.05-12.25.06:598][521]LogTexture: Display: Building textures: T_Sparrow_Head_D (AutoDXT, 4096X4096)
[2018.11.05-12.25.54:409][521]LogTexture: Display: Building textures: T_Sparrow_Head_Arrow_Mask2 (AutoDXT, 4096X4096)
[2018.11.05-12.25.54:409][521]LogTexture: Display: Building textures: T_Sparrow_Head_Arrow_N (BC5, 4096X4096)
[2018.11.05-12.25.54:409][521]LogTexture: Display: Building textures: T_Sparrow_Legs_Hands_Roughness_RGB (AutoDXT, 4096X4096)
[2018.11.05-12.25.54:409][521]LogTexture: Display: Building textures: T_Sparrow_Legs_Hands_RGB (AutoDXT, 4096X4096)
[2018.11.05-12.25.54:409][521]LogTexture: Display: Building textures: T_Sparrow_Legs_Hands_N (BC5, 4096X4096)
[2018.11.05-12.25.54:409][521]LogTexture: Display: Building textures: T_Sparrow_Legs_Hands_MASK2 (AutoDXT, 4096X4096)
[2018.11.05-12.25.54:409][521]LogTexture: Display: Building textures: T_Sparrow_Legs_Hands_MASK (AutoDXT, 4096X4096)
[2018.11.05-12.25.54:409][521]LogTexture: Display: Building textures: T_Sparrow_Head_RGBA (AutoDXT, 4096X4096)
[2018.11.05-12.25.58:270][521]LogTexture: Display: Building textures: T_Wood01_D (AutoDXT, 1024X1024)
[2018.11.05-12.25.58:270][521]LogTexture: Display: Building textures: T_Sparrow_Head_Spec (AutoDXT, 4096X4096)
[2018.11.05-12.26.09:511][521]LogTexture: Display: Building textures: T_Sparrow_Torso_Arms_ClothRoughnessRGB (AutoDXT, 4096X4096)
[2018.11.05-12.26.09:512][521]LogTexture: Display: Building textures: T_Feather_D (AutoDXT, 1024X1024)
[2018.11.05-12.26.09:512][521]LogTexture: Display: Building textures: T_Sparrow_ChestandBag_N (BC5, 4096X4096)
[2018.11.05-12.26.09:512][521]LogMaterial: Display: Missing cached shader map for material M_Sparrow_New_Head, compiling. 
[2018.11.05-12.26.12:086][521]LogTexture: Display: Building textures: T_EyeIrisBaseColor_Example_4 (AutoDXT, 512X512)
[2018.11.05-12.26.12:086][521]LogTexture: Display: Building textures: T_Swirly_Noise (AutoDXT, 1024X1024)
[2018.11.05-12.26.12:086][521]LogTexture: Display: Building textures: T_Sparrow_Head_Arrow_Colo2 (AutoDXT, 4096X4096)
[2018.11.05-12.26.40:959][521]LogTexture: Display: Building textures: T_EpicQuadPanorama_CC (RGBA16F, 7372X3686)
[2018.11.05-12.26.40:959][521]LogTexture: Display: Building textures: T_DecalMask_Radial03 (G8, 512X512)
[2018.11.05-12.26.40:959][521]LogTexture: Display: Building textures: T_Sphere_EYE_NORMALS (BC5, 1024X1024)
[2018.11.05-12.26.40:959][521]LogTexture: Display: Building textures: T_EyeScleraBaseColor_Example_2 (AutoDXT, 2048X2048)
[2018.11.05-12.26.40:959][521]LogTexture: Display: Building textures: T_EyeIrisBaseColor_Example_2 (AutoDXT, 512X512)
[2018.11.05-12.26.40:959][521]LogTexture: Display: Building textures: T_Eye_Wet_Normal (BC5, 1024X1024)
[2018.11.05-12.26.40:959][521]LogTexture: Display: Building textures: T_EYE_NORMALS (BC5, 512X512)
[2018.11.05-12.26.40:959][521]LogTexture: Display: Building textures: T_Sparrow_Corona_D (AutoDXT, 2048X2048)
[2018.11.05-12.26.40:959][521]LogTexture: Display: Building textures: T_EyeMidPlaneDisplacement_Example (RGBA16F, 1024X1024)
[2018.11.05-12.26.40:959][521]LogTexture: Display: Building textures: T_Dark_Leather_N (BC5, 2048X2048)
[2018.11.05-12.26.40:959][521]LogTexture: Display: Building textures: T_ML_Gold_Metal01 (AutoDXT, 2048X2048)
[2018.11.05-12.26.40:959][521]LogTexture: Display: Building textures: T_Rust01 (AutoDXT, 2048X2048)
