Log file open, 11/05/18 13:28:43
LogWindows: Failed to load 'aqProf.dll' (GetLastError=126)
LogWindows: File 'aqProf.dll' does not exist
LogWindows: Failed to load 'VtuneApi.dll' (GetLastError=126)
LogWindows: File 'VtuneApi.dll' does not exist
LogWindows: Failed to load 'VtuneApi32e.dll' (GetLastError=126)
LogWindows: File 'VtuneApi32e.dll' does not exist
LogInit: Display: Running engine for game: Blockout_1890
LogPlatformFile: Not using cached read wrapper
LogTaskGraph: Started task graph with 5 named threads and 11 total threads with 3 sets of task threads.
LogStats: Stats thread started at 0.183158
LogD3D11RHI: Loaded GFSDK_Aftermath_Lib.x64.dll
LogICUInternationalization: Display: ICU TimeZone Detection - Raw Offset: +1:00, Platform Override: ''
LogPluginManager: Mounting plugin Paper2D
LogPluginManager: Mounting plugin AISupport
LogPluginManager: Mounting plugin LightPropagationVolume
LogPluginManager: Mounting plugin CLionSourceCodeAccess
LogPluginManager: Mounting plugin CodeLiteSourceCodeAccess
LogPluginManager: Mounting plugin GitSourceControl
LogPluginManager: Mounting plugin KDevelopSourceCodeAccess
LogPluginManager: Mounting plugin NullSourceCodeAccess
LogPluginManager: Mounting plugin PerforceSourceControl
LogPluginManager: Mounting plugin SubversionSourceControl
LogPluginManager: Mounting plugin UObjectPlugin
LogPluginManager: Mounting plugin VisualStudioCodeSourceCodeAccess
LogPluginManager: Mounting plugin VisualStudioSourceCodeAccess
LogPluginManager: Mounting plugin XCodeSourceCodeAccess
LogPluginManager: Mounting plugin AssetManagerEditor
LogPluginManager: Mounting plugin CryptoKeys
LogPluginManager: Mounting plugin DataValidation
LogPluginManager: Mounting plugin FacialAnimation
LogPluginManager: Mounting plugin GameplayTagsEditor
LogPluginManager: Mounting plugin MacGraphicsSwitching
LogPluginManager: Mounting plugin MeshEditor
LogPluginManager: Mounting plugin MobileLauncherProfileWizard
LogPluginManager: Mounting plugin PluginBrowser
LogPluginManager: Mounting plugin SpeedTreeImporter
LogPluginManager: Mounting plugin DatasmithContent
LogPluginManager: Mounting plugin AlembicImporter
LogPluginManager: Mounting plugin AppleImageUtils
LogPluginManager: Mounting plugin AppleVision
LogPluginManager: Mounting plugin BackChannel
LogPluginManager: Mounting plugin CharacterAI
LogPluginManager: Mounting plugin GeometryCache
LogPluginManager: Mounting plugin HTML5Networking
LogPluginManager: Mounting plugin ProxyLODPlugin
LogPluginManager: Mounting plugin MagicLeap
LogPluginManager: Mounting plugin MagicLeapEmulator
LogPluginManager: Mounting plugin MagicLeapMedia
LogPluginManager: Mounting plugin AndroidMedia
LogPluginManager: Mounting plugin AvfMedia
LogPluginManager: Mounting plugin ImgMedia
LogPluginManager: Mounting plugin LinearTimecode
LogPluginManager: Mounting plugin MediaCompositing
LogPluginManager: Mounting plugin MediaPlayerEditor
LogPluginManager: Mounting plugin WmfMedia
LogPluginManager: Mounting plugin TcpMessaging
LogPluginManager: Mounting plugin UdpMessaging
LogPluginManager: Mounting plugin ActorSequence
LogPluginManager: Mounting plugin LevelSequenceEditor
LogPluginManager: Mounting plugin MatineeToLevelSequence
LogPluginManager: Mounting plugin NetcodeUnitTest
LogPluginManager: Mounting plugin NUTUnrealEngine4
LogPluginManager: Mounting plugin OnlineSubsystemGooglePlay
LogPluginManager: Mounting plugin OnlineSubsystemIOS
LogPluginManager: Mounting plugin OnlineSubsystem
LogPluginManager: Mounting plugin OnlineSubsystemNull
LogPluginManager: Mounting plugin OnlineSubsystemUtils
LogPluginManager: Mounting plugin LauncherChunkInstaller
LogPluginManager: Mounting plugin AndroidDeviceProfileSelector
LogPluginManager: Mounting plugin AndroidMoviePlayer
LogPluginManager: Mounting plugin AndroidPermission
LogPluginManager: Mounting plugin AppleMoviePlayer
LogPluginManager: Mounting plugin ArchVisCharacter
LogPluginManager: Mounting plugin AudioCapture
LogPluginManager: Mounting plugin CableComponent
LogPluginManager: Mounting plugin CustomMeshComponent
LogPluginManager: Mounting plugin EditableMesh
LogPluginManager: Mounting plugin ExampleDeviceProfileSelector
LogPluginManager: Mounting plugin GoogleCloudMessaging
LogPluginManager: Mounting plugin ImmediatePhysics
LogPluginManager: Mounting plugin IOSDeviceProfileSelector
LogPluginManager: Mounting plugin LinuxDeviceProfileSelector
LogPluginManager: Mounting plugin LocationServicesBPLibrary
LogPluginManager: Mounting plugin MobilePatchingUtils
LogPluginManager: Mounting plugin OculusVR
LogPluginManager: Plugin shader directory ../../../Engine/Plugins/Runtime/Oculus/OculusVR/Shaders found
LogPluginManager: Mapping shader source directory ../../../Engine/Plugins/Runtime/Oculus/OculusVR/Shaders to virtual directory /Plugin/OculusVR
LogPluginManager: Mounting plugin PhysXVehicles
LogPluginManager: Mounting plugin ProceduralMeshComponent
LogPluginManager: Mounting plugin RuntimePhysXCooking
LogPluginManager: Mounting plugin SteamVR
LogPluginManager: Mounting plugin WindowsMoviePlayer
LogStreaming: Display: Took  0.335s to configure plugins.
LogInit: Using libcurl 7.55.1-DEV
LogInit:  - built for x86_64-pc-win32
LogInit:  - supports SSL with OpenSSL/1.0.2h
LogInit:  - supports HTTP deflate (compression) using libz 1.2.8
LogInit:  - other features:
LogInit:      CURL_VERSION_SSL
LogInit:      CURL_VERSION_LIBZ
LogInit:      CURL_VERSION_IPV6
LogInit:      CURL_VERSION_ASYNCHDNS
LogInit:      CURL_VERSION_LARGEFILE
LogInit:      CURL_VERSION_IDN
LogInit:  CurlRequestOptions (configurable via config and command line):
LogInit:  - bVerifyPeer = false  - Libcurl will NOT verify peer certificate
LogInit:  - bUseHttpProxy = false  - Libcurl will NOT use HTTP proxy
LogInit:  - bDontReuseConnections = false  - Libcurl will reuse connections
LogInit:  - CertBundlePath = nullptr  - Libcurl will use whatever was configured at build time.
LogInit:  - MaxHostConnections = 16  - Libcurl will limit the number of connections to a host
LogInit:  - LocalHostAddr = Default
LogInit:  - BufferSize = 65536
LogInit: WinSock: version 1.1 (2.2), MaxSocks=32767, MaxUdp=65467
LogInit: Build: ++UE4+Release-4.20-CL-4369336
LogInit: Engine Version: 4.20.3-4369336+++UE4+Release-4.20
LogInit: Compatible Engine Version: 4.20.0-4212847+++UE4+Release-4.20
LogInit: Net CL: 4212847
LogInit: OS: Windows 10 (), CPU: Intel(R) Core(TM) i7-6500U CPU @ 2.50GHz, GPU: Intel(R) HD Graphics 520
LogInit: Compiled (64-bit): Sep 17 2018 12:26:19
LogInit: Compiled with Visual C++: 19.13.26129.00
LogInit: Build Configuration: Development
LogInit: Branch Name: ++UE4+Release-4.20
LogInit: Command Line:  
LogInit: Base Directory: D:/UE_4.20/Engine/Binaries/Win64/
LogInit: Installed Engine Build: 1
LogDevObjectVersion: Number of dev versions registered: 20
LogDevObjectVersion:   Dev-Blueprints (B0D832E4-1F89-4F0D-ACCF-7EB736FD4AA2): 10
LogDevObjectVersion:   Dev-Build (E1C64328-A22C-4D53-A36C-8E866417BD8C): 0
LogDevObjectVersion:   Dev-Core (375EC13C-06E4-48FB-B500-84F0262A717E): 2
LogDevObjectVersion:   Dev-Editor (E4B068ED-F494-42E9-A231-DA0B2E46BB41): 24
LogDevObjectVersion:   Dev-Framework (CFFC743F-43B0-4480-9391-14DF171D2073): 34
LogDevObjectVersion:   Dev-Mobile (B02B49B5-BB20-44E9-A304-32B752E40360): 2
LogDevObjectVersion:   Dev-Networking (A4E4105C-59A1-49B5-A7C5-40C4547EDFEE): 0
LogDevObjectVersion:   Dev-Online (39C831C9-5AE6-47DC-9A44-9C173E1C8E7C): 0
LogDevObjectVersion:   Dev-Physics (78F01B33-EBEA-4F98-B9B4-84EACCB95AA2): 0
LogDevObjectVersion:   Dev-Platform (6631380F-2D4D-43E0-8009-CF276956A95A): 0
LogDevObjectVersion:   Dev-Rendering (12F88B9F-8875-4AFC-A67C-D90C383ABD29): 26
LogDevObjectVersion:   Dev-Sequencer (7B5AE74C-D270-4C10-A958-57980B212A5A): 9
LogDevObjectVersion:   Dev-VR (D7296918-1DD6-4BDD-9DE2-64A83CC13884): 2
LogDevObjectVersion:   Dev-LoadTimes (C2A15278-BFE7-4AFE-6C17-90FF531DF755): 1
LogDevObjectVersion:   Private-Geometry (6EACA3D4-40EC-4CC1-B786-8BED09428FC5): 3
LogDevObjectVersion:   Dev-AnimPhys (29E575DD-E0A3-4627-9D10-D276232CDCEA): 17
LogDevObjectVersion:   Dev-ReflectionCapture (6B266CEC-1EC7-4B8F-A30B-E4D90942FC07): 1
LogDevObjectVersion:   Dev-Automation (0DF73D61-A23F-47EA-B727-89E90C41499A): 1
LogDevObjectVersion:   FortniteMain (601D1886-AC64-4F84-AA16-D3DE0DEAC7D6): 12
LogDevObjectVersion:   Dev-Enterprise (9DFFBCD6-494F-0158-E221-12823C92A888): 1
LogStreaming: Display: Took  0.001s to delete old logs.
LogInit: Presizing for max 8388607 objects, including 0 objects not considered by GC, pre-allocating 0 bytes for permanent pool.
LogInit: Object subsystem initialized
[2018.11.05-12.28.44:292][  0]LogInit: Selected Device Profile: [Windows]
[2018.11.05-12.28.44:292][  0]LogInit: Applying CVar settings loaded from the selected device profile: [Windows]
[2018.11.05-12.28.44:339][  0]LogHAL: Display: Platform has ~ 16 GB [17037352960 / 17179869184 / 16], which maps to Larger [LargestMinGB=32, LargerMinGB=12, DefaultMinGB=8, SmallerMinGB=6, SmallestMinGB=0)
[2018.11.05-12.28.44:339][  0]LogInit: Setting Device Profile CVar: [[r.Vulkan.UseRealUBs:1]]
[2018.11.05-12.28.44:339][  0]LogInit: Going up to parent DeviceProfile []
[2018.11.05-12.28.44:339][  0]LogInit: Computer: DESKTOP-2930BI6
[2018.11.05-12.28.44:339][  0]LogInit: User: batti
[2018.11.05-12.28.44:339][  0]LogInit: CPU Page size=4096, Cores=2
[2018.11.05-12.28.44:339][  0]LogInit: High frequency timer resolution =2.531249 MHz
[2018.11.05-12.28.44:340][  0]LogMemory: Memory total: Physical=15.9GB (16GB approx)
[2018.11.05-12.28.44:340][  0]LogMemory: Platform Memory Stats for Windows
[2018.11.05-12.28.44:340][  0]LogMemory: Process Physical Memory: 100.37 MB used, 100.37 MB peak
[2018.11.05-12.28.44:340][  0]LogMemory: Process Virtual Memory: 84.33 MB used, 84.33 MB peak
[2018.11.05-12.28.44:340][  0]LogMemory: Physical Memory: 5075.71 MB used,  11172.38 MB free, 16248.09 MB total
[2018.11.05-12.28.44:340][  0]LogMemory: Virtual Memory: 4607.17 MB used,  11172.38 MB free, 134217728.00 MB total
[2018.11.05-12.28.44:557][  0]LogInit: Using OS detected language (fr-FR).
[2018.11.05-12.28.44:557][  0]LogInit: Using OS detected locale (fr-CH).
[2018.11.05-12.28.44:586][  0]LogTextLocalizationManager: No specific localization for 'fr-FR' exists, so the 'fr' localization will be used.
[2018.11.05-12.28.44:641][  0]LogStreaming: Display: Took  0.084s to InitEngineTextLocalization.
[2018.11.05-12.28.44:641][  0]LogInit: Setting process to per monitor DPI aware
[2018.11.05-12.28.44:814][  0]LogSlate: New Slate User Created.  User Index 0, Is Virtual User: 0
[2018.11.05-12.28.44:814][  0]LogSlate: Slate User Registered.  User Index 0, Is Virtual User: 0
[2018.11.05-12.28.46:566][  0]LogHMD: Failed to initialize OpenVR with code 110
[2018.11.05-12.28.46:566][  0]LogD3D11RHI: D3D11 adapters:
[2018.11.05-12.28.46:611][  0]LogD3D11RHI:    0. 'NVIDIA GeForce 940MX' (Feature Level 11_0)
[2018.11.05-12.28.46:611][  0]LogD3D11RHI:       2019/0/8124 MB DedicatedVideo/DedicatedSystem/SharedSystem, Outputs:1, VendorId:0x10de
[2018.11.05-12.28.46:622][  0]LogD3D11RHI:    1. 'Intel(R) HD Graphics 520' (Feature Level 11_0)
[2018.11.05-12.28.46:622][  0]LogD3D11RHI:       128/0/8124 MB DedicatedVideo/DedicatedSystem/SharedSystem, Outputs:0, VendorId:0x8086
[2018.11.05-12.28.46:625][  0]LogD3D11RHI:    2. 'Microsoft Basic Render Driver' (Feature Level 11_0)
[2018.11.05-12.28.46:625][  0]LogD3D11RHI:       0/0/8124 MB DedicatedVideo/DedicatedSystem/SharedSystem, Outputs:0, VendorId:0x1414
[2018.11.05-12.28.46:625][  0]LogD3D11RHI: Chosen D3D11 Adapter: 0
[2018.11.05-12.28.46:670][  0]LogD3D11RHI: Creating new Direct3DDevice
[2018.11.05-12.28.46:670][  0]LogD3D11RHI:     GPU DeviceId: 0x179c (for the marketing name, search the web for "GPU Device Id")
[2018.11.05-12.28.46:670][  0]LogWindows: EnumDisplayDevices:
[2018.11.05-12.28.46:670][  0]LogWindows:    0. 'Intel(R) HD Graphics 520' (P:1 D:1)
[2018.11.05-12.28.46:671][  0]LogWindows:    1. 'Intel(R) HD Graphics 520' (P:0 D:0)
[2018.11.05-12.28.46:671][  0]LogWindows:    2. 'Intel(R) HD Graphics 520' (P:0 D:0)
[2018.11.05-12.28.46:672][  0]LogWindows: DebugString: PrimaryIsNotTheChoosenAdapter PrimaryIsNotTheChoosenAdapter PrimaryIsNotTheChoosenAdapter FoundDriverCount:0 
[2018.11.05-12.28.46:672][  0]LogD3D11RHI:     Adapter Name: NVIDIA GeForce 940MX
[2018.11.05-12.28.46:672][  0]LogD3D11RHI:   Driver Version: Unknown (internal:Unknown, unified:Unknown)
[2018.11.05-12.28.46:672][  0]LogD3D11RHI:      Driver Date: Unknown
[2018.11.05-12.28.46:672][  0]LogRHI: Texture pool is 1413 MB (70% of 2019 MB)
[2018.11.05-12.28.46:692][  0]LogD3D11RHI: Async texture creation enabled
[2018.11.05-12.28.46:710][  0]LogD3D11RHI: GPU Timing Frequency: 1000.000000 (Debug: 2 2)
[2018.11.05-12.28.46:711][  0]LogShaderCompilers: Guid format shader working directory is 7 characters bigger than the processId version (../../../../Resilio/1890/Blockout_1890/Intermediate/Shaders/WorkingDirectory/12684/).
[2018.11.05-12.28.46:712][  0]LogShaderCompilers: Cleaned the shader compiler working directory 'C:/Users/batti/AppData/Local/Temp/UnrealShaderWorkingDir/6F729A34408D82E06E2C97B310B4D71D/'.
[2018.11.05-12.28.47:363][  0]LogTemp: Display: Loaded TP AllDesktopTargetPlatform
[2018.11.05-12.28.47:392][  0]LogTemp: Display: Loaded TP MacClientTargetPlatform
[2018.11.05-12.28.47:450][  0]LogTemp: Display: Loaded TP MacNoEditorTargetPlatform
[2018.11.05-12.28.47:470][  0]LogTemp: Display: Loaded TP MacServerTargetPlatform
[2018.11.05-12.28.47:495][  0]LogTemp: Display: Loaded TP MacTargetPlatform
[2018.11.05-12.28.47:550][  0]LogTemp: Display: Loaded TP WindowsClientTargetPlatform
[2018.11.05-12.28.47:584][  0]LogTemp: Display: Loaded TP WindowsNoEditorTargetPlatform
[2018.11.05-12.28.47:607][  0]LogTemp: Display: Loaded TP WindowsServerTargetPlatform
[2018.11.05-12.28.47:618][  0]LogTemp: Display: Loaded TP WindowsTargetPlatform
[2018.11.05-12.28.47:763][  0]LogTemp: Display: Loaded TP AndroidTargetPlatform
[2018.11.05-12.28.47:763][  0]LogTemp: Display: Loaded TP AndroidTargetPlatform
[2018.11.05-12.28.47:763][  0]LogTemp: Display: Loaded TP AndroidTargetPlatform
[2018.11.05-12.28.47:763][  0]LogTemp: Display: Loaded TP AndroidTargetPlatform
[2018.11.05-12.28.47:763][  0]LogTemp: Display: Loaded TP AndroidTargetPlatform
[2018.11.05-12.28.47:763][  0]LogTemp: Display: Loaded TP AndroidTargetPlatform
[2018.11.05-12.28.47:763][  0]LogTemp: Display: Loaded TP AndroidTargetPlatform
[2018.11.05-12.28.47:763][  0]LogTemp: Display: Loaded TP AndroidTargetPlatform
[2018.11.05-12.28.47:763][  0]LogTemp: Display: Loaded TP AndroidTargetPlatform
[2018.11.05-12.28.47:763][  0]LogTemp: Display: Loaded TP AndroidTargetPlatform
[2018.11.05-12.28.47:763][  0]LogTemp: Display: Loaded TP AndroidTargetPlatform
[2018.11.05-12.28.47:763][  0]LogTemp: Display: Loaded TP AndroidTargetPlatform
[2018.11.05-12.28.47:763][  0]LogTemp: Display: Loaded TP AndroidTargetPlatform
[2018.11.05-12.28.47:763][  0]LogTemp: Display: Loaded TP AndroidTargetPlatform
[2018.11.05-12.28.47:763][  0]LogTemp: Display: Loaded TP AndroidTargetPlatform
[2018.11.05-12.28.47:763][  0]LogTemp: Display: Loaded TP AndroidTargetPlatform
[2018.11.05-12.28.47:763][  0]LogTemp: Display: Loaded TP AndroidTargetPlatform
[2018.11.05-12.28.47:763][  0]LogTemp: Display: Loaded TP AndroidTargetPlatform
[2018.11.05-12.28.47:768][  0]LogTemp: Display: Loaded TP HTML5TargetPlatform
[2018.11.05-12.28.47:904][  0]LogTemp: Display: Loaded TP IOSTargetPlatform
[2018.11.05-12.28.47:904][  0]LogTemp: Display: Loaded TP IOSTargetPlatform
[2018.11.05-12.28.47:945][  0]LogTemp: Display: Loaded TP TVOSTargetPlatform
[2018.11.05-12.28.47:945][  0]LogTemp: Display: Loaded TP TVOSTargetPlatform
[2018.11.05-12.28.47:963][  0]LogTemp: Display: Loaded TP LinuxClientTargetPlatform
[2018.11.05-12.28.47:986][  0]LogTemp: Display: Loaded TP LinuxNoEditorTargetPlatform
[2018.11.05-12.28.48:011][  0]LogTemp: Display: Loaded TP LinuxServerTargetPlatform
[2018.11.05-12.28.48:063][  0]LogTemp: Display: Loaded TP LinuxTargetPlatform
[2018.11.05-12.28.48:081][  0]LogTemp: Display: Loaded TP LuminTargetPlatform
[2018.11.05-12.28.48:081][  0]LogTargetPlatformManager: Display: Building Assets For Windows
[2018.11.05-12.28.48:462][  0]LogXGEController: Cleaning working directory: C:/Users/batti/AppData/Local/Temp/UnrealXGEWorkingDir/
[2018.11.05-12.28.48:462][  0]LogXGEController: Cannot use XGE Controller as Incredibuild is not installed on this machine.
[2018.11.05-12.28.48:462][  0]LogShaderCompilers: Cannot use XGE Shader Compiler as Incredibuild is not installed on this machine.
[2018.11.05-12.28.48:462][  0]LogShaderCompilers: Display: Using Local Shader Compiler.
[2018.11.05-12.28.49:787][  0]LogDerivedDataCache: Display: Max Cache Size: 512 MB
[2018.11.05-12.28.50:245][  0]LogDerivedDataCache: Loaded boot cache 0.46s 87MB C:/Users/batti/AppData/Local/UnrealEngine/4.20/DerivedDataCache/Boot.ddc.
[2018.11.05-12.28.50:246][  0]LogDerivedDataCache: Display: Loaded Boot cache: C:/Users/batti/AppData/Local/UnrealEngine/4.20/DerivedDataCache/Boot.ddc
[2018.11.05-12.28.50:246][  0]LogDerivedDataCache: FDerivedDataBackendGraph:  Pak pak cache file ../../../../Resilio/1890/Blockout_1890/DerivedDataCache/DDC.ddp not found, will not use a pak cache.
[2018.11.05-12.28.50:246][  0]LogDerivedDataCache: Unable to find inner node Pak for hierarchical cache Hierarchy.
[2018.11.05-12.28.50:246][  0]LogDerivedDataCache: FDerivedDataBackendGraph:  CompressedPak pak cache file ../../../../Resilio/1890/Blockout_1890/DerivedDataCache/Compressed.ddp not found, will not use a pak cache.
[2018.11.05-12.28.50:246][  0]LogDerivedDataCache: Unable to find inner node CompressedPak for hierarchical cache Hierarchy.
[2018.11.05-12.28.50:328][  0]LogDerivedDataCache: Display: Pak cache opened for reading ../../../Engine/DerivedDataCache/Compressed.ddp.
[2018.11.05-12.28.50:341][  0]LogDerivedDataCache: Using Local data cache path C:/Users/batti/AppData/Local/UnrealEngine/Common/DerivedDataCache: Writable
[2018.11.05-12.28.50:341][  0]LogDerivedDataCache: Shared data cache path not found in *engine.ini, will not use an Shared cache.
[2018.11.05-12.28.50:341][  0]LogDerivedDataCache: Unable to find inner node Shared for hierarchical cache Hierarchy.
[2018.11.05-12.28.50:362][  0]LogMaterial: Verifying Global Shaders for PCD3D_SM5
[2018.11.05-12.28.50:364][  0]LogSlate: Using FreeType 2.6.0
[2018.11.05-12.28.50:388][  0]LogSlate: SlateFontServices - WITH_FREETYPE: 1, WITH_HARFBUZZ: 1
[2018.11.05-12.28.50:831][  0]LogAssetRegistry: FAssetRegistry took 0.0273 seconds to start up
[2018.11.05-12.28.51:274][  0]LogInit: Selected Device Profile: [Windows]
[2018.11.05-12.28.51:886][  0]LogSimplygon: Simplygon DLL not present - disabling.
[2018.11.05-12.28.51:988][  0]LogMeshReduction: Using SimplygonSwarm for distributed automatic mesh merging
[2018.11.05-12.28.51:988][  0]LogMeshReduction: Using ProxyLODMeshReduction for automatic mesh merging
[2018.11.05-12.28.51:988][  0]LogMeshReduction: Using QuadricMeshReduction for automatic static mesh reduction
[2018.11.05-12.28.51:988][  0]LogMeshReduction: No automatic skeletal mesh reduction module available
[2018.11.05-12.28.52:014][  0]LogNetVersion: Blockout_1890 1.0.0, NetCL: 4212847, EngineNetVer: 5, GameNetVer: 0 (Checksum: 179647709)
[2018.11.05-12.28.52:852][  0]LogPackageLocalizationCache: Processed 11 localized package path(s) for 2 prioritized culture(s) in 0.163796 seconds
[2018.11.05-12.28.52:859][  0]LogUObjectArray: 38425 objects as part of root set at end of initial load.
[2018.11.05-12.28.52:859][  0]LogUObjectAllocator: 6690872 out of 0 bytes used by permanent object pool.
[2018.11.05-12.28.52:859][  0]LogUObjectArray: CloseDisregardForGC: 0/0 objects in disregard for GC pool
[2018.11.05-12.29.02:001][  0]LogTcpMessaging: Initializing TcpMessaging bridge
[2018.11.05-12.29.02:047][  0]LogUdpMessaging: Initializing bridge on interface 0.0.0.0:0 to multicast group 230.0.0.1:6666.
[2018.11.05-12.29.02:479][  0]SourceControl: Source control is disabled
[2018.11.05-12.29.02:479][  0]SourceControl: Source control is disabled
[2018.11.05-12.29.02:507][  0]SourceControl: Source control is disabled
[2018.11.05-12.29.02:525][  0]SourceControl: Source control is disabled
[2018.11.05-12.29.03:197][  0]LogAndroidPermission: UAndroidPermissionCallbackProxy::GetInstance
[2018.11.05-12.29.03:367][  0]LogOcInput: OculusInput pre-init called
[2018.11.05-12.29.03:553][  0]LogEngine: Initializing Engine...
[2018.11.05-12.29.03:554][  0]LogHMD: Failed to initialize OpenVR with code 110
[2018.11.05-12.29.03:555][  0]LogStats: UGameplayTagsManager::ConstructGameplayTagTree: ImportINI prefixes -  0.000 s
[2018.11.05-12.29.03:555][  0]LogStats: UGameplayTagsManager::ConstructGameplayTagTree: Construct from data asset -  0.000 s
[2018.11.05-12.29.03:556][  0]LogStats: UGameplayTagsManager::ConstructGameplayTagTree: ImportINI -  0.000 s
[2018.11.05-12.29.03:556][  0]LogStats: UGameplayTagsManager::ConstructGameplayTagTree: GameplayTagTreeChangedEvent.Broadcast -  0.000 s
[2018.11.05-12.29.03:868][  0]LogInit: Initializing FReadOnlyCVARCache
[2018.11.05-12.29.03:936][  0]LogAIModule: Creating AISystem for world Untitled
[2018.11.05-12.29.03:961][  0]LogInit: XAudio2 using 'Speakers (Conexant SmartAudio HD)' : 2 channels at 48 kHz using 32 bits per sample (channel mask 0x3)
[2018.11.05-12.29.04:109][  0]LogInit: FAudioDevice initialized.
[2018.11.05-12.29.04:109][  0]LogNetVersion: Set ProjectVersion to 1.0.0.0. Version Checksum will be recalculated on next use.
[2018.11.05-12.29.04:222][  0]LogDerivedDataCache: Saved boot cache 0.11s 87MB C:/Users/batti/AppData/Local/UnrealEngine/4.20/DerivedDataCache/Boot.ddc.
[2018.11.05-12.29.04:249][  0]LogInit: Texture streaming: Enabled
[2018.11.05-12.29.04:338][  0]LogEngineSessionManager: EngineSessionManager initialized
[2018.11.05-12.29.04:353][  0]LogEngineSessionManager: EngineSessionManager sent abnormal shutdown report. Type=AbnormalShutdown, SessionId={A858C19E-4398-DD1F-35D6-63BD76A23A2A}
[2018.11.05-12.29.04:403][  0]LogInit: Transaction tracking system initialized
[2018.11.05-12.29.04:549][  0]BlueprintLog: New page: Editor Load
[2018.11.05-12.29.05:186][  0]LocalizationService: Localization service is disabled
[2018.11.05-12.29.06:237][  0]LogCook: Display: Max memory allowance for cook 16384mb min free memory 0mb
[2018.11.05-12.29.06:237][  0]LogCook: Display: Mobile HDR setting 1
[2018.11.05-12.29.06:237][  0]LogGameplayTags: Display: UGameplayTagsManager::DoneAddingNativeTags. DelegateIsBound: 0
[2018.11.05-12.29.06:237][  0]LogStats: UGameplayTagsManager::ConstructGameplayTagTree: ImportINI prefixes -  0.000 s
[2018.11.05-12.29.06:237][  0]LogStats: UGameplayTagsManager::ConstructGameplayTagTree: Construct from data asset -  0.000 s
[2018.11.05-12.29.06:237][  0]LogStats: UGameplayTagsManager::ConstructGameplayTagTree: ImportINI -  0.000 s
[2018.11.05-12.29.06:237][  0]LogStats: UGameplayTagsManager::ConstructGameplayTagTree: GameplayTagTreeChangedEvent.Broadcast -  0.000 s
[2018.11.05-12.29.06:456][  0]LogFileCache: Scanning file cache for directory 'D:/Resilio/1890/Blockout_1890/Content/' took 0.07s
[2018.11.05-12.29.07:712][  0]SourceControl: Source control is disabled
[2018.11.05-12.29.07:863][  0]LogWindowsTextInputMethodSystem: Display: IME system now deactivated.
[2018.11.05-12.29.07:882][  0]LogSlate: Took 0.018151 seconds to synchronously load lazily loaded font '../../../Engine/Content/Slate/Fonts/Roboto-Regular.ttf' (155K)
[2018.11.05-12.29.11:764][  0]LogSlate: Window 'Restore Packages' being destroyed
[2018.11.05-12.29.11:765][  0]LogWindowsTextInputMethodSystem: Display: IME system now deactivated.
[2018.11.05-12.29.11:767][  0]LogWindowsTextInputMethodSystem: Display: IME system now deactivated.
[2018.11.05-12.29.11:775][  0]Cmd: MAP LOAD FILE="../../../../Resilio/1890/Blockout_1890/Content/StarterContent/Maps/Minimal_Default.umap" TEMPLATE=0 SHOWPROGRESS=1 FEATURELEVEL=3
[2018.11.05-12.29.11:840][  0]LightingResults: New page: Lighting Build
[2018.11.05-12.29.11:860][  0]MapCheck: New page: Map Check
[2018.11.05-12.29.11:860][  0]LightingResults: New page: Lighting Build
[2018.11.05-12.29.12:157][  0]LogLinker: Warning: Can't find file '/Game/StarterContent/Textures/T_Wood_Floor_Walnut_M'
[2018.11.05-12.29.12:157][  0]LogLinker: Warning: Can't find file for asset '/Game/StarterContent/Textures/T_Wood_Floor_Walnut_M' while loading ../../../../Resilio/1890/Blockout_1890/Content/StarterContent/Materials/M_Wood_Floor_Walnut_Polished.uasset.
[2018.11.05-12.29.12:157][  0]LoadErrors: Error: /Game/StarterContent/Materials/M_Wood_Floor_Walnut_Polished : Can't find file for asset. /Game/StarterContent/Textures/T_Wood_Floor_Walnut_M
[2018.11.05-12.29.12:161][  0]LogLinker: Warning: Can't find file '/Game/StarterContent/Textures/T_Wood_Floor_Walnut_M'
[2018.11.05-12.29.12:161][  0]LogLinker: Warning: Can't find file for asset '/Game/StarterContent/Textures/T_Wood_Floor_Walnut_M' while loading ../../../../Resilio/1890/Blockout_1890/Content/StarterContent/Materials/M_Wood_Floor_Walnut_Polished.uasset.
[2018.11.05-12.29.12:161][  0]LoadErrors: Error: /Game/StarterContent/Materials/M_Wood_Floor_Walnut_Polished : Can't find file for asset. /Game/StarterContent/Textures/T_Wood_Floor_Walnut_M
[2018.11.05-12.29.12:305][  0]LogLinker: Warning: Can't find file '/Game/StarterContent/Textures/T_Wood_Floor_Walnut_M'
[2018.11.05-12.29.12:305][  0]LoadErrors: Failed to load /Game/StarterContent/Textures/T_Wood_Floor_Walnut_M.T_Wood_Floor_Walnut_M Referenced by MaterialExpressionTextureSample_2
[2018.11.05-12.29.12:305][  0]LogLinker: Warning: Can't find file for asset '/Game/StarterContent/Textures/T_Wood_Floor_Walnut_M' while loading NULL.
[2018.11.05-12.29.12:305][  0]LoadErrors: Failed to load /Game/StarterContent/Textures/T_Wood_Floor_Walnut_M.T_Wood_Floor_Walnut_M Referenced by MaterialExpressionTextureSample_2
[2018.11.05-12.29.12:619][  0]LogMaterial: Display: Missing cached shader map for material M_Wood_Floor_Walnut_Polished, compiling. 
[2018.11.05-12.29.12:620][  0]LogMaterial: Warning: D:\Resilio\1890\Blockout_1890\Content\StarterContent\Materials\M_Wood_Floor_Walnut_Polished.uasset: Failed to compile Material for platform PCD3D_SM5, Default Material will be used in game.
[2018.11.05-12.29.12:621][  0]LogMaterial: 	(Node TextureSample) Alpha is AO> Missing input texture
[2018.11.05-12.29.12:726][  0]LogAIModule: Creating AISystem for world Minimal_Default
[2018.11.05-12.29.12:752][  0]LogEditorServer: Finished looking for orphan Actors (0.000 secs)
[2018.11.05-12.29.12:786][  0]Cmd: MAP CHECKDEP NOCLEARLOG
[2018.11.05-12.29.12:911][  0]MapCheck: Map check complete: 0 Error(s), 0 Warning(s), took 124.459ms to complete.
[2018.11.05-12.29.12:911][  0]LogFileHelpers: Loading map 'Minimal_Default' took 1.136
[2018.11.05-12.29.12:994][  0]LogSlate: Updating window title bar state: overlay mode, drag disabled, window buttons hidden, title bar hidden
[2018.11.05-12.29.13:003][  0]LogSlate: Updating window title bar state: overlay mode, drag disabled, window buttons hidden, title bar hidden
[2018.11.05-12.29.13:013][  0]LogSlate: Updating window title bar state: overlay mode, drag disabled, window buttons hidden, title bar hidden
[2018.11.05-12.29.13:023][  0]LogSlate: Updating window title bar state: overlay mode, drag disabled, window buttons hidden, title bar hidden
[2018.11.05-12.29.13:048][  0]LogCollectionManager: Loaded 0 collections in 0.003142 seconds
[2018.11.05-12.29.13:103][  0]LogFileCache: Scanning file cache for directory 'D:/Resilio/1890/Blockout_1890/Saved/Collections/' took 0.01s
[2018.11.05-12.29.13:103][  0]LogFileCache: Scanning file cache for directory 'D:/Resilio/1890/Blockout_1890/Content/Developers/batti/Collections/' took 0.01s
[2018.11.05-12.29.13:103][  0]LogFileCache: Scanning file cache for directory 'D:/Resilio/1890/Blockout_1890/Content/Collections/' took 0.01s
[2018.11.05-12.29.13:103][  0]LogCollectionManager: Rebuilt the GUID cache for 0 collections in 0.000000 seconds
[2018.11.05-12.29.13:114][  0]LogContentBrowser: Native class hierarchy populated in 0.0106 seconds. Added 2572 classes and 603 folders.
[2018.11.05-12.29.13:147][  0]LogContentBrowser: Native class hierarchy updated for 'WidgetCarousel' in 0.0005 seconds. Added 0 classes and 0 folders.
[2018.11.05-12.29.14:140][  0]LogContentBrowser: Native class hierarchy updated for 'AddContentDialog' in 0.0004 seconds. Added 0 classes and 0 folders.
[2018.11.05-12.29.14:171][  0]LogContentBrowser: Native class hierarchy updated for 'SceneOutliner' in 0.0005 seconds. Added 1 classes and 2 folders.
[2018.11.05-12.29.14:209][  0]LogSlate: Took 0.013881 seconds to synchronously load lazily loaded font '../../../Engine/Content/Slate/Fonts/Roboto-Bold.ttf' (160K)
[2018.11.05-12.29.14:230][  0]LogSlate: Took 0.016196 seconds to synchronously load lazily loaded font '../../../Engine/Content/Editor/Slate/Fonts/FontAwesome.ttf' (139K)
[2018.11.05-12.29.14:325][  0]LogRenderer: Reallocating scene render targets to support 1208x552 Format 10 NumSamples 1 (Frame:1).
[2018.11.05-12.29.14:505][  0]LogContentBrowser: Native class hierarchy updated for 'HierarchicalLODOutliner' in 0.0006 seconds. Added 0 classes and 0 folders.
[2018.11.05-12.29.14:505][  0]LogLoad: (Engine Initialization) Total time: 41.91 seconds
[2018.11.05-12.29.14:506][  0]LogLoad: (Engine Initialization) Total Blueprint compile time: 0.00 seconds
[2018.11.05-12.29.14:544][  0]LogContentStreaming: Texture pool size now 1000 MB
[2018.11.05-12.29.14:548][  0]LogSlate: FSceneViewport::OnFocusLost() reason 2
[2018.11.05-12.29.14:593][  0]LogSlate: Took 0.014657 seconds to synchronously load lazily loaded font '../../../Engine/Content/Slate/Fonts/Roboto-Light.ttf' (167K)
[2018.11.05-12.29.14:811][  4]LogAssetRegistry: Asset discovery search completed in 24.0026 seconds
[2018.11.05-12.29.14:813][  4]LogCollectionManager: Rebuilt the object cache for 0 collections in 0.000000 seconds (found 0 objects)
[2018.11.05-12.29.14:813][  4]LogCollectionManager: Fixed up redirectors for 0 collections in 0.000062 seconds (updated 0 objects)
[2018.11.05-12.29.19:196][236]LogSlate: Window 'Message Log' being destroyed
[2018.11.05-12.29.19:200][236]LogSlate: Window 'Message Log' being destroyed
[2018.11.05-12.29.24:234][504]LogSlate: FSceneViewport::OnFocusLost() reason 0
