Log file open, 11/06/18 14:42:07
LogWindows: Failed to load 'aqProf.dll' (GetLastError=126)
LogWindows: File 'aqProf.dll' does not exist
LogWindows: Failed to load 'VtuneApi.dll' (GetLastError=126)
LogWindows: File 'VtuneApi.dll' does not exist
LogWindows: Failed to load 'VtuneApi32e.dll' (GetLastError=126)
LogWindows: File 'VtuneApi32e.dll' does not exist
LogInit: Display: Running engine for game: Blockout_1890
LogPlatformFile: Not using cached read wrapper
LogTaskGraph: Started task graph with 5 named threads and 11 total threads with 3 sets of task threads.
LogStats: Stats thread started at 0.202119
LogD3D11RHI: Loaded GFSDK_Aftermath_Lib.x64.dll
LogICUInternationalization: Display: ICU TimeZone Detection - Raw Offset: +1:00, Platform Override: ''
LogPluginManager: Mounting plugin Paper2D
LogPluginManager: Mounting plugin AISupport
LogPluginManager: Mounting plugin LightPropagationVolume
LogPluginManager: Mounting plugin CLionSourceCodeAccess
LogPluginManager: Mounting plugin CodeLiteSourceCodeAccess
LogPluginManager: Mounting plugin GitSourceControl
LogPluginManager: Mounting plugin KDevelopSourceCodeAccess
LogPluginManager: Mounting plugin NullSourceCodeAccess
LogPluginManager: Mounting plugin PerforceSourceControl
LogPluginManager: Mounting plugin SubversionSourceControl
LogPluginManager: Mounting plugin UObjectPlugin
LogPluginManager: Mounting plugin VisualStudioCodeSourceCodeAccess
LogPluginManager: Mounting plugin VisualStudioSourceCodeAccess
LogPluginManager: Mounting plugin XCodeSourceCodeAccess
LogPluginManager: Mounting plugin AssetManagerEditor
LogPluginManager: Mounting plugin CryptoKeys
LogPluginManager: Mounting plugin DataValidation
LogPluginManager: Mounting plugin FacialAnimation
LogPluginManager: Mounting plugin GameplayTagsEditor
LogPluginManager: Mounting plugin MacGraphicsSwitching
LogPluginManager: Mounting plugin MeshEditor
LogPluginManager: Mounting plugin MobileLauncherProfileWizard
LogPluginManager: Mounting plugin PluginBrowser
LogPluginManager: Mounting plugin SpeedTreeImporter
LogPluginManager: Mounting plugin DatasmithContent
LogPluginManager: Mounting plugin AlembicImporter
LogPluginManager: Mounting plugin AppleImageUtils
LogPluginManager: Mounting plugin AppleVision
LogPluginManager: Mounting plugin BackChannel
LogPluginManager: Mounting plugin CharacterAI
LogPluginManager: Mounting plugin GeometryCache
LogPluginManager: Mounting plugin HTML5Networking
LogPluginManager: Mounting plugin ProxyLODPlugin
LogPluginManager: Mounting plugin MagicLeap
LogPluginManager: Mounting plugin MagicLeapEmulator
LogPluginManager: Mounting plugin MagicLeapMedia
LogPluginManager: Mounting plugin AndroidMedia
LogPluginManager: Mounting plugin AvfMedia
LogPluginManager: Mounting plugin ImgMedia
LogPluginManager: Mounting plugin LinearTimecode
LogPluginManager: Mounting plugin MediaCompositing
LogPluginManager: Mounting plugin MediaPlayerEditor
LogPluginManager: Mounting plugin WmfMedia
LogPluginManager: Mounting plugin TcpMessaging
LogPluginManager: Mounting plugin UdpMessaging
LogPluginManager: Mounting plugin ActorSequence
LogPluginManager: Mounting plugin LevelSequenceEditor
LogPluginManager: Mounting plugin MatineeToLevelSequence
LogPluginManager: Mounting plugin NetcodeUnitTest
LogPluginManager: Mounting plugin NUTUnrealEngine4
LogPluginManager: Mounting plugin OnlineSubsystemGooglePlay
LogPluginManager: Mounting plugin OnlineSubsystemIOS
LogPluginManager: Mounting plugin OnlineSubsystem
LogPluginManager: Mounting plugin OnlineSubsystemNull
LogPluginManager: Mounting plugin OnlineSubsystemUtils
LogPluginManager: Mounting plugin LauncherChunkInstaller
LogPluginManager: Mounting plugin AndroidDeviceProfileSelector
LogPluginManager: Mounting plugin AndroidMoviePlayer
LogPluginManager: Mounting plugin AndroidPermission
LogPluginManager: Mounting plugin AppleMoviePlayer
LogPluginManager: Mounting plugin ArchVisCharacter
LogPluginManager: Mounting plugin AudioCapture
LogPluginManager: Mounting plugin CableComponent
LogPluginManager: Mounting plugin CustomMeshComponent
LogPluginManager: Mounting plugin EditableMesh
LogPluginManager: Mounting plugin ExampleDeviceProfileSelector
LogPluginManager: Mounting plugin GoogleCloudMessaging
LogPluginManager: Mounting plugin ImmediatePhysics
LogPluginManager: Mounting plugin IOSDeviceProfileSelector
LogPluginManager: Mounting plugin LinuxDeviceProfileSelector
LogPluginManager: Mounting plugin LocationServicesBPLibrary
LogPluginManager: Mounting plugin MobilePatchingUtils
LogPluginManager: Mounting plugin OculusVR
LogPluginManager: Plugin shader directory ../../../Engine/Plugins/Runtime/Oculus/OculusVR/Shaders found
LogPluginManager: Mapping shader source directory ../../../Engine/Plugins/Runtime/Oculus/OculusVR/Shaders to virtual directory /Plugin/OculusVR
LogPluginManager: Mounting plugin PhysXVehicles
LogPluginManager: Mounting plugin ProceduralMeshComponent
LogPluginManager: Mounting plugin RuntimePhysXCooking
LogPluginManager: Mounting plugin SteamVR
LogPluginManager: Mounting plugin WindowsMoviePlayer
LogStreaming: Display: Took  0.146s to configure plugins.
LogInit: Using libcurl 7.55.1-DEV
LogInit:  - built for x86_64-pc-win32
LogInit:  - supports SSL with OpenSSL/1.0.2h
LogInit:  - supports HTTP deflate (compression) using libz 1.2.8
LogInit:  - other features:
LogInit:      CURL_VERSION_SSL
LogInit:      CURL_VERSION_LIBZ
LogInit:      CURL_VERSION_IPV6
LogInit:      CURL_VERSION_ASYNCHDNS
LogInit:      CURL_VERSION_LARGEFILE
LogInit:      CURL_VERSION_IDN
LogInit:  CurlRequestOptions (configurable via config and command line):
LogInit:  - bVerifyPeer = false  - Libcurl will NOT verify peer certificate
LogInit:  - bUseHttpProxy = false  - Libcurl will NOT use HTTP proxy
LogInit:  - bDontReuseConnections = false  - Libcurl will reuse connections
LogInit:  - CertBundlePath = nullptr  - Libcurl will use whatever was configured at build time.
LogInit:  - MaxHostConnections = 16  - Libcurl will limit the number of connections to a host
LogInit:  - LocalHostAddr = Default
LogInit:  - BufferSize = 65536
LogInit: WinSock: version 1.1 (2.2), MaxSocks=32767, MaxUdp=65467
LogInit: Build: ++UE4+Release-4.20-CL-4369336
LogInit: Engine Version: 4.20.3-4369336+++UE4+Release-4.20
LogInit: Compatible Engine Version: 4.20.0-4212847+++UE4+Release-4.20
LogInit: Net CL: 4212847
LogInit: OS: Windows 10 (), CPU: Intel(R) Core(TM) i7-6500U CPU @ 2.50GHz, GPU: Intel(R) HD Graphics 520
LogInit: Compiled (64-bit): Sep 17 2018 12:26:19
LogInit: Compiled with Visual C++: 19.13.26129.00
LogInit: Build Configuration: Development
LogInit: Branch Name: ++UE4+Release-4.20
LogInit: Command Line: 
LogInit: Base Directory: D:/UE_4.20/Engine/Binaries/Win64/
LogInit: Installed Engine Build: 1
LogDevObjectVersion: Number of dev versions registered: 20
LogDevObjectVersion:   Dev-Blueprints (B0D832E4-1F89-4F0D-ACCF-7EB736FD4AA2): 10
LogDevObjectVersion:   Dev-Build (E1C64328-A22C-4D53-A36C-8E866417BD8C): 0
LogDevObjectVersion:   Dev-Core (375EC13C-06E4-48FB-B500-84F0262A717E): 2
LogDevObjectVersion:   Dev-Editor (E4B068ED-F494-42E9-A231-DA0B2E46BB41): 24
LogDevObjectVersion:   Dev-Framework (CFFC743F-43B0-4480-9391-14DF171D2073): 34
LogDevObjectVersion:   Dev-Mobile (B02B49B5-BB20-44E9-A304-32B752E40360): 2
LogDevObjectVersion:   Dev-Networking (A4E4105C-59A1-49B5-A7C5-40C4547EDFEE): 0
LogDevObjectVersion:   Dev-Online (39C831C9-5AE6-47DC-9A44-9C173E1C8E7C): 0
LogDevObjectVersion:   Dev-Physics (78F01B33-EBEA-4F98-B9B4-84EACCB95AA2): 0
LogDevObjectVersion:   Dev-Platform (6631380F-2D4D-43E0-8009-CF276956A95A): 0
LogDevObjectVersion:   Dev-Rendering (12F88B9F-8875-4AFC-A67C-D90C383ABD29): 26
LogDevObjectVersion:   Dev-Sequencer (7B5AE74C-D270-4C10-A958-57980B212A5A): 9
LogDevObjectVersion:   Dev-VR (D7296918-1DD6-4BDD-9DE2-64A83CC13884): 2
LogDevObjectVersion:   Dev-LoadTimes (C2A15278-BFE7-4AFE-6C17-90FF531DF755): 1
LogDevObjectVersion:   Private-Geometry (6EACA3D4-40EC-4CC1-B786-8BED09428FC5): 3
LogDevObjectVersion:   Dev-AnimPhys (29E575DD-E0A3-4627-9D10-D276232CDCEA): 17
LogDevObjectVersion:   Dev-ReflectionCapture (6B266CEC-1EC7-4B8F-A30B-E4D90942FC07): 1
LogDevObjectVersion:   Dev-Automation (0DF73D61-A23F-47EA-B727-89E90C41499A): 1
LogDevObjectVersion:   FortniteMain (601D1886-AC64-4F84-AA16-D3DE0DEAC7D6): 12
LogDevObjectVersion:   Dev-Enterprise (9DFFBCD6-494F-0158-E221-12823C92A888): 1
LogStreaming: Display: Took  0.003s to delete old logs.
LogInit: Presizing for max 8388607 objects, including 0 objects not considered by GC, pre-allocating 0 bytes for permanent pool.
LogInit: Object subsystem initialized
[2018.11.06-13.42.08:433][  0]LogInit: Selected Device Profile: [Windows]
[2018.11.06-13.42.08:433][  0]LogInit: Applying CVar settings loaded from the selected device profile: [Windows]
[2018.11.06-13.42.08:460][  0]LogHAL: Display: Platform has ~ 16 GB [17037352960 / 17179869184 / 16], which maps to Larger [LargestMinGB=32, LargerMinGB=12, DefaultMinGB=8, SmallerMinGB=6, SmallestMinGB=0)
[2018.11.06-13.42.08:461][  0]LogInit: Setting Device Profile CVar: [[r.Vulkan.UseRealUBs:1]]
[2018.11.06-13.42.08:461][  0]LogInit: Going up to parent DeviceProfile []
[2018.11.06-13.42.08:461][  0]LogInit: Computer: DESKTOP-2930BI6
[2018.11.06-13.42.08:461][  0]LogInit: User: batti
[2018.11.06-13.42.08:461][  0]LogInit: CPU Page size=4096, Cores=2
[2018.11.06-13.42.08:461][  0]LogInit: High frequency timer resolution =2.531253 MHz
[2018.11.06-13.42.08:462][  0]LogMemory: Memory total: Physical=15.9GB (16GB approx)
[2018.11.06-13.42.08:462][  0]LogMemory: Platform Memory Stats for Windows
[2018.11.06-13.42.08:462][  0]LogMemory: Process Physical Memory: 100.09 MB used, 100.09 MB peak
[2018.11.06-13.42.08:462][  0]LogMemory: Process Virtual Memory: 84.16 MB used, 84.16 MB peak
[2018.11.06-13.42.08:462][  0]LogMemory: Physical Memory: 4675.31 MB used,  11572.78 MB free, 16248.09 MB total
[2018.11.06-13.42.08:462][  0]LogMemory: Virtual Memory: 4607.11 MB used,  11572.78 MB free, 134217728.00 MB total
[2018.11.06-13.42.08:493][  0]LogInit: Using OS detected language (fr-FR).
[2018.11.06-13.42.08:493][  0]LogInit: Using OS detected locale (fr-CH).
[2018.11.06-13.42.08:496][  0]LogTextLocalizationManager: No specific localization for 'fr-FR' exists, so the 'fr' localization will be used.
[2018.11.06-13.42.08:502][  0]LogStreaming: Display: Took  0.009s to InitEngineTextLocalization.
[2018.11.06-13.42.08:502][  0]LogInit: Setting process to per monitor DPI aware
[2018.11.06-13.42.08:539][  0]LogSlate: New Slate User Created.  User Index 0, Is Virtual User: 0
[2018.11.06-13.42.08:539][  0]LogSlate: Slate User Registered.  User Index 0, Is Virtual User: 0
[2018.11.06-13.42.09:179][  0]LogHMD: Failed to initialize OpenVR with code 110
[2018.11.06-13.42.09:179][  0]LogD3D11RHI: D3D11 adapters:
[2018.11.06-13.42.09:216][  0]LogD3D11RHI:    0. 'NVIDIA GeForce 940MX' (Feature Level 11_0)
[2018.11.06-13.42.09:216][  0]LogD3D11RHI:       2019/0/8124 MB DedicatedVideo/DedicatedSystem/SharedSystem, Outputs:1, VendorId:0x10de
[2018.11.06-13.42.09:228][  0]LogD3D11RHI:    1. 'Intel(R) HD Graphics 520' (Feature Level 11_0)
[2018.11.06-13.42.09:228][  0]LogD3D11RHI:       128/0/8124 MB DedicatedVideo/DedicatedSystem/SharedSystem, Outputs:0, VendorId:0x8086
[2018.11.06-13.42.09:231][  0]LogD3D11RHI:    2. 'Microsoft Basic Render Driver' (Feature Level 11_0)
[2018.11.06-13.42.09:231][  0]LogD3D11RHI:       0/0/8124 MB DedicatedVideo/DedicatedSystem/SharedSystem, Outputs:0, VendorId:0x1414
[2018.11.06-13.42.09:231][  0]LogD3D11RHI: Chosen D3D11 Adapter: 0
[2018.11.06-13.42.09:277][  0]LogD3D11RHI: Creating new Direct3DDevice
[2018.11.06-13.42.09:277][  0]LogD3D11RHI:     GPU DeviceId: 0x179c (for the marketing name, search the web for "GPU Device Id")
[2018.11.06-13.42.09:277][  0]LogWindows: EnumDisplayDevices:
[2018.11.06-13.42.09:277][  0]LogWindows:    0. 'Intel(R) HD Graphics 520' (P:1 D:1)
[2018.11.06-13.42.09:278][  0]LogWindows:    1. 'Intel(R) HD Graphics 520' (P:0 D:0)
[2018.11.06-13.42.09:279][  0]LogWindows:    2. 'Intel(R) HD Graphics 520' (P:0 D:0)
[2018.11.06-13.42.09:279][  0]LogWindows: DebugString: PrimaryIsNotTheChoosenAdapter PrimaryIsNotTheChoosenAdapter PrimaryIsNotTheChoosenAdapter FoundDriverCount:0 
[2018.11.06-13.42.09:279][  0]LogD3D11RHI:     Adapter Name: NVIDIA GeForce 940MX
[2018.11.06-13.42.09:279][  0]LogD3D11RHI:   Driver Version: Unknown (internal:Unknown, unified:Unknown)
[2018.11.06-13.42.09:279][  0]LogD3D11RHI:      Driver Date: Unknown
[2018.11.06-13.42.09:279][  0]LogRHI: Texture pool is 1413 MB (70% of 2019 MB)
[2018.11.06-13.42.09:301][  0]LogD3D11RHI: Async texture creation enabled
[2018.11.06-13.42.09:315][  0]LogD3D11RHI: GPU Timing Frequency: 1000.000000 (Debug: 2 1)
[2018.11.06-13.42.09:320][  0]LogShaderCompilers: Guid format shader working directory is 9 characters bigger than the processId version (C:/Users/batti/Desktop/Blockout_1890/Intermediate/Shaders/WorkingDirectory/11108/).
[2018.11.06-13.42.09:320][  0]LogShaderCompilers: Cleaned the shader compiler working directory 'C:/Users/batti/AppData/Local/Temp/UnrealShaderWorkingDir/17B852584E685053A2FF40830C173A35/'.
[2018.11.06-13.42.09:748][  0]LogTemp: Display: Loaded TP AllDesktopTargetPlatform
[2018.11.06-13.42.09:768][  0]LogTemp: Display: Loaded TP MacClientTargetPlatform
[2018.11.06-13.42.09:792][  0]LogTemp: Display: Loaded TP MacNoEditorTargetPlatform
[2018.11.06-13.42.09:813][  0]LogTemp: Display: Loaded TP MacServerTargetPlatform
[2018.11.06-13.42.09:837][  0]LogTemp: Display: Loaded TP MacTargetPlatform
[2018.11.06-13.42.09:864][  0]LogTemp: Display: Loaded TP WindowsClientTargetPlatform
[2018.11.06-13.42.09:884][  0]LogTemp: Display: Loaded TP WindowsNoEditorTargetPlatform
[2018.11.06-13.42.09:905][  0]LogTemp: Display: Loaded TP WindowsServerTargetPlatform
[2018.11.06-13.42.09:915][  0]LogTemp: Display: Loaded TP WindowsTargetPlatform
[2018.11.06-13.42.10:022][  0]LogTemp: Display: Loaded TP AndroidTargetPlatform
[2018.11.06-13.42.10:022][  0]LogTemp: Display: Loaded TP AndroidTargetPlatform
[2018.11.06-13.42.10:022][  0]LogTemp: Display: Loaded TP AndroidTargetPlatform
[2018.11.06-13.42.10:022][  0]LogTemp: Display: Loaded TP AndroidTargetPlatform
[2018.11.06-13.42.10:022][  0]LogTemp: Display: Loaded TP AndroidTargetPlatform
[2018.11.06-13.42.10:022][  0]LogTemp: Display: Loaded TP AndroidTargetPlatform
[2018.11.06-13.42.10:022][  0]LogTemp: Display: Loaded TP AndroidTargetPlatform
[2018.11.06-13.42.10:022][  0]LogTemp: Display: Loaded TP AndroidTargetPlatform
[2018.11.06-13.42.10:022][  0]LogTemp: Display: Loaded TP AndroidTargetPlatform
[2018.11.06-13.42.10:022][  0]LogTemp: Display: Loaded TP AndroidTargetPlatform
[2018.11.06-13.42.10:022][  0]LogTemp: Display: Loaded TP AndroidTargetPlatform
[2018.11.06-13.42.10:022][  0]LogTemp: Display: Loaded TP AndroidTargetPlatform
[2018.11.06-13.42.10:022][  0]LogTemp: Display: Loaded TP AndroidTargetPlatform
[2018.11.06-13.42.10:022][  0]LogTemp: Display: Loaded TP AndroidTargetPlatform
[2018.11.06-13.42.10:022][  0]LogTemp: Display: Loaded TP AndroidTargetPlatform
[2018.11.06-13.42.10:022][  0]LogTemp: Display: Loaded TP AndroidTargetPlatform
[2018.11.06-13.42.10:022][  0]LogTemp: Display: Loaded TP AndroidTargetPlatform
[2018.11.06-13.42.10:022][  0]LogTemp: Display: Loaded TP AndroidTargetPlatform
[2018.11.06-13.42.10:024][  0]LogTemp: Display: Loaded TP HTML5TargetPlatform
[2018.11.06-13.42.10:098][  0]LogTemp: Display: Loaded TP IOSTargetPlatform
[2018.11.06-13.42.10:098][  0]LogTemp: Display: Loaded TP IOSTargetPlatform
[2018.11.06-13.42.10:127][  0]LogTemp: Display: Loaded TP TVOSTargetPlatform
[2018.11.06-13.42.10:127][  0]LogTemp: Display: Loaded TP TVOSTargetPlatform
[2018.11.06-13.42.10:144][  0]LogTemp: Display: Loaded TP LinuxClientTargetPlatform
[2018.11.06-13.42.10:160][  0]LogTemp: Display: Loaded TP LinuxNoEditorTargetPlatform
[2018.11.06-13.42.10:175][  0]LogTemp: Display: Loaded TP LinuxServerTargetPlatform
[2018.11.06-13.42.10:197][  0]LogTemp: Display: Loaded TP LinuxTargetPlatform
[2018.11.06-13.42.10:208][  0]LogTemp: Display: Loaded TP LuminTargetPlatform
[2018.11.06-13.42.10:208][  0]LogTargetPlatformManager: Display: Building Assets For Windows
[2018.11.06-13.42.10:317][  0]LogXGEController: Cannot use XGE Controller as Incredibuild is not installed on this machine.
[2018.11.06-13.42.10:317][  0]LogShaderCompilers: Cannot use XGE Shader Compiler as Incredibuild is not installed on this machine.
[2018.11.06-13.42.10:317][  0]LogShaderCompilers: Display: Using Local Shader Compiler.
[2018.11.06-13.42.11:201][  0]LogDerivedDataCache: Display: Max Cache Size: 512 MB
[2018.11.06-13.42.11:266][  0]LogDerivedDataCache: Loaded boot cache 0.07s 71MB C:/Users/batti/AppData/Local/UnrealEngine/4.20/DerivedDataCache/Boot.ddc.
[2018.11.06-13.42.11:268][  0]LogDerivedDataCache: Display: Loaded Boot cache: C:/Users/batti/AppData/Local/UnrealEngine/4.20/DerivedDataCache/Boot.ddc
[2018.11.06-13.42.11:268][  0]LogDerivedDataCache: FDerivedDataBackendGraph:  Pak pak cache file C:/Users/batti/Desktop/Blockout_1890/DerivedDataCache/DDC.ddp not found, will not use a pak cache.
[2018.11.06-13.42.11:268][  0]LogDerivedDataCache: Unable to find inner node Pak for hierarchical cache Hierarchy.
[2018.11.06-13.42.11:268][  0]LogDerivedDataCache: FDerivedDataBackendGraph:  CompressedPak pak cache file C:/Users/batti/Desktop/Blockout_1890/DerivedDataCache/Compressed.ddp not found, will not use a pak cache.
[2018.11.06-13.42.11:268][  0]LogDerivedDataCache: Unable to find inner node CompressedPak for hierarchical cache Hierarchy.
[2018.11.06-13.42.11:284][  0]LogDerivedDataCache: Display: Pak cache opened for reading ../../../Engine/DerivedDataCache/Compressed.ddp.
[2018.11.06-13.42.11:297][  0]LogDerivedDataCache: Using Local data cache path C:/Users/batti/AppData/Local/UnrealEngine/Common/DerivedDataCache: Writable
[2018.11.06-13.42.11:297][  0]LogDerivedDataCache: Shared data cache path not found in *engine.ini, will not use an Shared cache.
[2018.11.06-13.42.11:297][  0]LogDerivedDataCache: Unable to find inner node Shared for hierarchical cache Hierarchy.
[2018.11.06-13.42.11:318][  0]LogMaterial: Verifying Global Shaders for PCD3D_SM5
[2018.11.06-13.42.11:320][  0]LogSlate: Using FreeType 2.6.0
[2018.11.06-13.42.11:321][  0]LogSlate: SlateFontServices - WITH_FREETYPE: 1, WITH_HARFBUZZ: 1
[2018.11.06-13.42.11:433][  0]LogAssetRegistry: FAssetRegistry took 0.0272 seconds to start up
[2018.11.06-13.42.11:873][  0]LogInit: Selected Device Profile: [Windows]
[2018.11.06-13.42.12:041][  0]LogSimplygon: Simplygon DLL not present - disabling.
[2018.11.06-13.42.12:048][  0]LogMeshReduction: Using SimplygonSwarm for distributed automatic mesh merging
[2018.11.06-13.42.12:048][  0]LogMeshReduction: Using ProxyLODMeshReduction for automatic mesh merging
[2018.11.06-13.42.12:048][  0]LogMeshReduction: Using QuadricMeshReduction for automatic static mesh reduction
[2018.11.06-13.42.12:048][  0]LogMeshReduction: No automatic skeletal mesh reduction module available
[2018.11.06-13.42.12:068][  0]LogNetVersion: Blockout_1890 1.0.0, NetCL: 4212847, EngineNetVer: 5, GameNetVer: 0 (Checksum: 179647709)
[2018.11.06-13.42.12:747][  0]LogPackageLocalizationCache: Processed 11 localized package path(s) for 2 prioritized culture(s) in 0.126245 seconds
[2018.11.06-13.42.12:754][  0]LogUObjectArray: 38425 objects as part of root set at end of initial load.
[2018.11.06-13.42.12:754][  0]LogUObjectAllocator: 6690864 out of 0 bytes used by permanent object pool.
[2018.11.06-13.42.12:754][  0]LogUObjectArray: CloseDisregardForGC: 0/0 objects in disregard for GC pool
[2018.11.06-13.42.14:286][  0]LogTcpMessaging: Initializing TcpMessaging bridge
[2018.11.06-13.42.14:303][  0]LogUdpMessaging: Initializing bridge on interface 0.0.0.0:0 to multicast group 230.0.0.1:6666.
[2018.11.06-13.42.14:506][  0]SourceControl: Source control is disabled
[2018.11.06-13.42.14:506][  0]SourceControl: Source control is disabled
[2018.11.06-13.42.14:508][  0]SourceControl: Source control is disabled
[2018.11.06-13.42.14:509][  0]SourceControl: Source control is disabled
[2018.11.06-13.42.14:715][  0]LogAndroidPermission: UAndroidPermissionCallbackProxy::GetInstance
[2018.11.06-13.42.14:808][  0]LogOcInput: OculusInput pre-init called
[2018.11.06-13.42.14:887][  0]LogEngine: Initializing Engine...
[2018.11.06-13.42.14:888][  0]LogHMD: Failed to initialize OpenVR with code 110
[2018.11.06-13.42.14:890][  0]LogStats: UGameplayTagsManager::ConstructGameplayTagTree: ImportINI prefixes -  0.000 s
[2018.11.06-13.42.14:890][  0]LogStats: UGameplayTagsManager::ConstructGameplayTagTree: Construct from data asset -  0.000 s
[2018.11.06-13.42.14:890][  0]LogStats: UGameplayTagsManager::ConstructGameplayTagTree: ImportINI -  0.000 s
[2018.11.06-13.42.14:890][  0]LogStats: UGameplayTagsManager::ConstructGameplayTagTree: GameplayTagTreeChangedEvent.Broadcast -  0.000 s
[2018.11.06-13.42.15:139][  0]LogInit: Initializing FReadOnlyCVARCache
[2018.11.06-13.42.15:158][  0]LogAIModule: Creating AISystem for world Untitled
[2018.11.06-13.42.15:185][  0]LogInit: XAudio2 using 'Speakers (Conexant SmartAudio HD)' : 2 channels at 48 kHz using 32 bits per sample (channel mask 0x3)
[2018.11.06-13.42.15:305][  0]LogInit: FAudioDevice initialized.
[2018.11.06-13.42.15:305][  0]LogNetVersion: Set ProjectVersion to 1.0.0.0. Version Checksum will be recalculated on next use.
[2018.11.06-13.42.15:397][  0]LogDerivedDataCache: Saved boot cache 0.09s 71MB C:/Users/batti/AppData/Local/UnrealEngine/4.20/DerivedDataCache/Boot.ddc.
[2018.11.06-13.42.15:409][  0]LogInit: Texture streaming: Enabled
[2018.11.06-13.42.15:435][  0]LogEngineSessionManager: EngineSessionManager initialized
[2018.11.06-13.42.15:451][  0]LogInit: Transaction tracking system initialized
[2018.11.06-13.42.15:486][  0]BlueprintLog: New page: Editor Load
[2018.11.06-13.42.15:611][  0]LocalizationService: Localization service is disabled
[2018.11.06-13.42.16:054][  0]LogCook: Display: Max memory allowance for cook 16384mb min free memory 0mb
[2018.11.06-13.42.16:054][  0]LogCook: Display: Mobile HDR setting 1
[2018.11.06-13.42.16:054][  0]LogGameplayTags: Display: UGameplayTagsManager::DoneAddingNativeTags. DelegateIsBound: 0
[2018.11.06-13.42.16:054][  0]LogStats: UGameplayTagsManager::ConstructGameplayTagTree: ImportINI prefixes -  0.000 s
[2018.11.06-13.42.16:054][  0]LogStats: UGameplayTagsManager::ConstructGameplayTagTree: Construct from data asset -  0.000 s
[2018.11.06-13.42.16:054][  0]LogStats: UGameplayTagsManager::ConstructGameplayTagTree: ImportINI -  0.000 s
[2018.11.06-13.42.16:054][  0]LogStats: UGameplayTagsManager::ConstructGameplayTagTree: GameplayTagTreeChangedEvent.Broadcast -  0.000 s
[2018.11.06-13.42.16:273][  0]LogFileCache: Scanning file cache for directory 'C:/Users/batti/Desktop/Blockout_1890/Content/' took 0.02s
[2018.11.06-13.42.16:273][  0]SourceControl: Source control is disabled
[2018.11.06-13.42.16:273][  0]Cmd: MAP LOAD FILE="C:/Users/batti/Desktop/Blockout_1890/Content/StarterContent/Maps/Minimal_Default.umap" TEMPLATE=0 SHOWPROGRESS=1 FEATURELEVEL=3
[2018.11.06-13.42.16:274][  0]LightingResults: New page: Lighting Build
[2018.11.06-13.42.16:278][  0]MapCheck: New page: Map Check
[2018.11.06-13.42.16:278][  0]LightingResults: New page: Lighting Build
[2018.11.06-13.42.16:740][  0]LogLinker: Warning: Can't find file '/Game/StarterContent/Textures/T_Wood_Floor_Walnut_M'
[2018.11.06-13.42.16:740][  0]LogLinker: Warning: Can't find file for asset '/Game/StarterContent/Textures/T_Wood_Floor_Walnut_M' while loading C:/Users/batti/Desktop/Blockout_1890/Content/StarterContent/Materials/M_Wood_Floor_Walnut_Polished.uasset.
[2018.11.06-13.42.16:740][  0]LoadErrors: Error: /Game/StarterContent/Materials/M_Wood_Floor_Walnut_Polished : Can't find file for asset. /Game/StarterContent/Textures/T_Wood_Floor_Walnut_M
[2018.11.06-13.42.16:753][  0]LogLinker: Warning: Can't find file '/Game/StarterContent/Textures/T_Wood_Floor_Walnut_M'
[2018.11.06-13.42.16:753][  0]LogLinker: Warning: Can't find file for asset '/Game/StarterContent/Textures/T_Wood_Floor_Walnut_M' while loading C:/Users/batti/Desktop/Blockout_1890/Content/StarterContent/Materials/M_Wood_Floor_Walnut_Polished.uasset.
[2018.11.06-13.42.16:753][  0]LoadErrors: Error: /Game/StarterContent/Materials/M_Wood_Floor_Walnut_Polished : Can't find file for asset. /Game/StarterContent/Textures/T_Wood_Floor_Walnut_M
[2018.11.06-13.42.17:352][  0]LogLinker: Warning: Can't find file '/Game/StarterContent/Textures/T_Wood_Floor_Walnut_M'
[2018.11.06-13.42.17:352][  0]LoadErrors: Failed to load /Game/StarterContent/Textures/T_Wood_Floor_Walnut_M.T_Wood_Floor_Walnut_M Referenced by MaterialExpressionTextureSample_2
[2018.11.06-13.42.17:352][  0]LogLinker: Warning: Can't find file for asset '/Game/StarterContent/Textures/T_Wood_Floor_Walnut_M' while loading NULL.
[2018.11.06-13.42.17:352][  0]LoadErrors: Failed to load /Game/StarterContent/Textures/T_Wood_Floor_Walnut_M.T_Wood_Floor_Walnut_M Referenced by MaterialExpressionTextureSample_2
[2018.11.06-13.42.17:705][  0]LogMaterial: Display: Missing cached shader map for material M_Wood_Floor_Walnut_Polished, compiling. 
[2018.11.06-13.42.17:729][  0]LogMaterial: Warning: C:\Users\batti\Desktop\Blockout_1890\Content\StarterContent\Materials\M_Wood_Floor_Walnut_Polished.uasset: Failed to compile Material for platform PCD3D_SM5, Default Material will be used in game.
[2018.11.06-13.42.17:729][  0]LogMaterial: 	(Node TextureSample) Alpha is AO> Missing input texture
[2018.11.06-13.42.17:935][  0]LogAIModule: Creating AISystem for world Minimal_Default
[2018.11.06-13.42.18:027][  0]LogEditorServer: Finished looking for orphan Actors (0.000 secs)
[2018.11.06-13.42.18:072][  0]Cmd: MAP CHECKDEP NOCLEARLOG
[2018.11.06-13.42.18:189][  0]MapCheck: Map check complete: 0 Error(s), 0 Warning(s), took 118.257ms to complete.
[2018.11.06-13.42.18:190][  0]LogFileHelpers: Loading map 'Minimal_Default' took 1.917
[2018.11.06-13.42.18:657][  0]LogSlate: Updating window title bar state: overlay mode, drag disabled, window buttons hidden, title bar hidden
[2018.11.06-13.42.18:678][  0]LogSlate: Updating window title bar state: overlay mode, drag disabled, window buttons hidden, title bar hidden
[2018.11.06-13.42.18:689][  0]LogSlate: Updating window title bar state: overlay mode, drag disabled, window buttons hidden, title bar hidden
[2018.11.06-13.42.18:698][  0]LogSlate: Updating window title bar state: overlay mode, drag disabled, window buttons hidden, title bar hidden
[2018.11.06-13.42.18:772][  0]LogCollectionManager: Loaded 0 collections in 0.003752 seconds
[2018.11.06-13.42.18:956][  0]LogFileCache: Scanning file cache for directory 'C:/Users/batti/Desktop/Blockout_1890/Saved/Collections/' took 0.01s
[2018.11.06-13.42.18:956][  0]LogFileCache: Scanning file cache for directory 'C:/Users/batti/Desktop/Blockout_1890/Content/Developers/batti/Collections/' took 0.01s
[2018.11.06-13.42.18:956][  0]LogFileCache: Scanning file cache for directory 'C:/Users/batti/Desktop/Blockout_1890/Content/Collections/' took 0.01s
[2018.11.06-13.42.18:956][  0]LogCollectionManager: Rebuilt the GUID cache for 0 collections in 0.000001 seconds
[2018.11.06-13.42.18:990][  0]LogContentBrowser: Native class hierarchy populated in 0.0301 seconds. Added 2572 classes and 603 folders.
[2018.11.06-13.42.19:093][  0]LogContentBrowser: Native class hierarchy updated for 'WidgetCarousel' in 0.0005 seconds. Added 0 classes and 0 folders.
[2018.11.06-13.42.20:253][  0]LogContentBrowser: Native class hierarchy updated for 'AddContentDialog' in 0.0003 seconds. Added 0 classes and 0 folders.
[2018.11.06-13.42.20:349][  0]LogContentBrowser: Native class hierarchy updated for 'SceneOutliner' in 0.0004 seconds. Added 1 classes and 2 folders.
[2018.11.06-13.42.21:686][  0]LogContentBrowser: Native class hierarchy updated for 'HierarchicalLODOutliner' in 0.0002 seconds. Added 0 classes and 0 folders.
[2018.11.06-13.42.21:686][  0]LogLoad: (Engine Initialization) Total time: 16.84 seconds
[2018.11.06-13.42.21:686][  0]LogLoad: (Engine Initialization) Total Blueprint compile time: 0.00 seconds
[2018.11.06-13.42.21:697][  0]LogWindowsTextInputMethodSystem: Display: IME system now deactivated.
[2018.11.06-13.42.21:829][  0]LogContentStreaming: Texture pool size now 1000 MB
[2018.11.06-13.42.21:834][  0]LogSlate: FSceneViewport::OnFocusLost() reason 2
[2018.11.06-13.42.21:855][  0]LogSlate: Took 0.000414 seconds to synchronously load lazily loaded font '../../../Engine/Content/Slate/Fonts/Roboto-Regular.ttf' (155K)
[2018.11.06-13.42.21:858][  0]LogSlate: Took 0.000455 seconds to synchronously load lazily loaded font '../../../Engine/Content/Slate/Fonts/Roboto-Bold.ttf' (160K)
[2018.11.06-13.42.21:898][  0]LogSlate: Took 0.020818 seconds to synchronously load lazily loaded font '../../../Engine/Content/Editor/Slate/Fonts/FontAwesome.ttf' (139K)
[2018.11.06-13.42.22:183][  0]LogRenderer: Reallocating scene render targets to support 804x340 Format 10 NumSamples 1 (Frame:1).
[2018.11.06-13.42.22:183][  0]LogSlate: Took 0.015687 seconds to synchronously load lazily loaded font '../../../Engine/Content/Slate/Fonts/Roboto-Light.ttf' (167K)
[2018.11.06-13.42.22:511][  2]LogAssetRegistry: Asset discovery search completed in 11.1004 seconds
[2018.11.06-13.42.22:514][  2]LogCollectionManager: Rebuilt the object cache for 0 collections in 0.000000 seconds (found 0 objects)
[2018.11.06-13.42.22:514][  2]LogCollectionManager: Fixed up redirectors for 0 collections in 0.000096 seconds (updated 0 objects)
[2018.11.06-13.42.26:668][404]LogSlate: Window 'Message Log' being destroyed
[2018.11.06-13.42.26:674][404]LogSlate: Window 'Message Log' being destroyed
[2018.11.06-13.42.31:150][849]LogSlate: FSceneViewport::OnFocusLost() reason 0
[2018.11.06-13.52.09:776][248]LogSlate: Took 0.000396 seconds to synchronously load lazily loaded font '../../../Engine/Content/Slate/Fonts/Roboto-Light.ttf' (167K)
[2018.11.06-13.52.26:759][248]LogSlate: Window 'Pick Parent Class' being destroyed
[2018.11.06-13.55.02:533][995]LogEditorViewport: Clicking on Actor (LMB): SkeletalMeshActor (SK_Mannequin)
[2018.11.06-13.55.02:915][995]LogEditorViewport: Clicking on Actor (LMB): SkeletalMeshActor (SK_Mannequin)
[2018.11.06-13.55.02:974][995]LogEditorViewport: Clicking on Component (LMB): SkeletalMeshComponent (SkeletalMeshComponent0)
[2018.11.06-13.55.05:436][211]LogSlate: FSceneViewport::OnFocusLost() reason 2
[2018.11.06-13.56.23:812][457]LogSlate: FSceneViewport::OnFocusLost() reason 0
[2018.11.06-13.59.07:794][785]LogEditorViewport: Clicking on Component (context menu): SkeletalMeshComponent (SkeletalMeshComponent0)
[2018.11.06-13.59.08:190][785]LogSlate: FSceneViewport::OnFocusLost() reason 2
[2018.11.06-13.59.28:773][228]LogEditorViewport: Clicking on Component (context menu): SkeletalMeshComponent (SkeletalMeshComponent0)
[2018.11.06-13.59.28:799][228]LogSlate: FSceneViewport::OnFocusLost() reason 2
[2018.11.06-13.59.33:912][830]LogSlate: FSceneViewport::OnFocusLost() reason 2
[2018.11.06-13.59.36:919][107]LogAssetEditorManager: Opening Asset editor for Class /Script/Engine.SkeletalMeshComponent
[2018.11.06-13.59.40:348][320]LogEditorViewport: Clicking on Component (context menu): SkeletalMeshComponent (SkeletalMeshComponent0)
[2018.11.06-13.59.40:376][320]LogSlate: FSceneViewport::OnFocusLost() reason 2
[2018.11.06-14.00.09:579][344]LogSlate: FSceneViewport::OnFocusLost() reason 0
[2018.11.06-14.01.07:261][184]LogSlate: FSceneViewport::OnFocusLost() reason 2
[2018.11.06-14.01.25:428][ 47]LogEditorViewport: Clicking on Actor (LMB): BP_Sky_Sphere_C (BP_Sky_Sphere)
[2018.11.06-14.01.27:141][201]Cmd: TRANSACTION UNDO
[2018.11.06-14.01.27:141][201]LogEditorTransaction: Undo Clicking on Actors
[2018.11.06-14.01.27:519][229]Cmd: TRANSACTION UNDO
[2018.11.06-14.01.27:519][229]LogEditorTransaction: Undo Move Components
[2018.11.06-14.01.27:843][257]Cmd: TRANSACTION UNDO
[2018.11.06-14.01.27:843][257]LogEditorTransaction: Undo Clicking on Component (context menu)
[2018.11.06-14.01.28:133][285]Cmd: TRANSACTION UNDO
[2018.11.06-14.01.28:133][285]LogEditorTransaction: Undo Clicking on Component (context menu)
[2018.11.06-14.01.28:435][315]Cmd: TRANSACTION UNDO
[2018.11.06-14.01.28:435][315]LogEditorTransaction: Undo Clicking on Component (context menu)
[2018.11.06-14.01.28:705][342]Cmd: TRANSACTION UNDO
[2018.11.06-14.01.28:705][342]LogEditorTransaction: Undo Clicking on Components
[2018.11.06-14.01.28:916][361]Cmd: TRANSACTION UNDO
[2018.11.06-14.01.28:917][361]LogEditorTransaction: Undo Clicking on Actors
[2018.11.06-14.01.29:130][382]Cmd: TRANSACTION UNDO
[2018.11.06-14.01.29:130][382]LogEditorTransaction: Undo Clicking on Actors
[2018.11.06-14.01.38:725][310]LogEditorViewport: Clicking on Actor (LMB): SkeletalMeshActor (SK_Mannequin)
[2018.11.06-14.02.05:956][943]LogSlate: FSceneViewport::OnFocusLost() reason 2
[2018.11.06-14.02.06:925][943]LogSavePackage: Moving 'C:/Users/batti/Desktop/Blockout_1890/Saved/Minimal_Default_Auto187295AB046478806B493CC8F41C51BBF.tmp' to 'C:/Users/batti/Desktop/Blockout_1890/Saved/Autosaves/Game/StarterContent/Maps/Minimal_Default_Auto1.umap'
[2018.11.06-14.02.06:979][943]LogFileHelpers: Editor autosave (incl. sublevels) for '/Game/StarterContent/Maps/Minimal_Default' took 0.970
[2018.11.06-14.02.06:979][943]LogFileHelpers: Editor autosave (incl. sublevels) for all levels took 0.970
[2018.11.06-14.02.10:366][239]LogEditorViewport: Clicking on Actor (context menu): SkeletalMeshActor (SK_Mannequin)
[2018.11.06-14.02.10:514][239]LogSlate: FSceneViewport::OnFocusLost() reason 2
[2018.11.06-14.02.39:516][444]LogSlate: FSceneViewport::OnFocusLost() reason 2
[2018.11.06-14.02.39:526][444]LogAssetEditorManager: Opening Asset editor for LevelScriptBlueprint /Game/StarterContent/Maps/Minimal_Default.Minimal_Default:PersistentLevel.Minimal_Default
[2018.11.06-14.02.40:596][444]LogContentBrowser: Native class hierarchy updated for 'BlueprintGraph' in 0.0011 seconds. Added 116 classes and 0 folders.
[2018.11.06-14.02.42:012][444]LogSlate: Took 0.009761 seconds to synchronously load lazily loaded font '../../../Engine/Content/Slate/Fonts/Roboto-BoldCondensed.ttf' (158K)
[2018.11.06-14.10.31:290][227]LogSlate: Window 'Minimal_Default* - Level Blueprint Editor' being destroyed
[2018.11.06-14.10.31:295][227]LogSlate: Window 'Minimal_Default* - Level Blueprint Editor' being destroyed
[2018.11.06-14.10.44:654][362]LogSlate: FSceneViewport::OnFocusLost() reason 0
[2018.11.06-14.11.16:883][390]LogSlate: FSceneViewport::OnFocusLost() reason 2
[2018.11.06-14.11.23:027][870]LogSlate: FSceneViewport::OnFocusLost() reason 0
[2018.11.06-14.12.01:551][ 58]LogSlate: Window 'Save Level As' being destroyed
[2018.11.06-14.13.29:053][264]LogSavePackage: Moving 'C:/Users/batti/Desktop/Blockout_1890/Saved/Minimal_Default_Auto22B475F5046539A8F02D8BE9DD1D65961.tmp' to 'C:/Users/batti/Desktop/Blockout_1890/Saved/Autosaves/Game/StarterContent/Maps/Minimal_Default_Auto2.umap'
[2018.11.06-14.13.29:058][264]LogFileHelpers: Editor autosave (incl. sublevels) for '/Game/StarterContent/Maps/Minimal_Default' took 0.711
[2018.11.06-14.13.29:058][264]LogFileHelpers: Editor autosave (incl. sublevels) for all levels took 0.711
[2018.11.06-14.16.26:509][885]LogEditorViewport: Clicking on Actor (LMB): SkeletalMeshActor (SK_Mannequin)
[2018.11.06-14.16.27:283][954]LogEditorViewport: Clicking on Actor (LMB): SkeletalMeshActor (SK_Mannequin)
[2018.11.06-14.16.34:727][650]LogSlate: FSceneViewport::OnFocusLost() reason 0
[2018.11.06-14.16.38:668][114]LogAssetEditorManager: Opening Asset editor for SkeletalMesh /Game/Mannequin/Character/Mesh/SK_Mannequin.SK_Mannequin
[2018.11.06-14.16.39:103][114]LogContentBrowser: Native class hierarchy updated for 'SkeletonEditor' in 0.0005 seconds. Added 1 classes and 2 folders.
[2018.11.06-14.16.39:777][114]LogActorComponent: RegisterComponentWithWorld: (/Engine/Transient.World_4:PersistentLevel.AnimationEditorPreviewActor_0.DebugSkelMeshComponent_0) Already registered. Aborting.
[2018.11.06-14.16.39:838][114]LogContentBrowser: Native class hierarchy updated for 'PinnedCommandList' in 0.0004 seconds. Added 1 classes and 0 folders.
[2018.11.06-14.16.40:084][114]LogSkeletalMesh: USkeletalMeshComponent::InitArticulated : Bodies already created (/Engine/Transient.World_4:PersistentLevel.AnimationEditorPreviewActor_0.DebugSkelMeshComponent_0) - call TermArticulated first.
[2018.11.06-14.16.40:958][114]LogSlate: Took 0.007227 seconds to synchronously load lazily loaded font '../../../Engine/Content/Slate/Fonts/Roboto-Italic.ttf' (157K)
[2018.11.06-14.16.41:022][114]LogContentBrowser: Native class hierarchy updated for 'ClothingSystemEditorInterface' in 0.0003 seconds. Added 1 classes and 0 folders.
[2018.11.06-14.16.41:058][114]LogRenderer: Reallocating scene render targets to support 1144x888 Format 10 NumSamples 1 (Frame:1).
[2018.11.06-14.17.10:830][ 35]LogSlate: Window 'SK_Mannequin' being destroyed
[2018.11.06-14.18.49:239][286]LogEditorViewport: Clicking on Actor (LMB): SkeletalMeshActor (SK_Mannequin)
[2018.11.06-14.18.53:385][641]LogSlate: FSceneViewport::OnFocusLost() reason 2
[2018.11.06-14.19.20:291][862]LogActorFactory: Actor Factory created Shape_NarrowCapsule
[2018.11.06-14.19.22:095][999]LogActorFactory: Actor Factory created Shape_NarrowCapsule
[2018.11.06-14.19.25:810][265]LogEditorViewport: Clicking on Actor (LMB): StaticMeshActor (Shape_NarrowCapsule)
[2018.11.06-14.19.59:608][191]LogSlate: FSceneViewport::OnFocusLost() reason 0
[2018.11.06-14.20.34:587][396]Cmd: TRANSACTION UNDO
[2018.11.06-14.20.34:587][396]LogEditorTransaction: Undo Set Rotation
[2018.11.06-14.22.05:154][482]LogEditorViewport: Clicking on Actor (LMB): StaticMeshActor (Shape_NarrowCapsule)
[2018.11.06-14.22.05:780][535]LogEditorViewport: Clicking on Actor (LMB): StaticMeshActor (Shape_NarrowCapsule)
[2018.11.06-14.22.07:108][656]Cmd: DELETE
[2018.11.06-14.22.07:108][656]Cmd: ACTOR DELETE
[2018.11.06-14.22.07:498][656]LogEditorActor: Deleted Actor: StaticMeshActor
[2018.11.06-14.22.07:533][656]LogEditorActor: Deleted 1 Actors (0.064 secs)
[2018.11.06-14.22.09:860][828]LogSlate: FSceneViewport::OnFocusLost() reason 0
[2018.11.06-14.22.29:754][375]LogSlate: Window 'Pick Parent Class' being destroyed
[2018.11.06-14.22.40:670][380]LogAssetEditorManager: Opening Asset editor for Blueprint /Game/StarterContent/Blueprints/Hand.Hand
[2018.11.06-14.24.56:343][273]LogSavePackage: Moving 'C:/Users/batti/Desktop/Blockout_1890/Saved/Minimal_Default_Auto3F3069983474763537E41008E5A485CE5.tmp' to 'C:/Users/batti/Desktop/Blockout_1890/Saved/Autosaves/Game/StarterContent/Maps/Minimal_Default_Auto3.umap'
[2018.11.06-14.24.56:347][273]LogFileHelpers: Editor autosave (incl. sublevels) for '/Game/StarterContent/Maps/Minimal_Default' took 0.677
[2018.11.06-14.24.56:347][273]LogFileHelpers: Editor autosave (incl. sublevels) for all levels took 0.677
[2018.11.06-14.24.56:350][273]OBJ SavePackage: Generating thumbnails for [0] asset(s) in package [/Game/StarterContent/Blueprints/Hand] ([1] browsable assets)...
[2018.11.06-14.24.56:350][273]OBJ SavePackage: Finished generating thumbnails for package [/Game/StarterContent/Blueprints/Hand]
[2018.11.06-14.24.56:356][273]LogSavePackage: Moving 'C:/Users/batti/Desktop/Blockout_1890/Saved/Hand_Auto3D67811D7432D521857329BAE8A43B201.tmp' to 'C:/Users/batti/Desktop/Blockout_1890/Saved/Autosaves/Game/StarterContent/Blueprints/Hand_Auto3.uasset'
[2018.11.06-14.24.56:358][273]LogFileHelpers: Auto-saving content packages took 0.010
[2018.11.06-14.29.26:705][ 45]LogSlate: Window 'Hand*' being destroyed
[2018.11.06-14.29.26:710][ 45]LogSlate: Window 'Hand*' being destroyed
[2018.11.06-14.29.36:325][943]LogSlate: Window 'Delete Assets' being destroyed
[2018.11.06-14.29.45:738][310]LogSlate: Window 'Pick Parent Class' being destroyed
[2018.11.06-14.29.51:541][819]LogAssetEditorManager: Opening Asset editor for Blueprint /Game/StarterContent/Blueprints/Hand.Hand
[2018.11.06-14.31.30:355][142]LogSlate: Window 'Hand*' being destroyed
[2018.11.06-14.31.30:359][142]LogSlate: Window 'Hand*' being destroyed
[2018.11.06-14.31.35:913][408]LogSlate: Window 'Delete Assets' being destroyed
[2018.11.06-14.36.22:817][390]LogSlate: Window 'Create Blueprint' being destroyed
[2018.11.06-14.36.22:854][390]LogAssetEditorManager: Opening Asset editor for Blueprint /Game/Blueprints/BP_HandCollider.BP_HandCollider
[2018.11.06-14.37.02:117][193]LogFileHelpers: Editor autosave (incl. sublevels) for '/Game/StarterContent/Maps/Minimal_Default' took 0.035
[2018.11.06-14.37.02:119][193]OBJ SavePackage: Generating thumbnails for [1] asset(s) in package [/Game/Blueprints/BP_HandCollider] ([1] browsable assets)...
[2018.11.06-14.37.02:150][193]OBJ SavePackage:     Rendered thumbnail for [Blueprint /Game/Blueprints/BP_HandCollider.BP_HandCollider]
[2018.11.06-14.37.02:150][193]OBJ SavePackage: Finished generating thumbnails for package [/Game/Blueprints/BP_HandCollider]
[2018.11.06-14.37.02:150][193]Cmd: OBJ SAVEPACKAGE PACKAGE="/Game/Blueprints/BP_HandCollider" FILE="C:/Users/batti/Desktop/Blockout_1890/Saved/Autosaves/Game/Blueprints/BP_HandCollider_Auto4.uasset" SILENT=false AUTOSAVING=true
[2018.11.06-14.37.02:509][193]LogSavePackage: Moving 'C:/Users/batti/Desktop/Blockout_1890/Saved/BP_HandCollider_Auto45AF72E6248F8002946C84A8B209C990E.tmp' to 'C:/Users/batti/Desktop/Blockout_1890/Saved/Autosaves/Game/Blueprints/BP_HandCollider_Auto4.uasset'
[2018.11.06-14.37.02:511][193]LogFileHelpers: Auto-saving content packages took 0.393
[2018.11.06-14.42.17:466][ 69]LogSlate: FSceneViewport::OnFocusLost() reason 2
[2018.11.06-14.42.52:257][717]LogSlate: FSceneViewport::OnFocusLost() reason 0
[2018.11.06-14.45.45:606][454]LogSlate: FSceneViewport::OnFocusLost() reason 0
[2018.11.06-14.45.59:149][ 98]LogSlate: FSceneViewport::OnFocusLost() reason 0
[2018.11.06-14.47.02:914][750]LogFileHelpers: Editor autosave (incl. sublevels) for '/Game/StarterContent/Maps/Minimal_Default' took 0.042
[2018.11.06-14.47.02:916][750]OBJ SavePackage: Generating thumbnails for [1] asset(s) in package [/Game/Blueprints/BP_HandCollider] ([1] browsable assets)...
[2018.11.06-14.47.02:973][750]OBJ SavePackage:     Rendered thumbnail for [Blueprint /Game/Blueprints/BP_HandCollider.BP_HandCollider]
[2018.11.06-14.47.02:973][750]OBJ SavePackage: Finished generating thumbnails for package [/Game/Blueprints/BP_HandCollider]
[2018.11.06-14.47.02:973][750]Cmd: OBJ SAVEPACKAGE PACKAGE="/Game/Blueprints/BP_HandCollider" FILE="C:/Users/batti/Desktop/Blockout_1890/Saved/Autosaves/Game/Blueprints/BP_HandCollider_Auto5.uasset" SILENT=false AUTOSAVING=true
[2018.11.06-14.47.02:996][750]LogSavePackage: Moving 'C:/Users/batti/Desktop/Blockout_1890/Saved/BP_HandCollider_Auto523B987BF40FB0AEAFF4BC7BD741DC367.tmp' to 'C:/Users/batti/Desktop/Blockout_1890/Saved/Autosaves/Game/Blueprints/BP_HandCollider_Auto5.uasset'
[2018.11.06-14.47.02:998][750]LogFileHelpers: Auto-saving content packages took 0.084
[2018.11.06-14.48.24:336][446]LogSlate: Window 'BP_HandCollider*' being destroyed
[2018.11.06-14.48.27:122][591]LogRenderer: Reallocating scene render targets to support 1208x888 Format 10 NumSamples 1 (Frame:87666).
[2018.11.06-14.49.58:425][237]Cmd: TRANSACTION UNDO
[2018.11.06-14.49.58:425][237]LogEditorTransaction: Undo Create Actors
[2018.11.06-14.50.03:369][492]LogEditorViewport: Clicking on Actor (LMB): SkeletalMeshActor (SK_Mannequin)
[2018.11.06-14.50.05:897][614]LogEditorViewport: Clicking on Actor (context menu): SkeletalMeshActor (SK_Mannequin)
[2018.11.06-14.50.06:334][614]LogSlate: FSceneViewport::OnFocusLost() reason 2
[2018.11.06-14.50.22:652][590]LogEditorViewport: Clicking on Actor (LMB): SkeletalMeshActor (SK_Mannequin)
[2018.11.06-14.50.25:805][745]LogSlate: FSceneViewport::OnFocusLost() reason 2
[2018.11.06-14.50.31:644][ 94]LogEditorViewport: Clicking on Actor (LMB): SkeletalMeshActor (SK_Mannequin)
[2018.11.06-14.50.38:835][442]LogSlate: FSceneViewport::OnFocusLost() reason 0
[2018.11.06-14.50.48:340][985]LogEditorViewport: Clicking on Actor (context menu): SkeletalMeshActor (SK_Mannequin)
[2018.11.06-14.50.48:398][985]LogSlate: FSceneViewport::OnFocusLost() reason 2
[2018.11.06-14.50.56:282][457]LogSlate: FSceneViewport::OnFocusLost() reason 2
[2018.11.06-14.51.39:772][776]LogSlate: Window 'Create Blueprint' being destroyed
[2018.11.06-14.51.39:808][776]LogAssetEditorManager: Opening Asset editor for Blueprint /Game/Blueprints/BP_BodyColliders.BP_BodyColliders
[2018.11.06-14.52.02:563][544]LogSlate: FSceneViewport::OnFocusLost() reason 0
[2018.11.06-14.53.48:135][928]LogSlate: FSceneViewport::OnFocusLost() reason 0
[2018.11.06-14.54.50:684][514]LogClass: Warning: In asset 'None', there is an enum property of type 'EKinematicBonesUpdateToPhysics' with an invalid value of ''
[2018.11.06-14.57.04:362][856]LogSavePackage: Moving 'C:/Users/batti/Desktop/Blockout_1890/Saved/Minimal_Default_Auto6D79E81F4458ED5700398EDA4045A593F.tmp' to 'C:/Users/batti/Desktop/Blockout_1890/Saved/Autosaves/Game/StarterContent/Maps/Minimal_Default_Auto6.umap'
[2018.11.06-14.57.04:367][856]LogFileHelpers: Editor autosave (incl. sublevels) for '/Game/StarterContent/Maps/Minimal_Default' took 0.877
[2018.11.06-14.57.04:368][856]LogFileHelpers: Editor autosave (incl. sublevels) for all levels took 0.877
[2018.11.06-14.57.04:374][856]OBJ SavePackage: Generating thumbnails for [1] asset(s) in package [/Game/Blueprints/BP_HandCollider] ([1] browsable assets)...
[2018.11.06-14.57.04:431][856]OBJ SavePackage:     Rendered thumbnail for [Blueprint /Game/Blueprints/BP_HandCollider.BP_HandCollider]
[2018.11.06-14.57.04:431][856]OBJ SavePackage: Finished generating thumbnails for package [/Game/Blueprints/BP_HandCollider]
[2018.11.06-14.57.04:431][856]Cmd: OBJ SAVEPACKAGE PACKAGE="/Game/Blueprints/BP_HandCollider" FILE="C:/Users/batti/Desktop/Blockout_1890/Saved/Autosaves/Game/Blueprints/BP_HandCollider_Auto6.uasset" SILENT=false AUTOSAVING=true
[2018.11.06-14.57.04:462][856]LogSavePackage: Moving 'C:/Users/batti/Desktop/Blockout_1890/Saved/BP_HandCollider_Auto69F76B04746389BB83771709F98C0451D.tmp' to 'C:/Users/batti/Desktop/Blockout_1890/Saved/Autosaves/Game/Blueprints/BP_HandCollider_Auto6.uasset'
[2018.11.06-14.57.04:466][856]OBJ SavePackage: Generating thumbnails for [1] asset(s) in package [/Game/Blueprints/BP_BodyColliders] ([1] browsable assets)...
[2018.11.06-14.57.04:544][856]OBJ SavePackage:     Rendered thumbnail for [Blueprint /Game/Blueprints/BP_BodyColliders.BP_BodyColliders]
[2018.11.06-14.57.04:544][856]OBJ SavePackage: Finished generating thumbnails for package [/Game/Blueprints/BP_BodyColliders]
[2018.11.06-14.57.04:544][856]Cmd: OBJ SAVEPACKAGE PACKAGE="/Game/Blueprints/BP_BodyColliders" FILE="C:/Users/batti/Desktop/Blockout_1890/Saved/Autosaves/Game/Blueprints/BP_BodyColliders_Auto6.uasset" SILENT=false AUTOSAVING=true
[2018.11.06-14.57.04:574][856]LogSavePackage: Moving 'C:/Users/batti/Desktop/Blockout_1890/Saved/BP_BodyColliders_Auto605579F084303034902FCC59605933E15.tmp' to 'C:/Users/batti/Desktop/Blockout_1890/Saved/Autosaves/Game/Blueprints/BP_BodyColliders_Auto6.uasset'
[2018.11.06-14.57.04:577][856]LogFileHelpers: Auto-saving content packages took 0.208
[2018.11.06-14.59.31:915][296]LogSlate: FSceneViewport::OnFocusLost() reason 2
[2018.11.06-15.02.50:137][836]LogSlate: FSceneViewport::OnFocusLost() reason 0
[2018.11.06-15.04.17:484][466]LogSlate: FSceneViewport::OnFocusLost() reason 2
[2018.11.06-15.04.22:014][722]LogSlate: FSceneViewport::OnFocusLost() reason 2
[2018.11.06-15.04.27:835][ 46]LogEditorViewport: Clicking on Actor (context menu): SkeletalMeshActor (SK_Mannequin)
[2018.11.06-15.04.27:890][ 46]LogSlate: FSceneViewport::OnFocusLost() reason 2
[2018.11.06-15.06.44:487][131]LogSlate: FSceneViewport::OnFocusLost() reason 0
[2018.11.06-15.07.36:753][436]LogSlate: FSceneViewport::OnFocusLost() reason 2
[2018.11.06-15.07.41:168][571]LogSlate: FSceneViewport::OnFocusLost() reason 0
[2018.11.06-15.07.55:084][167]LogSlate: FSceneViewport::OnFocusLost() reason 0
[2018.11.06-15.08.37:718][595]LogSlate: FSceneViewport::OnFocusLost() reason 0
[2018.11.06-15.08.45:749][869]LogSlate: FSceneViewport::OnFocusLost() reason 0
[2018.11.06-15.08.56:397][183]LogSlate: Window 'BP_BodyColliders*' being destroyed
[2018.11.06-15.08.56:405][183]LogSlate: Window 'BP_BodyColliders*' being destroyed
[2018.11.06-15.09.07:933][540]LogSlate: Window 'Delete Assets' being destroyed
[2018.11.06-15.09.14:423][752]LogSlate: Window 'Delete Assets' being destroyed
[2018.11.06-15.10.17:129][927]LogAssetEditorManager: Opening Asset editor for PhysicsAsset /Game/Mannequin/Character/Mesh/SK_Mannequin_PhysicsAsset.SK_Mannequin_PhysicsAsset
[2018.11.06-15.10.17:529][927]LogContentBrowser: Native class hierarchy updated for 'PhysicsAssetEditor' in 0.0003 seconds. Added 7 classes and 3 folders.
[2018.11.06-15.10.17:569][927]LogActorComponent: RegisterComponentWithWorld: (/Engine/Transient.World_12:PersistentLevel.AnimationEditorPreviewActor_0.PhysicsAssetEditorSkeletalMeshComponent_0) Already registered. Aborting.
[2018.11.06-15.10.35:000][300]LogSlate: FSceneViewport::OnFocusLost() reason 0
[2018.11.06-15.13.58:475][ 45]LogSlate: FSceneViewport::OnFocusLost() reason 0
[2018.11.06-15.17.26:077][847]LogSlate: FSceneViewport::OnFocusLost() reason 0
[2018.11.06-15.17.37:155][146]LogSlate: FSceneViewport::OnFocusLost() reason 0
[2018.11.06-15.21.53:183][172]LogFileHelpers: Editor autosave (incl. sublevels) for '/Game/StarterContent/Maps/Minimal_Default' took 0.031
[2018.11.06-15.21.53:186][172]OBJ SavePackage: Generating thumbnails for [1] asset(s) in package [/Game/Mannequin/Character/Mesh/SK_Mannequin_PhysicsAsset] ([1] browsable assets)...
[2018.11.06-15.21.53:243][172]OBJ SavePackage:     Rendered thumbnail for [PhysicsAsset /Game/Mannequin/Character/Mesh/SK_Mannequin_PhysicsAsset.SK_Mannequin_PhysicsAsset]
[2018.11.06-15.21.53:244][172]OBJ SavePackage: Finished generating thumbnails for package [/Game/Mannequin/Character/Mesh/SK_Mannequin_PhysicsAsset]
[2018.11.06-15.21.53:296][172]LogSavePackage: Moving 'C:/Users/batti/Desktop/Blockout_1890/Saved/SK_Mannequin_PhysicsAsset_Auto7313A0D524000BBE4CBBD5E9EF31ACB89.tmp' to 'C:/Users/batti/Desktop/Blockout_1890/Saved/Autosaves/Game/Mannequin/Character/Mesh/SK_Mannequin_PhysicsAsset_Auto7.uasset'
[2018.11.06-15.21.53:299][172]LogFileHelpers: Auto-saving content packages took 0.114
[2018.11.06-15.26.24:356][976]LogSlate: FSceneViewport::OnFocusLost() reason 2
[2018.11.06-15.26.31:329][133]LogSlate: Window 'SK_Mannequin_PhysicsAsset*' being destroyed
[2018.11.06-15.26.43:496][710]LogEditorViewport: Clicking on Actor (context menu): SkeletalMeshActor (SK_Mannequin)
[2018.11.06-15.26.43:552][710]LogSlate: FSceneViewport::OnFocusLost() reason 2
[2018.11.06-15.27.14:552][301]LogAssetEditorManager: Opening Asset editor for StaticMesh /Game/StarterContent/Shapes/Shape_NarrowCapsule.Shape_NarrowCapsule
[2018.11.06-15.27.15:472][301]LogRenderer: Reallocating scene render targets to support 1432x924 Format 10 NumSamples 1 (Frame:1).
[2018.11.06-15.27.23:924][508]LogSlate: Window 'Shape_NarrowCapsule' being destroyed
[2018.11.06-15.27.23:940][508]LogSlate: Window 'Shape_NarrowCapsule' being destroyed
[2018.11.06-15.27.58:973][852]LogSlate: Window 'Create Blueprint' being destroyed
[2018.11.06-15.27.59:002][852]LogAssetEditorManager: Opening Asset editor for Blueprint /Game/Blueprints/BP_HandCollider.BP_HandCollider
[2018.11.06-15.28.56:769][469]LogSlate: FSceneViewport::OnFocusLost() reason 0
[2018.11.06-15.30.41:352][ 48]LogSlate: FSceneViewport::OnFocusLost() reason 0
[2018.11.06-15.31.21:685][249]LogSlate: FSceneViewport::OnFocusLost() reason 0
[2018.11.06-15.31.22:186][254]Cmd: OBJ SAVEPACKAGE PACKAGE="/Game/Blueprints/BP_HandCollider" FILE="C:/Users/batti/Desktop/Blockout_1890/Content/Blueprints/BP_HandCollider.uasset" SILENT=true
[2018.11.06-15.31.22:201][254]LogSavePackage: Moving 'C:/Users/batti/Desktop/Blockout_1890/Saved/BP_HandCollider4E5E7718433A298BA7D7408B9EFB6D4C.tmp' to 'C:/Users/batti/Desktop/Blockout_1890/Content/Blueprints/BP_HandCollider.uasset'
[2018.11.06-15.34.46:851][300]LogSlate: FSceneViewport::OnFocusLost() reason 0
[2018.11.06-15.34.47:045][310]LogSlate: Window 'BP_HandCollider' being destroyed
[2018.11.06-15.34.52:164][524]LogSavePackage: Moving 'C:/Users/batti/Desktop/Blockout_1890/Saved/Minimal_Default80545CD64E830796EE2A8B923A733D69.tmp' to 'C:/Users/batti/Desktop/Blockout_1890/Content/StarterContent/Maps/Minimal_Default.umap'
[2018.11.06-15.34.52:185][524]LogFileHelpers: Saving map 'Minimal_Default' took 0.813
[2018.11.06-15.34.52:230][524]LogSavePackage: Moving 'C:/Users/batti/Desktop/Blockout_1890/Saved/SK_Mannequin_PhysicsAssetCBC54ECA437911D0C174CEB0FD557B80.tmp' to 'C:/Users/batti/Desktop/Blockout_1890/Content/Mannequin/Character/Mesh/SK_Mannequin_PhysicsAsset.uasset'
[2018.11.06-15.34.54:952][631]LogSlate: Window 'Blockout_1890 - Unreal Editor' being destroyed
[2018.11.06-15.34.54:954][631]LogWindowsTextInputMethodSystem: Display: IME system now deactivated.
[2018.11.06-15.34.55:219][632]Cmd: QUIT_EDITOR
[2018.11.06-15.34.55:270][632]LogExit: Preparing to exit.
[2018.11.06-15.34.55:955][632]LogExit: Editor shut down
[2018.11.06-15.34.55:955][632]LogExit: Transaction tracking system shut down
[2018.11.06-15.34.56:317][632]LogExit: Object subsystem successfully closed.
[2018.11.06-15.34.56:338][632]LogShaderCompilers: Display: Shaders left to compile 0
[2018.11.06-15.34.56:342][632]LogD3D11RHI: Shutdown
[2018.11.06-15.34.56:342][632]LogD3D11RHI: CleanupD3DDevice
[2018.11.06-15.34.56:347][632]LogD3D11RHI: ~FD3D11DynamicRHI
[2018.11.06-15.34.56:361][632]LogModuleManager: Shutting down and abandoning module StaticMeshEditor (622)
[2018.11.06-15.34.56:361][632]LogModuleManager: Shutting down and abandoning module PhysicsAssetEditor (620)
[2018.11.06-15.34.56:361][632]LogModuleManager: Shutting down and abandoning module ClothingSystemEditorInterface (618)
[2018.11.06-15.34.56:361][632]LogModuleManager: Shutting down and abandoning module PinnedCommandList (616)
[2018.11.06-15.34.56:362][632]LogModuleManager: Shutting down and abandoning module SkeletonEditor (614)
[2018.11.06-15.34.56:362][632]LogModuleManager: Shutting down and abandoning module BlueprintGraph (612)
[2018.11.06-15.34.56:362][632]LogModuleManager: Shutting down and abandoning module HierarchicalLODOutliner (610)
[2018.11.06-15.34.56:362][632]LogModuleManager: Shutting down and abandoning module SceneOutliner (608)
[2018.11.06-15.34.56:362][632]LogModuleManager: Shutting down and abandoning module AddContentDialog (606)
[2018.11.06-15.34.56:362][632]LogModuleManager: Shutting down and abandoning module WidgetCarousel (605)
[2018.11.06-15.34.56:362][632]LogModuleManager: Shutting down and abandoning module EditorWidgets (602)
[2018.11.06-15.34.56:362][632]LogModuleManager: Shutting down and abandoning module CollectionManager (600)
[2018.11.06-15.34.56:363][632]LogModuleManager: Shutting down and abandoning module StatsViewer (598)
[2018.11.06-15.34.56:363][632]LogModuleManager: Shutting down and abandoning module FoliageEdit (596)
[2018.11.06-15.34.56:363][632]LogModuleManager: Shutting down and abandoning module LandscapeEditor (594)
[2018.11.06-15.34.56:363][632]LogModuleManager: Shutting down and abandoning module MeshPaintMode (592)
[2018.11.06-15.34.56:363][632]LogModuleManager: Shutting down and abandoning module SceneDepthPickerMode (590)
[2018.11.06-15.34.56:363][632]LogModuleManager: Shutting down and abandoning module ActorPickerMode (588)
[2018.11.06-15.34.56:363][632]LogModuleManager: Shutting down and abandoning module GeometryMode (586)
[2018.11.06-15.34.56:363][632]LogModuleManager: Shutting down and abandoning module TextureAlignMode (584)
[2018.11.06-15.34.56:363][632]LogModuleManager: Shutting down and abandoning module BspMode (582)
[2018.11.06-15.34.56:363][632]LogModuleManager: Shutting down and abandoning module PIEPreviewDeviceProfileSelector (580)
[2018.11.06-15.34.56:363][632]LogModuleManager: Shutting down and abandoning module SequenceRecorderSections (578)
[2018.11.06-15.34.56:363][632]LogModuleManager: Shutting down and abandoning module AutomationWorker (576)
[2018.11.06-15.34.56:363][632]LogModuleManager: Shutting down and abandoning module AudioCaptureEditor (574)
[2018.11.06-15.34.56:363][632]LogModuleManager: Shutting down and abandoning module SequenceRecorder (573)
[2018.11.06-15.34.56:363][632]LogModuleManager: Shutting down and abandoning module MatineeToLevelSequence (570)
[2018.11.06-15.34.56:363][632]LogModuleManager: Shutting down and abandoning module LevelSequenceEditor (568)
[2018.11.06-15.34.56:363][632]LogModuleManager: Shutting down and abandoning module PlacementMode (567)
[2018.11.06-15.34.56:363][632]LogModuleManager: Shutting down and abandoning module MaterialEditor (566)
[2018.11.06-15.34.56:363][632]LogModuleManager: Shutting down and abandoning module WmfMediaFactory (562)
[2018.11.06-15.34.56:363][632]LogModuleManager: Shutting down and abandoning module WmfMediaEditor (560)
[2018.11.06-15.34.56:363][632]LogModuleManager: Shutting down and abandoning module MediaPlayerEditor (558)
[2018.11.06-15.34.56:363][632]LogModuleManager: Shutting down and abandoning module OpenExrWrapper (556)
[2018.11.06-15.34.56:363][632]LogModuleManager: Shutting down and abandoning module ImgMediaFactory (554)
[2018.11.06-15.34.56:363][632]LogModuleManager: Shutting down and abandoning module ImgMediaEditor (552)
[2018.11.06-15.34.56:363][632]LogModuleManager: Shutting down and abandoning module AvfMediaFactory (550)
[2018.11.06-15.34.56:363][632]LogModuleManager: Shutting down and abandoning module AvfMediaEditor (548)
[2018.11.06-15.34.56:363][632]LogModuleManager: Shutting down and abandoning module AndroidMediaFactory (546)
[2018.11.06-15.34.56:363][632]LogModuleManager: Shutting down and abandoning module AndroidMediaEditor (544)
[2018.11.06-15.34.56:363][632]LogModuleManager: Shutting down and abandoning module MagicLeapCameraPreviewFactory (542)
[2018.11.06-15.34.56:364][632]LogModuleManager: Shutting down and abandoning module MagicLeapMediaFactory (540)
[2018.11.06-15.34.56:364][632]LogModuleManager: Shutting down and abandoning module MagicLeapMediaEditor (538)
[2018.11.06-15.34.56:364][632]LogModuleManager: Shutting down and abandoning module CharacterAI (536)
[2018.11.06-15.34.56:364][632]LogModuleManager: Shutting down and abandoning module SmartSnapping (534)
[2018.11.06-15.34.56:364][632]LogModuleManager: Shutting down and abandoning module SessionServices (532)
[2018.11.06-15.34.56:364][632]LogModuleManager: Shutting down and abandoning module ViewportSnapping (530)
[2018.11.06-15.34.56:364][632]LogModuleManager: Shutting down and abandoning module ViewportInteraction (528)
[2018.11.06-15.34.56:364][632]LogModuleManager: Shutting down and abandoning module ClothPainter (526)
[2018.11.06-15.34.56:364][632]LogModuleManager: Shutting down and abandoning module SkeletalMeshEditor (525)
[2018.11.06-15.34.56:364][632]LogModuleManager: Shutting down and abandoning module LogVisualizer (522)
[2018.11.06-15.34.56:364][632]LogModuleManager: Shutting down and abandoning module IntroTutorials (520)
[2018.11.06-15.34.56:364][632]LogModuleManager: Shutting down and abandoning module GameProjectGeneration (519)
[2018.11.06-15.34.56:364][632]LogModuleManager: Shutting down and abandoning module LuminPlatformEditor (516)
[2018.11.06-15.34.56:364][632]LogModuleManager: Shutting down and abandoning module IOSPlatformEditor (514)
[2018.11.06-15.34.56:364][632]LogModuleManager: Shutting down and abandoning module HTML5PlatformEditor (512)
[2018.11.06-15.34.56:364][632]LogModuleManager: Shutting down and abandoning module AndroidPlatformEditor (510)
[2018.11.06-15.34.56:364][632]LogModuleManager: Shutting down and abandoning module AndroidDeviceDetection (509)
[2018.11.06-15.34.57:571][632]LogModuleManager: Shutting down and abandoning module WindowsPlatformEditor (506)
[2018.11.06-15.34.57:571][632]LogModuleManager: Shutting down and abandoning module LuminRuntimeSettings (504)
[2018.11.06-15.34.57:571][632]LogModuleManager: Shutting down and abandoning module IOSRuntimeSettings (502)
[2018.11.06-15.34.57:571][632]LogModuleManager: Shutting down and abandoning module AndroidRuntimeSettings (500)
[2018.11.06-15.34.57:571][632]LogModuleManager: Shutting down and abandoning module InputBindingEditor (498)
[2018.11.06-15.34.57:571][632]LogModuleManager: Shutting down and abandoning module MergeActors (496)
[2018.11.06-15.34.57:571][632]LogModuleManager: Shutting down and abandoning module LocalizationDashboard (494)
[2018.11.06-15.34.57:572][632]LogModuleManager: Shutting down and abandoning module LocalizationService (493)
[2018.11.06-15.34.57:572][632]LogModuleManager: Shutting down and abandoning module HardwareTargeting (490)
[2018.11.06-15.34.57:572][632]LogModuleManager: Shutting down and abandoning module DeviceProfileEditor (488)
[2018.11.06-15.34.57:572][632]LogModuleManager: Shutting down and abandoning module UndoHistory (486)
[2018.11.06-15.34.57:572][632]LogModuleManager: Shutting down and abandoning module XmlParser (484)
[2018.11.06-15.34.57:572][632]LogModuleManager: Shutting down and abandoning module Blutility (482)
[2018.11.06-15.34.57:572][632]LogModuleManager: Shutting down and abandoning module ProjectSettingsViewer (480)
[2018.11.06-15.34.57:572][632]LogModuleManager: Shutting down and abandoning module ProjectTargetPlatformEditor (479)
[2018.11.06-15.34.57:572][632]LogModuleManager: Shutting down and abandoning module EditorSettingsViewer (476)
[2018.11.06-15.34.57:572][632]LogModuleManager: Shutting down and abandoning module SettingsEditor (474)
[2018.11.06-15.34.57:572][632]LogModuleManager: Shutting down and abandoning module ProjectLauncher (472)
[2018.11.06-15.34.57:572][632]LogModuleManager: Shutting down and abandoning module SessionFrontend (470)
[2018.11.06-15.34.57:572][632]LogModuleManager: Shutting down and abandoning module ProfilerClient (468)
[2018.11.06-15.34.57:572][632]LogModuleManager: Shutting down and abandoning module DeviceManager (466)
[2018.11.06-15.34.57:572][632]LogModuleManager: Shutting down and abandoning module TargetDeviceServices (465)
[2018.11.06-15.34.57:625][632]LogModuleManager: Shutting down and abandoning module AutomationController (462)
[2018.11.06-15.34.57:625][632]LogModuleManager: Shutting down and abandoning module AutomationWindow (460)
[2018.11.06-15.34.57:625][632]LogModuleManager: Shutting down and abandoning module Layers (458)
[2018.11.06-15.34.57:625][632]LogModuleManager: Shutting down and abandoning module ComponentVisualizers (456)
[2018.11.06-15.34.57:625][632]LogModuleManager: Shutting down and abandoning module DetailCustomizations (454)
[2018.11.06-15.34.57:625][632]LogModuleManager: Shutting down and abandoning module PackagesDialog (452)
[2018.11.06-15.34.57:625][632]LogModuleManager: Shutting down and abandoning module Persona (450)
[2018.11.06-15.34.57:625][632]LogModuleManager: Shutting down and abandoning module AdvancedPreviewScene (449)
[2018.11.06-15.34.57:625][632]LogModuleManager: Shutting down and abandoning module AnimGraph (447)
[2018.11.06-15.34.57:625][632]LogModuleManager: Shutting down and abandoning module Kismet (444)
[2018.11.06-15.34.57:630][632]LogModuleManager: Shutting down and abandoning module GraphEditor (442)
[2018.11.06-15.34.57:630][632]LogModuleManager: Shutting down and abandoning module ClassViewer (440)
[2018.11.06-15.34.57:632][632]LogModuleManager: Shutting down and abandoning module Toolbox (438)
[2018.11.06-15.34.57:632][632]LogModuleManager: Shutting down and abandoning module ModuleUI (436)
[2018.11.06-15.34.57:632][632]LogModuleManager: Shutting down and abandoning module MovieSceneTools (434)
[2018.11.06-15.34.57:632][632]LogModuleManager: Shutting down and abandoning module OutputLog (432)
[2018.11.06-15.34.57:632][632]LogModuleManager: Shutting down and abandoning module GammaUI (430)
[2018.11.06-15.34.57:632][632]LogModuleManager: Shutting down and abandoning module Documentation (428)
[2018.11.06-15.34.57:632][632]LogModuleManager: Shutting down and abandoning module MovieSceneTracks (426)
[2018.11.06-15.34.57:632][632]LogModuleManager: Shutting down and abandoning module MovieScene (424)
[2018.11.06-15.34.57:632][632]LogModuleManager: Shutting down and abandoning module StreamingPauseRendering (422)
[2018.11.06-15.34.57:632][632]LogModuleManager: Shutting down and abandoning module LauncherPlatform (420)
[2018.11.06-15.34.57:632][632]LogModuleManager: Shutting down and abandoning module AnalyticsET (418)
[2018.11.06-15.34.57:632][632]LogModuleManager: Shutting down and abandoning module PortalServices (416)
[2018.11.06-15.34.57:632][632]LogModuleManager: Shutting down and abandoning module PortalRpc (414)
[2018.11.06-15.34.57:632][632]LogModuleManager: Shutting down and abandoning module MessagingRpc (412)
[2018.11.06-15.34.57:632][632]LogModuleManager: Shutting down and abandoning module AIModule (410)
[2018.11.06-15.34.57:632][632]LogModuleManager: Shutting down and abandoning module GameplayDebugger (409)
[2018.11.06-15.34.57:632][632]LogModuleManager: Shutting down and abandoning module AITestSuite (407)
[2018.11.06-15.34.57:632][632]LogModuleManager: Shutting down and abandoning module NavigationSystem (405)
[2018.11.06-15.34.57:632][632]LogModuleManager: Shutting down and abandoning module DesktopPlatform (402)
[2018.11.06-15.34.57:632][632]LogModuleManager: Shutting down and abandoning module ProfilerService (400)
[2018.11.06-15.34.57:703][632]LogModuleManager: Shutting down and abandoning module TaskGraph (398)
[2018.11.06-15.34.57:703][632]LogModuleManager: Shutting down and abandoning module SteamVRController (396)
[2018.11.06-15.34.57:703][632]LogModuleManager: Shutting down and abandoning module ProceduralMeshComponentEditor (394)
[2018.11.06-15.34.57:703][632]LogModuleManager: Shutting down and abandoning module ProceduralMeshComponent (392)
[2018.11.06-15.34.57:703][632]LogModuleManager: Shutting down and abandoning module OculusInput (390)
[2018.11.06-15.34.57:703][632]LogModuleManager: Shutting down and abandoning module MobilePatchingUtils (388)
[2018.11.06-15.34.57:703][632]LogModuleManager: Shutting down and abandoning module EditableMesh (386)
[2018.11.06-15.34.57:703][632]LogModuleManager: Shutting down and abandoning module CustomMeshComponent (384)
[2018.11.06-15.34.57:703][632]LogModuleManager: Shutting down and abandoning module CableComponent (382)
[2018.11.06-15.34.57:704][632]LogModuleManager: Shutting down and abandoning module AudioCapture (380)
[2018.11.06-15.34.57:704][632]LogModuleManager: Shutting down and abandoning module ArchVisCharacter (378)
[2018.11.06-15.34.57:704][632]LogModuleManager: Shutting down and abandoning module AndroidPermission (376)
[2018.11.06-15.34.57:704][632]LogModuleManager: Shutting down and abandoning module NUTUnrealEngine4 (374)
[2018.11.06-15.34.57:704][632]LogModuleManager: Shutting down and abandoning module NetcodeUnitTest (372)
[2018.11.06-15.34.57:704][632]LogModuleManager: Shutting down and abandoning module MediaCompositingEditor (370)
[2018.11.06-15.34.57:704][632]LogModuleManager: Shutting down and abandoning module MediaCompositing (368)
[2018.11.06-15.34.57:704][632]LogModuleManager: Shutting down and abandoning module LinearTimecode (366)
[2018.11.06-15.34.57:705][632]LogModuleManager: Shutting down and abandoning module ImgMedia (364)
[2018.11.06-15.34.57:718][632]LogModuleManager: Shutting down and abandoning module HTML5Networking (362)
[2018.11.06-15.34.57:718][632]LogModuleManager: Shutting down and abandoning module GeometryCacheTracks (360)
[2018.11.06-15.34.57:719][632]LogModuleManager: Shutting down and abandoning module GeometryCacheSequencer (358)
[2018.11.06-15.34.57:719][632]LogModuleManager: Shutting down and abandoning module BackChannel (356)
[2018.11.06-15.34.57:719][632]LogModuleManager: Shutting down and abandoning module AppleVision (354)
[2018.11.06-15.34.57:719][632]LogModuleManager: Shutting down and abandoning module AppleImageUtils (352)
[2018.11.06-15.34.57:719][632]LogModuleManager: Shutting down and abandoning module AlembicImporter (350)
[2018.11.06-15.34.57:719][632]LogModuleManager: Shutting down and abandoning module AlembicLibrary (349)
[2018.11.06-15.34.57:719][632]LogModuleManager: Shutting down and abandoning module GeometryCache (348)
[2018.11.06-15.34.57:719][632]LogModuleManager: Shutting down and abandoning module GeometryCacheEd (347)
[2018.11.06-15.34.57:719][632]LogModuleManager: Shutting down and abandoning module DatasmithContentEditor (342)
[2018.11.06-15.34.57:720][632]LogModuleManager: Shutting down and abandoning module DatasmithContent (340)
[2018.11.06-15.34.57:722][632]LogModuleManager: Shutting down and abandoning module SpeedTreeImporter (338)
[2018.11.06-15.34.57:722][632]LogModuleManager: Shutting down and abandoning module PluginBrowser (336)
[2018.11.06-15.34.57:722][632]LogModuleManager: Shutting down and abandoning module MobileLauncherProfileWizard (334)
[2018.11.06-15.34.57:722][632]LogModuleManager: Shutting down and abandoning module PolygonModeling (332)
[2018.11.06-15.34.57:723][632]LogModuleManager: Shutting down and abandoning module MeshEditor (330)
[2018.11.06-15.34.57:723][632]LogModuleManager: Shutting down and abandoning module CryptoKeysOpenSSL (328)
[2018.11.06-15.34.57:723][632]LogModuleManager: Shutting down and abandoning module CryptoKeys (326)
[2018.11.06-15.34.57:723][632]LogModuleManager: Shutting down and abandoning module VisualStudioSourceCodeAccess (324)
[2018.11.06-15.34.57:724][632]LogModuleManager: Shutting down and abandoning module VisualStudioCodeSourceCodeAccess (322)
[2018.11.06-15.34.57:724][632]LogModuleManager: Shutting down and abandoning module UObjectPlugin (320)
[2018.11.06-15.34.57:724][632]LogModuleManager: Shutting down and abandoning module SubversionSourceControl (318)
[2018.11.06-15.34.57:724][632]LogModuleManager: Shutting down and abandoning module PerforceSourceControl (316)
[2018.11.06-15.34.57:724][632]LogModuleManager: Shutting down and abandoning module GitSourceControl (314)
[2018.11.06-15.34.57:724][632]LogModuleManager: Shutting down and abandoning module SourceControl (313)
[2018.11.06-15.34.57:724][632]LogModuleManager: Shutting down and abandoning module CLionSourceCodeAccess (310)
[2018.11.06-15.34.57:724][632]LogModuleManager: Shutting down and abandoning module LightPropagationVolumeEditor (308)
[2018.11.06-15.34.57:724][632]LogModuleManager: Shutting down and abandoning module PaperTiledImporter (306)
[2018.11.06-15.34.57:724][632]LogModuleManager: Shutting down and abandoning module PaperSpriteSheetImporter (304)
[2018.11.06-15.34.57:724][632]LogModuleManager: Shutting down and abandoning module Paper2DEditor (302)
[2018.11.06-15.34.57:725][632]LogModuleManager: Shutting down and abandoning module MeshPaint (301)
[2018.11.06-15.34.57:725][632]LogModuleManager: Shutting down and abandoning module RuntimePhysXCooking (298)
[2018.11.06-15.34.57:725][632]LogModuleManager: Shutting down and abandoning module PhysXVehiclesEditor (296)
[2018.11.06-15.34.57:725][632]LogModuleManager: Shutting down and abandoning module PhysXVehicles (294)
[2018.11.06-15.34.57:725][632]LogModuleManager: Shutting down and abandoning module OculusEditor (292)
[2018.11.06-15.34.57:725][632]LogModuleManager: Shutting down and abandoning module LocationServicesBPLibrary (290)
[2018.11.06-15.34.57:725][632]LogModuleManager: Shutting down and abandoning module ImmediatePhysicsEditor (288)
[2018.11.06-15.34.57:725][632]LogModuleManager: Shutting down and abandoning module ImmediatePhysics (286)
[2018.11.06-15.34.57:725][632]LogModuleManager: Shutting down and abandoning module ActorSequence (284)
[2018.11.06-15.34.57:725][632]LogModuleManager: Shutting down and abandoning module UdpMessaging (282)
[2018.11.06-15.34.57:826][632]LogModuleManager: Shutting down and abandoning module TcpMessaging (280)
[2018.11.06-15.34.57:926][632]LogModuleManager: Shutting down and abandoning module MagicLeapAudio (278)
[2018.11.06-15.34.57:926][632]LogModuleManager: Shutting down and abandoning module GameplayTagsEditor (276)
[2018.11.06-15.34.57:926][632]LogModuleManager: Shutting down and abandoning module FacialAnimationEditor (274)
[2018.11.06-15.34.57:926][632]LogModuleManager: Shutting down and abandoning module FacialAnimation (272)
[2018.11.06-15.34.57:926][632]LogModuleManager: Shutting down and abandoning module DataValidation (270)
[2018.11.06-15.34.57:926][632]LogModuleManager: Shutting down and abandoning module AssetManagerEditor (268)
[2018.11.06-15.34.57:926][632]LogModuleManager: Shutting down and abandoning module LevelEditor (267)
[2018.11.06-15.34.57:928][632]LogModuleManager: Shutting down and abandoning module PixelInspectorModule (266)
[2018.11.06-15.34.57:928][632]LogModuleManager: Shutting down and abandoning module CommonMenuExtensions (264)
[2018.11.06-15.34.57:928][632]LogModuleManager: Shutting down and abandoning module MainFrame (262)
[2018.11.06-15.34.57:928][632]LogModuleManager: Shutting down and abandoning module HotReload (261)
[2018.11.06-15.34.57:928][632]LogModuleManager: Shutting down and abandoning module ContentBrowser (257)
[2018.11.06-15.34.57:930][632]LogModuleManager: Shutting down and abandoning module TreeMap (255)
[2018.11.06-15.34.57:930][632]LogModuleManager: Shutting down and abandoning module LightPropagationVolumeRuntime (252)
[2018.11.06-15.34.57:930][632]LogModuleManager: Shutting down and abandoning module AISupportModule (250)
[2018.11.06-15.34.57:930][632]LogModuleManager: Shutting down and abandoning module Paper2D (248)
[2018.11.06-15.34.57:930][632]LogModuleManager: Shutting down and abandoning module WindowsMoviePlayer (246)
[2018.11.06-15.34.57:930][632]LogModuleManager: Shutting down and abandoning module WmfMedia (244)
[2018.11.06-15.34.57:933][632]LogModuleManager: Shutting down and abandoning module Media (243)
[2018.11.06-15.34.57:940][632]LogModuleManager: Shutting down and abandoning module PacketHandler (240)
[2018.11.06-15.34.57:940][632]LogModuleManager: Shutting down and abandoning module ClothingSystemEditor (238)
[2018.11.06-15.34.57:940][632]LogModuleManager: Shutting down and abandoning module ClothingSystemRuntime (236)
[2018.11.06-15.34.57:940][632]LogModuleManager: Shutting down and abandoning module MediaAssets (234)
[2018.11.06-15.34.57:940][632]LogModuleManager: Shutting down and abandoning module Overlay (232)
[2018.11.06-15.34.57:940][632]LogModuleManager: Shutting down and abandoning module OverlayEditor (231)
[2018.11.06-15.34.57:940][632]LogModuleManager: Shutting down and abandoning module VREditor (228)
[2018.11.06-15.34.57:940][632]LogModuleManager: Shutting down and abandoning module StringTableEditor (226)
[2018.11.06-15.34.57:940][632]LogModuleManager: Shutting down and abandoning module GameplayTasksEditor (224)
[2018.11.06-15.34.57:940][632]LogModuleManager: Shutting down and abandoning module BehaviorTreeEditor (222)
[2018.11.06-15.34.57:940][632]LogModuleManager: Shutting down and abandoning module FunctionalTesting (220)
[2018.11.06-15.34.57:940][632]LogModuleManager: Shutting down and abandoning module CollisionAnalyzer (218)
[2018.11.06-15.34.57:940][632]LogModuleManager: Shutting down and abandoning module WorkspaceMenuStructure (217)
[2018.11.06-15.34.57:940][632]LogModuleManager: Shutting down and abandoning module UMG (214)
[2018.11.06-15.34.57:940][632]LogModuleManager: Shutting down and abandoning module UMGEditor (213)
[2018.11.06-15.34.57:940][632]LogModuleManager: Shutting down and abandoning module Sequencer (212)
[2018.11.06-15.34.57:941][632]LogModuleManager: Shutting down and abandoning module MessageLog (209)
[2018.11.06-15.34.57:941][632]LogModuleManager: Shutting down and abandoning module SlateReflector (204)
[2018.11.06-15.34.57:941][632]LogModuleManager: Shutting down and abandoning module Slate (202)
[2018.11.06-15.34.57:941][632]LogModuleManager: Shutting down and abandoning module EditorStyle (200)
[2018.11.06-15.34.57:943][632]LogModuleManager: Shutting down and abandoning module MRMesh (198)
[2018.11.06-15.34.57:943][632]LogModuleManager: Shutting down and abandoning module SourceCodeAccess (196)
[2018.11.06-15.34.57:943][632]LogModuleManager: Shutting down and abandoning module HeadMountedDisplay (194)
[2018.11.06-15.34.57:943][632]LogModuleManager: Shutting down and abandoning module XAudio2 (192)
[2018.11.06-15.34.57:943][632]LogModuleManager: Shutting down and abandoning module Networking (190)
[2018.11.06-15.34.57:943][632]LogModuleManager: Shutting down and abandoning module Core (188)
[2018.11.06-15.34.57:943][632]LogModuleManager: Shutting down and abandoning module LevelSequence (186)
[2018.11.06-15.34.57:943][632]LogModuleManager: Shutting down and abandoning module KismetCompiler (184)
[2018.11.06-15.34.57:943][632]LogModuleManager: Shutting down and abandoning module MeshUtilities (182)
[2018.11.06-15.34.57:943][632]LogModuleManager: Shutting down and abandoning module MeshMergeUtilities (181)
[2018.11.06-15.34.57:944][632]LogModuleManager: Shutting down and abandoning module MeshReductionInterface (180)
[2018.11.06-15.34.57:944][632]LogModuleManager: Shutting down and abandoning module SimplygonSwarm (179)
[2018.11.06-15.34.57:944][632]LogModuleManager: Shutting down and abandoning module ProxyLODMeshReduction (177)
[2018.11.06-15.34.57:944][632]LogModuleManager: Shutting down and abandoning module SimplygonMeshReduction (175)
[2018.11.06-15.34.57:944][632]LogModuleManager: Shutting down and abandoning module QuadricMeshReduction (173)
[2018.11.06-15.34.57:944][632]LogModuleManager: Shutting down and abandoning module MaterialBaking (169)
[2018.11.06-15.34.57:944][632]LogModuleManager: Shutting down and abandoning module DirectoryWatcher (165)
[2018.11.06-15.34.57:944][632]LogModuleManager: Shutting down and abandoning module DerivedDataCache (162)
[2018.11.06-15.34.58:040][632]LogDerivedDataCache: Shutdown
[2018.11.06-15.34.58:040][632]LogModuleManager: Shutting down and abandoning module XGEController (160)
[2018.11.06-15.34.58:040][632]LogModuleManager: Shutting down and abandoning module TargetPlatform (158)
[2018.11.06-15.34.58:040][632]LogModuleManager: Shutting down and abandoning module VulkanShaderFormat (157)
[2018.11.06-15.34.58:040][632]LogModuleManager: Shutting down and abandoning module ShaderFormatVectorVM (155)
[2018.11.06-15.34.58:040][632]LogModuleManager: Shutting down and abandoning module ShaderFormatOpenGL (153)
[2018.11.06-15.34.58:040][632]LogModuleManager: Shutting down and abandoning module ShaderFormatD3D (151)
[2018.11.06-15.34.58:040][632]LogModuleManager: Shutting down and abandoning module MetalShaderFormat (149)
[2018.11.06-15.34.58:040][632]LogModuleManager: Shutting down and abandoning module TextureFormatUncompressed (147)
[2018.11.06-15.34.58:040][632]LogModuleManager: Shutting down and abandoning module TextureFormatPVR (145)
[2018.11.06-15.34.58:040][632]LogModuleManager: Shutting down and abandoning module TextureFormatDXT (143)
[2018.11.06-15.34.58:040][632]LogModuleManager: Shutting down and abandoning module TextureFormatIntelISPCTexComp (141)
[2018.11.06-15.34.58:040][632]LogModuleManager: Shutting down and abandoning module TextureFormatASTC (139)
[2018.11.06-15.34.58:040][632]LogModuleManager: Shutting down and abandoning module ImageWrapper (138)
[2018.11.06-15.34.58:040][632]LogModuleManager: Shutting down and abandoning module TextureFormatAndroid (135)
[2018.11.06-15.34.58:040][632]LogModuleManager: Shutting down and abandoning module AudioFormatOpus (133)
[2018.11.06-15.34.58:040][632]LogModuleManager: Shutting down and abandoning module AudioFormatOgg (131)
[2018.11.06-15.34.58:040][632]LogModuleManager: Shutting down and abandoning module AudioFormatADPCM (129)
[2018.11.06-15.34.58:040][632]LogModuleManager: Shutting down and abandoning module LuminTargetPlatform (127)
[2018.11.06-15.34.58:040][632]LogModuleManager: Shutting down and abandoning module LinuxTargetPlatform (125)
[2018.11.06-15.34.58:040][632]LogModuleManager: Shutting down and abandoning module LinuxServerTargetPlatform (123)
[2018.11.06-15.34.58:040][632]LogModuleManager: Shutting down and abandoning module LinuxNoEditorTargetPlatform (121)
[2018.11.06-15.34.58:040][632]LogModuleManager: Shutting down and abandoning module LinuxClientTargetPlatform (119)
[2018.11.06-15.34.58:041][632]LogModuleManager: Shutting down and abandoning module TVOSTargetPlatform (117)
[2018.11.06-15.34.58:042][632]LogModuleManager: Shutting down and abandoning module Messaging (115)
[2018.11.06-15.34.58:042][632]LogModuleManager: Shutting down and abandoning module IOSTargetPlatform (113)
[2018.11.06-15.34.58:043][632]LogModuleManager: Shutting down and abandoning module HTML5TargetPlatform (111)
[2018.11.06-15.34.58:043][632]LogModuleManager: Shutting down and abandoning module AndroidTargetPlatform (109)
[2018.11.06-15.34.58:051][632]LogModuleManager: Shutting down and abandoning module WindowsTargetPlatform (107)
[2018.11.06-15.34.58:051][632]LogModuleManager: Shutting down and abandoning module WindowsServerTargetPlatform (105)
[2018.11.06-15.34.58:051][632]LogModuleManager: Shutting down and abandoning module WindowsNoEditorTargetPlatform (103)
[2018.11.06-15.34.58:051][632]LogModuleManager: Shutting down and abandoning module WindowsClientTargetPlatform (101)
[2018.11.06-15.34.58:051][632]LogModuleManager: Shutting down and abandoning module MacTargetPlatform (99)
[2018.11.06-15.34.58:051][632]LogModuleManager: Shutting down and abandoning module MacServerTargetPlatform (97)
[2018.11.06-15.34.58:051][632]LogModuleManager: Shutting down and abandoning module MacNoEditorTargetPlatform (95)
[2018.11.06-15.34.58:051][632]LogModuleManager: Shutting down and abandoning module MacClientTargetPlatform (93)
[2018.11.06-15.34.58:051][632]LogModuleManager: Shutting down and abandoning module AllDesktopTargetPlatform (91)
[2018.11.06-15.34.58:051][632]LogModuleManager: Shutting down and abandoning module InputCore (88)
[2018.11.06-15.34.58:051][632]LogModuleManager: Shutting down and abandoning module Settings (86)
[2018.11.06-15.34.58:051][632]LogModuleManager: Shutting down and abandoning module PhysXCooking (84)
[2018.11.06-15.34.58:051][632]LogModuleManager: Shutting down and abandoning module SteamVR (82)
[2018.11.06-15.34.58:051][632]LogModuleManager: Shutting down and abandoning module OculusHMD (80)
[2018.11.06-15.34.58:051][632]LogModuleManager: Shutting down and abandoning module ExampleDeviceProfileSelector (78)
[2018.11.06-15.34.58:051][632]LogModuleManager: Shutting down and abandoning module LauncherChunkInstaller (76)
[2018.11.06-15.34.58:051][632]LogModuleManager: Shutting down and abandoning module OnlineBlueprintSupport (74)
[2018.11.06-15.34.58:051][632]LogModuleManager: Shutting down and abandoning module OnlineSubsystem (70)
[2018.11.06-15.34.58:052][632]LogModuleManager: Shutting down and abandoning module XMPP (65)
[2018.11.06-15.34.58:052][632]LogModuleManager: Shutting down and abandoning module WebSockets (64)
[2018.11.06-15.34.58:053][632]LogModuleManager: Shutting down and abandoning module HTTP (61)
[2018.11.06-15.34.58:054][632]LogHttp: Display: Http module shutting down, but needs to wait on 1 outstanding Http requests:
[2018.11.06-15.34.58:054][632]LogHttp: Display: 	verb=[POST] url=[https://datarouter.ol.epicgames.com/datarouter/api/v1/public/data?SessionID=%7BF66360F5-48E9-FCF2-D6AD-A4A0940FF68E%7D&AppID=UEEditor.Rocket.Release&AppVersion=4.20.3-4369336%2B%2B%2BUE4%2BRelease-4.20&UserID=bf9090af46f16e8ac733f2a0d3414a98%7Cb450ce11abb74634b2b3b857ae209a78%7C729d849b-b9f3-42f0-8d90-8b6a2dbb6bf8&AppEnvironment=datacollector-binary&UploadType=eteventstream] status=Processing
[2018.11.06-15.34.58:076][632]LogModuleManager: Shutting down and abandoning module SSL (60)
[2018.11.06-15.34.58:078][632]LogModuleManager: Shutting down and abandoning module MagicLeapEmulator (56)
[2018.11.06-15.34.58:078][632]LogModuleManager: Shutting down and abandoning module MagicLeapPrivileges (54)
[2018.11.06-15.34.58:078][632]LogModuleManager: Shutting down and abandoning module MagicLeapIdentity (52)
[2018.11.06-15.34.58:078][632]LogModuleManager: Shutting down and abandoning module MagicLeapHelperVulkan (50)
[2018.11.06-15.34.58:078][632]LogModuleManager: Shutting down and abandoning module MagicLeapHelperOpenGL (48)
[2018.11.06-15.34.58:078][632]LogModuleManager: Shutting down and abandoning module MagicLeapSecureStorage (46)
[2018.11.06-15.34.58:078][632]LogModuleManager: Shutting down and abandoning module MagicLeapGestures (44)
[2018.11.06-15.34.58:078][632]LogModuleManager: Shutting down and abandoning module MagicLeapEyeTracker (42)
[2018.11.06-15.34.58:078][632]LogModuleManager: Shutting down and abandoning module MagicLeapController (40)
[2018.11.06-15.34.58:078][632]LogSlate: Slate User Destroyed.  User Index 0, Is Virtual User: 0
[2018.11.06-15.34.58:078][632]LogModuleManager: Shutting down and abandoning module MagicLeap (38)
[2018.11.06-15.34.58:078][632]LogModuleManager: Shutting down and abandoning module AnimationModifiers (36)
[2018.11.06-15.34.58:079][632]LogModuleManager: Shutting down and abandoning module PropertyEditor (35)
[2018.11.06-15.34.58:079][632]LogModuleManager: Shutting down and abandoning module AudioEditor (32)
[2018.11.06-15.34.58:079][632]LogModuleManager: Shutting down and abandoning module TextureCompressor (30)
[2018.11.06-15.34.58:079][632]LogModuleManager: Shutting down and abandoning module ShaderCore (28)
[2018.11.06-15.34.58:079][632]LogModuleManager: Shutting down and abandoning module Landscape (26)
[2018.11.06-15.34.58:079][632]LogModuleManager: Shutting down and abandoning module SlateRHIRenderer (24)
[2018.11.06-15.34.58:079][632]LogModuleManager: Shutting down and abandoning module OpenGLDrv (22)
[2018.11.06-15.34.58:079][632]LogModuleManager: Shutting down and abandoning module D3D11RHI (20)
[2018.11.06-15.34.58:079][632]LogModuleManager: Shutting down and abandoning module AnimGraphRuntime (18)
[2018.11.06-15.34.58:079][632]LogModuleManager: Shutting down and abandoning module Renderer (16)
[2018.11.06-15.34.58:079][632]LogModuleManager: Shutting down and abandoning module Engine (14)
[2018.11.06-15.34.58:079][632]LogModuleManager: Shutting down and abandoning module CoreUObject (12)
[2018.11.06-15.34.58:080][632]LogModuleManager: Shutting down and abandoning module NetworkFile (10)
[2018.11.06-15.34.58:080][632]LogModuleManager: Shutting down and abandoning module CookedIterativeFile (8)
[2018.11.06-15.34.58:080][632]LogModuleManager: Shutting down and abandoning module StreamingFile (6)
[2018.11.06-15.34.58:080][632]LogModuleManager: Shutting down and abandoning module SandboxFile (4)
[2018.11.06-15.34.58:080][632]LogModuleManager: Shutting down and abandoning module PakFile (2)
[2018.11.06-15.34.58:083][632]LogExit: Exiting.
[2018.11.06-15.34.58:100][632]Log file closed, 11/06/18 16:34:58
