Log file open, 11/05/18 12:21:31
LogWindows: Failed to load 'aqProf.dll' (GetLastError=126)
LogWindows: File 'aqProf.dll' does not exist
LogWindows: Failed to load 'VtuneApi.dll' (GetLastError=126)
LogWindows: File 'VtuneApi.dll' does not exist
LogWindows: Failed to load 'VtuneApi32e.dll' (GetLastError=126)
LogWindows: File 'VtuneApi32e.dll' does not exist
LogInit: Display: Running engine for game: Blockout_1890
LogPlatformFile: Not using cached read wrapper
LogTaskGraph: Started task graph with 5 named threads and 23 total threads with 3 sets of task threads.
LogStats: Stats thread started at 0.283542
LogD3D11RHI: Loaded GFSDK_Aftermath_Lib.x64.dll
LogICUInternationalization: Display: ICU TimeZone Detection - Raw Offset: +1:00, Platform Override: ''
LogPluginManager: Mounting plugin Paper2D
LogPluginManager: Mounting plugin AISupport
LogPluginManager: Mounting plugin LightPropagationVolume
LogPluginManager: Mounting plugin CLionSourceCodeAccess
LogPluginManager: Mounting plugin CodeLiteSourceCodeAccess
LogPluginManager: Mounting plugin GitSourceControl
LogPluginManager: Mounting plugin KDevelopSourceCodeAccess
LogPluginManager: Mounting plugin NullSourceCodeAccess
LogPluginManager: Mounting plugin PerforceSourceControl
LogPluginManager: Mounting plugin SubversionSourceControl
LogPluginManager: Mounting plugin UObjectPlugin
LogPluginManager: Mounting plugin VisualStudioCodeSourceCodeAccess
LogPluginManager: Mounting plugin VisualStudioSourceCodeAccess
LogPluginManager: Mounting plugin XCodeSourceCodeAccess
LogPluginManager: Mounting plugin AssetManagerEditor
LogPluginManager: Mounting plugin CryptoKeys
LogPluginManager: Mounting plugin DataValidation
LogPluginManager: Mounting plugin FacialAnimation
LogPluginManager: Mounting plugin GameplayTagsEditor
LogPluginManager: Mounting plugin MacGraphicsSwitching
LogPluginManager: Mounting plugin MeshEditor
LogPluginManager: Mounting plugin MobileLauncherProfileWizard
LogPluginManager: Mounting plugin PluginBrowser
LogPluginManager: Mounting plugin SpeedTreeImporter
LogPluginManager: Mounting plugin DatasmithContent
LogPluginManager: Mounting plugin AlembicImporter
LogPluginManager: Mounting plugin AppleImageUtils
LogPluginManager: Mounting plugin AppleVision
LogPluginManager: Mounting plugin BackChannel
LogPluginManager: Mounting plugin CharacterAI
LogPluginManager: Mounting plugin GeometryCache
LogPluginManager: Mounting plugin HTML5Networking
LogPluginManager: Mounting plugin ProxyLODPlugin
LogPluginManager: Mounting plugin MagicLeap
LogPluginManager: Mounting plugin MagicLeapEmulator
LogPluginManager: Mounting plugin MagicLeapMedia
LogPluginManager: Mounting plugin AndroidMedia
LogPluginManager: Mounting plugin AvfMedia
LogPluginManager: Mounting plugin ImgMedia
LogPluginManager: Mounting plugin LinearTimecode
LogPluginManager: Mounting plugin MediaCompositing
LogPluginManager: Mounting plugin MediaPlayerEditor
LogPluginManager: Mounting plugin WmfMedia
LogPluginManager: Mounting plugin TcpMessaging
LogPluginManager: Mounting plugin UdpMessaging
LogPluginManager: Mounting plugin ActorSequence
LogPluginManager: Mounting plugin LevelSequenceEditor
LogPluginManager: Mounting plugin MatineeToLevelSequence
LogPluginManager: Mounting plugin NetcodeUnitTest
LogPluginManager: Mounting plugin NUTUnrealEngine4
LogPluginManager: Mounting plugin OnlineSubsystemGooglePlay
LogPluginManager: Mounting plugin OnlineSubsystemIOS
LogPluginManager: Mounting plugin OnlineSubsystem
LogPluginManager: Mounting plugin OnlineSubsystemNull
LogPluginManager: Mounting plugin OnlineSubsystemUtils
LogPluginManager: Mounting plugin LauncherChunkInstaller
LogPluginManager: Mounting plugin AndroidDeviceProfileSelector
LogPluginManager: Mounting plugin AndroidMoviePlayer
LogPluginManager: Mounting plugin AndroidPermission
LogPluginManager: Mounting plugin AppleMoviePlayer
LogPluginManager: Mounting plugin ArchVisCharacter
LogPluginManager: Mounting plugin AudioCapture
LogPluginManager: Mounting plugin CableComponent
LogPluginManager: Mounting plugin CustomMeshComponent
LogPluginManager: Mounting plugin EditableMesh
LogPluginManager: Mounting plugin ExampleDeviceProfileSelector
LogPluginManager: Mounting plugin GoogleCloudMessaging
LogPluginManager: Mounting plugin ImmediatePhysics
LogPluginManager: Mounting plugin IOSDeviceProfileSelector
LogPluginManager: Mounting plugin LinuxDeviceProfileSelector
LogPluginManager: Mounting plugin LocationServicesBPLibrary
LogPluginManager: Mounting plugin MobilePatchingUtils
LogPluginManager: Mounting plugin OculusVR
LogPluginManager: Plugin shader directory ../../../Engine/Plugins/Runtime/Oculus/OculusVR/Shaders found
LogPluginManager: Mapping shader source directory ../../../Engine/Plugins/Runtime/Oculus/OculusVR/Shaders to virtual directory /Plugin/OculusVR
LogPluginManager: Mounting plugin PhysXVehicles
LogPluginManager: Mounting plugin ProceduralMeshComponent
LogPluginManager: Mounting plugin RuntimePhysXCooking
LogPluginManager: Mounting plugin SteamVR
LogPluginManager: Mounting plugin WindowsMoviePlayer
LogStreaming: Display: Took  0.106s to configure plugins.
LogInit: Using libcurl 7.55.1-DEV
LogInit:  - built for x86_64-pc-win32
LogInit:  - supports SSL with OpenSSL/1.0.2h
LogInit:  - supports HTTP deflate (compression) using libz 1.2.8
LogInit:  - other features:
LogInit:      CURL_VERSION_SSL
LogInit:      CURL_VERSION_LIBZ
LogInit:      CURL_VERSION_IPV6
LogInit:      CURL_VERSION_ASYNCHDNS
LogInit:      CURL_VERSION_LARGEFILE
LogInit:      CURL_VERSION_IDN
LogInit:  CurlRequestOptions (configurable via config and command line):
LogInit:  - bVerifyPeer = false  - Libcurl will NOT verify peer certificate
LogInit:  - bUseHttpProxy = false  - Libcurl will NOT use HTTP proxy
LogInit:  - bDontReuseConnections = false  - Libcurl will reuse connections
LogInit:  - CertBundlePath = nullptr  - Libcurl will use whatever was configured at build time.
LogInit:  - MaxHostConnections = 16  - Libcurl will limit the number of connections to a host
LogInit:  - LocalHostAddr = Default
LogInit:  - BufferSize = 65536
LogInit: WinSock: version 1.1 (2.2), MaxSocks=32767, MaxUdp=65467
LogInit: Build: ++UE4+Release-4.20-CL-4369336
LogInit: Engine Version: 4.20.3-4369336+++UE4+Release-4.20
LogInit: Compatible Engine Version: 4.20.0-4212847+++UE4+Release-4.20
LogInit: Net CL: 4212847
LogInit: OS: Windows 10 (), CPU: Intel(R) Core(TM) i7-6700HQ CPU @ 2.60GHz, GPU: Intel(R) HD Graphics 530
LogInit: Compiled (64-bit): Sep 17 2018 12:26:19
LogInit: Compiled with Visual C++: 19.13.26129.00
LogInit: Build Configuration: Development
LogInit: Branch Name: ++UE4+Release-4.20
LogInit: Command Line: 
LogInit: Base Directory: D:/Unreal_Engine/UE_4.20/Engine/Binaries/Win64/
LogInit: Installed Engine Build: 1
LogDevObjectVersion: Number of dev versions registered: 20
LogDevObjectVersion:   Dev-Blueprints (B0D832E4-1F89-4F0D-ACCF-7EB736FD4AA2): 10
LogDevObjectVersion:   Dev-Build (E1C64328-A22C-4D53-A36C-8E866417BD8C): 0
LogDevObjectVersion:   Dev-Core (375EC13C-06E4-48FB-B500-84F0262A717E): 2
LogDevObjectVersion:   Dev-Editor (E4B068ED-F494-42E9-A231-DA0B2E46BB41): 24
LogDevObjectVersion:   Dev-Framework (CFFC743F-43B0-4480-9391-14DF171D2073): 34
LogDevObjectVersion:   Dev-Mobile (B02B49B5-BB20-44E9-A304-32B752E40360): 2
LogDevObjectVersion:   Dev-Networking (A4E4105C-59A1-49B5-A7C5-40C4547EDFEE): 0
LogDevObjectVersion:   Dev-Online (39C831C9-5AE6-47DC-9A44-9C173E1C8E7C): 0
LogDevObjectVersion:   Dev-Physics (78F01B33-EBEA-4F98-B9B4-84EACCB95AA2): 0
LogDevObjectVersion:   Dev-Platform (6631380F-2D4D-43E0-8009-CF276956A95A): 0
LogDevObjectVersion:   Dev-Rendering (12F88B9F-8875-4AFC-A67C-D90C383ABD29): 26
LogDevObjectVersion:   Dev-Sequencer (7B5AE74C-D270-4C10-A958-57980B212A5A): 9
LogDevObjectVersion:   Dev-VR (D7296918-1DD6-4BDD-9DE2-64A83CC13884): 2
LogDevObjectVersion:   Dev-LoadTimes (C2A15278-BFE7-4AFE-6C17-90FF531DF755): 1
LogDevObjectVersion:   Private-Geometry (6EACA3D4-40EC-4CC1-B786-8BED09428FC5): 3
LogDevObjectVersion:   Dev-AnimPhys (29E575DD-E0A3-4627-9D10-D276232CDCEA): 17
LogDevObjectVersion:   Dev-ReflectionCapture (6B266CEC-1EC7-4B8F-A30B-E4D90942FC07): 1
LogDevObjectVersion:   Dev-Automation (0DF73D61-A23F-47EA-B727-89E90C41499A): 1
LogDevObjectVersion:   FortniteMain (601D1886-AC64-4F84-AA16-D3DE0DEAC7D6): 12
LogDevObjectVersion:   Dev-Enterprise (9DFFBCD6-494F-0158-E221-12823C92A888): 1
LogStreaming: Display: Took  0.000s to delete old logs.
LogInit: Presizing for max 8388607 objects, including 0 objects not considered by GC, pre-allocating 0 bytes for permanent pool.
LogInit: Object subsystem initialized
[2018.11.05-11.21.31:971][  0]LogInit: Selected Device Profile: [Windows]
[2018.11.05-11.21.31:971][  0]LogInit: Applying CVar settings loaded from the selected device profile: [Windows]
[2018.11.05-11.21.31:992][  0]LogHAL: Display: Platform has ~ 16 GB [17073356800 / 17179869184 / 16], which maps to Larger [LargestMinGB=32, LargerMinGB=12, DefaultMinGB=8, SmallerMinGB=6, SmallestMinGB=0)
[2018.11.05-11.21.31:993][  0]LogInit: Setting Device Profile CVar: [[r.Vulkan.UseRealUBs:1]]
[2018.11.05-11.21.31:993][  0]LogInit: Going up to parent DeviceProfile []
[2018.11.05-11.21.31:993][  0]LogInit: Computer: DESKTOP-89KHFO2
[2018.11.05-11.21.31:993][  0]LogInit: User: guill
[2018.11.05-11.21.31:993][  0]LogInit: CPU Page size=4096, Cores=4
[2018.11.05-11.21.31:993][  0]LogInit: High frequency timer resolution =2.531249 MHz
[2018.11.05-11.21.31:994][  0]LogMemory: Memory total: Physical=15.9GB (16GB approx)
[2018.11.05-11.21.31:994][  0]LogMemory: Platform Memory Stats for Windows
[2018.11.05-11.21.31:994][  0]LogMemory: Process Physical Memory: 99.63 MB used, 99.63 MB peak
[2018.11.05-11.21.31:994][  0]LogMemory: Process Virtual Memory: 91.18 MB used, 91.18 MB peak
[2018.11.05-11.21.31:994][  0]LogMemory: Physical Memory: 7106.11 MB used,  9176.31 MB free, 16282.42 MB total
[2018.11.05-11.21.31:994][  0]LogMemory: Virtual Memory: 4645.26 MB used,  9176.31 MB free, 134217728.00 MB total
[2018.11.05-11.21.32:014][  0]LogInit: Using OS detected language (fr-FR).
[2018.11.05-11.21.32:014][  0]LogInit: Using OS detected locale (fr-CH).
[2018.11.05-11.21.32:014][  0]LogTextLocalizationManager: No specific localization for 'fr-FR' exists, so the 'fr' localization will be used.
[2018.11.05-11.21.32:018][  0]LogStreaming: Display: Took  0.004s to InitEngineTextLocalization.
[2018.11.05-11.21.32:018][  0]LogInit: Setting process to per monitor DPI aware
[2018.11.05-11.21.32:043][  0]LogSlate: New Slate User Created.  User Index 0, Is Virtual User: 0
[2018.11.05-11.21.32:043][  0]LogSlate: Slate User Registered.  User Index 0, Is Virtual User: 0
[2018.11.05-11.21.32:289][  0]LogHMD: Failed to initialize OpenVR with code 126
[2018.11.05-11.21.32:289][  0]LogD3D11RHI: D3D11 adapters:
[2018.11.05-11.21.32:373][  0]LogD3D11RHI:    0. 'NVIDIA GeForce GTX 960M' (Feature Level 11_0)
[2018.11.05-11.21.32:373][  0]LogD3D11RHI:       4055/0/8141 MB DedicatedVideo/DedicatedSystem/SharedSystem, Outputs:1, VendorId:0x10de
[2018.11.05-11.21.32:385][  0]LogD3D11RHI:    1. 'Intel(R) HD Graphics 530' (Feature Level 11_0)
[2018.11.05-11.21.32:385][  0]LogD3D11RHI:       128/0/8141 MB DedicatedVideo/DedicatedSystem/SharedSystem, Outputs:0, VendorId:0x8086
[2018.11.05-11.21.32:387][  0]LogD3D11RHI:    2. 'Microsoft Basic Render Driver' (Feature Level 11_0)
[2018.11.05-11.21.32:387][  0]LogD3D11RHI:       0/0/8141 MB DedicatedVideo/DedicatedSystem/SharedSystem, Outputs:0, VendorId:0x1414
[2018.11.05-11.21.32:387][  0]LogD3D11RHI: Chosen D3D11 Adapter: 0
[2018.11.05-11.21.32:411][  0]LogD3D11RHI: Creating new Direct3DDevice
[2018.11.05-11.21.32:411][  0]LogD3D11RHI:     GPU DeviceId: 0x139b (for the marketing name, search the web for "GPU Device Id")
[2018.11.05-11.21.32:411][  0]LogWindows: EnumDisplayDevices:
[2018.11.05-11.21.32:411][  0]LogWindows:    0. 'Intel(R) HD Graphics 530' (P:1 D:1)
[2018.11.05-11.21.32:412][  0]LogWindows:    1. 'Intel(R) HD Graphics 530' (P:0 D:0)
[2018.11.05-11.21.32:413][  0]LogWindows:    2. 'Intel(R) HD Graphics 530' (P:0 D:0)
[2018.11.05-11.21.32:414][  0]LogWindows: DebugString: PrimaryIsNotTheChoosenAdapter PrimaryIsNotTheChoosenAdapter PrimaryIsNotTheChoosenAdapter FoundDriverCount:0 
[2018.11.05-11.21.32:414][  0]LogD3D11RHI:     Adapter Name: NVIDIA GeForce GTX 960M
[2018.11.05-11.21.32:414][  0]LogD3D11RHI:   Driver Version: Unknown (internal:Unknown, unified:Unknown)
[2018.11.05-11.21.32:414][  0]LogD3D11RHI:      Driver Date: Unknown
[2018.11.05-11.21.32:414][  0]LogRHI: Texture pool is 2839 MB (70% of 4055 MB)
[2018.11.05-11.21.32:465][  0]LogD3D11RHI: Async texture creation enabled
[2018.11.05-11.21.32:490][  0]LogD3D11RHI: GPU Timing Frequency: 1000.000000 (Debug: 2 2)
[2018.11.05-11.21.32:491][  0]LogShaderCompilers: Guid format shader working directory is 7 characters bigger than the processId version (../../../../../1890/1890/Blockout_1890/Intermediate/Shaders/WorkingDirectory/11576/).
[2018.11.05-11.21.32:491][  0]LogShaderCompilers: Cleaned the shader compiler working directory 'C:/Users/guill/AppData/Local/Temp/UnrealShaderWorkingDir/C556D7674D3AB6A90DD45F84EF955D1D/'.
[2018.11.05-11.21.32:795][  0]LogTemp: Display: Loaded TP AllDesktopTargetPlatform
[2018.11.05-11.21.32:809][  0]LogTemp: Display: Loaded TP MacClientTargetPlatform
[2018.11.05-11.21.32:822][  0]LogTemp: Display: Loaded TP MacNoEditorTargetPlatform
[2018.11.05-11.21.32:835][  0]LogTemp: Display: Loaded TP MacServerTargetPlatform
[2018.11.05-11.21.32:849][  0]LogTemp: Display: Loaded TP MacTargetPlatform
[2018.11.05-11.21.32:862][  0]LogTemp: Display: Loaded TP WindowsClientTargetPlatform
[2018.11.05-11.21.32:877][  0]LogTemp: Display: Loaded TP WindowsNoEditorTargetPlatform
[2018.11.05-11.21.32:890][  0]LogTemp: Display: Loaded TP WindowsServerTargetPlatform
[2018.11.05-11.21.32:897][  0]LogTemp: Display: Loaded TP WindowsTargetPlatform
[2018.11.05-11.21.32:987][  0]LogTemp: Display: Loaded TP AndroidTargetPlatform
[2018.11.05-11.21.32:987][  0]LogTemp: Display: Loaded TP AndroidTargetPlatform
[2018.11.05-11.21.32:987][  0]LogTemp: Display: Loaded TP AndroidTargetPlatform
[2018.11.05-11.21.32:987][  0]LogTemp: Display: Loaded TP AndroidTargetPlatform
[2018.11.05-11.21.32:987][  0]LogTemp: Display: Loaded TP AndroidTargetPlatform
[2018.11.05-11.21.32:987][  0]LogTemp: Display: Loaded TP AndroidTargetPlatform
[2018.11.05-11.21.32:987][  0]LogTemp: Display: Loaded TP AndroidTargetPlatform
[2018.11.05-11.21.32:987][  0]LogTemp: Display: Loaded TP AndroidTargetPlatform
[2018.11.05-11.21.32:987][  0]LogTemp: Display: Loaded TP AndroidTargetPlatform
[2018.11.05-11.21.32:987][  0]LogTemp: Display: Loaded TP AndroidTargetPlatform
[2018.11.05-11.21.32:987][  0]LogTemp: Display: Loaded TP AndroidTargetPlatform
[2018.11.05-11.21.32:987][  0]LogTemp: Display: Loaded TP AndroidTargetPlatform
[2018.11.05-11.21.32:987][  0]LogTemp: Display: Loaded TP AndroidTargetPlatform
[2018.11.05-11.21.32:987][  0]LogTemp: Display: Loaded TP AndroidTargetPlatform
[2018.11.05-11.21.32:987][  0]LogTemp: Display: Loaded TP AndroidTargetPlatform
[2018.11.05-11.21.32:987][  0]LogTemp: Display: Loaded TP AndroidTargetPlatform
[2018.11.05-11.21.32:987][  0]LogTemp: Display: Loaded TP AndroidTargetPlatform
[2018.11.05-11.21.32:987][  0]LogTemp: Display: Loaded TP AndroidTargetPlatform
[2018.11.05-11.21.32:989][  0]LogTemp: Display: Loaded TP HTML5TargetPlatform
[2018.11.05-11.21.33:053][  0]LogTemp: Display: Loaded TP IOSTargetPlatform
[2018.11.05-11.21.33:053][  0]LogTemp: Display: Loaded TP IOSTargetPlatform
[2018.11.05-11.21.33:080][  0]LogTemp: Display: Loaded TP TVOSTargetPlatform
[2018.11.05-11.21.33:080][  0]LogTemp: Display: Loaded TP TVOSTargetPlatform
[2018.11.05-11.21.33:094][  0]LogTemp: Display: Loaded TP LinuxClientTargetPlatform
[2018.11.05-11.21.33:110][  0]LogTemp: Display: Loaded TP LinuxNoEditorTargetPlatform
[2018.11.05-11.21.33:125][  0]LogTemp: Display: Loaded TP LinuxServerTargetPlatform
[2018.11.05-11.21.33:139][  0]LogTemp: Display: Loaded TP LinuxTargetPlatform
[2018.11.05-11.21.33:154][  0]LogTemp: Display: Loaded TP LuminTargetPlatform
[2018.11.05-11.21.33:154][  0]LogTargetPlatformManager: Display: Building Assets For Windows
[2018.11.05-11.21.33:300][  0]LogXGEController: Cannot use XGE Controller as Incredibuild is not installed on this machine.
[2018.11.05-11.21.33:300][  0]LogShaderCompilers: Cannot use XGE Shader Compiler as Incredibuild is not installed on this machine.
[2018.11.05-11.21.33:300][  0]LogShaderCompilers: Display: Using Local Shader Compiler.
[2018.11.05-11.21.36:761][  0]LogDerivedDataCache: Display: Max Cache Size: 512 MB
[2018.11.05-11.21.36:990][  0]LogDerivedDataCache: Loaded boot cache 0.23s 71MB C:/Users/guill/AppData/Local/UnrealEngine/4.20/DerivedDataCache/Boot.ddc.
[2018.11.05-11.21.36:992][  0]LogDerivedDataCache: Display: Loaded Boot cache: C:/Users/guill/AppData/Local/UnrealEngine/4.20/DerivedDataCache/Boot.ddc
[2018.11.05-11.21.36:992][  0]LogDerivedDataCache: FDerivedDataBackendGraph:  Pak pak cache file ../../../../../1890/1890/Blockout_1890/DerivedDataCache/DDC.ddp not found, will not use a pak cache.
[2018.11.05-11.21.36:992][  0]LogDerivedDataCache: Unable to find inner node Pak for hierarchical cache Hierarchy.
[2018.11.05-11.21.36:992][  0]LogDerivedDataCache: FDerivedDataBackendGraph:  CompressedPak pak cache file ../../../../../1890/1890/Blockout_1890/DerivedDataCache/Compressed.ddp not found, will not use a pak cache.
[2018.11.05-11.21.36:992][  0]LogDerivedDataCache: Unable to find inner node CompressedPak for hierarchical cache Hierarchy.
[2018.11.05-11.21.37:066][  0]LogDerivedDataCache: Display: Pak cache opened for reading ../../../Engine/DerivedDataCache/Compressed.ddp.
[2018.11.05-11.21.37:081][  0]LogDerivedDataCache: Using Local data cache path C:/Users/guill/AppData/Local/UnrealEngine/Common/DerivedDataCache: Writable
[2018.11.05-11.21.37:081][  0]LogDerivedDataCache: Shared data cache path not found in *engine.ini, will not use an Shared cache.
[2018.11.05-11.21.37:081][  0]LogDerivedDataCache: Unable to find inner node Shared for hierarchical cache Hierarchy.
[2018.11.05-11.21.37:177][  0]LogMaterial: Verifying Global Shaders for PCD3D_SM5
[2018.11.05-11.21.37:183][  0]LogSlate: Using FreeType 2.6.0
[2018.11.05-11.21.37:184][  0]LogSlate: SlateFontServices - WITH_FREETYPE: 1, WITH_HARFBUZZ: 1
[2018.11.05-11.21.37:424][  0]LogAssetRegistry: FAssetRegistry took 0.0435 seconds to start up
[2018.11.05-11.21.39:062][  0]LogInit: Selected Device Profile: [Windows]
[2018.11.05-11.21.39:631][  0]LogSimplygon: Simplygon DLL not present - disabling.
[2018.11.05-11.21.39:640][  0]LogMeshReduction: Using SimplygonSwarm for distributed automatic mesh merging
[2018.11.05-11.21.39:640][  0]LogMeshReduction: Using ProxyLODMeshReduction for automatic mesh merging
[2018.11.05-11.21.39:640][  0]LogMeshReduction: Using QuadricMeshReduction for automatic static mesh reduction
[2018.11.05-11.21.39:640][  0]LogMeshReduction: No automatic skeletal mesh reduction module available
[2018.11.05-11.21.39:704][  0]LogNetVersion: Blockout_1890 1.0.0, NetCL: 4212847, EngineNetVer: 5, GameNetVer: 0 (Checksum: 179647709)
[2018.11.05-11.21.41:575][  0]LogPackageLocalizationCache: Processed 11 localized package path(s) for 2 prioritized culture(s) in 0.346947 seconds
[2018.11.05-11.21.41:597][  0]LogUObjectArray: 38425 objects as part of root set at end of initial load.
[2018.11.05-11.21.41:598][  0]LogUObjectAllocator: 6690872 out of 0 bytes used by permanent object pool.
[2018.11.05-11.21.41:598][  0]LogUObjectArray: CloseDisregardForGC: 0/0 objects in disregard for GC pool
[2018.11.05-11.21.44:367][  0]LogTcpMessaging: Initializing TcpMessaging bridge
[2018.11.05-11.21.44:381][  0]LogUdpMessaging: Initializing bridge on interface 0.0.0.0:0 to multicast group 230.0.0.1:6666.
[2018.11.05-11.21.44:552][  0]SourceControl: Source control is disabled
[2018.11.05-11.21.44:552][  0]SourceControl: Source control is disabled
[2018.11.05-11.21.44:553][  0]SourceControl: Source control is disabled
[2018.11.05-11.21.44:555][  0]SourceControl: Source control is disabled
[2018.11.05-11.21.44:737][  0]LogAndroidPermission: UAndroidPermissionCallbackProxy::GetInstance
[2018.11.05-11.21.44:805][  0]LogOcInput: OculusInput pre-init called
[2018.11.05-11.21.44:884][  0]LogEngine: Initializing Engine...
[2018.11.05-11.21.44:909][  0]LogHMD: Failed to initialize OpenVR with code 126
[2018.11.05-11.21.44:910][  0]LogStats: UGameplayTagsManager::ConstructGameplayTagTree: ImportINI prefixes -  0.000 s
[2018.11.05-11.21.44:910][  0]LogStats: UGameplayTagsManager::ConstructGameplayTagTree: Construct from data asset -  0.000 s
[2018.11.05-11.21.44:910][  0]LogStats: UGameplayTagsManager::ConstructGameplayTagTree: ImportINI -  0.000 s
[2018.11.05-11.21.44:911][  0]LogStats: UGameplayTagsManager::ConstructGameplayTagTree: GameplayTagTreeChangedEvent.Broadcast -  0.000 s
[2018.11.05-11.21.45:238][  0]LogInit: Initializing FReadOnlyCVARCache
[2018.11.05-11.21.45:254][  0]LogAIModule: Creating AISystem for world Untitled
[2018.11.05-11.21.45:273][  0]LogInit: XAudio2 using 'Haut-parleurs (Conexant SmartAudio HD)' : 2 channels at 48 kHz using 32 bits per sample (channel mask 0x3)
[2018.11.05-11.21.45:335][  0]LogInit: FAudioDevice initialized.
[2018.11.05-11.21.45:336][  0]LogNetVersion: Set ProjectVersion to 1.0.0.0. Version Checksum will be recalculated on next use.
[2018.11.05-11.21.45:417][  0]LogDerivedDataCache: Saved boot cache 0.08s 71MB C:/Users/guill/AppData/Local/UnrealEngine/4.20/DerivedDataCache/Boot.ddc.
[2018.11.05-11.21.45:437][  0]LogInit: Texture streaming: Enabled
[2018.11.05-11.21.45:457][  0]LogEngineSessionManager: EngineSessionManager initialized
[2018.11.05-11.21.45:470][  0]LogInit: Transaction tracking system initialized
[2018.11.05-11.21.45:491][  0]BlueprintLog: New page: Editor Load
[2018.11.05-11.21.45:564][  0]LocalizationService: Localization service is disabled
[2018.11.05-11.21.45:913][  0]LogCook: Display: Max memory allowance for cook 16384mb min free memory 0mb
[2018.11.05-11.21.45:913][  0]LogCook: Display: Mobile HDR setting 1
[2018.11.05-11.21.45:913][  0]LogGameplayTags: Display: UGameplayTagsManager::DoneAddingNativeTags. DelegateIsBound: 0
[2018.11.05-11.21.45:913][  0]LogStats: UGameplayTagsManager::ConstructGameplayTagTree: ImportINI prefixes -  0.000 s
[2018.11.05-11.21.45:913][  0]LogStats: UGameplayTagsManager::ConstructGameplayTagTree: Construct from data asset -  0.000 s
[2018.11.05-11.21.45:914][  0]LogStats: UGameplayTagsManager::ConstructGameplayTagTree: ImportINI -  0.000 s
[2018.11.05-11.21.45:914][  0]LogStats: UGameplayTagsManager::ConstructGameplayTagTree: GameplayTagTreeChangedEvent.Broadcast -  0.000 s
[2018.11.05-11.21.46:059][  0]LogFileCache: Scanning file cache for directory 'D:/1890/1890/Blockout_1890/Content/' took 0.02s
[2018.11.05-11.21.46:059][  0]SourceControl: Source control is disabled
[2018.11.05-11.21.46:059][  0]Cmd: MAP LOAD FILE="../../../../../1890/1890/Blockout_1890/Content/StarterContent/Maps/Minimal_Default.umap" TEMPLATE=0 SHOWPROGRESS=1 FEATURELEVEL=3
[2018.11.05-11.21.46:060][  0]LightingResults: New page: Lighting Build
[2018.11.05-11.21.46:062][  0]MapCheck: New page: Map Check
[2018.11.05-11.21.46:062][  0]LightingResults: New page: Lighting Build
[2018.11.05-11.21.46:305][  0]LogLinker: Warning: Can't find file '/Game/StarterContent/Textures/T_Wood_Floor_Walnut_M'
[2018.11.05-11.21.46:305][  0]LogLinker: Warning: Can't find file for asset '/Game/StarterContent/Textures/T_Wood_Floor_Walnut_M' while loading ../../../../../1890/1890/Blockout_1890/Content/StarterContent/Materials/M_Wood_Floor_Walnut_Polished.uasset.
[2018.11.05-11.21.46:305][  0]LoadErrors: Error: /Game/StarterContent/Materials/M_Wood_Floor_Walnut_Polished : Can't find file for asset. /Game/StarterContent/Textures/T_Wood_Floor_Walnut_M
[2018.11.05-11.21.46:307][  0]LogLinker: Warning: Can't find file '/Game/StarterContent/Textures/T_Wood_Floor_Walnut_M'
[2018.11.05-11.21.46:307][  0]LogLinker: Warning: Can't find file for asset '/Game/StarterContent/Textures/T_Wood_Floor_Walnut_M' while loading ../../../../../1890/1890/Blockout_1890/Content/StarterContent/Materials/M_Wood_Floor_Walnut_Polished.uasset.
[2018.11.05-11.21.46:307][  0]LoadErrors: Error: /Game/StarterContent/Materials/M_Wood_Floor_Walnut_Polished : Can't find file for asset. /Game/StarterContent/Textures/T_Wood_Floor_Walnut_M
[2018.11.05-11.21.46:400][  0]LogLinker: Warning: Can't find file '/Game/StarterContent/Textures/T_Wood_Floor_Walnut_M'
[2018.11.05-11.21.46:400][  0]LoadErrors: Failed to load /Game/StarterContent/Textures/T_Wood_Floor_Walnut_M.T_Wood_Floor_Walnut_M Referenced by MaterialExpressionTextureSample_2
[2018.11.05-11.21.46:400][  0]LogLinker: Warning: Can't find file for asset '/Game/StarterContent/Textures/T_Wood_Floor_Walnut_M' while loading NULL.
[2018.11.05-11.21.46:400][  0]LoadErrors: Failed to load /Game/StarterContent/Textures/T_Wood_Floor_Walnut_M.T_Wood_Floor_Walnut_M Referenced by MaterialExpressionTextureSample_2
[2018.11.05-11.21.46:494][  0]LogMaterial: Display: Missing cached shader map for material M_Wood_Floor_Walnut_Polished, compiling. 
[2018.11.05-11.21.46:495][  0]LogMaterial: Warning: D:\1890\1890\Blockout_1890\Content\StarterContent\Materials\M_Wood_Floor_Walnut_Polished.uasset: Failed to compile Material for platform PCD3D_SM5, Default Material will be used in game.
[2018.11.05-11.21.46:495][  0]LogMaterial: 	(Node TextureSample) Alpha is AO> Missing input texture
[2018.11.05-11.21.46:654][  0]LogAIModule: Creating AISystem for world Minimal_Default
[2018.11.05-11.21.46:674][  0]LogEditorServer: Finished looking for orphan Actors (0.000 secs)
[2018.11.05-11.21.46:719][  0]Cmd: MAP CHECKDEP NOCLEARLOG
[2018.11.05-11.21.46:795][  0]MapCheck: Map check complete: 0 Error(s), 0 Warning(s), took 77.403ms to complete.
[2018.11.05-11.21.46:796][  0]LogFileHelpers: Loading map 'Minimal_Default' took 0.736
[2018.11.05-11.21.46:906][  0]LogSlate: Updating window title bar state: overlay mode, drag disabled, window buttons hidden, title bar hidden
[2018.11.05-11.21.46:920][  0]LogSlate: Updating window title bar state: overlay mode, drag disabled, window buttons hidden, title bar hidden
[2018.11.05-11.21.46:931][  0]LogSlate: Updating window title bar state: overlay mode, drag disabled, window buttons hidden, title bar hidden
[2018.11.05-11.21.46:939][  0]LogSlate: Updating window title bar state: overlay mode, drag disabled, window buttons hidden, title bar hidden
[2018.11.05-11.21.46:948][  0]LogCollectionManager: Loaded 0 collections in 0.002720 seconds
[2018.11.05-11.21.46:988][  0]LogFileCache: Scanning file cache for directory 'D:/1890/1890/Blockout_1890/Saved/Collections/' took 0.01s
[2018.11.05-11.21.46:988][  0]LogFileCache: Scanning file cache for directory 'D:/1890/1890/Blockout_1890/Content/Developers/guill/Collections/' took 0.01s
[2018.11.05-11.21.46:988][  0]LogFileCache: Scanning file cache for directory 'D:/1890/1890/Blockout_1890/Content/Collections/' took 0.01s
[2018.11.05-11.21.46:988][  0]LogCollectionManager: Rebuilt the GUID cache for 0 collections in 0.000000 seconds
[2018.11.05-11.21.47:001][  0]LogContentBrowser: Native class hierarchy populated in 0.0123 seconds. Added 2572 classes and 603 folders.
[2018.11.05-11.21.47:008][  0]LogContentBrowser: Native class hierarchy updated for 'WidgetCarousel' in 0.0004 seconds. Added 0 classes and 0 folders.
[2018.11.05-11.21.47:048][  0]LogContentBrowser: Native class hierarchy updated for 'AddContentDialog' in 0.0002 seconds. Added 0 classes and 0 folders.
[2018.11.05-11.21.47:052][  0]LogContentBrowser: Native class hierarchy updated for 'SceneOutliner' in 0.0002 seconds. Added 1 classes and 2 folders.
[2018.11.05-11.21.47:073][  0]LogSlate: Took 0.000239 seconds to synchronously load lazily loaded font '../../../Engine/Content/Slate/Fonts/Roboto-Regular.ttf' (155K)
[2018.11.05-11.21.47:076][  0]LogSlate: Took 0.000320 seconds to synchronously load lazily loaded font '../../../Engine/Content/Slate/Fonts/Roboto-Bold.ttf' (160K)
[2018.11.05-11.21.47:084][  0]LogSlate: Took 0.000280 seconds to synchronously load lazily loaded font '../../../Engine/Content/Editor/Slate/Fonts/FontAwesome.ttf' (139K)
[2018.11.05-11.21.47:289][  0]LogRenderer: Reallocating scene render targets to support 804x640 Format 10 NumSamples 1 (Frame:1).
[2018.11.05-11.21.47:991][  0]LogContentBrowser: Native class hierarchy updated for 'HierarchicalLODOutliner' in 0.0009 seconds. Added 0 classes and 0 folders.
[2018.11.05-11.21.47:991][  0]LogLoad: (Engine Initialization) Total time: 17.72 seconds
[2018.11.05-11.21.47:991][  0]LogLoad: (Engine Initialization) Total Blueprint compile time: 0.00 seconds
[2018.11.05-11.21.48:014][  0]LogWindowsTextInputMethodSystem: Display: IME system now deactivated.
[2018.11.05-11.21.48:057][  0]LogContentStreaming: Texture pool size now 1000 MB
[2018.11.05-11.21.48:071][  0]LogSlate: FSceneViewport::OnFocusLost() reason 2
[2018.11.05-11.21.48:612][  5]LogAssetRegistry: Asset discovery search completed in 11.2122 seconds
[2018.11.05-11.21.48:621][  5]LogCollectionManager: Rebuilt the object cache for 0 collections in 0.000001 seconds (found 0 objects)
[2018.11.05-11.21.48:621][  5]LogCollectionManager: Fixed up redirectors for 0 collections in 0.000264 seconds (updated 0 objects)
[2018.11.05-11.21.52:827][ 69]LogSlate: Window 'Message Log' being destroyed
[2018.11.05-11.21.52:909][ 69]LogSlate: Window 'Message Log' being destroyed
[2018.11.05-11.22.02:676][241]LogEditorViewport: Clicking on Actor (LMB): StaticMeshActor (Wall_Modulaire36)
[2018.11.05-11.22.05:537][291]LogEditorViewport: Clicking on Actor (LMB): BP_Sky_Sphere_C (BP_Sky_Sphere)
[2018.11.05-11.26.54:707][986]LogSlate: FSceneViewport::OnFocusLost() reason 0
[2018.11.05-11.26.57:658][987]LogSlate: Window 'Save Content' being destroyed
[2018.11.05-11.26.57:765][987]LogSlate: Window 'Blockout_1890 - Unreal Editor' being destroyed
[2018.11.05-11.26.57:990][988]Cmd: QUIT_EDITOR
[2018.11.05-11.26.58:022][988]LogWindowsTextInputMethodSystem: Display: IME system now deactivated.
[2018.11.05-11.26.58:035][988]LogExit: Preparing to exit.
[2018.11.05-11.26.58:717][988]LogExit: Editor shut down
[2018.11.05-11.26.58:717][988]LogExit: Transaction tracking system shut down
[2018.11.05-11.27.04:213][988]LogFileManager: Warning: MoveFile was unable to move '../../../../../1890/1890/Blockout_1890/Intermediate/CachedAssetRegistry.bin.tmp' to '../../../../../1890/1890/Blockout_1890/Intermediate/CachedAssetRegistry.bin', retrying in .5s...
[2018.11.05-11.27.04:213][988]LogFileManager: Warning: MoveFile was unable to move '../../../../../1890/1890/Blockout_1890/Intermediate/CachedAssetRegistry.bin.tmp' to '../../../../../1890/1890/Blockout_1890/Intermediate/CachedAssetRegistry.bin', retrying in .5s...
[2018.11.05-11.27.04:213][988]LogFileManager: Warning: MoveFile was unable to move '../../../../../1890/1890/Blockout_1890/Intermediate/CachedAssetRegistry.bin.tmp' to '../../../../../1890/1890/Blockout_1890/Intermediate/CachedAssetRegistry.bin', retrying in .5s...
[2018.11.05-11.27.04:213][988]LogFileManager: Warning: MoveFile was unable to move '../../../../../1890/1890/Blockout_1890/Intermediate/CachedAssetRegistry.bin.tmp' to '../../../../../1890/1890/Blockout_1890/Intermediate/CachedAssetRegistry.bin', retrying in .5s...
[2018.11.05-11.27.04:213][988]LogFileManager: Warning: MoveFile was unable to move '../../../../../1890/1890/Blockout_1890/Intermediate/CachedAssetRegistry.bin.tmp' to '../../../../../1890/1890/Blockout_1890/Intermediate/CachedAssetRegistry.bin', retrying in .5s...
[2018.11.05-11.27.04:213][988]LogFileManager: Warning: MoveFile was unable to move '../../../../../1890/1890/Blockout_1890/Intermediate/CachedAssetRegistry.bin.tmp' to '../../../../../1890/1890/Blockout_1890/Intermediate/CachedAssetRegistry.bin', retrying in .5s...
[2018.11.05-11.27.04:213][988]LogFileManager: Warning: MoveFile was unable to move '../../../../../1890/1890/Blockout_1890/Intermediate/CachedAssetRegistry.bin.tmp' to '../../../../../1890/1890/Blockout_1890/Intermediate/CachedAssetRegistry.bin', retrying in .5s...
[2018.11.05-11.27.04:213][988]LogFileManager: Warning: MoveFile was unable to move '../../../../../1890/1890/Blockout_1890/Intermediate/CachedAssetRegistry.bin.tmp' to '../../../../../1890/1890/Blockout_1890/Intermediate/CachedAssetRegistry.bin', retrying in .5s...
[2018.11.05-11.27.04:213][988]LogFileManager: Warning: MoveFile was unable to move '../../../../../1890/1890/Blockout_1890/Intermediate/CachedAssetRegistry.bin.tmp' to '../../../../../1890/1890/Blockout_1890/Intermediate/CachedAssetRegistry.bin', retrying in .5s...
[2018.11.05-11.27.04:213][988]LogFileManager: Warning: MoveFile was unable to move '../../../../../1890/1890/Blockout_1890/Intermediate/CachedAssetRegistry.bin.tmp' to '../../../../../1890/1890/Blockout_1890/Intermediate/CachedAssetRegistry.bin', retrying in .5s...
[2018.11.05-11.27.04:213][988]LogFileManager: Error: Error moving file '../../../../../1890/1890/Blockout_1890/Intermediate/CachedAssetRegistry.bin.tmp' to '../../../../../1890/1890/Blockout_1890/Intermediate/CachedAssetRegistry.bin'.
[2018.11.05-11.27.04:213][988]LogExit: Object subsystem successfully closed.
[2018.11.05-11.27.04:230][988]LogShaderCompilers: Display: Shaders left to compile 0
[2018.11.05-11.27.04:233][988]LogD3D11RHI: Shutdown
[2018.11.05-11.27.04:233][988]LogD3D11RHI: CleanupD3DDevice
[2018.11.05-11.27.04:310][988]LogD3D11RHI: ~FD3D11DynamicRHI
[2018.11.05-11.27.04:322][988]LogModuleManager: Shutting down and abandoning module HierarchicalLODOutliner (610)
[2018.11.05-11.27.04:322][988]LogModuleManager: Shutting down and abandoning module SceneOutliner (608)
[2018.11.05-11.27.04:322][988]LogModuleManager: Shutting down and abandoning module AddContentDialog (606)
[2018.11.05-11.27.04:322][988]LogModuleManager: Shutting down and abandoning module WidgetCarousel (605)
[2018.11.05-11.27.04:322][988]LogModuleManager: Shutting down and abandoning module EditorWidgets (602)
[2018.11.05-11.27.04:322][988]LogModuleManager: Shutting down and abandoning module CollectionManager (600)
[2018.11.05-11.27.04:323][988]LogModuleManager: Shutting down and abandoning module StatsViewer (598)
[2018.11.05-11.27.04:323][988]LogModuleManager: Shutting down and abandoning module FoliageEdit (596)
[2018.11.05-11.27.04:323][988]LogModuleManager: Shutting down and abandoning module LandscapeEditor (594)
[2018.11.05-11.27.04:323][988]LogModuleManager: Shutting down and abandoning module MeshPaintMode (592)
[2018.11.05-11.27.04:323][988]LogModuleManager: Shutting down and abandoning module SceneDepthPickerMode (590)
[2018.11.05-11.27.04:323][988]LogModuleManager: Shutting down and abandoning module ActorPickerMode (588)
[2018.11.05-11.27.04:323][988]LogModuleManager: Shutting down and abandoning module GeometryMode (586)
[2018.11.05-11.27.04:323][988]LogModuleManager: Shutting down and abandoning module TextureAlignMode (584)
[2018.11.05-11.27.04:323][988]LogModuleManager: Shutting down and abandoning module BspMode (582)
[2018.11.05-11.27.04:323][988]LogModuleManager: Shutting down and abandoning module PIEPreviewDeviceProfileSelector (580)
[2018.11.05-11.27.04:323][988]LogModuleManager: Shutting down and abandoning module SequenceRecorderSections (578)
[2018.11.05-11.27.04:323][988]LogModuleManager: Shutting down and abandoning module AutomationWorker (576)
[2018.11.05-11.27.04:323][988]LogModuleManager: Shutting down and abandoning module AudioCaptureEditor (574)
[2018.11.05-11.27.04:323][988]LogModuleManager: Shutting down and abandoning module SequenceRecorder (573)
[2018.11.05-11.27.04:323][988]LogModuleManager: Shutting down and abandoning module MatineeToLevelSequence (570)
[2018.11.05-11.27.04:323][988]LogModuleManager: Shutting down and abandoning module LevelSequenceEditor (568)
[2018.11.05-11.27.04:323][988]LogModuleManager: Shutting down and abandoning module PlacementMode (567)
[2018.11.05-11.27.04:323][988]LogModuleManager: Shutting down and abandoning module MaterialEditor (566)
[2018.11.05-11.27.04:323][988]LogModuleManager: Shutting down and abandoning module WmfMediaFactory (562)
[2018.11.05-11.27.04:323][988]LogModuleManager: Shutting down and abandoning module WmfMediaEditor (560)
[2018.11.05-11.27.04:323][988]LogModuleManager: Shutting down and abandoning module MediaPlayerEditor (558)
[2018.11.05-11.27.04:323][988]LogModuleManager: Shutting down and abandoning module OpenExrWrapper (556)
[2018.11.05-11.27.04:323][988]LogModuleManager: Shutting down and abandoning module ImgMediaFactory (554)
[2018.11.05-11.27.04:323][988]LogModuleManager: Shutting down and abandoning module ImgMediaEditor (552)
[2018.11.05-11.27.04:323][988]LogModuleManager: Shutting down and abandoning module AvfMediaFactory (550)
[2018.11.05-11.27.04:323][988]LogModuleManager: Shutting down and abandoning module AvfMediaEditor (548)
[2018.11.05-11.27.04:323][988]LogModuleManager: Shutting down and abandoning module AndroidMediaFactory (546)
[2018.11.05-11.27.04:323][988]LogModuleManager: Shutting down and abandoning module AndroidMediaEditor (544)
[2018.11.05-11.27.04:323][988]LogModuleManager: Shutting down and abandoning module MagicLeapCameraPreviewFactory (542)
[2018.11.05-11.27.04:323][988]LogModuleManager: Shutting down and abandoning module MagicLeapMediaFactory (540)
[2018.11.05-11.27.04:323][988]LogModuleManager: Shutting down and abandoning module MagicLeapMediaEditor (538)
[2018.11.05-11.27.04:323][988]LogModuleManager: Shutting down and abandoning module CharacterAI (536)
[2018.11.05-11.27.04:323][988]LogModuleManager: Shutting down and abandoning module SmartSnapping (534)
[2018.11.05-11.27.04:323][988]LogModuleManager: Shutting down and abandoning module SessionServices (532)
[2018.11.05-11.27.04:323][988]LogModuleManager: Shutting down and abandoning module ViewportSnapping (530)
[2018.11.05-11.27.04:323][988]LogModuleManager: Shutting down and abandoning module ViewportInteraction (528)
[2018.11.05-11.27.04:323][988]LogModuleManager: Shutting down and abandoning module ClothPainter (526)
[2018.11.05-11.27.04:324][988]LogModuleManager: Shutting down and abandoning module SkeletalMeshEditor (525)
[2018.11.05-11.27.04:324][988]LogModuleManager: Shutting down and abandoning module LogVisualizer (522)
[2018.11.05-11.27.04:324][988]LogModuleManager: Shutting down and abandoning module IntroTutorials (520)
[2018.11.05-11.27.04:324][988]LogModuleManager: Shutting down and abandoning module GameProjectGeneration (519)
[2018.11.05-11.27.04:324][988]LogModuleManager: Shutting down and abandoning module LuminPlatformEditor (516)
[2018.11.05-11.27.04:324][988]LogModuleManager: Shutting down and abandoning module IOSPlatformEditor (514)
[2018.11.05-11.27.04:324][988]LogModuleManager: Shutting down and abandoning module HTML5PlatformEditor (512)
[2018.11.05-11.27.04:324][988]LogModuleManager: Shutting down and abandoning module AndroidPlatformEditor (510)
[2018.11.05-11.27.04:324][988]LogModuleManager: Shutting down and abandoning module AndroidDeviceDetection (509)
[2018.11.05-11.27.04:783][988]LogModuleManager: Shutting down and abandoning module WindowsPlatformEditor (506)
[2018.11.05-11.27.04:783][988]LogModuleManager: Shutting down and abandoning module LuminRuntimeSettings (504)
[2018.11.05-11.27.04:783][988]LogModuleManager: Shutting down and abandoning module IOSRuntimeSettings (502)
[2018.11.05-11.27.04:783][988]LogModuleManager: Shutting down and abandoning module AndroidRuntimeSettings (500)
[2018.11.05-11.27.04:783][988]LogModuleManager: Shutting down and abandoning module InputBindingEditor (498)
[2018.11.05-11.27.04:783][988]LogModuleManager: Shutting down and abandoning module MergeActors (496)
[2018.11.05-11.27.04:783][988]LogModuleManager: Shutting down and abandoning module LocalizationDashboard (494)
[2018.11.05-11.27.04:783][988]LogModuleManager: Shutting down and abandoning module LocalizationService (493)
[2018.11.05-11.27.04:783][988]LogModuleManager: Shutting down and abandoning module HardwareTargeting (490)
[2018.11.05-11.27.04:783][988]LogModuleManager: Shutting down and abandoning module DeviceProfileEditor (488)
[2018.11.05-11.27.04:783][988]LogModuleManager: Shutting down and abandoning module UndoHistory (486)
[2018.11.05-11.27.04:783][988]LogModuleManager: Shutting down and abandoning module XmlParser (484)
[2018.11.05-11.27.04:783][988]LogModuleManager: Shutting down and abandoning module Blutility (482)
[2018.11.05-11.27.04:783][988]LogModuleManager: Shutting down and abandoning module ProjectSettingsViewer (480)
[2018.11.05-11.27.04:783][988]LogModuleManager: Shutting down and abandoning module ProjectTargetPlatformEditor (479)
[2018.11.05-11.27.04:783][988]LogModuleManager: Shutting down and abandoning module EditorSettingsViewer (476)
[2018.11.05-11.27.04:783][988]LogModuleManager: Shutting down and abandoning module SettingsEditor (474)
[2018.11.05-11.27.04:783][988]LogModuleManager: Shutting down and abandoning module ProjectLauncher (472)
[2018.11.05-11.27.04:783][988]LogModuleManager: Shutting down and abandoning module SessionFrontend (470)
[2018.11.05-11.27.04:783][988]LogModuleManager: Shutting down and abandoning module ProfilerClient (468)
[2018.11.05-11.27.04:783][988]LogModuleManager: Shutting down and abandoning module DeviceManager (466)
[2018.11.05-11.27.04:783][988]LogModuleManager: Shutting down and abandoning module TargetDeviceServices (465)
[2018.11.05-11.27.04:838][988]LogModuleManager: Shutting down and abandoning module AutomationController (462)
[2018.11.05-11.27.04:838][988]LogModuleManager: Shutting down and abandoning module AutomationWindow (460)
[2018.11.05-11.27.04:838][988]LogModuleManager: Shutting down and abandoning module Layers (458)
[2018.11.05-11.27.04:838][988]LogModuleManager: Shutting down and abandoning module ComponentVisualizers (456)
[2018.11.05-11.27.04:838][988]LogModuleManager: Shutting down and abandoning module DetailCustomizations (454)
[2018.11.05-11.27.04:838][988]LogModuleManager: Shutting down and abandoning module PackagesDialog (452)
[2018.11.05-11.27.04:838][988]LogModuleManager: Shutting down and abandoning module Persona (450)
[2018.11.05-11.27.04:838][988]LogModuleManager: Shutting down and abandoning module AdvancedPreviewScene (449)
[2018.11.05-11.27.04:838][988]LogModuleManager: Shutting down and abandoning module AnimGraph (447)
[2018.11.05-11.27.04:838][988]LogModuleManager: Shutting down and abandoning module Kismet (444)
[2018.11.05-11.27.04:838][988]LogModuleManager: Shutting down and abandoning module GraphEditor (442)
[2018.11.05-11.27.04:838][988]LogModuleManager: Shutting down and abandoning module ClassViewer (440)
[2018.11.05-11.27.04:838][988]LogModuleManager: Shutting down and abandoning module Toolbox (438)
[2018.11.05-11.27.04:838][988]LogModuleManager: Shutting down and abandoning module ModuleUI (436)
[2018.11.05-11.27.04:839][988]LogModuleManager: Shutting down and abandoning module MovieSceneTools (434)
[2018.11.05-11.27.04:839][988]LogModuleManager: Shutting down and abandoning module OutputLog (432)
[2018.11.05-11.27.04:839][988]LogModuleManager: Shutting down and abandoning module GammaUI (430)
[2018.11.05-11.27.04:839][988]LogModuleManager: Shutting down and abandoning module Documentation (428)
[2018.11.05-11.27.04:839][988]LogModuleManager: Shutting down and abandoning module MovieSceneTracks (426)
[2018.11.05-11.27.04:839][988]LogModuleManager: Shutting down and abandoning module MovieScene (424)
[2018.11.05-11.27.04:839][988]LogModuleManager: Shutting down and abandoning module StreamingPauseRendering (422)
[2018.11.05-11.27.04:839][988]LogModuleManager: Shutting down and abandoning module LauncherPlatform (420)
[2018.11.05-11.27.04:839][988]LogModuleManager: Shutting down and abandoning module AnalyticsET (418)
[2018.11.05-11.27.04:839][988]LogModuleManager: Shutting down and abandoning module PortalServices (416)
[2018.11.05-11.27.04:839][988]LogModuleManager: Shutting down and abandoning module PortalRpc (414)
[2018.11.05-11.27.04:839][988]LogModuleManager: Shutting down and abandoning module MessagingRpc (412)
[2018.11.05-11.27.04:839][988]LogModuleManager: Shutting down and abandoning module AIModule (410)
[2018.11.05-11.27.04:839][988]LogModuleManager: Shutting down and abandoning module GameplayDebugger (409)
[2018.11.05-11.27.04:839][988]LogModuleManager: Shutting down and abandoning module AITestSuite (407)
[2018.11.05-11.27.04:839][988]LogModuleManager: Shutting down and abandoning module NavigationSystem (405)
[2018.11.05-11.27.04:839][988]LogModuleManager: Shutting down and abandoning module DesktopPlatform (402)
[2018.11.05-11.27.04:839][988]LogModuleManager: Shutting down and abandoning module ProfilerService (400)
[2018.11.05-11.27.04:856][988]LogModuleManager: Shutting down and abandoning module TaskGraph (398)
[2018.11.05-11.27.04:857][988]LogModuleManager: Shutting down and abandoning module SteamVRController (396)
[2018.11.05-11.27.04:857][988]LogModuleManager: Shutting down and abandoning module ProceduralMeshComponentEditor (394)
[2018.11.05-11.27.04:857][988]LogModuleManager: Shutting down and abandoning module ProceduralMeshComponent (392)
[2018.11.05-11.27.04:857][988]LogModuleManager: Shutting down and abandoning module OculusInput (390)
[2018.11.05-11.27.04:857][988]LogModuleManager: Shutting down and abandoning module MobilePatchingUtils (388)
[2018.11.05-11.27.04:857][988]LogModuleManager: Shutting down and abandoning module EditableMesh (386)
[2018.11.05-11.27.04:857][988]LogModuleManager: Shutting down and abandoning module CustomMeshComponent (384)
[2018.11.05-11.27.04:857][988]LogModuleManager: Shutting down and abandoning module CableComponent (382)
[2018.11.05-11.27.04:857][988]LogModuleManager: Shutting down and abandoning module AudioCapture (380)
[2018.11.05-11.27.04:857][988]LogModuleManager: Shutting down and abandoning module ArchVisCharacter (378)
[2018.11.05-11.27.04:857][988]LogModuleManager: Shutting down and abandoning module AndroidPermission (376)
[2018.11.05-11.27.04:857][988]LogModuleManager: Shutting down and abandoning module NUTUnrealEngine4 (374)
[2018.11.05-11.27.04:857][988]LogModuleManager: Shutting down and abandoning module NetcodeUnitTest (372)
[2018.11.05-11.27.04:857][988]LogModuleManager: Shutting down and abandoning module MediaCompositingEditor (370)
[2018.11.05-11.27.04:857][988]LogModuleManager: Shutting down and abandoning module MediaCompositing (368)
[2018.11.05-11.27.04:857][988]LogModuleManager: Shutting down and abandoning module LinearTimecode (366)
[2018.11.05-11.27.04:857][988]LogModuleManager: Shutting down and abandoning module ImgMedia (364)
[2018.11.05-11.27.04:862][988]LogModuleManager: Shutting down and abandoning module HTML5Networking (362)
[2018.11.05-11.27.04:862][988]LogModuleManager: Shutting down and abandoning module GeometryCacheTracks (360)
[2018.11.05-11.27.04:862][988]LogModuleManager: Shutting down and abandoning module GeometryCacheSequencer (358)
[2018.11.05-11.27.04:862][988]LogModuleManager: Shutting down and abandoning module BackChannel (356)
[2018.11.05-11.27.04:862][988]LogModuleManager: Shutting down and abandoning module AppleVision (354)
[2018.11.05-11.27.04:862][988]LogModuleManager: Shutting down and abandoning module AppleImageUtils (352)
[2018.11.05-11.27.04:862][988]LogModuleManager: Shutting down and abandoning module AlembicImporter (350)
[2018.11.05-11.27.04:862][988]LogModuleManager: Shutting down and abandoning module AlembicLibrary (349)
[2018.11.05-11.27.04:862][988]LogModuleManager: Shutting down and abandoning module GeometryCache (348)
[2018.11.05-11.27.04:862][988]LogModuleManager: Shutting down and abandoning module GeometryCacheEd (347)
[2018.11.05-11.27.04:862][988]LogModuleManager: Shutting down and abandoning module DatasmithContentEditor (342)
[2018.11.05-11.27.04:862][988]LogModuleManager: Shutting down and abandoning module DatasmithContent (340)
[2018.11.05-11.27.04:862][988]LogModuleManager: Shutting down and abandoning module SpeedTreeImporter (338)
[2018.11.05-11.27.04:862][988]LogModuleManager: Shutting down and abandoning module PluginBrowser (336)
[2018.11.05-11.27.04:862][988]LogModuleManager: Shutting down and abandoning module MobileLauncherProfileWizard (334)
[2018.11.05-11.27.04:862][988]LogModuleManager: Shutting down and abandoning module PolygonModeling (332)
[2018.11.05-11.27.04:862][988]LogModuleManager: Shutting down and abandoning module MeshEditor (330)
[2018.11.05-11.27.04:862][988]LogModuleManager: Shutting down and abandoning module CryptoKeysOpenSSL (328)
[2018.11.05-11.27.04:862][988]LogModuleManager: Shutting down and abandoning module CryptoKeys (326)
[2018.11.05-11.27.04:862][988]LogModuleManager: Shutting down and abandoning module VisualStudioSourceCodeAccess (324)
[2018.11.05-11.27.04:862][988]LogModuleManager: Shutting down and abandoning module VisualStudioCodeSourceCodeAccess (322)
[2018.11.05-11.27.04:863][988]LogModuleManager: Shutting down and abandoning module UObjectPlugin (320)
[2018.11.05-11.27.04:863][988]LogModuleManager: Shutting down and abandoning module SubversionSourceControl (318)
[2018.11.05-11.27.04:863][988]LogModuleManager: Shutting down and abandoning module PerforceSourceControl (316)
[2018.11.05-11.27.04:863][988]LogModuleManager: Shutting down and abandoning module GitSourceControl (314)
[2018.11.05-11.27.04:863][988]LogModuleManager: Shutting down and abandoning module SourceControl (313)
[2018.11.05-11.27.04:863][988]LogModuleManager: Shutting down and abandoning module CLionSourceCodeAccess (310)
[2018.11.05-11.27.04:863][988]LogModuleManager: Shutting down and abandoning module LightPropagationVolumeEditor (308)
[2018.11.05-11.27.04:863][988]LogModuleManager: Shutting down and abandoning module PaperTiledImporter (306)
[2018.11.05-11.27.04:863][988]LogModuleManager: Shutting down and abandoning module PaperSpriteSheetImporter (304)
[2018.11.05-11.27.04:863][988]LogModuleManager: Shutting down and abandoning module Paper2DEditor (302)
[2018.11.05-11.27.04:863][988]LogModuleManager: Shutting down and abandoning module MeshPaint (301)
[2018.11.05-11.27.04:863][988]LogModuleManager: Shutting down and abandoning module RuntimePhysXCooking (298)
[2018.11.05-11.27.04:863][988]LogModuleManager: Shutting down and abandoning module PhysXVehiclesEditor (296)
[2018.11.05-11.27.04:863][988]LogModuleManager: Shutting down and abandoning module PhysXVehicles (294)
[2018.11.05-11.27.04:863][988]LogModuleManager: Shutting down and abandoning module OculusEditor (292)
[2018.11.05-11.27.04:863][988]LogModuleManager: Shutting down and abandoning module LocationServicesBPLibrary (290)
[2018.11.05-11.27.04:863][988]LogModuleManager: Shutting down and abandoning module ImmediatePhysicsEditor (288)
[2018.11.05-11.27.04:863][988]LogModuleManager: Shutting down and abandoning module ImmediatePhysics (286)
[2018.11.05-11.27.04:863][988]LogModuleManager: Shutting down and abandoning module ActorSequence (284)
[2018.11.05-11.27.04:863][988]LogModuleManager: Shutting down and abandoning module UdpMessaging (282)
[2018.11.05-11.27.04:964][988]LogModuleManager: Shutting down and abandoning module TcpMessaging (280)
[2018.11.05-11.27.05:064][988]LogModuleManager: Shutting down and abandoning module MagicLeapAudio (278)
[2018.11.05-11.27.05:064][988]LogModuleManager: Shutting down and abandoning module GameplayTagsEditor (276)
[2018.11.05-11.27.05:064][988]LogModuleManager: Shutting down and abandoning module FacialAnimationEditor (274)
[2018.11.05-11.27.05:064][988]LogModuleManager: Shutting down and abandoning module FacialAnimation (272)
[2018.11.05-11.27.05:064][988]LogModuleManager: Shutting down and abandoning module DataValidation (270)
[2018.11.05-11.27.05:064][988]LogModuleManager: Shutting down and abandoning module AssetManagerEditor (268)
[2018.11.05-11.27.05:064][988]LogModuleManager: Shutting down and abandoning module LevelEditor (267)
[2018.11.05-11.27.05:065][988]LogModuleManager: Shutting down and abandoning module PixelInspectorModule (266)
[2018.11.05-11.27.05:066][988]LogModuleManager: Shutting down and abandoning module CommonMenuExtensions (264)
[2018.11.05-11.27.05:066][988]LogModuleManager: Shutting down and abandoning module MainFrame (262)
[2018.11.05-11.27.05:066][988]LogModuleManager: Shutting down and abandoning module HotReload (261)
[2018.11.05-11.27.05:066][988]LogModuleManager: Shutting down and abandoning module ContentBrowser (257)
[2018.11.05-11.27.05:068][988]LogModuleManager: Shutting down and abandoning module TreeMap (255)
[2018.11.05-11.27.05:068][988]LogModuleManager: Shutting down and abandoning module LightPropagationVolumeRuntime (252)
[2018.11.05-11.27.05:068][988]LogModuleManager: Shutting down and abandoning module AISupportModule (250)
[2018.11.05-11.27.05:068][988]LogModuleManager: Shutting down and abandoning module Paper2D (248)
[2018.11.05-11.27.05:068][988]LogModuleManager: Shutting down and abandoning module WindowsMoviePlayer (246)
[2018.11.05-11.27.05:068][988]LogModuleManager: Shutting down and abandoning module WmfMedia (244)
[2018.11.05-11.27.05:070][988]LogModuleManager: Shutting down and abandoning module Media (243)
[2018.11.05-11.27.05:077][988]LogModuleManager: Shutting down and abandoning module PacketHandler (240)
[2018.11.05-11.27.05:077][988]LogModuleManager: Shutting down and abandoning module ClothingSystemEditor (238)
[2018.11.05-11.27.05:077][988]LogModuleManager: Shutting down and abandoning module ClothingSystemRuntime (236)
[2018.11.05-11.27.05:077][988]LogModuleManager: Shutting down and abandoning module MediaAssets (234)
[2018.11.05-11.27.05:077][988]LogModuleManager: Shutting down and abandoning module Overlay (232)
[2018.11.05-11.27.05:077][988]LogModuleManager: Shutting down and abandoning module OverlayEditor (231)
[2018.11.05-11.27.05:077][988]LogModuleManager: Shutting down and abandoning module VREditor (228)
[2018.11.05-11.27.05:077][988]LogModuleManager: Shutting down and abandoning module StringTableEditor (226)
[2018.11.05-11.27.05:077][988]LogModuleManager: Shutting down and abandoning module GameplayTasksEditor (224)
[2018.11.05-11.27.05:077][988]LogModuleManager: Shutting down and abandoning module BehaviorTreeEditor (222)
[2018.11.05-11.27.05:077][988]LogModuleManager: Shutting down and abandoning module FunctionalTesting (220)
[2018.11.05-11.27.05:077][988]LogModuleManager: Shutting down and abandoning module CollisionAnalyzer (218)
[2018.11.05-11.27.05:077][988]LogModuleManager: Shutting down and abandoning module WorkspaceMenuStructure (217)
[2018.11.05-11.27.05:077][988]LogModuleManager: Shutting down and abandoning module UMG (214)
[2018.11.05-11.27.05:077][988]LogModuleManager: Shutting down and abandoning module UMGEditor (213)
[2018.11.05-11.27.05:077][988]LogModuleManager: Shutting down and abandoning module Sequencer (212)
[2018.11.05-11.27.05:078][988]LogModuleManager: Shutting down and abandoning module MessageLog (209)
[2018.11.05-11.27.05:078][988]LogModuleManager: Shutting down and abandoning module SlateReflector (204)
[2018.11.05-11.27.05:078][988]LogModuleManager: Shutting down and abandoning module Slate (202)
[2018.11.05-11.27.05:078][988]LogModuleManager: Shutting down and abandoning module EditorStyle (200)
[2018.11.05-11.27.05:080][988]LogModuleManager: Shutting down and abandoning module MRMesh (198)
[2018.11.05-11.27.05:080][988]LogModuleManager: Shutting down and abandoning module SourceCodeAccess (196)
[2018.11.05-11.27.05:080][988]LogModuleManager: Shutting down and abandoning module HeadMountedDisplay (194)
[2018.11.05-11.27.05:080][988]LogModuleManager: Shutting down and abandoning module XAudio2 (192)
[2018.11.05-11.27.05:080][988]LogModuleManager: Shutting down and abandoning module Networking (190)
[2018.11.05-11.27.05:080][988]LogModuleManager: Shutting down and abandoning module Core (188)
[2018.11.05-11.27.05:080][988]LogModuleManager: Shutting down and abandoning module LevelSequence (186)
[2018.11.05-11.27.05:080][988]LogModuleManager: Shutting down and abandoning module KismetCompiler (184)
[2018.11.05-11.27.05:080][988]LogModuleManager: Shutting down and abandoning module MeshUtilities (182)
[2018.11.05-11.27.05:081][988]LogModuleManager: Shutting down and abandoning module MeshMergeUtilities (181)
[2018.11.05-11.27.05:081][988]LogModuleManager: Shutting down and abandoning module MeshReductionInterface (180)
[2018.11.05-11.27.05:081][988]LogModuleManager: Shutting down and abandoning module SimplygonSwarm (179)
[2018.11.05-11.27.05:082][988]LogModuleManager: Shutting down and abandoning module ProxyLODMeshReduction (177)
[2018.11.05-11.27.05:082][988]LogModuleManager: Shutting down and abandoning module SimplygonMeshReduction (175)
[2018.11.05-11.27.05:082][988]LogModuleManager: Shutting down and abandoning module QuadricMeshReduction (173)
[2018.11.05-11.27.05:082][988]LogModuleManager: Shutting down and abandoning module MaterialBaking (169)
[2018.11.05-11.27.05:082][988]LogModuleManager: Shutting down and abandoning module DirectoryWatcher (165)
[2018.11.05-11.27.05:082][988]LogModuleManager: Shutting down and abandoning module DerivedDataCache (162)
[2018.11.05-11.27.05:108][988]LogDerivedDataCache: Shutdown
[2018.11.05-11.27.05:108][988]LogModuleManager: Shutting down and abandoning module XGEController (160)
[2018.11.05-11.27.05:108][988]LogModuleManager: Shutting down and abandoning module TargetPlatform (158)
[2018.11.05-11.27.05:108][988]LogModuleManager: Shutting down and abandoning module VulkanShaderFormat (157)
[2018.11.05-11.27.05:108][988]LogModuleManager: Shutting down and abandoning module ShaderFormatVectorVM (155)
[2018.11.05-11.27.05:108][988]LogModuleManager: Shutting down and abandoning module ShaderFormatOpenGL (153)
[2018.11.05-11.27.05:108][988]LogModuleManager: Shutting down and abandoning module ShaderFormatD3D (151)
[2018.11.05-11.27.05:108][988]LogModuleManager: Shutting down and abandoning module MetalShaderFormat (149)
[2018.11.05-11.27.05:108][988]LogModuleManager: Shutting down and abandoning module TextureFormatUncompressed (147)
[2018.11.05-11.27.05:108][988]LogModuleManager: Shutting down and abandoning module TextureFormatPVR (145)
[2018.11.05-11.27.05:108][988]LogModuleManager: Shutting down and abandoning module TextureFormatDXT (143)
[2018.11.05-11.27.05:108][988]LogModuleManager: Shutting down and abandoning module TextureFormatIntelISPCTexComp (141)
[2018.11.05-11.27.05:109][988]LogModuleManager: Shutting down and abandoning module TextureFormatASTC (139)
[2018.11.05-11.27.05:109][988]LogModuleManager: Shutting down and abandoning module ImageWrapper (138)
[2018.11.05-11.27.05:109][988]LogModuleManager: Shutting down and abandoning module TextureFormatAndroid (135)
[2018.11.05-11.27.05:109][988]LogModuleManager: Shutting down and abandoning module AudioFormatOpus (133)
[2018.11.05-11.27.05:109][988]LogModuleManager: Shutting down and abandoning module AudioFormatOgg (131)
[2018.11.05-11.27.05:109][988]LogModuleManager: Shutting down and abandoning module AudioFormatADPCM (129)
[2018.11.05-11.27.05:109][988]LogModuleManager: Shutting down and abandoning module LuminTargetPlatform (127)
[2018.11.05-11.27.05:109][988]LogModuleManager: Shutting down and abandoning module LinuxTargetPlatform (125)
[2018.11.05-11.27.05:109][988]LogModuleManager: Shutting down and abandoning module LinuxServerTargetPlatform (123)
[2018.11.05-11.27.05:109][988]LogModuleManager: Shutting down and abandoning module LinuxNoEditorTargetPlatform (121)
[2018.11.05-11.27.05:109][988]LogModuleManager: Shutting down and abandoning module LinuxClientTargetPlatform (119)
[2018.11.05-11.27.05:109][988]LogModuleManager: Shutting down and abandoning module TVOSTargetPlatform (117)
[2018.11.05-11.27.05:109][988]LogModuleManager: Shutting down and abandoning module Messaging (115)
[2018.11.05-11.27.05:109][988]LogModuleManager: Shutting down and abandoning module IOSTargetPlatform (113)
[2018.11.05-11.27.05:110][988]LogModuleManager: Shutting down and abandoning module HTML5TargetPlatform (111)
[2018.11.05-11.27.05:110][988]LogModuleManager: Shutting down and abandoning module AndroidTargetPlatform (109)
[2018.11.05-11.27.05:117][988]LogModuleManager: Shutting down and abandoning module WindowsTargetPlatform (107)
[2018.11.05-11.27.05:117][988]LogModuleManager: Shutting down and abandoning module WindowsServerTargetPlatform (105)
[2018.11.05-11.27.05:117][988]LogModuleManager: Shutting down and abandoning module WindowsNoEditorTargetPlatform (103)
[2018.11.05-11.27.05:118][988]LogModuleManager: Shutting down and abandoning module WindowsClientTargetPlatform (101)
[2018.11.05-11.27.05:118][988]LogModuleManager: Shutting down and abandoning module MacTargetPlatform (99)
[2018.11.05-11.27.05:118][988]LogModuleManager: Shutting down and abandoning module MacServerTargetPlatform (97)
[2018.11.05-11.27.05:118][988]LogModuleManager: Shutting down and abandoning module MacNoEditorTargetPlatform (95)
[2018.11.05-11.27.05:118][988]LogModuleManager: Shutting down and abandoning module MacClientTargetPlatform (93)
[2018.11.05-11.27.05:118][988]LogModuleManager: Shutting down and abandoning module AllDesktopTargetPlatform (91)
[2018.11.05-11.27.05:118][988]LogModuleManager: Shutting down and abandoning module InputCore (88)
[2018.11.05-11.27.05:118][988]LogModuleManager: Shutting down and abandoning module Settings (86)
[2018.11.05-11.27.05:118][988]LogModuleManager: Shutting down and abandoning module PhysXCooking (84)
[2018.11.05-11.27.05:118][988]LogModuleManager: Shutting down and abandoning module SteamVR (82)
[2018.11.05-11.27.05:118][988]LogModuleManager: Shutting down and abandoning module OculusHMD (80)
[2018.11.05-11.27.05:118][988]LogModuleManager: Shutting down and abandoning module ExampleDeviceProfileSelector (78)
[2018.11.05-11.27.05:118][988]LogModuleManager: Shutting down and abandoning module LauncherChunkInstaller (76)
[2018.11.05-11.27.05:118][988]LogModuleManager: Shutting down and abandoning module OnlineBlueprintSupport (74)
[2018.11.05-11.27.05:118][988]LogModuleManager: Shutting down and abandoning module OnlineSubsystem (70)
[2018.11.05-11.27.05:119][988]LogModuleManager: Shutting down and abandoning module XMPP (65)
[2018.11.05-11.27.05:119][988]LogModuleManager: Shutting down and abandoning module WebSockets (64)
[2018.11.05-11.27.05:145][988]LogModuleManager: Shutting down and abandoning module HTTP (61)
[2018.11.05-11.27.05:145][988]LogHttp: Display: Http module shutting down, but needs to wait on 1 outstanding Http requests:
[2018.11.05-11.27.05:145][988]LogHttp: Display: 	verb=[POST] url=[https://datarouter.ol.epicgames.com/datarouter/api/v1/public/data?SessionID=%7BB8B4EC4C-44DA-A11C-6E04-FAA92988344D%7D&AppID=UEEditor.Rocket.Release&AppVersion=4.20.3-4369336%2B%2B%2BUE4%2BRelease-4.20&UserID=b47676ae4be0b1ab80dc14986621ec3b%7Cc940c79ade414b12b13aa5d68bc8d5ec%7Cde5dffb6-1fc9-4e6b-a0ed-d13ed2daa25c&AppEnvironment=datacollector-binary&UploadType=eteventstream] status=Processing
[2018.11.05-11.27.05:151][988]LogModuleManager: Shutting down and abandoning module SSL (60)
[2018.11.05-11.27.05:152][988]LogModuleManager: Shutting down and abandoning module MagicLeapEmulator (56)
[2018.11.05-11.27.05:152][988]LogModuleManager: Shutting down and abandoning module MagicLeapPrivileges (54)
[2018.11.05-11.27.05:152][988]LogModuleManager: Shutting down and abandoning module MagicLeapIdentity (52)
[2018.11.05-11.27.05:152][988]LogModuleManager: Shutting down and abandoning module MagicLeapHelperVulkan (50)
[2018.11.05-11.27.05:153][988]LogModuleManager: Shutting down and abandoning module MagicLeapHelperOpenGL (48)
[2018.11.05-11.27.05:153][988]LogModuleManager: Shutting down and abandoning module MagicLeapSecureStorage (46)
[2018.11.05-11.27.05:153][988]LogModuleManager: Shutting down and abandoning module MagicLeapGestures (44)
[2018.11.05-11.27.05:153][988]LogModuleManager: Shutting down and abandoning module MagicLeapEyeTracker (42)
[2018.11.05-11.27.05:153][988]LogModuleManager: Shutting down and abandoning module MagicLeapController (40)
[2018.11.05-11.27.05:153][988]LogSlate: Slate User Destroyed.  User Index 0, Is Virtual User: 0
[2018.11.05-11.27.05:153][988]LogModuleManager: Shutting down and abandoning module MagicLeap (38)
[2018.11.05-11.27.05:153][988]LogModuleManager: Shutting down and abandoning module AnimationModifiers (36)
[2018.11.05-11.27.05:153][988]LogModuleManager: Shutting down and abandoning module PropertyEditor (35)
[2018.11.05-11.27.05:153][988]LogModuleManager: Shutting down and abandoning module AudioEditor (32)
[2018.11.05-11.27.05:153][988]LogModuleManager: Shutting down and abandoning module TextureCompressor (30)
[2018.11.05-11.27.05:153][988]LogModuleManager: Shutting down and abandoning module ShaderCore (28)
[2018.11.05-11.27.05:153][988]LogModuleManager: Shutting down and abandoning module Landscape (26)
[2018.11.05-11.27.05:153][988]LogModuleManager: Shutting down and abandoning module SlateRHIRenderer (24)
[2018.11.05-11.27.05:153][988]LogModuleManager: Shutting down and abandoning module OpenGLDrv (22)
[2018.11.05-11.27.05:153][988]LogModuleManager: Shutting down and abandoning module D3D11RHI (20)
[2018.11.05-11.27.05:153][988]LogModuleManager: Shutting down and abandoning module AnimGraphRuntime (18)
[2018.11.05-11.27.05:153][988]LogModuleManager: Shutting down and abandoning module Renderer (16)
[2018.11.05-11.27.05:153][988]LogModuleManager: Shutting down and abandoning module Engine (14)
[2018.11.05-11.27.05:153][988]LogModuleManager: Shutting down and abandoning module CoreUObject (12)
[2018.11.05-11.27.05:153][988]LogModuleManager: Shutting down and abandoning module NetworkFile (10)
[2018.11.05-11.27.05:153][988]LogModuleManager: Shutting down and abandoning module CookedIterativeFile (8)
[2018.11.05-11.27.05:153][988]LogModuleManager: Shutting down and abandoning module StreamingFile (6)
[2018.11.05-11.27.05:153][988]LogModuleManager: Shutting down and abandoning module SandboxFile (4)
[2018.11.05-11.27.05:153][988]LogModuleManager: Shutting down and abandoning module PakFile (2)
[2018.11.05-11.27.05:161][988]LogExit: Exiting.
[2018.11.05-11.27.05:170][988]Log file closed, 11/05/18 12:27:05
