Log file open, 11/05/18 16:45:23
LogWindows: Failed to load 'aqProf.dll' (GetLastError=126)
LogWindows: File 'aqProf.dll' does not exist
LogWindows: Failed to load 'VtuneApi.dll' (GetLastError=126)
LogWindows: File 'VtuneApi.dll' does not exist
LogWindows: Failed to load 'VtuneApi32e.dll' (GetLastError=126)
LogWindows: File 'VtuneApi32e.dll' does not exist
LogInit: Display: Running engine for game: Blockout_1890
LogPlatformFile: Not using cached read wrapper
LogTaskGraph: Started task graph with 5 named threads and 11 total threads with 3 sets of task threads.
LogStats: Stats thread started at 4.311713
LogD3D11RHI: Loaded GFSDK_Aftermath_Lib.x64.dll
LogICUInternationalization: Display: ICU TimeZone Detection - Raw Offset: +1:00, Platform Override: ''
LogPluginManager: Mounting plugin Paper2D
LogPluginManager: Mounting plugin AISupport
LogPluginManager: Mounting plugin LightPropagationVolume
LogPluginManager: Mounting plugin CLionSourceCodeAccess
LogPluginManager: Mounting plugin CodeLiteSourceCodeAccess
LogPluginManager: Mounting plugin GitSourceControl
LogPluginManager: Mounting plugin KDevelopSourceCodeAccess
LogPluginManager: Mounting plugin NullSourceCodeAccess
LogPluginManager: Mounting plugin PerforceSourceControl
LogPluginManager: Mounting plugin SubversionSourceControl
LogPluginManager: Mounting plugin UObjectPlugin
LogPluginManager: Mounting plugin VisualStudioCodeSourceCodeAccess
LogPluginManager: Mounting plugin VisualStudioSourceCodeAccess
LogPluginManager: Mounting plugin XCodeSourceCodeAccess
LogPluginManager: Mounting plugin AssetManagerEditor
LogPluginManager: Mounting plugin CryptoKeys
LogPluginManager: Mounting plugin DataValidation
LogPluginManager: Mounting plugin FacialAnimation
LogPluginManager: Mounting plugin GameplayTagsEditor
LogPluginManager: Mounting plugin MacGraphicsSwitching
LogPluginManager: Mounting plugin MeshEditor
LogPluginManager: Mounting plugin MobileLauncherProfileWizard
LogPluginManager: Mounting plugin PluginBrowser
LogPluginManager: Mounting plugin SpeedTreeImporter
LogPluginManager: Mounting plugin DatasmithContent
LogPluginManager: Mounting plugin AlembicImporter
LogPluginManager: Mounting plugin AppleImageUtils
LogPluginManager: Mounting plugin AppleVision
LogPluginManager: Mounting plugin BackChannel
LogPluginManager: Mounting plugin CharacterAI
LogPluginManager: Mounting plugin GeometryCache
LogPluginManager: Mounting plugin HTML5Networking
LogPluginManager: Mounting plugin ProxyLODPlugin
LogPluginManager: Mounting plugin MagicLeap
LogPluginManager: Mounting plugin MagicLeapEmulator
LogPluginManager: Mounting plugin MagicLeapMedia
LogPluginManager: Mounting plugin AndroidMedia
LogPluginManager: Mounting plugin AvfMedia
LogPluginManager: Mounting plugin ImgMedia
LogPluginManager: Mounting plugin LinearTimecode
LogPluginManager: Mounting plugin MediaCompositing
LogPluginManager: Mounting plugin MediaPlayerEditor
LogPluginManager: Mounting plugin WmfMedia
LogPluginManager: Mounting plugin TcpMessaging
LogPluginManager: Mounting plugin UdpMessaging
LogPluginManager: Mounting plugin ActorSequence
LogPluginManager: Mounting plugin LevelSequenceEditor
LogPluginManager: Mounting plugin MatineeToLevelSequence
LogPluginManager: Mounting plugin NetcodeUnitTest
LogPluginManager: Mounting plugin NUTUnrealEngine4
LogPluginManager: Mounting plugin OnlineSubsystemGooglePlay
LogPluginManager: Mounting plugin OnlineSubsystemIOS
LogPluginManager: Mounting plugin OnlineSubsystem
LogPluginManager: Mounting plugin OnlineSubsystemNull
LogPluginManager: Mounting plugin OnlineSubsystemUtils
LogPluginManager: Mounting plugin LauncherChunkInstaller
LogPluginManager: Mounting plugin AndroidDeviceProfileSelector
LogPluginManager: Mounting plugin AndroidMoviePlayer
LogPluginManager: Mounting plugin AndroidPermission
LogPluginManager: Mounting plugin AppleMoviePlayer
LogPluginManager: Mounting plugin ArchVisCharacter
LogPluginManager: Mounting plugin AudioCapture
LogPluginManager: Mounting plugin CableComponent
LogPluginManager: Mounting plugin CustomMeshComponent
LogPluginManager: Mounting plugin EditableMesh
LogPluginManager: Mounting plugin ExampleDeviceProfileSelector
LogPluginManager: Mounting plugin GoogleCloudMessaging
LogPluginManager: Mounting plugin ImmediatePhysics
LogPluginManager: Mounting plugin IOSDeviceProfileSelector
LogPluginManager: Mounting plugin LinuxDeviceProfileSelector
LogPluginManager: Mounting plugin LocationServicesBPLibrary
LogPluginManager: Mounting plugin MobilePatchingUtils
LogPluginManager: Mounting plugin OculusVR
LogPluginManager: Plugin shader directory ../../../Engine/Plugins/Runtime/Oculus/OculusVR/Shaders found
LogPluginManager: Mapping shader source directory ../../../Engine/Plugins/Runtime/Oculus/OculusVR/Shaders to virtual directory /Plugin/OculusVR
LogPluginManager: Mounting plugin PhysXVehicles
LogPluginManager: Mounting plugin ProceduralMeshComponent
LogPluginManager: Mounting plugin RuntimePhysXCooking
LogPluginManager: Mounting plugin SteamVR
LogPluginManager: Mounting plugin WindowsMoviePlayer
LogStreaming: Display: Took  0.215s to configure plugins.
LogInit: Using libcurl 7.55.1-DEV
LogInit:  - built for x86_64-pc-win32
LogInit:  - supports SSL with OpenSSL/1.0.2h
LogInit:  - supports HTTP deflate (compression) using libz 1.2.8
LogInit:  - other features:
LogInit:      CURL_VERSION_SSL
LogInit:      CURL_VERSION_LIBZ
LogInit:      CURL_VERSION_IPV6
LogInit:      CURL_VERSION_ASYNCHDNS
LogInit:      CURL_VERSION_LARGEFILE
LogInit:      CURL_VERSION_IDN
LogInit:  CurlRequestOptions (configurable via config and command line):
LogInit:  - bVerifyPeer = false  - Libcurl will NOT verify peer certificate
LogInit:  - bUseHttpProxy = false  - Libcurl will NOT use HTTP proxy
LogInit:  - bDontReuseConnections = false  - Libcurl will reuse connections
LogInit:  - CertBundlePath = nullptr  - Libcurl will use whatever was configured at build time.
LogInit:  - MaxHostConnections = 16  - Libcurl will limit the number of connections to a host
LogInit:  - LocalHostAddr = Default
LogInit:  - BufferSize = 65536
LogInit: WinSock: version 1.1 (2.2), MaxSocks=32767, MaxUdp=65467
LogInit: Build: ++UE4+Release-4.20-CL-4369336
LogInit: Engine Version: 4.20.3-4369336+++UE4+Release-4.20
LogInit: Compatible Engine Version: 4.20.0-4212847+++UE4+Release-4.20
LogInit: Net CL: 4212847
LogInit: OS: Windows 10 (), CPU: Intel(R) Core(TM) i7-6500U CPU @ 2.50GHz, GPU: Intel(R) HD Graphics 520
LogInit: Compiled (64-bit): Sep 17 2018 12:26:19
LogInit: Compiled with Visual C++: 19.13.26129.00
LogInit: Build Configuration: Development
LogInit: Branch Name: ++UE4+Release-4.20
LogInit: Command Line:  
LogInit: Base Directory: D:/UE_4.20/Engine/Binaries/Win64/
LogInit: Installed Engine Build: 1
LogDevObjectVersion: Number of dev versions registered: 20
LogDevObjectVersion:   Dev-Blueprints (B0D832E4-1F89-4F0D-ACCF-7EB736FD4AA2): 10
LogDevObjectVersion:   Dev-Build (E1C64328-A22C-4D53-A36C-8E866417BD8C): 0
LogDevObjectVersion:   Dev-Core (375EC13C-06E4-48FB-B500-84F0262A717E): 2
LogDevObjectVersion:   Dev-Editor (E4B068ED-F494-42E9-A231-DA0B2E46BB41): 24
LogDevObjectVersion:   Dev-Framework (CFFC743F-43B0-4480-9391-14DF171D2073): 34
LogDevObjectVersion:   Dev-Mobile (B02B49B5-BB20-44E9-A304-32B752E40360): 2
LogDevObjectVersion:   Dev-Networking (A4E4105C-59A1-49B5-A7C5-40C4547EDFEE): 0
LogDevObjectVersion:   Dev-Online (39C831C9-5AE6-47DC-9A44-9C173E1C8E7C): 0
LogDevObjectVersion:   Dev-Physics (78F01B33-EBEA-4F98-B9B4-84EACCB95AA2): 0
LogDevObjectVersion:   Dev-Platform (6631380F-2D4D-43E0-8009-CF276956A95A): 0
LogDevObjectVersion:   Dev-Rendering (12F88B9F-8875-4AFC-A67C-D90C383ABD29): 26
LogDevObjectVersion:   Dev-Sequencer (7B5AE74C-D270-4C10-A958-57980B212A5A): 9
LogDevObjectVersion:   Dev-VR (D7296918-1DD6-4BDD-9DE2-64A83CC13884): 2
LogDevObjectVersion:   Dev-LoadTimes (C2A15278-BFE7-4AFE-6C17-90FF531DF755): 1
LogDevObjectVersion:   Private-Geometry (6EACA3D4-40EC-4CC1-B786-8BED09428FC5): 3
LogDevObjectVersion:   Dev-AnimPhys (29E575DD-E0A3-4627-9D10-D276232CDCEA): 17
LogDevObjectVersion:   Dev-ReflectionCapture (6B266CEC-1EC7-4B8F-A30B-E4D90942FC07): 1
LogDevObjectVersion:   Dev-Automation (0DF73D61-A23F-47EA-B727-89E90C41499A): 1
LogDevObjectVersion:   FortniteMain (601D1886-AC64-4F84-AA16-D3DE0DEAC7D6): 12
LogDevObjectVersion:   Dev-Enterprise (9DFFBCD6-494F-0158-E221-12823C92A888): 1
LogStreaming: Display: Took  0.007s to delete old logs.
LogInit: Presizing for max 8388607 objects, including 0 objects not considered by GC, pre-allocating 0 bytes for permanent pool.
LogInit: Object subsystem initialized
[2018.11.05-15.45.26:433][  0]LogInit: Selected Device Profile: [Windows]
[2018.11.05-15.45.26:433][  0]LogInit: Applying CVar settings loaded from the selected device profile: [Windows]
[2018.11.05-15.45.26:473][  0]LogHAL: Display: Platform has ~ 16 GB [17037352960 / 17179869184 / 16], which maps to Larger [LargestMinGB=32, LargerMinGB=12, DefaultMinGB=8, SmallerMinGB=6, SmallestMinGB=0)
[2018.11.05-15.45.26:480][  0]LogInit: Setting Device Profile CVar: [[r.Vulkan.UseRealUBs:1]]
[2018.11.05-15.45.26:488][  0]LogInit: Going up to parent DeviceProfile []
[2018.11.05-15.45.26:522][  0]LogInit: Computer: DESKTOP-2930BI6
[2018.11.05-15.45.26:522][  0]LogInit: User: batti
[2018.11.05-15.45.26:522][  0]LogInit: CPU Page size=4096, Cores=2
[2018.11.05-15.45.26:522][  0]LogInit: High frequency timer resolution =2.531253 MHz
[2018.11.05-15.45.26:522][  0]LogMemory: Memory total: Physical=15.9GB (16GB approx)
[2018.11.05-15.45.26:522][  0]LogMemory: Platform Memory Stats for Windows
[2018.11.05-15.45.26:522][  0]LogMemory: Process Physical Memory: 100.01 MB used, 100.01 MB peak
[2018.11.05-15.45.26:522][  0]LogMemory: Process Virtual Memory: 84.05 MB used, 84.05 MB peak
[2018.11.05-15.45.26:522][  0]LogMemory: Physical Memory: 4054.66 MB used,  12193.43 MB free, 16248.09 MB total
[2018.11.05-15.45.26:522][  0]LogMemory: Virtual Memory: 4607.11 MB used,  12193.43 MB free, 134217728.00 MB total
[2018.11.05-15.45.27:421][  0]LogInit: Using OS detected language (fr-FR).
[2018.11.05-15.45.27:421][  0]LogInit: Using OS detected locale (fr-CH).
[2018.11.05-15.45.27:486][  0]LogTextLocalizationManager: No specific localization for 'fr-FR' exists, so the 'fr' localization will be used.
[2018.11.05-15.45.27:602][  0]LogStreaming: Display: Took  0.162s to InitEngineTextLocalization.
[2018.11.05-15.45.27:610][  0]LogInit: Setting process to per monitor DPI aware
[2018.11.05-15.45.28:108][  0]LogSlate: New Slate User Created.  User Index 0, Is Virtual User: 0
[2018.11.05-15.45.28:108][  0]LogSlate: Slate User Registered.  User Index 0, Is Virtual User: 0
[2018.11.05-15.45.30:320][  0]LogHMD: Failed to initialize OpenVR with code 110
[2018.11.05-15.45.30:320][  0]LogD3D11RHI: D3D11 adapters:
[2018.11.05-15.45.30:361][  0]LogD3D11RHI:    0. 'NVIDIA GeForce 940MX' (Feature Level 11_0)
[2018.11.05-15.45.30:361][  0]LogD3D11RHI:       2019/0/8124 MB DedicatedVideo/DedicatedSystem/SharedSystem, Outputs:1, VendorId:0x10de
[2018.11.05-15.45.30:434][  0]LogD3D11RHI:    1. 'Intel(R) HD Graphics 520' (Feature Level 11_0)
[2018.11.05-15.45.30:434][  0]LogD3D11RHI:       128/0/8124 MB DedicatedVideo/DedicatedSystem/SharedSystem, Outputs:0, VendorId:0x8086
[2018.11.05-15.45.30:437][  0]LogD3D11RHI:    2. 'Microsoft Basic Render Driver' (Feature Level 11_0)
[2018.11.05-15.45.30:437][  0]LogD3D11RHI:       0/0/8124 MB DedicatedVideo/DedicatedSystem/SharedSystem, Outputs:0, VendorId:0x1414
[2018.11.05-15.45.30:438][  0]LogD3D11RHI: Chosen D3D11 Adapter: 0
[2018.11.05-15.45.30:490][  0]LogD3D11RHI: Creating new Direct3DDevice
[2018.11.05-15.45.30:490][  0]LogD3D11RHI:     GPU DeviceId: 0x179c (for the marketing name, search the web for "GPU Device Id")
[2018.11.05-15.45.30:497][  0]LogWindows: EnumDisplayDevices:
[2018.11.05-15.45.30:498][  0]LogWindows:    0. 'Intel(R) HD Graphics 520' (P:1 D:1)
[2018.11.05-15.45.30:499][  0]LogWindows:    1. 'Intel(R) HD Graphics 520' (P:0 D:0)
[2018.11.05-15.45.30:499][  0]LogWindows:    2. 'Intel(R) HD Graphics 520' (P:0 D:0)
[2018.11.05-15.45.30:500][  0]LogWindows: DebugString: PrimaryIsNotTheChoosenAdapter PrimaryIsNotTheChoosenAdapter PrimaryIsNotTheChoosenAdapter FoundDriverCount:0 
[2018.11.05-15.45.30:500][  0]LogD3D11RHI:     Adapter Name: NVIDIA GeForce 940MX
[2018.11.05-15.45.30:500][  0]LogD3D11RHI:   Driver Version: Unknown (internal:Unknown, unified:Unknown)
[2018.11.05-15.45.30:500][  0]LogD3D11RHI:      Driver Date: Unknown
[2018.11.05-15.45.30:500][  0]LogRHI: Texture pool is 1413 MB (70% of 2019 MB)
[2018.11.05-15.45.30:529][  0]LogD3D11RHI: Async texture creation enabled
[2018.11.05-15.45.30:756][  0]LogD3D11RHI: GPU Timing Frequency: 1000.000000 (Debug: 2 2)
[2018.11.05-15.45.30:825][  0]LogShaderCompilers: Guid format shader working directory is 10 characters bigger than the processId version (C:/Users/batti/Desktop/Blockout_1890/Intermediate/Shaders/WorkingDirectory/4148/).
[2018.11.05-15.45.30:825][  0]LogShaderCompilers: Cleaned the shader compiler working directory 'C:/Users/batti/AppData/Local/Temp/UnrealShaderWorkingDir/2E71C8F1445D63A1E456EA934D224257/'.
[2018.11.05-15.45.31:983][  0]LogTemp: Display: Loaded TP AllDesktopTargetPlatform
[2018.11.05-15.45.32:022][  0]LogTemp: Display: Loaded TP MacClientTargetPlatform
[2018.11.05-15.45.32:062][  0]LogTemp: Display: Loaded TP MacNoEditorTargetPlatform
[2018.11.05-15.45.32:091][  0]LogTemp: Display: Loaded TP MacServerTargetPlatform
[2018.11.05-15.45.32:128][  0]LogTemp: Display: Loaded TP MacTargetPlatform
[2018.11.05-15.45.32:174][  0]LogTemp: Display: Loaded TP WindowsClientTargetPlatform
[2018.11.05-15.45.32:211][  0]LogTemp: Display: Loaded TP WindowsNoEditorTargetPlatform
[2018.11.05-15.45.32:242][  0]LogTemp: Display: Loaded TP WindowsServerTargetPlatform
[2018.11.05-15.45.32:260][  0]LogTemp: Display: Loaded TP WindowsTargetPlatform
[2018.11.05-15.45.32:447][  0]LogTemp: Display: Loaded TP AndroidTargetPlatform
[2018.11.05-15.45.32:447][  0]LogTemp: Display: Loaded TP AndroidTargetPlatform
[2018.11.05-15.45.32:447][  0]LogTemp: Display: Loaded TP AndroidTargetPlatform
[2018.11.05-15.45.32:447][  0]LogTemp: Display: Loaded TP AndroidTargetPlatform
[2018.11.05-15.45.32:447][  0]LogTemp: Display: Loaded TP AndroidTargetPlatform
[2018.11.05-15.45.32:447][  0]LogTemp: Display: Loaded TP AndroidTargetPlatform
[2018.11.05-15.45.32:447][  0]LogTemp: Display: Loaded TP AndroidTargetPlatform
[2018.11.05-15.45.32:447][  0]LogTemp: Display: Loaded TP AndroidTargetPlatform
[2018.11.05-15.45.32:447][  0]LogTemp: Display: Loaded TP AndroidTargetPlatform
[2018.11.05-15.45.32:447][  0]LogTemp: Display: Loaded TP AndroidTargetPlatform
[2018.11.05-15.45.32:447][  0]LogTemp: Display: Loaded TP AndroidTargetPlatform
[2018.11.05-15.45.32:447][  0]LogTemp: Display: Loaded TP AndroidTargetPlatform
[2018.11.05-15.45.32:447][  0]LogTemp: Display: Loaded TP AndroidTargetPlatform
[2018.11.05-15.45.32:447][  0]LogTemp: Display: Loaded TP AndroidTargetPlatform
[2018.11.05-15.45.32:447][  0]LogTemp: Display: Loaded TP AndroidTargetPlatform
[2018.11.05-15.45.32:447][  0]LogTemp: Display: Loaded TP AndroidTargetPlatform
[2018.11.05-15.45.32:447][  0]LogTemp: Display: Loaded TP AndroidTargetPlatform
[2018.11.05-15.45.32:447][  0]LogTemp: Display: Loaded TP AndroidTargetPlatform
[2018.11.05-15.45.32:453][  0]LogTemp: Display: Loaded TP HTML5TargetPlatform
[2018.11.05-15.45.32:635][  0]LogTemp: Display: Loaded TP IOSTargetPlatform
[2018.11.05-15.45.32:635][  0]LogTemp: Display: Loaded TP IOSTargetPlatform
[2018.11.05-15.45.32:669][  0]LogTemp: Display: Loaded TP TVOSTargetPlatform
[2018.11.05-15.45.32:669][  0]LogTemp: Display: Loaded TP TVOSTargetPlatform
[2018.11.05-15.45.32:691][  0]LogTemp: Display: Loaded TP LinuxClientTargetPlatform
[2018.11.05-15.45.32:721][  0]LogTemp: Display: Loaded TP LinuxNoEditorTargetPlatform
[2018.11.05-15.45.32:751][  0]LogTemp: Display: Loaded TP LinuxServerTargetPlatform
[2018.11.05-15.45.32:803][  0]LogTemp: Display: Loaded TP LinuxTargetPlatform
[2018.11.05-15.45.32:831][  0]LogTemp: Display: Loaded TP LuminTargetPlatform
[2018.11.05-15.45.32:831][  0]LogTargetPlatformManager: Display: Building Assets For Windows
[2018.11.05-15.45.33:817][  0]LogXGEController: Cleaning working directory: C:/Users/batti/AppData/Local/Temp/UnrealXGEWorkingDir/
[2018.11.05-15.45.33:817][  0]LogXGEController: Cannot use XGE Controller as Incredibuild is not installed on this machine.
[2018.11.05-15.45.33:817][  0]LogShaderCompilers: Cannot use XGE Shader Compiler as Incredibuild is not installed on this machine.
[2018.11.05-15.45.33:817][  0]LogShaderCompilers: Display: Using Local Shader Compiler.
[2018.11.05-15.45.36:048][  0]LogDerivedDataCache: Display: Max Cache Size: 512 MB
[2018.11.05-15.45.36:739][  0]LogDerivedDataCache: Loaded boot cache 0.69s 71MB C:/Users/batti/AppData/Local/UnrealEngine/4.20/DerivedDataCache/Boot.ddc.
[2018.11.05-15.45.36:740][  0]LogDerivedDataCache: Display: Loaded Boot cache: C:/Users/batti/AppData/Local/UnrealEngine/4.20/DerivedDataCache/Boot.ddc
[2018.11.05-15.45.36:740][  0]LogDerivedDataCache: FDerivedDataBackendGraph:  Pak pak cache file C:/Users/batti/Desktop/Blockout_1890/DerivedDataCache/DDC.ddp not found, will not use a pak cache.
[2018.11.05-15.45.36:740][  0]LogDerivedDataCache: Unable to find inner node Pak for hierarchical cache Hierarchy.
[2018.11.05-15.45.36:740][  0]LogDerivedDataCache: FDerivedDataBackendGraph:  CompressedPak pak cache file C:/Users/batti/Desktop/Blockout_1890/DerivedDataCache/Compressed.ddp not found, will not use a pak cache.
[2018.11.05-15.45.36:740][  0]LogDerivedDataCache: Unable to find inner node CompressedPak for hierarchical cache Hierarchy.
[2018.11.05-15.45.36:851][  0]LogDerivedDataCache: Display: Pak cache opened for reading ../../../Engine/DerivedDataCache/Compressed.ddp.
[2018.11.05-15.45.36:864][  0]LogDerivedDataCache: Using Local data cache path C:/Users/batti/AppData/Local/UnrealEngine/Common/DerivedDataCache: Writable
[2018.11.05-15.45.36:864][  0]LogDerivedDataCache: Shared data cache path not found in *engine.ini, will not use an Shared cache.
[2018.11.05-15.45.36:864][  0]LogDerivedDataCache: Unable to find inner node Shared for hierarchical cache Hierarchy.
[2018.11.05-15.45.36:927][  0]LogMaterial: Verifying Global Shaders for PCD3D_SM5
[2018.11.05-15.45.36:958][  0]LogSlate: Using FreeType 2.6.0
[2018.11.05-15.45.37:055][  0]LogSlate: SlateFontServices - WITH_FREETYPE: 1, WITH_HARFBUZZ: 1
[2018.11.05-15.45.37:593][  0]LogAssetRegistry: FAssetRegistry took 0.0323 seconds to start up
[2018.11.05-15.45.40:395][  0]LogInit: Selected Device Profile: [Windows]
[2018.11.05-15.45.43:101][  0]LogSimplygon: Simplygon DLL not present - disabling.
[2018.11.05-15.45.43:231][  0]LogMeshReduction: Using SimplygonSwarm for distributed automatic mesh merging
[2018.11.05-15.45.43:231][  0]LogMeshReduction: Using ProxyLODMeshReduction for automatic mesh merging
[2018.11.05-15.45.43:240][  0]LogMeshReduction: Using QuadricMeshReduction for automatic static mesh reduction
[2018.11.05-15.45.43:240][  0]LogMeshReduction: No automatic skeletal mesh reduction module available
[2018.11.05-15.45.43:620][  0]LogNetVersion: Blockout_1890 1.0.0, NetCL: 4212847, EngineNetVer: 5, GameNetVer: 0 (Checksum: 179647709)
[2018.11.05-15.45.47:365][  0]LogPackageLocalizationCache: Processed 11 localized package path(s) for 2 prioritized culture(s) in 0.167763 seconds
[2018.11.05-15.45.47:418][  0]LogUObjectArray: 38425 objects as part of root set at end of initial load.
[2018.11.05-15.45.47:418][  0]LogUObjectAllocator: 6690864 out of 0 bytes used by permanent object pool.
[2018.11.05-15.45.47:418][  0]LogUObjectArray: CloseDisregardForGC: 0/0 objects in disregard for GC pool
[2018.11.05-15.45.58:178][  0]LogTcpMessaging: Initializing TcpMessaging bridge
[2018.11.05-15.45.58:244][  0]LogUdpMessaging: Initializing bridge on interface 0.0.0.0:0 to multicast group 230.0.0.1:6666.
[2018.11.05-15.45.59:178][  0]SourceControl: Source control is disabled
[2018.11.05-15.45.59:179][  0]SourceControl: Source control is disabled
[2018.11.05-15.45.59:280][  0]SourceControl: Source control is disabled
[2018.11.05-15.45.59:300][  0]SourceControl: Source control is disabled
[2018.11.05-15.46.00:579][  0]LogAndroidPermission: UAndroidPermissionCallbackProxy::GetInstance
[2018.11.05-15.46.00:792][  0]LogOcInput: OculusInput pre-init called
[2018.11.05-15.46.01:309][  0]LogEngine: Initializing Engine...
[2018.11.05-15.46.01:335][  0]LogHMD: Failed to initialize OpenVR with code 110
[2018.11.05-15.46.01:362][  0]LogStats: UGameplayTagsManager::ConstructGameplayTagTree: ImportINI prefixes -  0.001 s
[2018.11.05-15.46.01:362][  0]LogStats: UGameplayTagsManager::ConstructGameplayTagTree: Construct from data asset -  0.000 s
[2018.11.05-15.46.01:362][  0]LogStats: UGameplayTagsManager::ConstructGameplayTagTree: ImportINI -  0.000 s
[2018.11.05-15.46.01:362][  0]LogStats: UGameplayTagsManager::ConstructGameplayTagTree: GameplayTagTreeChangedEvent.Broadcast -  0.000 s
[2018.11.05-15.46.02:010][  0]LogInit: Initializing FReadOnlyCVARCache
[2018.11.05-15.46.02:288][  0]LogAIModule: Creating AISystem for world Untitled
[2018.11.05-15.46.02:451][  0]LogInit: XAudio2 using 'Speakers (Conexant SmartAudio HD)' : 2 channels at 48 kHz using 32 bits per sample (channel mask 0x3)
[2018.11.05-15.46.02:628][  0]LogInit: FAudioDevice initialized.
[2018.11.05-15.46.02:628][  0]LogNetVersion: Set ProjectVersion to 1.0.0.0. Version Checksum will be recalculated on next use.
[2018.11.05-15.46.02:725][  0]LogDerivedDataCache: Saved boot cache 0.10s 71MB C:/Users/batti/AppData/Local/UnrealEngine/4.20/DerivedDataCache/Boot.ddc.
[2018.11.05-15.46.02:738][  0]LogInit: Texture streaming: Enabled
[2018.11.05-15.46.02:920][  0]LogEngineSessionManager: EngineSessionManager initialized
[2018.11.05-15.46.03:012][  0]LogInit: Transaction tracking system initialized
[2018.11.05-15.46.03:356][  0]BlueprintLog: New page: Editor Load
[2018.11.05-15.46.04:655][  0]LocalizationService: Localization service is disabled
[2018.11.05-15.46.07:340][  0]LogCook: Display: Max memory allowance for cook 16384mb min free memory 0mb
[2018.11.05-15.46.07:360][  0]LogCook: Display: Mobile HDR setting 1
[2018.11.05-15.46.07:361][  0]LogGameplayTags: Display: UGameplayTagsManager::DoneAddingNativeTags. DelegateIsBound: 0
[2018.11.05-15.46.07:361][  0]LogStats: UGameplayTagsManager::ConstructGameplayTagTree: ImportINI prefixes -  0.000 s
[2018.11.05-15.46.07:361][  0]LogStats: UGameplayTagsManager::ConstructGameplayTagTree: Construct from data asset -  0.000 s
[2018.11.05-15.46.07:361][  0]LogStats: UGameplayTagsManager::ConstructGameplayTagTree: ImportINI -  0.000 s
[2018.11.05-15.46.07:361][  0]LogStats: UGameplayTagsManager::ConstructGameplayTagTree: GameplayTagTreeChangedEvent.Broadcast -  0.000 s
[2018.11.05-15.46.07:586][  0]LogFileCache: Scanning file cache for directory 'C:/Users/batti/Desktop/Blockout_1890/Content/' took 0.05s
[2018.11.05-15.46.09:867][  0]SourceControl: Source control is disabled
[2018.11.05-15.46.09:897][  0]Cmd: MAP LOAD FILE="C:/Users/batti/Desktop/Blockout_1890/Content/StarterContent/Maps/Minimal_Default.umap" TEMPLATE=0 SHOWPROGRESS=1 FEATURELEVEL=3
[2018.11.05-15.46.09:917][  0]LightingResults: New page: Lighting Build
[2018.11.05-15.46.10:160][  0]MapCheck: New page: Map Check
[2018.11.05-15.46.10:160][  0]LightingResults: New page: Lighting Build
[2018.11.05-15.46.11:270][  0]LogLinker: Warning: Can't find file '/Game/StarterContent/Textures/T_Wood_Floor_Walnut_M'
[2018.11.05-15.46.11:270][  0]LogLinker: Warning: Can't find file for asset '/Game/StarterContent/Textures/T_Wood_Floor_Walnut_M' while loading C:/Users/batti/Desktop/Blockout_1890/Content/StarterContent/Materials/M_Wood_Floor_Walnut_Polished.uasset.
[2018.11.05-15.46.11:270][  0]LoadErrors: Error: /Game/StarterContent/Materials/M_Wood_Floor_Walnut_Polished : Can't find file for asset. /Game/StarterContent/Textures/T_Wood_Floor_Walnut_M
[2018.11.05-15.46.11:282][  0]LogLinker: Warning: Can't find file '/Game/StarterContent/Textures/T_Wood_Floor_Walnut_M'
[2018.11.05-15.46.11:282][  0]LogLinker: Warning: Can't find file for asset '/Game/StarterContent/Textures/T_Wood_Floor_Walnut_M' while loading C:/Users/batti/Desktop/Blockout_1890/Content/StarterContent/Materials/M_Wood_Floor_Walnut_Polished.uasset.
[2018.11.05-15.46.11:282][  0]LoadErrors: Error: /Game/StarterContent/Materials/M_Wood_Floor_Walnut_Polished : Can't find file for asset. /Game/StarterContent/Textures/T_Wood_Floor_Walnut_M
[2018.11.05-15.46.11:604][  0]LogLinker: Warning: Can't find file '/Game/StarterContent/Textures/T_Wood_Floor_Walnut_M'
[2018.11.05-15.46.11:604][  0]LoadErrors: Failed to load /Game/StarterContent/Textures/T_Wood_Floor_Walnut_M.T_Wood_Floor_Walnut_M Referenced by MaterialExpressionTextureSample_2
[2018.11.05-15.46.11:604][  0]LogLinker: Warning: Can't find file for asset '/Game/StarterContent/Textures/T_Wood_Floor_Walnut_M' while loading NULL.
[2018.11.05-15.46.11:604][  0]LoadErrors: Failed to load /Game/StarterContent/Textures/T_Wood_Floor_Walnut_M.T_Wood_Floor_Walnut_M Referenced by MaterialExpressionTextureSample_2
[2018.11.05-15.46.11:987][  0]LogMaterial: Display: Missing cached shader map for material M_Wood_Floor_Walnut_Polished, compiling. 
[2018.11.05-15.46.12:025][  0]LogMaterial: Warning: C:\Users\batti\Desktop\Blockout_1890\Content\StarterContent\Materials\M_Wood_Floor_Walnut_Polished.uasset: Failed to compile Material for platform PCD3D_SM5, Default Material will be used in game.
[2018.11.05-15.46.12:025][  0]LogMaterial: 	(Node TextureSample) Alpha is AO> Missing input texture
[2018.11.05-15.46.12:230][  0]LogAIModule: Creating AISystem for world Minimal_Default
[2018.11.05-15.46.12:565][  0]LogEditorServer: Finished looking for orphan Actors (0.000 secs)
[2018.11.05-15.46.12:670][  0]Cmd: MAP CHECKDEP NOCLEARLOG
[2018.11.05-15.46.12:819][  0]MapCheck: Map check complete: 0 Error(s), 0 Warning(s), took 148.393ms to complete.
[2018.11.05-15.46.12:819][  0]LogFileHelpers: Loading map 'Minimal_Default' took 2.947
[2018.11.05-15.46.14:049][  0]LogSlate: Updating window title bar state: overlay mode, drag disabled, window buttons hidden, title bar hidden
[2018.11.05-15.46.14:080][  0]LogSlate: Updating window title bar state: overlay mode, drag disabled, window buttons hidden, title bar hidden
[2018.11.05-15.46.14:093][  0]LogSlate: Updating window title bar state: overlay mode, drag disabled, window buttons hidden, title bar hidden
[2018.11.05-15.46.14:105][  0]LogSlate: Updating window title bar state: overlay mode, drag disabled, window buttons hidden, title bar hidden
[2018.11.05-15.46.14:239][  0]LogCollectionManager: Loaded 0 collections in 0.004573 seconds
[2018.11.05-15.46.14:391][  0]LogFileCache: Scanning file cache for directory 'C:/Users/batti/Desktop/Blockout_1890/Saved/Collections/' took 0.01s
[2018.11.05-15.46.14:392][  0]LogFileCache: Scanning file cache for directory 'C:/Users/batti/Desktop/Blockout_1890/Content/Developers/batti/Collections/' took 0.01s
[2018.11.05-15.46.14:392][  0]LogFileCache: Scanning file cache for directory 'C:/Users/batti/Desktop/Blockout_1890/Content/Collections/' took 0.01s
[2018.11.05-15.46.14:392][  0]LogCollectionManager: Rebuilt the GUID cache for 0 collections in 0.000000 seconds
[2018.11.05-15.46.14:422][  0]LogContentBrowser: Native class hierarchy populated in 0.0268 seconds. Added 2572 classes and 603 folders.
[2018.11.05-15.46.14:505][  0]LogContentBrowser: Native class hierarchy updated for 'WidgetCarousel' in 0.0003 seconds. Added 0 classes and 0 folders.
[2018.11.05-15.46.15:868][  0]LogContentBrowser: Native class hierarchy updated for 'AddContentDialog' in 0.0004 seconds. Added 0 classes and 0 folders.
[2018.11.05-15.46.15:975][  0]LogContentBrowser: Native class hierarchy updated for 'SceneOutliner' in 0.0004 seconds. Added 1 classes and 2 folders.
[2018.11.05-15.46.16:456][  0]LogSlate: Took 0.008622 seconds to synchronously load lazily loaded font '../../../Engine/Content/Slate/Fonts/Roboto-Regular.ttf' (155K)
[2018.11.05-15.46.16:481][  0]LogSlate: Took 0.020275 seconds to synchronously load lazily loaded font '../../../Engine/Content/Slate/Fonts/Roboto-Bold.ttf' (160K)
[2018.11.05-15.46.16:557][  0]LogSlate: Took 0.016249 seconds to synchronously load lazily loaded font '../../../Engine/Content/Editor/Slate/Fonts/FontAwesome.ttf' (139K)
[2018.11.05-15.46.17:052][  0]LogRenderer: Reallocating scene render targets to support 1208x552 Format 10 NumSamples 1 (Frame:1).
[2018.11.05-15.46.17:836][  0]LogContentBrowser: Native class hierarchy updated for 'HierarchicalLODOutliner' in 0.0003 seconds. Added 0 classes and 0 folders.
[2018.11.05-15.46.17:836][  0]LogLoad: (Engine Initialization) Total time: 72.04 seconds
[2018.11.05-15.46.17:836][  0]LogLoad: (Engine Initialization) Total Blueprint compile time: 0.00 seconds
[2018.11.05-15.46.17:946][  0]LogContentStreaming: Texture pool size now 1000 MB
[2018.11.05-15.46.17:968][  0]LogSlate: FSceneViewport::OnFocusLost() reason 2
[2018.11.05-15.46.18:084][  0]LogSlate: Took 0.009188 seconds to synchronously load lazily loaded font '../../../Engine/Content/Slate/Fonts/Roboto-Light.ttf' (167K)
[2018.11.05-15.46.18:371][  4]LogAssetRegistry: Asset discovery search completed in 40.8035 seconds
[2018.11.05-15.46.18:377][  4]LogCollectionManager: Rebuilt the object cache for 0 collections in 0.000000 seconds (found 0 objects)
[2018.11.05-15.46.18:377][  4]LogCollectionManager: Fixed up redirectors for 0 collections in 0.000096 seconds (updated 0 objects)
[2018.11.05-15.46.24:673][340]LogSlate: Window 'Message Log' being destroyed
[2018.11.05-15.46.24:678][340]LogSlate: Window 'Message Log' being destroyed
[2018.11.05-15.46.30:088][631]LogSlate: FSceneViewport::OnFocusLost() reason 0
[2018.11.05-15.48.20:248][326]LogSlate: Prevented a slow task dialog from being summoned while a context menu was open
[2018.11.05-15.48.20:254][326]LogLinker: Warning: Can't find file '/Game/ParagonSparrow/Characters/Maps/Sparrow_BuiltData'
[2018.11.05-15.48.20:254][326]LogLinker: Warning: Can't find file for asset '/Game/ParagonSparrow/Characters/Maps/Sparrow_BuiltData' while loading C:/Users/batti/Desktop/Blockout_1890/Content/ParagonSparrow/Characters/Maps/Sparrow.umap.
[2018.11.05-15.48.20:254][326]LoadErrors: Error: /Game/ParagonSparrow/Characters/Maps/Sparrow : Can't find file for asset. /Game/ParagonSparrow/Characters/Maps/Sparrow_BuiltData
[2018.11.05-15.48.20:254][326]LogLinker: Warning: Can't find file '/Game/ParagonSparrow/Characters/Maps/BackGroundAssets/M_HDRSky'
[2018.11.05-15.48.20:255][326]LogLinker: Warning: Can't find file for asset '/Game/ParagonSparrow/Characters/Maps/BackGroundAssets/M_HDRSky' while loading C:/Users/batti/Desktop/Blockout_1890/Content/ParagonSparrow/Characters/Maps/Sparrow.umap.
[2018.11.05-15.48.20:255][326]LoadErrors: Error: /Game/ParagonSparrow/Characters/Maps/Sparrow : Can't find file for asset. /Game/ParagonSparrow/Characters/Maps/BackGroundAssets/M_HDRSky
[2018.11.05-15.48.20:540][326]LogLinker: Warning: Can't find file '/Game/ParagonSparrow/Characters/Heroes/Sparrow/Meshes/Sparrow'
[2018.11.05-15.48.20:541][326]LogLinker: Warning: Can't find file for asset '/Game/ParagonSparrow/Characters/Heroes/Sparrow/Meshes/Sparrow' while loading C:/Users/batti/Desktop/Blockout_1890/Content/ParagonSparrow/Characters/Maps/Sparrow.umap.
[2018.11.05-15.48.20:541][326]LoadErrors: Error: /Game/ParagonSparrow/Characters/Maps/Sparrow : Can't find file for asset. /Game/ParagonSparrow/Characters/Heroes/Sparrow/Meshes/Sparrow
[2018.11.05-15.48.20:541][326]LogLinker: Warning: Can't find file '/Game/ParagonSparrow/Characters/Heroes/Sparrow/Skins/AutumnFire/Meshes/Sparrow_AutumnFire'
[2018.11.05-15.48.20:542][326]LogLinker: Warning: Can't find file for asset '/Game/ParagonSparrow/Characters/Heroes/Sparrow/Skins/AutumnFire/Meshes/Sparrow_AutumnFire' while loading C:/Users/batti/Desktop/Blockout_1890/Content/ParagonSparrow/Characters/Maps/Sparrow.umap.
[2018.11.05-15.48.20:542][326]LoadErrors: Error: /Game/ParagonSparrow/Characters/Maps/Sparrow : Can't find file for asset. /Game/ParagonSparrow/Characters/Heroes/Sparrow/Skins/AutumnFire/Meshes/Sparrow_AutumnFire
[2018.11.05-15.48.20:542][326]LogLinker: Warning: Can't find file '/Game/ParagonSparrow/Characters/Heroes/Sparrow/Skins/FelineQueen/Meshes/SM_Sparrow_CatEars'
[2018.11.05-15.48.20:543][326]LogLinker: Warning: Can't find file for asset '/Game/ParagonSparrow/Characters/Heroes/Sparrow/Skins/FelineQueen/Meshes/SM_Sparrow_CatEars' while loading C:/Users/batti/Desktop/Blockout_1890/Content/ParagonSparrow/Characters/Maps/Sparrow.umap.
[2018.11.05-15.48.20:543][326]LoadErrors: Error: /Game/ParagonSparrow/Characters/Maps/Sparrow : Can't find file for asset. /Game/ParagonSparrow/Characters/Heroes/Sparrow/Skins/FelineQueen/Meshes/SM_Sparrow_CatEars
[2018.11.05-15.48.20:543][326]LogLinker: Warning: Can't find file '/Game/ParagonSparrow/Characters/Heroes/Sparrow/Skins/FelineQueen/Meshes/Sparrow_FelineQueen'
[2018.11.05-15.48.20:544][326]LogLinker: Warning: Can't find file for asset '/Game/ParagonSparrow/Characters/Heroes/Sparrow/Skins/FelineQueen/Meshes/Sparrow_FelineQueen' while loading C:/Users/batti/Desktop/Blockout_1890/Content/ParagonSparrow/Characters/Maps/Sparrow.umap.
[2018.11.05-15.48.20:544][326]LoadErrors: Error: /Game/ParagonSparrow/Characters/Maps/Sparrow : Can't find file for asset. /Game/ParagonSparrow/Characters/Heroes/Sparrow/Skins/FelineQueen/Meshes/Sparrow_FelineQueen
[2018.11.05-15.48.20:544][326]LogLinker: Warning: Can't find file '/Game/ParagonSparrow/Characters/Heroes/Sparrow/Skins/Monarch/Meshes/Sparrow_Monarch'
[2018.11.05-15.48.20:544][326]LogLinker: Warning: Can't find file for asset '/Game/ParagonSparrow/Characters/Heroes/Sparrow/Skins/Monarch/Meshes/Sparrow_Monarch' while loading C:/Users/batti/Desktop/Blockout_1890/Content/ParagonSparrow/Characters/Maps/Sparrow.umap.
[2018.11.05-15.48.20:545][326]LoadErrors: Error: /Game/ParagonSparrow/Characters/Maps/Sparrow : Can't find file for asset. /Game/ParagonSparrow/Characters/Heroes/Sparrow/Skins/Monarch/Meshes/Sparrow_Monarch
[2018.11.05-15.48.20:545][326]LogLinker: Warning: Can't find file '/Game/ParagonSparrow/Characters/Heroes/Sparrow/Skins/Raven/Meshes/Sparrow_Raven'
[2018.11.05-15.48.20:545][326]LogLinker: Warning: Can't find file for asset '/Game/ParagonSparrow/Characters/Heroes/Sparrow/Skins/Raven/Meshes/Sparrow_Raven' while loading C:/Users/batti/Desktop/Blockout_1890/Content/ParagonSparrow/Characters/Maps/Sparrow.umap.
[2018.11.05-15.48.20:545][326]LoadErrors: Error: /Game/ParagonSparrow/Characters/Maps/Sparrow : Can't find file for asset. /Game/ParagonSparrow/Characters/Heroes/Sparrow/Skins/Raven/Meshes/Sparrow_Raven
[2018.11.05-15.48.20:546][326]LogLinker: Warning: Can't find file '/Game/ParagonSparrow/Characters/Heroes/Sparrow/Skins/Rogue/Meshes/Sparrow_Rogue'
[2018.11.05-15.48.20:546][326]LogLinker: Warning: Can't find file for asset '/Game/ParagonSparrow/Characters/Heroes/Sparrow/Skins/Rogue/Meshes/Sparrow_Rogue' while loading C:/Users/batti/Desktop/Blockout_1890/Content/ParagonSparrow/Characters/Maps/Sparrow.umap.
[2018.11.05-15.48.20:546][326]LoadErrors: Error: /Game/ParagonSparrow/Characters/Maps/Sparrow : Can't find file for asset. /Game/ParagonSparrow/Characters/Heroes/Sparrow/Skins/Rogue/Meshes/Sparrow_Rogue
[2018.11.05-15.48.20:546][326]LogLinker: Warning: Can't find file '/Game/ParagonSparrow/Characters/Heroes/Sparrow/Skins/Tough/Meshes/Sparrow_Tough'
[2018.11.05-15.48.20:547][326]LogLinker: Warning: Can't find file for asset '/Game/ParagonSparrow/Characters/Heroes/Sparrow/Skins/Tough/Meshes/Sparrow_Tough' while loading C:/Users/batti/Desktop/Blockout_1890/Content/ParagonSparrow/Characters/Maps/Sparrow.umap.
[2018.11.05-15.48.20:547][326]LoadErrors: Error: /Game/ParagonSparrow/Characters/Maps/Sparrow : Can't find file for asset. /Game/ParagonSparrow/Characters/Heroes/Sparrow/Skins/Tough/Meshes/Sparrow_Tough
[2018.11.05-15.48.20:547][326]LogLinker: Warning: Can't find file '/Game/ParagonSparrow/Characters/Heroes/Sparrow/Skins/ZechinHuntress/Meshes/Sparrow_ZechinHuntress'
[2018.11.05-15.48.20:548][326]LogLinker: Warning: Can't find file for asset '/Game/ParagonSparrow/Characters/Heroes/Sparrow/Skins/ZechinHuntress/Meshes/Sparrow_ZechinHuntress' while loading C:/Users/batti/Desktop/Blockout_1890/Content/ParagonSparrow/Characters/Maps/Sparrow.umap.
[2018.11.05-15.48.20:548][326]LoadErrors: Error: /Game/ParagonSparrow/Characters/Maps/Sparrow : Can't find file for asset. /Game/ParagonSparrow/Characters/Heroes/Sparrow/Skins/ZechinHuntress/Meshes/Sparrow_ZechinHuntress
[2018.11.05-15.48.20:548][326]LogLinker: Warning: Can't find file '/Game/ParagonSparrow/Characters/Maps/BackGroundAssets/M_HDRSky'
[2018.11.05-15.48.20:548][326]LogLinker: Warning: Can't find file for asset '/Game/ParagonSparrow/Characters/Maps/BackGroundAssets/M_HDRSky' while loading C:/Users/batti/Desktop/Blockout_1890/Content/ParagonSparrow/Characters/Maps/Sparrow.umap.
[2018.11.05-15.48.20:549][326]LogLinker: Warning: Can't find file '/Game/ParagonSparrow/Characters/Maps/BackGroundAssets/SM_AssetPlatform'
[2018.11.05-15.48.20:549][326]LogLinker: Warning: Can't find file for asset '/Game/ParagonSparrow/Characters/Maps/BackGroundAssets/SM_AssetPlatform' while loading C:/Users/batti/Desktop/Blockout_1890/Content/ParagonSparrow/Characters/Maps/Sparrow.umap.
[2018.11.05-15.48.20:549][326]LoadErrors: Error: /Game/ParagonSparrow/Characters/Maps/Sparrow : Can't find file for asset. /Game/ParagonSparrow/Characters/Maps/BackGroundAssets/SM_AssetPlatform
[2018.11.05-15.48.20:549][326]LogLinker: Warning: Can't find file '/Game/ParagonSparrow/Characters/Maps/Sparrow_BuiltData'
[2018.11.05-15.48.20:549][326]LogLinker: Warning: Can't find file for asset '/Game/ParagonSparrow/Characters/Maps/Sparrow_BuiltData' while loading C:/Users/batti/Desktop/Blockout_1890/Content/ParagonSparrow/Characters/Maps/Sparrow.umap.
[2018.11.05-15.48.20:550][326]LogLinker: Warning: Can't find file '/Game/ParagonSparrow/Characters/Heroes/Sparrow/Meshes/Sparrow'
[2018.11.05-15.48.20:550][326]LogLinker: Warning: Can't find file for asset '/Game/ParagonSparrow/Characters/Heroes/Sparrow/Meshes/Sparrow' while loading C:/Users/batti/Desktop/Blockout_1890/Content/ParagonSparrow/Characters/Maps/Sparrow.umap.
[2018.11.05-15.48.20:550][326]LogLinker: Warning: Can't find file '/Game/ParagonSparrow/Characters/Heroes/Sparrow/Skins/AutumnFire/Meshes/Sparrow_AutumnFire'
[2018.11.05-15.48.20:551][326]LogLinker: Warning: Can't find file for asset '/Game/ParagonSparrow/Characters/Heroes/Sparrow/Skins/AutumnFire/Meshes/Sparrow_AutumnFire' while loading C:/Users/batti/Desktop/Blockout_1890/Content/ParagonSparrow/Characters/Maps/Sparrow.umap.
[2018.11.05-15.48.20:551][326]LogLinker: Warning: Can't find file '/Game/ParagonSparrow/Characters/Heroes/Sparrow/Skins/FelineQueen/Meshes/Sparrow_FelineQueen'
[2018.11.05-15.48.20:551][326]LogLinker: Warning: Can't find file for asset '/Game/ParagonSparrow/Characters/Heroes/Sparrow/Skins/FelineQueen/Meshes/Sparrow_FelineQueen' while loading C:/Users/batti/Desktop/Blockout_1890/Content/ParagonSparrow/Characters/Maps/Sparrow.umap.
[2018.11.05-15.48.20:552][326]LogLinker: Warning: Can't find file '/Game/ParagonSparrow/Characters/Heroes/Sparrow/Skins/Monarch/Meshes/Sparrow_Monarch'
[2018.11.05-15.48.20:552][326]LogLinker: Warning: Can't find file for asset '/Game/ParagonSparrow/Characters/Heroes/Sparrow/Skins/Monarch/Meshes/Sparrow_Monarch' while loading C:/Users/batti/Desktop/Blockout_1890/Content/ParagonSparrow/Characters/Maps/Sparrow.umap.
[2018.11.05-15.48.20:552][326]LogLinker: Warning: Can't find file '/Game/ParagonSparrow/Characters/Heroes/Sparrow/Skins/Raven/Meshes/Sparrow_Raven'
[2018.11.05-15.48.20:552][326]LogLinker: Warning: Can't find file for asset '/Game/ParagonSparrow/Characters/Heroes/Sparrow/Skins/Raven/Meshes/Sparrow_Raven' while loading C:/Users/batti/Desktop/Blockout_1890/Content/ParagonSparrow/Characters/Maps/Sparrow.umap.
[2018.11.05-15.48.20:553][326]LogLinker: Warning: Can't find file '/Game/ParagonSparrow/Characters/Heroes/Sparrow/Skins/Rogue/Meshes/Sparrow_Rogue'
[2018.11.05-15.48.20:553][326]LogLinker: Warning: Can't find file for asset '/Game/ParagonSparrow/Characters/Heroes/Sparrow/Skins/Rogue/Meshes/Sparrow_Rogue' while loading C:/Users/batti/Desktop/Blockout_1890/Content/ParagonSparrow/Characters/Maps/Sparrow.umap.
[2018.11.05-15.48.20:553][326]LogLinker: Warning: Can't find file '/Game/ParagonSparrow/Characters/Heroes/Sparrow/Skins/Tough/Meshes/Sparrow_Tough'
[2018.11.05-15.48.20:553][326]LogLinker: Warning: Can't find file for asset '/Game/ParagonSparrow/Characters/Heroes/Sparrow/Skins/Tough/Meshes/Sparrow_Tough' while loading C:/Users/batti/Desktop/Blockout_1890/Content/ParagonSparrow/Characters/Maps/Sparrow.umap.
[2018.11.05-15.48.20:554][326]LogLinker: Warning: Can't find file '/Game/ParagonSparrow/Characters/Heroes/Sparrow/Skins/ZechinHuntress/Meshes/Sparrow_ZechinHuntress'
[2018.11.05-15.48.20:554][326]LogLinker: Warning: Can't find file for asset '/Game/ParagonSparrow/Characters/Heroes/Sparrow/Skins/ZechinHuntress/Meshes/Sparrow_ZechinHuntress' while loading C:/Users/batti/Desktop/Blockout_1890/Content/ParagonSparrow/Characters/Maps/Sparrow.umap.
[2018.11.05-15.48.20:556][326]LogLinker: Warning: Can't find file '/Game/ParagonSparrow/Characters/Heroes/Sparrow/Skins/FelineQueen/Meshes/SM_Sparrow_CatEars'
[2018.11.05-15.48.20:556][326]LogLinker: Warning: Can't find file for asset '/Game/ParagonSparrow/Characters/Heroes/Sparrow/Skins/FelineQueen/Meshes/SM_Sparrow_CatEars' while loading C:/Users/batti/Desktop/Blockout_1890/Content/ParagonSparrow/Characters/Maps/Sparrow.umap.
[2018.11.05-15.48.20:556][326]LogLinker: Warning: Can't find file '/Game/ParagonSparrow/Characters/Maps/BackGroundAssets/SM_AssetPlatform'
[2018.11.05-15.48.20:556][326]LogLinker: Warning: Can't find file for asset '/Game/ParagonSparrow/Characters/Maps/BackGroundAssets/SM_AssetPlatform' while loading C:/Users/batti/Desktop/Blockout_1890/Content/ParagonSparrow/Characters/Maps/Sparrow.umap.
[2018.11.05-15.48.20:569][326]LogLinker: Warning: Can't find file '/Game/ParagonSparrow/Characters/Maps/Sparrow_BuiltData'
[2018.11.05-15.48.20:569][326]LoadErrors: Failed to load /Game/ParagonSparrow/Characters/Maps/Sparrow_BuiltData.Sparrow_BuiltData Referenced by PersistentLevel
[2018.11.05-15.48.20:569][326]LogLinker: Warning: Can't find file for asset '/Game/ParagonSparrow/Characters/Maps/Sparrow_BuiltData' while loading NULL.
[2018.11.05-15.48.20:570][326]LogLinker: Warning: Can't find file '/Game/ParagonSparrow/Characters/Heroes/Sparrow/Skins/FelineQueen/Meshes/Sparrow_FelineQueen'
[2018.11.05-15.48.20:570][326]LoadErrors: Failed to load /Game/ParagonSparrow/Characters/Heroes/Sparrow/Skins/FelineQueen/Meshes/Sparrow_FelineQueen.Sparrow_FelineQueen Referenced by FelineQueenSparrow
[2018.11.05-15.48.20:570][326]LogLinker: Warning: Can't find file for asset '/Game/ParagonSparrow/Characters/Heroes/Sparrow/Skins/FelineQueen/Meshes/Sparrow_FelineQueen' while loading NULL.
[2018.11.05-15.48.20:570][326]LogLinker: Warning: Can't find file '/Game/ParagonSparrow/Characters/Heroes/Sparrow/Skins/Monarch/Meshes/Sparrow_Monarch'
[2018.11.05-15.48.20:570][326]LoadErrors: Failed to load /Game/ParagonSparrow/Characters/Heroes/Sparrow/Skins/Monarch/Meshes/Sparrow_Monarch.Sparrow_Monarch Referenced by MonarchSparrow
[2018.11.05-15.48.20:570][326]LogLinker: Warning: Can't find file for asset '/Game/ParagonSparrow/Characters/Heroes/Sparrow/Skins/Monarch/Meshes/Sparrow_Monarch' while loading NULL.
[2018.11.05-15.48.20:571][326]LogLinker: Warning: Can't find file '/Game/ParagonSparrow/Characters/Heroes/Sparrow/Skins/Raven/Meshes/Sparrow_Raven'
[2018.11.05-15.48.20:571][326]LoadErrors: Failed to load /Game/ParagonSparrow/Characters/Heroes/Sparrow/Skins/Raven/Meshes/Sparrow_Raven.Sparrow_Raven Referenced by RavenSparrow
[2018.11.05-15.48.20:571][326]LogLinker: Warning: Can't find file for asset '/Game/ParagonSparrow/Characters/Heroes/Sparrow/Skins/Raven/Meshes/Sparrow_Raven' while loading NULL.
[2018.11.05-15.48.20:571][326]LogLinker: Warning: Can't find file '/Game/ParagonSparrow/Characters/Heroes/Sparrow/Skins/Rogue/Meshes/Sparrow_Rogue'
[2018.11.05-15.48.20:571][326]LoadErrors: Failed to load /Game/ParagonSparrow/Characters/Heroes/Sparrow/Skins/Rogue/Meshes/Sparrow_Rogue.Sparrow_Rogue Referenced by RogueSparrow
[2018.11.05-15.48.20:571][326]LogLinker: Warning: Can't find file for asset '/Game/ParagonSparrow/Characters/Heroes/Sparrow/Skins/Rogue/Meshes/Sparrow_Rogue' while loading NULL.
[2018.11.05-15.48.20:572][326]LogLinker: Warning: Can't find file '/Game/ParagonSparrow/Characters/Heroes/Sparrow/Meshes/Sparrow'
[2018.11.05-15.48.20:572][326]LoadErrors: Failed to load /Game/ParagonSparrow/Characters/Heroes/Sparrow/Meshes/Sparrow.Sparrow Referenced by Sparrow
[2018.11.05-15.48.20:572][326]LogLinker: Warning: Can't find file for asset '/Game/ParagonSparrow/Characters/Heroes/Sparrow/Meshes/Sparrow' while loading NULL.
[2018.11.05-15.48.20:572][326]LogLinker: Warning: Can't find file '/Game/ParagonSparrow/Characters/Heroes/Sparrow/Skins/AutumnFire/Meshes/Sparrow_AutumnFire'
[2018.11.05-15.48.20:572][326]LoadErrors: Failed to load /Game/ParagonSparrow/Characters/Heroes/Sparrow/Skins/AutumnFire/Meshes/Sparrow_AutumnFire.Sparrow_AutumnFire Referenced by Sparrow_AutumnFire_8
[2018.11.05-15.48.20:572][326]LogLinker: Warning: Can't find file for asset '/Game/ParagonSparrow/Characters/Heroes/Sparrow/Skins/AutumnFire/Meshes/Sparrow_AutumnFire' while loading NULL.
[2018.11.05-15.48.20:573][326]LogLinker: Warning: Can't find file '/Game/ParagonSparrow/Characters/Heroes/Sparrow/Skins/Tough/Meshes/Sparrow_Tough'
[2018.11.05-15.48.20:573][326]LoadErrors: Failed to load /Game/ParagonSparrow/Characters/Heroes/Sparrow/Skins/Tough/Meshes/Sparrow_Tough.Sparrow_Tough Referenced by ToughSparrow
[2018.11.05-15.48.20:573][326]LogLinker: Warning: Can't find file for asset '/Game/ParagonSparrow/Characters/Heroes/Sparrow/Skins/Tough/Meshes/Sparrow_Tough' while loading NULL.
[2018.11.05-15.48.20:573][326]LogLinker: Warning: Can't find file '/Game/ParagonSparrow/Characters/Heroes/Sparrow/Skins/ZechinHuntress/Meshes/Sparrow_ZechinHuntress'
[2018.11.05-15.48.20:573][326]LoadErrors: Failed to load /Game/ParagonSparrow/Characters/Heroes/Sparrow/Skins/ZechinHuntress/Meshes/Sparrow_ZechinHuntress.Sparrow_ZechinHuntress Referenced by ZechinHuntressSparrow
[2018.11.05-15.48.20:574][326]LogLinker: Warning: Can't find file for asset '/Game/ParagonSparrow/Characters/Heroes/Sparrow/Skins/ZechinHuntress/Meshes/Sparrow_ZechinHuntress' while loading NULL.
[2018.11.05-15.48.20:574][326]LogLinker: Warning: Can't find file '/Game/ParagonSparrow/Characters/Heroes/Sparrow/Skins/FelineQueen/Meshes/SM_Sparrow_CatEars'
[2018.11.05-15.48.20:574][326]LoadErrors: Failed to load /Game/ParagonSparrow/Characters/Heroes/Sparrow/Skins/FelineQueen/Meshes/SM_Sparrow_CatEars.SM_Sparrow_CatEars Referenced by FelineQueenSparrowEars
[2018.11.05-15.48.20:574][326]LogLinker: Warning: Can't find file for asset '/Game/ParagonSparrow/Characters/Heroes/Sparrow/Skins/FelineQueen/Meshes/SM_Sparrow_CatEars' while loading NULL.
[2018.11.05-15.48.20:575][326]LogLinker: Warning: Can't find file '/Game/ParagonSparrow/Characters/Maps/BackGroundAssets/SM_AssetPlatform'
[2018.11.05-15.48.20:575][326]LoadErrors: Failed to load /Game/ParagonSparrow/Characters/Maps/BackGroundAssets/SM_AssetPlatform.SM_AssetPlatform Referenced by SM_AssetPlatform_2
[2018.11.05-15.48.20:575][326]LogLinker: Warning: Can't find file for asset '/Game/ParagonSparrow/Characters/Maps/BackGroundAssets/SM_AssetPlatform' while loading NULL.
[2018.11.05-15.48.20:575][326]LogLinker: Warning: Can't find file '/Game/ParagonSparrow/Characters/Maps/BackGroundAssets/M_HDRSky'
[2018.11.05-15.48.20:575][326]LoadErrors: Failed to load /Game/ParagonSparrow/Characters/Maps/BackGroundAssets/M_HDRSky.M_HDRSky Referenced by SM_SkySphere_5
[2018.11.05-15.48.20:575][326]LogLinker: Warning: Can't find file for asset '/Game/ParagonSparrow/Characters/Maps/BackGroundAssets/M_HDRSky' while loading NULL.
[2018.11.05-15.48.20:788][326]LogAIModule: Creating AISystem for world Sparrow
[2018.11.05-15.48.27:640][326]LogSlate: Window 'Delete Assets' being destroyed
[2018.11.05-15.48.27:649][326]LogSlate: Took 0.000424 seconds to synchronously load lazily loaded font '../../../Engine/Content/Slate/Fonts/Roboto-Light.ttf' (167K)
[2018.11.05-15.53.23:345][463]LogGameProjectGeneration: Verbose: 'D:/UE_4.20/Templates/TP_ThirdPersonBP/Media/TP_ThirdPersonBP.png': Skipping as it is in an ignored folder 'Media'
[2018.11.05-15.53.23:345][463]LogGameProjectGeneration: Verbose: 'D:/UE_4.20/Templates/TP_ThirdPersonBP/Media/TP_ThirdPersonBP_Preview.png': Skipping as it is in an ignored folder 'Media'
[2018.11.05-15.53.24:060][463]LogSlate: Window 'New Project' being destroyed
[2018.11.05-15.53.24:097][464]Cmd: CLOSE_SLATE_MAINFRAME
[2018.11.05-15.53.24:200][464]LogSlate: Window 'Blockout_1890 - Unreal Editor' being destroyed
[2018.11.05-15.53.24:201][464]LogWindowsTextInputMethodSystem: Display: IME system now deactivated.
[2018.11.05-15.53.24:495][465]Cmd: QUIT_EDITOR
[2018.11.05-15.53.24:657][465]LogExit: Preparing to exit.
[2018.11.05-15.53.26:488][465]LogExit: Editor shut down
[2018.11.05-15.53.26:489][465]LogExit: Transaction tracking system shut down
[2018.11.05-15.53.27:630][465]LogExit: Object subsystem successfully closed.
[2018.11.05-15.53.27:666][465]LogShaderCompilers: Display: Shaders left to compile 0
[2018.11.05-15.53.27:688][465]LogD3D11RHI: Shutdown
[2018.11.05-15.53.27:688][465]LogD3D11RHI: CleanupD3DDevice
[2018.11.05-15.53.27:690][465]LogD3D11RHI: ~FD3D11DynamicRHI
[2018.11.05-15.53.28:104][465]LogModuleManager: Shutting down and abandoning module HierarchicalLODOutliner (610)
[2018.11.05-15.53.28:104][465]LogModuleManager: Shutting down and abandoning module SceneOutliner (608)
[2018.11.05-15.53.28:104][465]LogModuleManager: Shutting down and abandoning module AddContentDialog (606)
[2018.11.05-15.53.28:105][465]LogModuleManager: Shutting down and abandoning module WidgetCarousel (605)
[2018.11.05-15.53.28:105][465]LogModuleManager: Shutting down and abandoning module EditorWidgets (602)
[2018.11.05-15.53.28:105][465]LogModuleManager: Shutting down and abandoning module CollectionManager (600)
[2018.11.05-15.53.28:117][465]LogModuleManager: Shutting down and abandoning module StatsViewer (598)
[2018.11.05-15.53.28:117][465]LogModuleManager: Shutting down and abandoning module FoliageEdit (596)
[2018.11.05-15.53.28:117][465]LogModuleManager: Shutting down and abandoning module LandscapeEditor (594)
[2018.11.05-15.53.28:150][465]LogModuleManager: Shutting down and abandoning module MeshPaintMode (592)
[2018.11.05-15.53.28:150][465]LogModuleManager: Shutting down and abandoning module SceneDepthPickerMode (590)
[2018.11.05-15.53.28:150][465]LogModuleManager: Shutting down and abandoning module ActorPickerMode (588)
[2018.11.05-15.53.28:150][465]LogModuleManager: Shutting down and abandoning module GeometryMode (586)
[2018.11.05-15.53.28:151][465]LogModuleManager: Shutting down and abandoning module TextureAlignMode (584)
[2018.11.05-15.53.28:151][465]LogModuleManager: Shutting down and abandoning module BspMode (582)
[2018.11.05-15.53.28:151][465]LogModuleManager: Shutting down and abandoning module PIEPreviewDeviceProfileSelector (580)
[2018.11.05-15.53.28:151][465]LogModuleManager: Shutting down and abandoning module SequenceRecorderSections (578)
[2018.11.05-15.53.28:151][465]LogModuleManager: Shutting down and abandoning module AutomationWorker (576)
[2018.11.05-15.53.28:151][465]LogModuleManager: Shutting down and abandoning module AudioCaptureEditor (574)
[2018.11.05-15.53.28:151][465]LogModuleManager: Shutting down and abandoning module SequenceRecorder (573)
[2018.11.05-15.53.28:151][465]LogModuleManager: Shutting down and abandoning module MatineeToLevelSequence (570)
[2018.11.05-15.53.28:151][465]LogModuleManager: Shutting down and abandoning module LevelSequenceEditor (568)
[2018.11.05-15.53.28:164][465]LogModuleManager: Shutting down and abandoning module PlacementMode (567)
[2018.11.05-15.53.28:164][465]LogModuleManager: Shutting down and abandoning module MaterialEditor (566)
[2018.11.05-15.53.28:209][465]LogModuleManager: Shutting down and abandoning module WmfMediaFactory (562)
[2018.11.05-15.53.28:209][465]LogModuleManager: Shutting down and abandoning module WmfMediaEditor (560)
[2018.11.05-15.53.28:209][465]LogModuleManager: Shutting down and abandoning module MediaPlayerEditor (558)
[2018.11.05-15.53.28:209][465]LogModuleManager: Shutting down and abandoning module OpenExrWrapper (556)
[2018.11.05-15.53.28:209][465]LogModuleManager: Shutting down and abandoning module ImgMediaFactory (554)
[2018.11.05-15.53.28:209][465]LogModuleManager: Shutting down and abandoning module ImgMediaEditor (552)
[2018.11.05-15.53.28:209][465]LogModuleManager: Shutting down and abandoning module AvfMediaFactory (550)
[2018.11.05-15.53.28:209][465]LogModuleManager: Shutting down and abandoning module AvfMediaEditor (548)
[2018.11.05-15.53.28:209][465]LogModuleManager: Shutting down and abandoning module AndroidMediaFactory (546)
[2018.11.05-15.53.28:209][465]LogModuleManager: Shutting down and abandoning module AndroidMediaEditor (544)
[2018.11.05-15.53.28:209][465]LogModuleManager: Shutting down and abandoning module MagicLeapCameraPreviewFactory (542)
[2018.11.05-15.53.28:209][465]LogModuleManager: Shutting down and abandoning module MagicLeapMediaFactory (540)
[2018.11.05-15.53.28:209][465]LogModuleManager: Shutting down and abandoning module MagicLeapMediaEditor (538)
[2018.11.05-15.53.28:209][465]LogModuleManager: Shutting down and abandoning module CharacterAI (536)
[2018.11.05-15.53.28:209][465]LogModuleManager: Shutting down and abandoning module SmartSnapping (534)
[2018.11.05-15.53.28:209][465]LogModuleManager: Shutting down and abandoning module SessionServices (532)
[2018.11.05-15.53.28:209][465]LogModuleManager: Shutting down and abandoning module ViewportSnapping (530)
[2018.11.05-15.53.28:209][465]LogModuleManager: Shutting down and abandoning module ViewportInteraction (528)
[2018.11.05-15.53.28:209][465]LogModuleManager: Shutting down and abandoning module ClothPainter (526)
[2018.11.05-15.53.28:220][465]LogModuleManager: Shutting down and abandoning module SkeletalMeshEditor (525)
[2018.11.05-15.53.28:242][465]LogModuleManager: Shutting down and abandoning module LogVisualizer (522)
[2018.11.05-15.53.28:251][465]LogModuleManager: Shutting down and abandoning module IntroTutorials (520)
[2018.11.05-15.53.28:251][465]LogModuleManager: Shutting down and abandoning module GameProjectGeneration (519)
[2018.11.05-15.53.28:251][465]LogModuleManager: Shutting down and abandoning module LuminPlatformEditor (516)
[2018.11.05-15.53.28:251][465]LogModuleManager: Shutting down and abandoning module IOSPlatformEditor (514)
[2018.11.05-15.53.28:251][465]LogModuleManager: Shutting down and abandoning module HTML5PlatformEditor (512)
[2018.11.05-15.53.28:251][465]LogModuleManager: Shutting down and abandoning module AndroidPlatformEditor (510)
[2018.11.05-15.53.28:251][465]LogModuleManager: Shutting down and abandoning module AndroidDeviceDetection (509)
[2018.11.05-15.53.29:189][465]LogModuleManager: Shutting down and abandoning module WindowsPlatformEditor (506)
[2018.11.05-15.53.29:189][465]LogModuleManager: Shutting down and abandoning module LuminRuntimeSettings (504)
[2018.11.05-15.53.29:189][465]LogModuleManager: Shutting down and abandoning module IOSRuntimeSettings (502)
[2018.11.05-15.53.29:189][465]LogModuleManager: Shutting down and abandoning module AndroidRuntimeSettings (500)
[2018.11.05-15.53.29:189][465]LogModuleManager: Shutting down and abandoning module InputBindingEditor (498)
[2018.11.05-15.53.29:207][465]LogModuleManager: Shutting down and abandoning module MergeActors (496)
[2018.11.05-15.53.29:207][465]LogModuleManager: Shutting down and abandoning module LocalizationDashboard (494)
[2018.11.05-15.53.29:210][465]LogModuleManager: Shutting down and abandoning module LocalizationService (493)
[2018.11.05-15.53.29:210][465]LogModuleManager: Shutting down and abandoning module HardwareTargeting (490)
[2018.11.05-15.53.29:210][465]LogModuleManager: Shutting down and abandoning module DeviceProfileEditor (488)
[2018.11.05-15.53.29:210][465]LogModuleManager: Shutting down and abandoning module UndoHistory (486)
[2018.11.05-15.53.29:210][465]LogModuleManager: Shutting down and abandoning module XmlParser (484)
[2018.11.05-15.53.29:211][465]LogModuleManager: Shutting down and abandoning module Blutility (482)
[2018.11.05-15.53.29:211][465]LogModuleManager: Shutting down and abandoning module ProjectSettingsViewer (480)
[2018.11.05-15.53.29:211][465]LogModuleManager: Shutting down and abandoning module ProjectTargetPlatformEditor (479)
[2018.11.05-15.53.29:211][465]LogModuleManager: Shutting down and abandoning module EditorSettingsViewer (476)
[2018.11.05-15.53.29:211][465]LogModuleManager: Shutting down and abandoning module SettingsEditor (474)
[2018.11.05-15.53.29:211][465]LogModuleManager: Shutting down and abandoning module ProjectLauncher (472)
[2018.11.05-15.53.29:222][465]LogModuleManager: Shutting down and abandoning module SessionFrontend (470)
[2018.11.05-15.53.29:222][465]LogModuleManager: Shutting down and abandoning module ProfilerClient (468)
[2018.11.05-15.53.29:233][465]LogModuleManager: Shutting down and abandoning module DeviceManager (466)
[2018.11.05-15.53.29:233][465]LogModuleManager: Shutting down and abandoning module TargetDeviceServices (465)
[2018.11.05-15.53.29:300][465]LogModuleManager: Shutting down and abandoning module AutomationController (462)
[2018.11.05-15.53.29:300][465]LogModuleManager: Shutting down and abandoning module AutomationWindow (460)
[2018.11.05-15.53.29:329][465]LogModuleManager: Shutting down and abandoning module Layers (458)
[2018.11.05-15.53.29:345][465]LogModuleManager: Shutting down and abandoning module ComponentVisualizers (456)
[2018.11.05-15.53.29:345][465]LogModuleManager: Shutting down and abandoning module DetailCustomizations (454)
[2018.11.05-15.53.29:345][465]LogModuleManager: Shutting down and abandoning module PackagesDialog (452)
[2018.11.05-15.53.29:359][465]LogModuleManager: Shutting down and abandoning module Persona (450)
[2018.11.05-15.53.29:375][465]LogModuleManager: Shutting down and abandoning module AdvancedPreviewScene (449)
[2018.11.05-15.53.29:375][465]LogModuleManager: Shutting down and abandoning module AnimGraph (447)
[2018.11.05-15.53.29:375][465]LogModuleManager: Shutting down and abandoning module Kismet (444)
[2018.11.05-15.53.29:389][465]LogModuleManager: Shutting down and abandoning module GraphEditor (442)
[2018.11.05-15.53.29:423][465]LogModuleManager: Shutting down and abandoning module ClassViewer (440)
[2018.11.05-15.53.29:423][465]LogModuleManager: Shutting down and abandoning module Toolbox (438)
[2018.11.05-15.53.29:423][465]LogModuleManager: Shutting down and abandoning module ModuleUI (436)
[2018.11.05-15.53.29:432][465]LogModuleManager: Shutting down and abandoning module MovieSceneTools (434)
[2018.11.05-15.53.29:432][465]LogModuleManager: Shutting down and abandoning module OutputLog (432)
[2018.11.05-15.53.29:432][465]LogModuleManager: Shutting down and abandoning module GammaUI (430)
[2018.11.05-15.53.29:445][465]LogModuleManager: Shutting down and abandoning module Documentation (428)
[2018.11.05-15.53.29:446][465]LogModuleManager: Shutting down and abandoning module MovieSceneTracks (426)
[2018.11.05-15.53.29:456][465]LogModuleManager: Shutting down and abandoning module MovieScene (424)
[2018.11.05-15.53.29:456][465]LogModuleManager: Shutting down and abandoning module StreamingPauseRendering (422)
[2018.11.05-15.53.29:456][465]LogModuleManager: Shutting down and abandoning module LauncherPlatform (420)
[2018.11.05-15.53.29:456][465]LogModuleManager: Shutting down and abandoning module AnalyticsET (418)
[2018.11.05-15.53.29:456][465]LogModuleManager: Shutting down and abandoning module PortalServices (416)
[2018.11.05-15.53.29:456][465]LogModuleManager: Shutting down and abandoning module PortalRpc (414)
[2018.11.05-15.53.29:456][465]LogModuleManager: Shutting down and abandoning module MessagingRpc (412)
[2018.11.05-15.53.29:456][465]LogModuleManager: Shutting down and abandoning module AIModule (410)
[2018.11.05-15.53.29:456][465]LogModuleManager: Shutting down and abandoning module GameplayDebugger (409)
[2018.11.05-15.53.29:456][465]LogModuleManager: Shutting down and abandoning module AITestSuite (407)
[2018.11.05-15.53.29:456][465]LogModuleManager: Shutting down and abandoning module NavigationSystem (405)
[2018.11.05-15.53.29:456][465]LogModuleManager: Shutting down and abandoning module DesktopPlatform (402)
[2018.11.05-15.53.29:456][465]LogModuleManager: Shutting down and abandoning module ProfilerService (400)
[2018.11.05-15.53.29:662][465]LogModuleManager: Shutting down and abandoning module TaskGraph (398)
[2018.11.05-15.53.29:662][465]LogModuleManager: Shutting down and abandoning module SteamVRController (396)
[2018.11.05-15.53.29:662][465]LogModuleManager: Shutting down and abandoning module ProceduralMeshComponentEditor (394)
[2018.11.05-15.53.29:662][465]LogModuleManager: Shutting down and abandoning module ProceduralMeshComponent (392)
[2018.11.05-15.53.29:662][465]LogModuleManager: Shutting down and abandoning module OculusInput (390)
[2018.11.05-15.53.29:662][465]LogModuleManager: Shutting down and abandoning module MobilePatchingUtils (388)
[2018.11.05-15.53.29:662][465]LogModuleManager: Shutting down and abandoning module EditableMesh (386)
[2018.11.05-15.53.29:678][465]LogModuleManager: Shutting down and abandoning module CustomMeshComponent (384)
[2018.11.05-15.53.29:678][465]LogModuleManager: Shutting down and abandoning module CableComponent (382)
[2018.11.05-15.53.29:678][465]LogModuleManager: Shutting down and abandoning module AudioCapture (380)
[2018.11.05-15.53.29:678][465]LogModuleManager: Shutting down and abandoning module ArchVisCharacter (378)
[2018.11.05-15.53.29:678][465]LogModuleManager: Shutting down and abandoning module AndroidPermission (376)
[2018.11.05-15.53.29:678][465]LogModuleManager: Shutting down and abandoning module NUTUnrealEngine4 (374)
[2018.11.05-15.53.29:678][465]LogModuleManager: Shutting down and abandoning module NetcodeUnitTest (372)
[2018.11.05-15.53.29:691][465]LogModuleManager: Shutting down and abandoning module MediaCompositingEditor (370)
[2018.11.05-15.53.29:691][465]LogModuleManager: Shutting down and abandoning module MediaCompositing (368)
[2018.11.05-15.53.29:691][465]LogModuleManager: Shutting down and abandoning module LinearTimecode (366)
[2018.11.05-15.53.29:691][465]LogModuleManager: Shutting down and abandoning module ImgMedia (364)
[2018.11.05-15.53.29:708][465]LogModuleManager: Shutting down and abandoning module HTML5Networking (362)
[2018.11.05-15.53.29:709][465]LogModuleManager: Shutting down and abandoning module GeometryCacheTracks (360)
[2018.11.05-15.53.29:709][465]LogModuleManager: Shutting down and abandoning module GeometryCacheSequencer (358)
[2018.11.05-15.53.29:709][465]LogModuleManager: Shutting down and abandoning module BackChannel (356)
[2018.11.05-15.53.29:709][465]LogModuleManager: Shutting down and abandoning module AppleVision (354)
[2018.11.05-15.53.29:709][465]LogModuleManager: Shutting down and abandoning module AppleImageUtils (352)
[2018.11.05-15.53.29:709][465]LogModuleManager: Shutting down and abandoning module AlembicImporter (350)
[2018.11.05-15.53.29:709][465]LogModuleManager: Shutting down and abandoning module AlembicLibrary (349)
[2018.11.05-15.53.29:709][465]LogModuleManager: Shutting down and abandoning module GeometryCache (348)
[2018.11.05-15.53.29:709][465]LogModuleManager: Shutting down and abandoning module GeometryCacheEd (347)
[2018.11.05-15.53.29:709][465]LogModuleManager: Shutting down and abandoning module DatasmithContentEditor (342)
[2018.11.05-15.53.29:709][465]LogModuleManager: Shutting down and abandoning module DatasmithContent (340)
[2018.11.05-15.53.29:710][465]LogModuleManager: Shutting down and abandoning module SpeedTreeImporter (338)
[2018.11.05-15.53.29:710][465]LogModuleManager: Shutting down and abandoning module PluginBrowser (336)
[2018.11.05-15.53.29:721][465]LogModuleManager: Shutting down and abandoning module MobileLauncherProfileWizard (334)
[2018.11.05-15.53.29:724][465]LogModuleManager: Shutting down and abandoning module PolygonModeling (332)
[2018.11.05-15.53.29:724][465]LogModuleManager: Shutting down and abandoning module MeshEditor (330)
[2018.11.05-15.53.29:724][465]LogModuleManager: Shutting down and abandoning module CryptoKeysOpenSSL (328)
[2018.11.05-15.53.29:724][465]LogModuleManager: Shutting down and abandoning module CryptoKeys (326)
[2018.11.05-15.53.29:724][465]LogModuleManager: Shutting down and abandoning module VisualStudioSourceCodeAccess (324)
[2018.11.05-15.53.29:724][465]LogModuleManager: Shutting down and abandoning module VisualStudioCodeSourceCodeAccess (322)
[2018.11.05-15.53.29:724][465]LogModuleManager: Shutting down and abandoning module UObjectPlugin (320)
[2018.11.05-15.53.29:725][465]LogModuleManager: Shutting down and abandoning module SubversionSourceControl (318)
[2018.11.05-15.53.29:725][465]LogModuleManager: Shutting down and abandoning module PerforceSourceControl (316)
[2018.11.05-15.53.29:737][465]LogModuleManager: Shutting down and abandoning module GitSourceControl (314)
[2018.11.05-15.53.29:737][465]LogModuleManager: Shutting down and abandoning module SourceControl (313)
[2018.11.05-15.53.29:738][465]LogModuleManager: Shutting down and abandoning module CLionSourceCodeAccess (310)
[2018.11.05-15.53.29:738][465]LogModuleManager: Shutting down and abandoning module LightPropagationVolumeEditor (308)
[2018.11.05-15.53.29:738][465]LogModuleManager: Shutting down and abandoning module PaperTiledImporter (306)
[2018.11.05-15.53.29:738][465]LogModuleManager: Shutting down and abandoning module PaperSpriteSheetImporter (304)
[2018.11.05-15.53.29:738][465]LogModuleManager: Shutting down and abandoning module Paper2DEditor (302)
[2018.11.05-15.53.29:746][465]LogModuleManager: Shutting down and abandoning module MeshPaint (301)
[2018.11.05-15.53.29:746][465]LogModuleManager: Shutting down and abandoning module RuntimePhysXCooking (298)
[2018.11.05-15.53.29:746][465]LogModuleManager: Shutting down and abandoning module PhysXVehiclesEditor (296)
[2018.11.05-15.53.29:746][465]LogModuleManager: Shutting down and abandoning module PhysXVehicles (294)
[2018.11.05-15.53.29:746][465]LogModuleManager: Shutting down and abandoning module OculusEditor (292)
[2018.11.05-15.53.29:746][465]LogModuleManager: Shutting down and abandoning module LocationServicesBPLibrary (290)
[2018.11.05-15.53.29:746][465]LogModuleManager: Shutting down and abandoning module ImmediatePhysicsEditor (288)
[2018.11.05-15.53.29:746][465]LogModuleManager: Shutting down and abandoning module ImmediatePhysics (286)
[2018.11.05-15.53.29:747][465]LogModuleManager: Shutting down and abandoning module ActorSequence (284)
[2018.11.05-15.53.29:747][465]LogModuleManager: Shutting down and abandoning module UdpMessaging (282)
[2018.11.05-15.53.29:848][465]LogModuleManager: Shutting down and abandoning module TcpMessaging (280)
[2018.11.05-15.53.29:948][465]LogModuleManager: Shutting down and abandoning module MagicLeapAudio (278)
[2018.11.05-15.53.29:948][465]LogModuleManager: Shutting down and abandoning module GameplayTagsEditor (276)
[2018.11.05-15.53.29:963][465]LogModuleManager: Shutting down and abandoning module FacialAnimationEditor (274)
[2018.11.05-15.53.29:963][465]LogModuleManager: Shutting down and abandoning module FacialAnimation (272)
[2018.11.05-15.53.29:963][465]LogModuleManager: Shutting down and abandoning module DataValidation (270)
[2018.11.05-15.53.29:963][465]LogModuleManager: Shutting down and abandoning module AssetManagerEditor (268)
[2018.11.05-15.53.29:976][465]LogModuleManager: Shutting down and abandoning module LevelEditor (267)
[2018.11.05-15.53.29:977][465]LogModuleManager: Shutting down and abandoning module PixelInspectorModule (266)
[2018.11.05-15.53.29:977][465]LogModuleManager: Shutting down and abandoning module CommonMenuExtensions (264)
[2018.11.05-15.53.29:977][465]LogModuleManager: Shutting down and abandoning module MainFrame (262)
[2018.11.05-15.53.29:977][465]LogModuleManager: Shutting down and abandoning module HotReload (261)
[2018.11.05-15.53.29:978][465]LogModuleManager: Shutting down and abandoning module ContentBrowser (257)
[2018.11.05-15.53.29:979][465]LogModuleManager: Shutting down and abandoning module TreeMap (255)
[2018.11.05-15.53.29:979][465]LogModuleManager: Shutting down and abandoning module LightPropagationVolumeRuntime (252)
[2018.11.05-15.53.29:979][465]LogModuleManager: Shutting down and abandoning module AISupportModule (250)
[2018.11.05-15.53.29:980][465]LogModuleManager: Shutting down and abandoning module Paper2D (248)
[2018.11.05-15.53.29:980][465]LogModuleManager: Shutting down and abandoning module WindowsMoviePlayer (246)
[2018.11.05-15.53.29:980][465]LogModuleManager: Shutting down and abandoning module WmfMedia (244)
[2018.11.05-15.53.29:993][465]LogModuleManager: Shutting down and abandoning module Media (243)
[2018.11.05-15.53.30:000][465]LogModuleManager: Shutting down and abandoning module PacketHandler (240)
[2018.11.05-15.53.30:000][465]LogModuleManager: Shutting down and abandoning module ClothingSystemEditor (238)
[2018.11.05-15.53.30:000][465]LogModuleManager: Shutting down and abandoning module ClothingSystemRuntime (236)
[2018.11.05-15.53.30:000][465]LogModuleManager: Shutting down and abandoning module MediaAssets (234)
[2018.11.05-15.53.30:000][465]LogModuleManager: Shutting down and abandoning module Overlay (232)
[2018.11.05-15.53.30:000][465]LogModuleManager: Shutting down and abandoning module OverlayEditor (231)
[2018.11.05-15.53.30:000][465]LogModuleManager: Shutting down and abandoning module VREditor (228)
[2018.11.05-15.53.30:011][465]LogModuleManager: Shutting down and abandoning module StringTableEditor (226)
[2018.11.05-15.53.30:030][465]LogModuleManager: Shutting down and abandoning module GameplayTasksEditor (224)
[2018.11.05-15.53.30:031][465]LogModuleManager: Shutting down and abandoning module BehaviorTreeEditor (222)
[2018.11.05-15.53.30:034][465]LogModuleManager: Shutting down and abandoning module FunctionalTesting (220)
[2018.11.05-15.53.30:034][465]LogModuleManager: Shutting down and abandoning module CollisionAnalyzer (218)
[2018.11.05-15.53.30:034][465]LogModuleManager: Shutting down and abandoning module WorkspaceMenuStructure (217)
[2018.11.05-15.53.30:034][465]LogModuleManager: Shutting down and abandoning module UMG (214)
[2018.11.05-15.53.30:049][465]LogModuleManager: Shutting down and abandoning module UMGEditor (213)
[2018.11.05-15.53.30:068][465]LogModuleManager: Shutting down and abandoning module Sequencer (212)
[2018.11.05-15.53.30:090][465]LogModuleManager: Shutting down and abandoning module MessageLog (209)
[2018.11.05-15.53.30:090][465]LogModuleManager: Shutting down and abandoning module SlateReflector (204)
[2018.11.05-15.53.30:113][465]LogModuleManager: Shutting down and abandoning module Slate (202)
[2018.11.05-15.53.30:113][465]LogModuleManager: Shutting down and abandoning module EditorStyle (200)
[2018.11.05-15.53.30:114][465]LogModuleManager: Shutting down and abandoning module MRMesh (198)
[2018.11.05-15.53.30:114][465]LogModuleManager: Shutting down and abandoning module SourceCodeAccess (196)
[2018.11.05-15.53.30:114][465]LogModuleManager: Shutting down and abandoning module HeadMountedDisplay (194)
[2018.11.05-15.53.30:114][465]LogModuleManager: Shutting down and abandoning module XAudio2 (192)
[2018.11.05-15.53.30:114][465]LogModuleManager: Shutting down and abandoning module Networking (190)
[2018.11.05-15.53.30:114][465]LogModuleManager: Shutting down and abandoning module Core (188)
[2018.11.05-15.53.30:114][465]LogModuleManager: Shutting down and abandoning module LevelSequence (186)
[2018.11.05-15.53.30:114][465]LogModuleManager: Shutting down and abandoning module KismetCompiler (184)
[2018.11.05-15.53.30:114][465]LogModuleManager: Shutting down and abandoning module MeshUtilities (182)
[2018.11.05-15.53.30:120][465]LogModuleManager: Shutting down and abandoning module MeshMergeUtilities (181)
[2018.11.05-15.53.30:121][465]LogModuleManager: Shutting down and abandoning module MeshReductionInterface (180)
[2018.11.05-15.53.30:121][465]LogModuleManager: Shutting down and abandoning module SimplygonSwarm (179)
[2018.11.05-15.53.30:125][465]LogModuleManager: Shutting down and abandoning module ProxyLODMeshReduction (177)
[2018.11.05-15.53.30:149][465]LogModuleManager: Shutting down and abandoning module SimplygonMeshReduction (175)
[2018.11.05-15.53.30:149][465]LogModuleManager: Shutting down and abandoning module QuadricMeshReduction (173)
[2018.11.05-15.53.30:163][465]LogModuleManager: Shutting down and abandoning module MaterialBaking (169)
[2018.11.05-15.53.30:163][465]LogModuleManager: Shutting down and abandoning module DirectoryWatcher (165)
[2018.11.05-15.53.30:163][465]LogModuleManager: Shutting down and abandoning module DerivedDataCache (162)
[2018.11.05-15.53.30:231][465]LogDerivedDataCache: Shutdown
[2018.11.05-15.53.30:231][465]LogModuleManager: Shutting down and abandoning module XGEController (160)
[2018.11.05-15.53.30:231][465]LogXGEController: Cleaning working directory: C:/Users/batti/AppData/Local/Temp/UnrealXGEWorkingDir/
[2018.11.05-15.53.30:232][465]LogModuleManager: Shutting down and abandoning module TargetPlatform (158)
[2018.11.05-15.53.30:232][465]LogModuleManager: Shutting down and abandoning module VulkanShaderFormat (157)
[2018.11.05-15.53.30:232][465]LogModuleManager: Shutting down and abandoning module ShaderFormatVectorVM (155)
[2018.11.05-15.53.30:232][465]LogModuleManager: Shutting down and abandoning module ShaderFormatOpenGL (153)
[2018.11.05-15.53.30:241][465]LogModuleManager: Shutting down and abandoning module ShaderFormatD3D (151)
[2018.11.05-15.53.30:241][465]LogModuleManager: Shutting down and abandoning module MetalShaderFormat (149)
[2018.11.05-15.53.30:254][465]LogModuleManager: Shutting down and abandoning module TextureFormatUncompressed (147)
[2018.11.05-15.53.30:254][465]LogModuleManager: Shutting down and abandoning module TextureFormatPVR (145)
[2018.11.05-15.53.30:255][465]LogModuleManager: Shutting down and abandoning module TextureFormatDXT (143)
[2018.11.05-15.53.30:255][465]LogModuleManager: Shutting down and abandoning module TextureFormatIntelISPCTexComp (141)
[2018.11.05-15.53.30:255][465]LogModuleManager: Shutting down and abandoning module TextureFormatASTC (139)
[2018.11.05-15.53.30:255][465]LogModuleManager: Shutting down and abandoning module ImageWrapper (138)
[2018.11.05-15.53.30:255][465]LogModuleManager: Shutting down and abandoning module TextureFormatAndroid (135)
[2018.11.05-15.53.30:255][465]LogModuleManager: Shutting down and abandoning module AudioFormatOpus (133)
[2018.11.05-15.53.30:255][465]LogModuleManager: Shutting down and abandoning module AudioFormatOgg (131)
[2018.11.05-15.53.30:255][465]LogModuleManager: Shutting down and abandoning module AudioFormatADPCM (129)
[2018.11.05-15.53.30:255][465]LogModuleManager: Shutting down and abandoning module LuminTargetPlatform (127)
[2018.11.05-15.53.30:255][465]LogModuleManager: Shutting down and abandoning module LinuxTargetPlatform (125)
[2018.11.05-15.53.30:255][465]LogModuleManager: Shutting down and abandoning module LinuxServerTargetPlatform (123)
[2018.11.05-15.53.30:255][465]LogModuleManager: Shutting down and abandoning module LinuxNoEditorTargetPlatform (121)
[2018.11.05-15.53.30:255][465]LogModuleManager: Shutting down and abandoning module LinuxClientTargetPlatform (119)
[2018.11.05-15.53.30:255][465]LogModuleManager: Shutting down and abandoning module TVOSTargetPlatform (117)
[2018.11.05-15.53.30:256][465]LogModuleManager: Shutting down and abandoning module Messaging (115)
[2018.11.05-15.53.30:256][465]LogModuleManager: Shutting down and abandoning module IOSTargetPlatform (113)
[2018.11.05-15.53.30:257][465]LogModuleManager: Shutting down and abandoning module HTML5TargetPlatform (111)
[2018.11.05-15.53.30:257][465]LogModuleManager: Shutting down and abandoning module AndroidTargetPlatform (109)
[2018.11.05-15.53.30:262][465]LogModuleManager: Shutting down and abandoning module WindowsTargetPlatform (107)
[2018.11.05-15.53.30:262][465]LogModuleManager: Shutting down and abandoning module WindowsServerTargetPlatform (105)
[2018.11.05-15.53.30:263][465]LogModuleManager: Shutting down and abandoning module WindowsNoEditorTargetPlatform (103)
[2018.11.05-15.53.30:263][465]LogModuleManager: Shutting down and abandoning module WindowsClientTargetPlatform (101)
[2018.11.05-15.53.30:263][465]LogModuleManager: Shutting down and abandoning module MacTargetPlatform (99)
[2018.11.05-15.53.30:263][465]LogModuleManager: Shutting down and abandoning module MacServerTargetPlatform (97)
[2018.11.05-15.53.30:263][465]LogModuleManager: Shutting down and abandoning module MacNoEditorTargetPlatform (95)
[2018.11.05-15.53.30:263][465]LogModuleManager: Shutting down and abandoning module MacClientTargetPlatform (93)
[2018.11.05-15.53.30:263][465]LogModuleManager: Shutting down and abandoning module AllDesktopTargetPlatform (91)
[2018.11.05-15.53.30:263][465]LogModuleManager: Shutting down and abandoning module InputCore (88)
[2018.11.05-15.53.30:263][465]LogModuleManager: Shutting down and abandoning module Settings (86)
[2018.11.05-15.53.30:263][465]LogModuleManager: Shutting down and abandoning module PhysXCooking (84)
[2018.11.05-15.53.30:263][465]LogModuleManager: Shutting down and abandoning module SteamVR (82)
[2018.11.05-15.53.30:263][465]LogModuleManager: Shutting down and abandoning module OculusHMD (80)
[2018.11.05-15.53.30:263][465]LogModuleManager: Shutting down and abandoning module ExampleDeviceProfileSelector (78)
[2018.11.05-15.53.30:263][465]LogModuleManager: Shutting down and abandoning module LauncherChunkInstaller (76)
[2018.11.05-15.53.30:263][465]LogModuleManager: Shutting down and abandoning module OnlineBlueprintSupport (74)
[2018.11.05-15.53.30:263][465]LogModuleManager: Shutting down and abandoning module OnlineSubsystem (70)
[2018.11.05-15.53.30:274][465]LogModuleManager: Shutting down and abandoning module XMPP (65)
[2018.11.05-15.53.30:302][465]LogModuleManager: Shutting down and abandoning module WebSockets (64)
[2018.11.05-15.53.30:335][465]LogModuleManager: Shutting down and abandoning module HTTP (61)
[2018.11.05-15.53.30:335][465]LogHttp: Display: Http module shutting down, but needs to wait on 1 outstanding Http requests:
[2018.11.05-15.53.30:335][465]LogHttp: Display: 	verb=[POST] url=[https://datarouter.ol.epicgames.com/datarouter/api/v1/public/data?SessionID=%7BBFEB9796-40E2-72E2-D1F2-F4A83A06545E%7D&AppID=UEEditor.Rocket.Release&AppVersion=4.20.3-4369336%2B%2B%2BUE4%2BRelease-4.20&UserID=bf9090af46f16e8ac733f2a0d3414a98%7Cb450ce11abb74634b2b3b857ae209a78%7C729d849b-b9f3-42f0-8d90-8b6a2dbb6bf8&AppEnvironment=datacollector-binary&UploadType=eteventstream] status=Processing
[2018.11.05-15.53.30:344][465]LogModuleManager: Shutting down and abandoning module SSL (60)
[2018.11.05-15.53.30:345][465]LogModuleManager: Shutting down and abandoning module MagicLeapEmulator (56)
[2018.11.05-15.53.30:346][465]LogModuleManager: Shutting down and abandoning module MagicLeapPrivileges (54)
[2018.11.05-15.53.30:346][465]LogModuleManager: Shutting down and abandoning module MagicLeapIdentity (52)
[2018.11.05-15.53.30:346][465]LogModuleManager: Shutting down and abandoning module MagicLeapHelperVulkan (50)
[2018.11.05-15.53.30:346][465]LogModuleManager: Shutting down and abandoning module MagicLeapHelperOpenGL (48)
[2018.11.05-15.53.30:346][465]LogModuleManager: Shutting down and abandoning module MagicLeapSecureStorage (46)
[2018.11.05-15.53.30:346][465]LogModuleManager: Shutting down and abandoning module MagicLeapGestures (44)
[2018.11.05-15.53.30:346][465]LogModuleManager: Shutting down and abandoning module MagicLeapEyeTracker (42)
[2018.11.05-15.53.30:346][465]LogModuleManager: Shutting down and abandoning module MagicLeapController (40)
[2018.11.05-15.53.30:346][465]LogSlate: Slate User Destroyed.  User Index 0, Is Virtual User: 0
[2018.11.05-15.53.30:346][465]LogModuleManager: Shutting down and abandoning module MagicLeap (38)
[2018.11.05-15.53.30:346][465]LogModuleManager: Shutting down and abandoning module AnimationModifiers (36)
[2018.11.05-15.53.30:360][465]LogModuleManager: Shutting down and abandoning module PropertyEditor (35)
[2018.11.05-15.53.30:360][465]LogModuleManager: Shutting down and abandoning module AudioEditor (32)
[2018.11.05-15.53.30:368][465]LogModuleManager: Shutting down and abandoning module TextureCompressor (30)
[2018.11.05-15.53.30:368][465]LogModuleManager: Shutting down and abandoning module ShaderCore (28)
[2018.11.05-15.53.30:368][465]LogModuleManager: Shutting down and abandoning module Landscape (26)
[2018.11.05-15.53.30:368][465]LogModuleManager: Shutting down and abandoning module SlateRHIRenderer (24)
[2018.11.05-15.53.30:373][465]LogModuleManager: Shutting down and abandoning module OpenGLDrv (22)
[2018.11.05-15.53.30:384][465]LogModuleManager: Shutting down and abandoning module D3D11RHI (20)
[2018.11.05-15.53.30:384][465]LogModuleManager: Shutting down and abandoning module AnimGraphRuntime (18)
[2018.11.05-15.53.30:384][465]LogModuleManager: Shutting down and abandoning module Renderer (16)
[2018.11.05-15.53.30:384][465]LogModuleManager: Shutting down and abandoning module Engine (14)
[2018.11.05-15.53.30:384][465]LogModuleManager: Shutting down and abandoning module CoreUObject (12)
[2018.11.05-15.53.30:384][465]LogModuleManager: Shutting down and abandoning module NetworkFile (10)
[2018.11.05-15.53.30:384][465]LogModuleManager: Shutting down and abandoning module CookedIterativeFile (8)
[2018.11.05-15.53.30:384][465]LogModuleManager: Shutting down and abandoning module StreamingFile (6)
[2018.11.05-15.53.30:384][465]LogModuleManager: Shutting down and abandoning module SandboxFile (4)
[2018.11.05-15.53.30:384][465]LogModuleManager: Shutting down and abandoning module PakFile (2)
[2018.11.05-15.53.30:387][465]LogExit: Exiting.
[2018.11.05-15.53.30:403][465]Log file closed, 11/05/18 16:53:30
